<?xml version="1.0" encoding="utf-8"?>
<TestRun id="5af0b61a-3927-4831-9b7d-27a3af0e1d80" name="kip@DESKTOP-N3ISHK5 2025-10-07 14:36:14" runUser="DESKTOP-N3ISHK5\kip" xmlns="http://microsoft.com/schemas/VisualStudio/TeamTest/2010">
  <Times creation="2025-10-07T14:36:15.0229424+03:00" queuing="2025-10-07T14:36:15.0229427+03:00" start="2025-10-07T14:35:45.7528144+03:00" finish="2025-10-07T14:37:16.0901671+03:00" />
  <TestSettings name="default" id="e976c517-e02f-4c0f-bdc8-2608794fdeed">
    <Deployment runDeploymentRoot="kip_DESKTOP-N3ISHK5_2025-10-07_14_36_14" />
  </TestSettings>
  <Results>
    <UnitTestResult executionId="e3da2a23-3a55-43a9-a4e7-68bf1990b29a" testId="3c3e843c-5f9b-05ba-1001-272bc4fde624" testName="Inventory.IntegrationTests.Controllers.AuditControllerTests.GetAuditLogs_WithAuthentication_ShouldReturnAuditLogs" computerName="DESKTOP-N3ISHK5" duration="00:00:02.3957891" startTime="2025-10-07T14:36:17.3261994+03:00" endTime="2025-10-07T14:36:17.3261997+03:00" testType="13cdc9d9-ddb5-4fa4-a97d-d965ccfc6d4b" outcome="Failed" testListId="8c84fa94-04c1-424b-9868-57a2d4851a1d" relativeResultsDirectory="e3da2a23-3a55-43a9-a4e7-68bf1990b29a">
      <Output>
        <ErrorInfo>
          <Message>Assert.Equal() Failure: Values differ&#xD;
Expected: OK&#xD;
Actual:   Unauthorized</Message>
          <StackTrace>   at Inventory.IntegrationTests.Controllers.AuditControllerTests.GetAuditLogs_WithAuthentication_ShouldReturnAuditLogs() in C:\rec\prg\repo\InventoryCtrl_2\test\Inventory.IntegrationTests\Controllers\AuditControllerTests.cs:line 66&#xD;
--- End of stack trace from previous location ---</StackTrace>
        </ErrorInfo>
      </Output>
    </UnitTestResult>
    <UnitTestResult executionId="b2607936-5018-41c7-ac1e-924a9f6b5a0d" testId="dd46a2f5-50d8-33d1-c88e-0b8daf24f03b" testName="Inventory.IntegrationTests.Controllers.ManufacturerControllerIntegrationTests.UpdateManufacturer_WithInvalidId_ShouldReturnNotFound" computerName="DESKTOP-N3ISHK5" duration="00:00:00.0010000" startTime="2025-10-07T14:36:37.9486099+03:00" endTime="2025-10-07T14:36:37.9486102+03:00" testType="13cdc9d9-ddb5-4fa4-a97d-d965ccfc6d4b" outcome="Failed" testListId="8c84fa94-04c1-424b-9868-57a2d4851a1d" relativeResultsDirectory="b2607936-5018-41c7-ac1e-924a9f6b5a0d">
      <Output>
        <ErrorInfo>
          <Message>Npgsql.NpgsqlException : Failed to connect to 127.0.0.1:5433&#xD;
---- System.Net.Sockets.SocketException : Подключение не установлено, т.к. конечный компьютер отверг запрос на подключение.</Message>
          <StackTrace>   at Npgsql.Internal.NpgsqlConnector.Connect(NpgsqlTimeout timeout)&#xD;
   at Npgsql.Internal.NpgsqlConnector.RawOpen(SslMode sslMode, NpgsqlTimeout timeout, Boolean async, CancellationToken cancellationToken, Boolean isFirstAttempt)&#xD;
   at Npgsql.Internal.NpgsqlConnector.&lt;Open&gt;g__OpenCore|213_1(NpgsqlConnector conn, SslMode sslMode, NpgsqlTimeout timeout, Boolean async, CancellationToken cancellationToken, Boolean isFirstAttempt)&#xD;
   at Npgsql.Internal.NpgsqlConnector.Open(NpgsqlTimeout timeout, Boolean async, CancellationToken cancellationToken)&#xD;
   at Npgsql.UnpooledDataSource.Get(NpgsqlConnection conn, NpgsqlTimeout timeout, Boolean async, CancellationToken cancellationToken)&#xD;
   at Npgsql.NpgsqlConnection.&lt;Open&gt;g__OpenAsync|42_0(Boolean async, CancellationToken cancellationToken)&#xD;
   at Npgsql.NpgsqlConnection.Open()&#xD;
   at Microsoft.EntityFrameworkCore.Storage.RelationalConnection.OpenDbConnection(Boolean errorsExpected)&#xD;
   at Microsoft.EntityFrameworkCore.Storage.RelationalConnection.OpenInternal(Boolean errorsExpected)&#xD;
   at Microsoft.EntityFrameworkCore.Storage.RelationalConnection.Open(Boolean errorsExpected)&#xD;
   at Npgsql.EntityFrameworkCore.PostgreSQL.Storage.Internal.NpgsqlDatabaseCreator.Exists(Boolean async, CancellationToken cancellationToken)&#xD;
   at Npgsql.EntityFrameworkCore.PostgreSQL.Storage.Internal.NpgsqlDatabaseCreator.Exists(Boolean async, CancellationToken cancellationToken)&#xD;
   at Npgsql.EntityFrameworkCore.PostgreSQL.Storage.Internal.NpgsqlDatabaseCreator.Exists()&#xD;
   at Microsoft.EntityFrameworkCore.Storage.RelationalDatabaseCreator.EnsureCreated()&#xD;
   at Microsoft.EntityFrameworkCore.Infrastructure.DatabaseFacade.EnsureCreated()&#xD;
   at Inventory.IntegrationTests.IntegrationTestBase..ctor(WebApplicationFactory`1 factory) in C:\rec\prg\repo\InventoryCtrl_2\test\Inventory.IntegrationTests\TestBase.cs:line 121&#xD;
   at Inventory.IntegrationTests.Controllers.ManufacturerControllerIntegrationTests..ctor(WebApplicationFactory`1 factory) in C:\rec\prg\repo\InventoryCtrl_2\test\Inventory.IntegrationTests\Controllers\ManufacturerControllerIntegrationTests.cs:line 13&#xD;
   at InvokeStub_ManufacturerControllerIntegrationTests..ctor(Object, Span`1)&#xD;
   at System.Reflection.MethodBaseInvoker.InvokeWithOneArg(Object obj, BindingFlags invokeAttr, Binder binder, Object[] parameters, CultureInfo culture)&#xD;
----- Inner Stack Trace -----&#xD;
   at Npgsql.Internal.NpgsqlConnector.Connect(NpgsqlTimeout timeout)</StackTrace>
        </ErrorInfo>
      </Output>
    </UnitTestResult>
    <UnitTestResult executionId="65b32ab6-a09b-4516-9f0c-21ff3a3c80a7" testId="b42f0b74-d411-ad95-c51b-b42e5e973955" testName="Inventory.IntegrationTests.Controllers.ManufacturerControllerIntegrationTests.DeleteManufacturer_WithInvalidId_ShouldReturnNotFound" computerName="DESKTOP-N3ISHK5" duration="00:00:00.0010000" startTime="2025-10-07T14:36:54.3728479+03:00" endTime="2025-10-07T14:36:54.3728481+03:00" testType="13cdc9d9-ddb5-4fa4-a97d-d965ccfc6d4b" outcome="Failed" testListId="8c84fa94-04c1-424b-9868-57a2d4851a1d" relativeResultsDirectory="65b32ab6-a09b-4516-9f0c-21ff3a3c80a7">
      <Output>
        <ErrorInfo>
          <Message>Npgsql.NpgsqlException : Failed to connect to 127.0.0.1:5433&#xD;
---- System.Net.Sockets.SocketException : Подключение не установлено, т.к. конечный компьютер отверг запрос на подключение.</Message>
          <StackTrace>   at Npgsql.Internal.NpgsqlConnector.Connect(NpgsqlTimeout timeout)&#xD;
   at Npgsql.Internal.NpgsqlConnector.RawOpen(SslMode sslMode, NpgsqlTimeout timeout, Boolean async, CancellationToken cancellationToken, Boolean isFirstAttempt)&#xD;
   at Npgsql.Internal.NpgsqlConnector.&lt;Open&gt;g__OpenCore|213_1(NpgsqlConnector conn, SslMode sslMode, NpgsqlTimeout timeout, Boolean async, CancellationToken cancellationToken, Boolean isFirstAttempt)&#xD;
   at Npgsql.Internal.NpgsqlConnector.Open(NpgsqlTimeout timeout, Boolean async, CancellationToken cancellationToken)&#xD;
   at Npgsql.UnpooledDataSource.Get(NpgsqlConnection conn, NpgsqlTimeout timeout, Boolean async, CancellationToken cancellationToken)&#xD;
   at Npgsql.NpgsqlConnection.&lt;Open&gt;g__OpenAsync|42_0(Boolean async, CancellationToken cancellationToken)&#xD;
   at Npgsql.NpgsqlConnection.Open()&#xD;
   at Microsoft.EntityFrameworkCore.Storage.RelationalConnection.OpenDbConnection(Boolean errorsExpected)&#xD;
   at Microsoft.EntityFrameworkCore.Storage.RelationalConnection.OpenInternal(Boolean errorsExpected)&#xD;
   at Microsoft.EntityFrameworkCore.Storage.RelationalConnection.Open(Boolean errorsExpected)&#xD;
   at Npgsql.EntityFrameworkCore.PostgreSQL.Storage.Internal.NpgsqlDatabaseCreator.Exists(Boolean async, CancellationToken cancellationToken)&#xD;
   at Npgsql.EntityFrameworkCore.PostgreSQL.Storage.Internal.NpgsqlDatabaseCreator.Exists(Boolean async, CancellationToken cancellationToken)&#xD;
   at Npgsql.EntityFrameworkCore.PostgreSQL.Storage.Internal.NpgsqlDatabaseCreator.Exists()&#xD;
   at Microsoft.EntityFrameworkCore.Storage.RelationalDatabaseCreator.EnsureCreated()&#xD;
   at Microsoft.EntityFrameworkCore.Infrastructure.DatabaseFacade.EnsureCreated()&#xD;
   at Inventory.IntegrationTests.IntegrationTestBase..ctor(WebApplicationFactory`1 factory) in C:\rec\prg\repo\InventoryCtrl_2\test\Inventory.IntegrationTests\TestBase.cs:line 121&#xD;
   at Inventory.IntegrationTests.Controllers.ManufacturerControllerIntegrationTests..ctor(WebApplicationFactory`1 factory) in C:\rec\prg\repo\InventoryCtrl_2\test\Inventory.IntegrationTests\Controllers\ManufacturerControllerIntegrationTests.cs:line 13&#xD;
   at InvokeStub_ManufacturerControllerIntegrationTests..ctor(Object, Span`1)&#xD;
   at System.Reflection.MethodBaseInvoker.InvokeWithOneArg(Object obj, BindingFlags invokeAttr, Binder binder, Object[] parameters, CultureInfo culture)&#xD;
----- Inner Stack Trace -----&#xD;
   at Npgsql.Internal.NpgsqlConnector.Connect(NpgsqlTimeout timeout)</StackTrace>
        </ErrorInfo>
      </Output>
    </UnitTestResult>
    <UnitTestResult executionId="b9ed5fc6-3273-4ea2-8186-a75d6d713e12" testId="2d474dc4-75c3-3932-2892-d8deab3b3b90" testName="Inventory.IntegrationTests.Controllers.SSLCertificateControllerTests.GetCertificateHealth_ShouldReturnOk" computerName="DESKTOP-N3ISHK5" duration="00:00:00.1481418" startTime="2025-10-07T14:36:17.2357142+03:00" endTime="2025-10-07T14:36:17.2357144+03:00" testType="13cdc9d9-ddb5-4fa4-a97d-d965ccfc6d4b" outcome="Failed" testListId="8c84fa94-04c1-424b-9868-57a2d4851a1d" relativeResultsDirectory="b9ed5fc6-3273-4ea2-8186-a75d6d713e12">
      <Output>
        <ErrorInfo>
          <Message>Assert.Equal() Failure: Values differ&#xD;
Expected: OK&#xD;
Actual:   Unauthorized</Message>
          <StackTrace>   at Inventory.IntegrationTests.Controllers.SSLCertificateControllerTests.GetCertificateHealth_ShouldReturnOk() in C:\rec\prg\repo\InventoryCtrl_2\test\Inventory.IntegrationTests\Controllers\SSLCertificateControllerTests.cs:line 297&#xD;
--- End of stack trace from previous location ---</StackTrace>
        </ErrorInfo>
      </Output>
    </UnitTestResult>
    <UnitTestResult executionId="2f4ad2e0-79a2-452d-a582-ef3f2512bd23" testId="979f61d8-210a-a3fc-a5b9-bbe30fc77e86" testName="Inventory.IntegrationTests.Controllers.SSLCertificateControllerTests.GetCertificates_ShouldReturnOk_WhenCertificatesExist" computerName="DESKTOP-N3ISHK5" duration="00:00:00.1079063" startTime="2025-10-07T14:36:16.5035958+03:00" endTime="2025-10-07T14:36:16.5035960+03:00" testType="13cdc9d9-ddb5-4fa4-a97d-d965ccfc6d4b" outcome="Failed" testListId="8c84fa94-04c1-424b-9868-57a2d4851a1d" relativeResultsDirectory="2f4ad2e0-79a2-452d-a582-ef3f2512bd23">
      <Output>
        <ErrorInfo>
          <Message>Assert.Equal() Failure: Values differ&#xD;
Expected: OK&#xD;
Actual:   Unauthorized</Message>
          <StackTrace>   at Inventory.IntegrationTests.Controllers.SSLCertificateControllerTests.GetCertificates_ShouldReturnOk_WhenCertificatesExist() in C:\rec\prg\repo\InventoryCtrl_2\test\Inventory.IntegrationTests\Controllers\SSLCertificateControllerTests.cs:line 65&#xD;
--- End of stack trace from previous location ---</StackTrace>
        </ErrorInfo>
      </Output>
    </UnitTestResult>
    <UnitTestResult executionId="3d8d227c-8566-4f74-b321-8ed8d590ee65" testId="a13d43a7-81ea-d35d-9807-2ea26787d874" testName="Inventory.IntegrationTests.Controllers.ManufacturerControllerIntegrationTests.CreateManufacturer_WithValidData_ShouldCreateManufacturer" computerName="DESKTOP-N3ISHK5" duration="00:00:00.0010000" startTime="2025-10-07T14:37:02.5344372+03:00" endTime="2025-10-07T14:37:02.5344374+03:00" testType="13cdc9d9-ddb5-4fa4-a97d-d965ccfc6d4b" outcome="Failed" testListId="8c84fa94-04c1-424b-9868-57a2d4851a1d" relativeResultsDirectory="3d8d227c-8566-4f74-b321-8ed8d590ee65">
      <Output>
        <ErrorInfo>
          <Message>Npgsql.NpgsqlException : Failed to connect to 127.0.0.1:5433&#xD;
---- System.Net.Sockets.SocketException : Подключение не установлено, т.к. конечный компьютер отверг запрос на подключение.</Message>
          <StackTrace>   at Npgsql.Internal.NpgsqlConnector.Connect(NpgsqlTimeout timeout)&#xD;
   at Npgsql.Internal.NpgsqlConnector.RawOpen(SslMode sslMode, NpgsqlTimeout timeout, Boolean async, CancellationToken cancellationToken, Boolean isFirstAttempt)&#xD;
   at Npgsql.Internal.NpgsqlConnector.&lt;Open&gt;g__OpenCore|213_1(NpgsqlConnector conn, SslMode sslMode, NpgsqlTimeout timeout, Boolean async, CancellationToken cancellationToken, Boolean isFirstAttempt)&#xD;
   at Npgsql.Internal.NpgsqlConnector.Open(NpgsqlTimeout timeout, Boolean async, CancellationToken cancellationToken)&#xD;
   at Npgsql.UnpooledDataSource.Get(NpgsqlConnection conn, NpgsqlTimeout timeout, Boolean async, CancellationToken cancellationToken)&#xD;
   at Npgsql.NpgsqlConnection.&lt;Open&gt;g__OpenAsync|42_0(Boolean async, CancellationToken cancellationToken)&#xD;
   at Npgsql.NpgsqlConnection.Open()&#xD;
   at Microsoft.EntityFrameworkCore.Storage.RelationalConnection.OpenDbConnection(Boolean errorsExpected)&#xD;
   at Microsoft.EntityFrameworkCore.Storage.RelationalConnection.OpenInternal(Boolean errorsExpected)&#xD;
   at Microsoft.EntityFrameworkCore.Storage.RelationalConnection.Open(Boolean errorsExpected)&#xD;
   at Npgsql.EntityFrameworkCore.PostgreSQL.Storage.Internal.NpgsqlDatabaseCreator.Exists(Boolean async, CancellationToken cancellationToken)&#xD;
   at Npgsql.EntityFrameworkCore.PostgreSQL.Storage.Internal.NpgsqlDatabaseCreator.Exists(Boolean async, CancellationToken cancellationToken)&#xD;
   at Npgsql.EntityFrameworkCore.PostgreSQL.Storage.Internal.NpgsqlDatabaseCreator.Exists()&#xD;
   at Microsoft.EntityFrameworkCore.Storage.RelationalDatabaseCreator.EnsureCreated()&#xD;
   at Microsoft.EntityFrameworkCore.Infrastructure.DatabaseFacade.EnsureCreated()&#xD;
   at Inventory.IntegrationTests.IntegrationTestBase..ctor(WebApplicationFactory`1 factory) in C:\rec\prg\repo\InventoryCtrl_2\test\Inventory.IntegrationTests\TestBase.cs:line 121&#xD;
   at Inventory.IntegrationTests.Controllers.ManufacturerControllerIntegrationTests..ctor(WebApplicationFactory`1 factory) in C:\rec\prg\repo\InventoryCtrl_2\test\Inventory.IntegrationTests\Controllers\ManufacturerControllerIntegrationTests.cs:line 13&#xD;
   at InvokeStub_ManufacturerControllerIntegrationTests..ctor(Object, Span`1)&#xD;
   at System.Reflection.MethodBaseInvoker.InvokeWithOneArg(Object obj, BindingFlags invokeAttr, Binder binder, Object[] parameters, CultureInfo culture)&#xD;
----- Inner Stack Trace -----&#xD;
   at Npgsql.Internal.NpgsqlConnector.Connect(NpgsqlTimeout timeout)</StackTrace>
        </ErrorInfo>
      </Output>
    </UnitTestResult>
    <UnitTestResult executionId="cf005f58-534a-4147-a059-3e468efef6cf" testId="b0615da0-9d3e-9319-3bb8-fb49a17f9f49" testName="Inventory.IntegrationTests.Controllers.ManufacturerControllerIntegrationTests.GetManufacturer_WithInvalidId_ShouldReturnNotFound" computerName="DESKTOP-N3ISHK5" duration="00:00:00.0010000" startTime="2025-10-07T14:36:46.1792948+03:00" endTime="2025-10-07T14:36:46.1792951+03:00" testType="13cdc9d9-ddb5-4fa4-a97d-d965ccfc6d4b" outcome="Failed" testListId="8c84fa94-04c1-424b-9868-57a2d4851a1d" relativeResultsDirectory="cf005f58-534a-4147-a059-3e468efef6cf">
      <Output>
        <ErrorInfo>
          <Message>Npgsql.NpgsqlException : Failed to connect to 127.0.0.1:5433&#xD;
---- System.Net.Sockets.SocketException : Подключение не установлено, т.к. конечный компьютер отверг запрос на подключение.</Message>
          <StackTrace>   at Npgsql.Internal.NpgsqlConnector.Connect(NpgsqlTimeout timeout)&#xD;
   at Npgsql.Internal.NpgsqlConnector.RawOpen(SslMode sslMode, NpgsqlTimeout timeout, Boolean async, CancellationToken cancellationToken, Boolean isFirstAttempt)&#xD;
   at Npgsql.Internal.NpgsqlConnector.&lt;Open&gt;g__OpenCore|213_1(NpgsqlConnector conn, SslMode sslMode, NpgsqlTimeout timeout, Boolean async, CancellationToken cancellationToken, Boolean isFirstAttempt)&#xD;
   at Npgsql.Internal.NpgsqlConnector.Open(NpgsqlTimeout timeout, Boolean async, CancellationToken cancellationToken)&#xD;
   at Npgsql.UnpooledDataSource.Get(NpgsqlConnection conn, NpgsqlTimeout timeout, Boolean async, CancellationToken cancellationToken)&#xD;
   at Npgsql.NpgsqlConnection.&lt;Open&gt;g__OpenAsync|42_0(Boolean async, CancellationToken cancellationToken)&#xD;
   at Npgsql.NpgsqlConnection.Open()&#xD;
   at Microsoft.EntityFrameworkCore.Storage.RelationalConnection.OpenDbConnection(Boolean errorsExpected)&#xD;
   at Microsoft.EntityFrameworkCore.Storage.RelationalConnection.OpenInternal(Boolean errorsExpected)&#xD;
   at Microsoft.EntityFrameworkCore.Storage.RelationalConnection.Open(Boolean errorsExpected)&#xD;
   at Npgsql.EntityFrameworkCore.PostgreSQL.Storage.Internal.NpgsqlDatabaseCreator.Exists(Boolean async, CancellationToken cancellationToken)&#xD;
   at Npgsql.EntityFrameworkCore.PostgreSQL.Storage.Internal.NpgsqlDatabaseCreator.Exists(Boolean async, CancellationToken cancellationToken)&#xD;
   at Npgsql.EntityFrameworkCore.PostgreSQL.Storage.Internal.NpgsqlDatabaseCreator.Exists()&#xD;
   at Microsoft.EntityFrameworkCore.Storage.RelationalDatabaseCreator.EnsureCreated()&#xD;
   at Microsoft.EntityFrameworkCore.Infrastructure.DatabaseFacade.EnsureCreated()&#xD;
   at Inventory.IntegrationTests.IntegrationTestBase..ctor(WebApplicationFactory`1 factory) in C:\rec\prg\repo\InventoryCtrl_2\test\Inventory.IntegrationTests\TestBase.cs:line 121&#xD;
   at Inventory.IntegrationTests.Controllers.ManufacturerControllerIntegrationTests..ctor(WebApplicationFactory`1 factory) in C:\rec\prg\repo\InventoryCtrl_2\test\Inventory.IntegrationTests\Controllers\ManufacturerControllerIntegrationTests.cs:line 13&#xD;
   at InvokeStub_ManufacturerControllerIntegrationTests..ctor(Object, Span`1)&#xD;
   at System.Reflection.MethodBaseInvoker.InvokeWithOneArg(Object obj, BindingFlags invokeAttr, Binder binder, Object[] parameters, CultureInfo culture)&#xD;
----- Inner Stack Trace -----&#xD;
   at Npgsql.Internal.NpgsqlConnector.Connect(NpgsqlTimeout timeout)</StackTrace>
        </ErrorInfo>
      </Output>
    </UnitTestResult>
    <UnitTestResult executionId="bb10bc0e-1664-4494-9e13-7768a30ea018" testId="1eaab3b9-fef6-2ebe-2e9e-4d63d32a2ac2" testName="Inventory.IntegrationTests.RequestCreation.RequestCreationFlowTests.CreateRequest_ShouldNotCauseAuditSerializationErrors" computerName="DESKTOP-N3ISHK5" duration="00:00:04.0576039" startTime="2025-10-07T14:36:29.4338785+03:00" endTime="2025-10-07T14:36:29.4338788+03:00" testType="13cdc9d9-ddb5-4fa4-a97d-d965ccfc6d4b" outcome="Failed" testListId="8c84fa94-04c1-424b-9868-57a2d4851a1d" relativeResultsDirectory="bb10bc0e-1664-4494-9e13-7768a30ea018">
      <Output>
        <ErrorInfo>
          <Message>Npgsql.NpgsqlException : Failed to connect to 127.0.0.1:5432&#xD;
---- System.Net.Sockets.SocketException : Подключение не установлено, т.к. конечный компьютер отверг запрос на подключение.</Message>
          <StackTrace>   at Npgsql.Internal.NpgsqlConnector.ConnectAsync(NpgsqlTimeout timeout, CancellationToken cancellationToken)&#xD;
   at Npgsql.Internal.NpgsqlConnector.RawOpen(SslMode sslMode, NpgsqlTimeout timeout, Boolean async, CancellationToken cancellationToken, Boolean isFirstAttempt)&#xD;
   at Npgsql.Internal.NpgsqlConnector.&lt;Open&gt;g__OpenCore|213_1(NpgsqlConnector conn, SslMode sslMode, NpgsqlTimeout timeout, Boolean async, CancellationToken cancellationToken, Boolean isFirstAttempt)&#xD;
   at Npgsql.Internal.NpgsqlConnector.Open(NpgsqlTimeout timeout, Boolean async, CancellationToken cancellationToken)&#xD;
   at Npgsql.UnpooledDataSource.Get(NpgsqlConnection conn, NpgsqlTimeout timeout, Boolean async, CancellationToken cancellationToken)&#xD;
   at Npgsql.NpgsqlConnection.&lt;Open&gt;g__OpenAsync|42_0(Boolean async, CancellationToken cancellationToken)&#xD;
   at Microsoft.EntityFrameworkCore.Storage.RelationalConnection.OpenInternalAsync(Boolean errorsExpected, CancellationToken cancellationToken)&#xD;
   at Microsoft.EntityFrameworkCore.Storage.RelationalConnection.OpenInternalAsync(Boolean errorsExpected, CancellationToken cancellationToken)&#xD;
   at Microsoft.EntityFrameworkCore.Storage.RelationalConnection.OpenAsync(CancellationToken cancellationToken, Boolean errorsExpected)&#xD;
   at Npgsql.EntityFrameworkCore.PostgreSQL.Storage.Internal.NpgsqlDatabaseCreator.Exists(Boolean async, CancellationToken cancellationToken)&#xD;
   at Npgsql.EntityFrameworkCore.PostgreSQL.Storage.Internal.NpgsqlDatabaseCreator.Exists(Boolean async, CancellationToken cancellationToken)&#xD;
   at Microsoft.EntityFrameworkCore.Storage.RelationalDatabaseCreator.EnsureCreatedAsync(CancellationToken cancellationToken)&#xD;
   at Microsoft.EntityFrameworkCore.Storage.RelationalDatabaseCreator.EnsureCreatedAsync(CancellationToken cancellationToken)&#xD;
   at Inventory.IntegrationTests.RequestCreation.RequestCreationFlowTests.CreateRequest_ShouldNotCauseAuditSerializationErrors() in C:\rec\prg\repo\InventoryCtrl_2\test\Inventory.IntegrationTests\RequestCreation\RequestCreationFlowTests.cs:line 108&#xD;
--- End of stack trace from previous location ---&#xD;
----- Inner Stack Trace -----&#xD;
   at System.Net.Sockets.Socket.AwaitableSocketAsyncEventArgs.ThrowException(SocketError error, CancellationToken cancellationToken)&#xD;
   at System.Net.Sockets.Socket.AwaitableSocketAsyncEventArgs.System.Threading.Tasks.Sources.IValueTaskSource.GetResult(Int16 token)&#xD;
   at System.Net.Sockets.Socket.&lt;ConnectAsync&gt;g__WaitForConnectWithCancellation|285_0(AwaitableSocketAsyncEventArgs saea, ValueTask connectTask, CancellationToken cancellationToken)&#xD;
   at Npgsql.TaskTimeoutAndCancellation.ExecuteAsync(Func`2 getTaskFunc, NpgsqlTimeout timeout, CancellationToken cancellationToken)&#xD;
   at Npgsql.Internal.NpgsqlConnector.ConnectAsync(NpgsqlTimeout timeout, CancellationToken cancellationToken)</StackTrace>
        </ErrorInfo>
      </Output>
    </UnitTestResult>
    <UnitTestResult executionId="1b53447e-668e-44f3-a48e-0c4c8947880e" testId="f8a1a8d1-1c71-4a78-18ce-f51d2826b3c5" testName="Inventory.IntegrationTests.Controllers.WarehouseControllerIntegrationTests.GetWarehouses_WithIsActiveFilter_ShouldReturnFilteredResults" computerName="DESKTOP-N3ISHK5" duration="00:00:00.0010000" startTime="2025-10-07T14:36:21.2122939+03:00" endTime="2025-10-07T14:36:21.2122941+03:00" testType="13cdc9d9-ddb5-4fa4-a97d-d965ccfc6d4b" outcome="Failed" testListId="8c84fa94-04c1-424b-9868-57a2d4851a1d" relativeResultsDirectory="1b53447e-668e-44f3-a48e-0c4c8947880e">
      <Output>
        <ErrorInfo>
          <Message>Npgsql.NpgsqlException : Failed to connect to 127.0.0.1:5433&#xD;
---- System.Net.Sockets.SocketException : Подключение не установлено, т.к. конечный компьютер отверг запрос на подключение.</Message>
          <StackTrace>   at Npgsql.Internal.NpgsqlConnector.Connect(NpgsqlTimeout timeout)&#xD;
   at Npgsql.Internal.NpgsqlConnector.RawOpen(SslMode sslMode, NpgsqlTimeout timeout, Boolean async, CancellationToken cancellationToken, Boolean isFirstAttempt)&#xD;
   at Npgsql.Internal.NpgsqlConnector.&lt;Open&gt;g__OpenCore|213_1(NpgsqlConnector conn, SslMode sslMode, NpgsqlTimeout timeout, Boolean async, CancellationToken cancellationToken, Boolean isFirstAttempt)&#xD;
   at Npgsql.Internal.NpgsqlConnector.Open(NpgsqlTimeout timeout, Boolean async, CancellationToken cancellationToken)&#xD;
   at Npgsql.UnpooledDataSource.Get(NpgsqlConnection conn, NpgsqlTimeout timeout, Boolean async, CancellationToken cancellationToken)&#xD;
   at Npgsql.NpgsqlConnection.&lt;Open&gt;g__OpenAsync|42_0(Boolean async, CancellationToken cancellationToken)&#xD;
   at Npgsql.NpgsqlConnection.Open()&#xD;
   at Microsoft.EntityFrameworkCore.Storage.RelationalConnection.OpenDbConnection(Boolean errorsExpected)&#xD;
   at Microsoft.EntityFrameworkCore.Storage.RelationalConnection.OpenInternal(Boolean errorsExpected)&#xD;
   at Microsoft.EntityFrameworkCore.Storage.RelationalConnection.Open(Boolean errorsExpected)&#xD;
   at Npgsql.EntityFrameworkCore.PostgreSQL.Storage.Internal.NpgsqlDatabaseCreator.Exists(Boolean async, CancellationToken cancellationToken)&#xD;
   at Npgsql.EntityFrameworkCore.PostgreSQL.Storage.Internal.NpgsqlDatabaseCreator.Exists(Boolean async, CancellationToken cancellationToken)&#xD;
   at Npgsql.EntityFrameworkCore.PostgreSQL.Storage.Internal.NpgsqlDatabaseCreator.Exists()&#xD;
   at Microsoft.EntityFrameworkCore.Storage.RelationalDatabaseCreator.EnsureCreated()&#xD;
   at Microsoft.EntityFrameworkCore.Infrastructure.DatabaseFacade.EnsureCreated()&#xD;
   at Inventory.IntegrationTests.IntegrationTestBase..ctor(WebApplicationFactory`1 factory) in C:\rec\prg\repo\InventoryCtrl_2\test\Inventory.IntegrationTests\TestBase.cs:line 121&#xD;
   at Inventory.IntegrationTests.Controllers.WarehouseControllerIntegrationTests..ctor(WebApplicationFactory`1 factory) in C:\rec\prg\repo\InventoryCtrl_2\test\Inventory.IntegrationTests\Controllers\WarehouseControllerIntegrationTests.cs:line 14&#xD;
   at System.RuntimeMethodHandle.InvokeMethod(Object target, Void** arguments, Signature sig, Boolean isConstructor)&#xD;
   at System.Reflection.MethodBaseInvoker.InvokeDirectByRefWithFewArgs(Object obj, Span`1 copyOfArgs, BindingFlags invokeAttr)&#xD;
----- Inner Stack Trace -----&#xD;
   at Npgsql.Internal.NpgsqlConnector.Connect(NpgsqlTimeout timeout)</StackTrace>
        </ErrorInfo>
      </Output>
    </UnitTestResult>
    <UnitTestResult executionId="84ac2892-44f6-41e7-adaa-fbdb4b7c0203" testId="f0e12d6a-70ca-5bd5-0760-e8b9a47bfd4a" testName="Inventory.IntegrationTests.Controllers.SimpleIntegrationTests.SimpleTest_ShouldPass" computerName="DESKTOP-N3ISHK5" duration="00:00:00.0001104" startTime="2025-10-07T14:36:14.9765028+03:00" endTime="2025-10-07T14:36:14.9765029+03:00" testType="13cdc9d9-ddb5-4fa4-a97d-d965ccfc6d4b" outcome="Passed" testListId="8c84fa94-04c1-424b-9868-57a2d4851a1d" relativeResultsDirectory="84ac2892-44f6-41e7-adaa-fbdb4b7c0203" />
    <UnitTestResult executionId="7982ef99-78e3-44ce-848a-958416b080d3" testId="8312cd04-f66a-67da-7dbc-543319e236c3" testName="Inventory.IntegrationTests.Controllers.CategoryControllerIntegrationTestsNew.CreateCategory_WithInvalidParentId_ShouldReturnBadRequest" computerName="DESKTOP-N3ISHK5" duration="00:00:00.0010000" startTime="2025-10-07T14:36:25.4488811+03:00" endTime="2025-10-07T14:36:25.4488812+03:00" testType="13cdc9d9-ddb5-4fa4-a97d-d965ccfc6d4b" outcome="Failed" testListId="8c84fa94-04c1-424b-9868-57a2d4851a1d" relativeResultsDirectory="7982ef99-78e3-44ce-848a-958416b080d3">
      <Output>
        <ErrorInfo>
          <Message>Npgsql.NpgsqlException : Failed to connect to 127.0.0.1:5433&#xD;
---- System.Net.Sockets.SocketException : Подключение не установлено, т.к. конечный компьютер отверг запрос на подключение.</Message>
          <StackTrace>   at Npgsql.Internal.NpgsqlConnector.Connect(NpgsqlTimeout timeout)&#xD;
   at Npgsql.Internal.NpgsqlConnector.RawOpen(SslMode sslMode, NpgsqlTimeout timeout, Boolean async, CancellationToken cancellationToken, Boolean isFirstAttempt)&#xD;
   at Npgsql.Internal.NpgsqlConnector.&lt;Open&gt;g__OpenCore|213_1(NpgsqlConnector conn, SslMode sslMode, NpgsqlTimeout timeout, Boolean async, CancellationToken cancellationToken, Boolean isFirstAttempt)&#xD;
   at Npgsql.Internal.NpgsqlConnector.Open(NpgsqlTimeout timeout, Boolean async, CancellationToken cancellationToken)&#xD;
   at Npgsql.UnpooledDataSource.Get(NpgsqlConnection conn, NpgsqlTimeout timeout, Boolean async, CancellationToken cancellationToken)&#xD;
   at Npgsql.NpgsqlConnection.&lt;Open&gt;g__OpenAsync|42_0(Boolean async, CancellationToken cancellationToken)&#xD;
   at Npgsql.NpgsqlConnection.Open()&#xD;
   at Microsoft.EntityFrameworkCore.Storage.RelationalConnection.OpenDbConnection(Boolean errorsExpected)&#xD;
   at Microsoft.EntityFrameworkCore.Storage.RelationalConnection.OpenInternal(Boolean errorsExpected)&#xD;
   at Microsoft.EntityFrameworkCore.Storage.RelationalConnection.Open(Boolean errorsExpected)&#xD;
   at Npgsql.EntityFrameworkCore.PostgreSQL.Storage.Internal.NpgsqlDatabaseCreator.Exists(Boolean async, CancellationToken cancellationToken)&#xD;
   at Npgsql.EntityFrameworkCore.PostgreSQL.Storage.Internal.NpgsqlDatabaseCreator.Exists(Boolean async, CancellationToken cancellationToken)&#xD;
   at Npgsql.EntityFrameworkCore.PostgreSQL.Storage.Internal.NpgsqlDatabaseCreator.Exists()&#xD;
   at Microsoft.EntityFrameworkCore.Storage.RelationalDatabaseCreator.EnsureCreated()&#xD;
   at Microsoft.EntityFrameworkCore.Infrastructure.DatabaseFacade.EnsureCreated()&#xD;
   at Inventory.IntegrationTests.IntegrationTestBase..ctor(WebApplicationFactory`1 factory) in C:\rec\prg\repo\InventoryCtrl_2\test\Inventory.IntegrationTests\TestBase.cs:line 121&#xD;
   at Inventory.IntegrationTests.Controllers.CategoryControllerIntegrationTestsNew..ctor(WebApplicationFactory`1 factory) in C:\rec\prg\repo\InventoryCtrl_2\test\Inventory.IntegrationTests\Controllers\CategoryControllerIntegrationTests.cs:line 13&#xD;
   at InvokeStub_CategoryControllerIntegrationTestsNew..ctor(Object, Span`1)&#xD;
   at System.Reflection.MethodBaseInvoker.InvokeWithOneArg(Object obj, BindingFlags invokeAttr, Binder binder, Object[] parameters, CultureInfo culture)&#xD;
----- Inner Stack Trace -----&#xD;
   at Npgsql.Internal.NpgsqlConnector.Connect(NpgsqlTimeout timeout)</StackTrace>
        </ErrorInfo>
      </Output>
    </UnitTestResult>
    <UnitTestResult executionId="ff311b6e-bdc8-4caa-86cf-5a181a061717" testId="cb8fd1aa-5b0a-2413-6839-b069265efcc5" testName="Inventory.IntegrationTests.Controllers.SSLCertificateControllerTests.GenerateCertificate_ShouldReturnOk_WhenRequestIsValid" computerName="DESKTOP-N3ISHK5" duration="00:00:00.1146593" startTime="2025-10-07T14:36:17.3514347+03:00" endTime="2025-10-07T14:36:17.3514350+03:00" testType="13cdc9d9-ddb5-4fa4-a97d-d965ccfc6d4b" outcome="Failed" testListId="8c84fa94-04c1-424b-9868-57a2d4851a1d" relativeResultsDirectory="ff311b6e-bdc8-4caa-86cf-5a181a061717">
      <Output>
        <ErrorInfo>
          <Message>Assert.Equal() Failure: Values differ&#xD;
Expected: OK&#xD;
Actual:   Unauthorized</Message>
          <StackTrace>   at Inventory.IntegrationTests.Controllers.SSLCertificateControllerTests.GenerateCertificate_ShouldReturnOk_WhenRequestIsValid() in C:\rec\prg\repo\InventoryCtrl_2\test\Inventory.IntegrationTests\Controllers\SSLCertificateControllerTests.cs:line 160&#xD;
--- End of stack trace from previous location ---</StackTrace>
        </ErrorInfo>
      </Output>
    </UnitTestResult>
    <UnitTestResult executionId="99ab7e0f-28bc-4ae9-a604-f0c9e30e89aa" testId="205315a2-ba7c-6895-7b86-73f1078b8185" testName="Inventory.IntegrationTests.Controllers.WarehouseControllerIntegrationTests.CreateWarehouse_WithValidData_ShouldCreateWarehouse" computerName="DESKTOP-N3ISHK5" duration="00:00:00.0010000" startTime="2025-10-07T14:36:29.6146289+03:00" endTime="2025-10-07T14:36:29.6146290+03:00" testType="13cdc9d9-ddb5-4fa4-a97d-d965ccfc6d4b" outcome="Failed" testListId="8c84fa94-04c1-424b-9868-57a2d4851a1d" relativeResultsDirectory="99ab7e0f-28bc-4ae9-a604-f0c9e30e89aa">
      <Output>
        <ErrorInfo>
          <Message>Npgsql.NpgsqlException : Failed to connect to 127.0.0.1:5433&#xD;
---- System.Net.Sockets.SocketException : Подключение не установлено, т.к. конечный компьютер отверг запрос на подключение.</Message>
          <StackTrace>   at Npgsql.Internal.NpgsqlConnector.Connect(NpgsqlTimeout timeout)&#xD;
   at Npgsql.Internal.NpgsqlConnector.RawOpen(SslMode sslMode, NpgsqlTimeout timeout, Boolean async, CancellationToken cancellationToken, Boolean isFirstAttempt)&#xD;
   at Npgsql.Internal.NpgsqlConnector.&lt;Open&gt;g__OpenCore|213_1(NpgsqlConnector conn, SslMode sslMode, NpgsqlTimeout timeout, Boolean async, CancellationToken cancellationToken, Boolean isFirstAttempt)&#xD;
   at Npgsql.Internal.NpgsqlConnector.Open(NpgsqlTimeout timeout, Boolean async, CancellationToken cancellationToken)&#xD;
   at Npgsql.UnpooledDataSource.Get(NpgsqlConnection conn, NpgsqlTimeout timeout, Boolean async, CancellationToken cancellationToken)&#xD;
   at Npgsql.NpgsqlConnection.&lt;Open&gt;g__OpenAsync|42_0(Boolean async, CancellationToken cancellationToken)&#xD;
   at Npgsql.NpgsqlConnection.Open()&#xD;
   at Microsoft.EntityFrameworkCore.Storage.RelationalConnection.OpenDbConnection(Boolean errorsExpected)&#xD;
   at Microsoft.EntityFrameworkCore.Storage.RelationalConnection.OpenInternal(Boolean errorsExpected)&#xD;
   at Microsoft.EntityFrameworkCore.Storage.RelationalConnection.Open(Boolean errorsExpected)&#xD;
   at Npgsql.EntityFrameworkCore.PostgreSQL.Storage.Internal.NpgsqlDatabaseCreator.Exists(Boolean async, CancellationToken cancellationToken)&#xD;
   at Npgsql.EntityFrameworkCore.PostgreSQL.Storage.Internal.NpgsqlDatabaseCreator.Exists(Boolean async, CancellationToken cancellationToken)&#xD;
   at Npgsql.EntityFrameworkCore.PostgreSQL.Storage.Internal.NpgsqlDatabaseCreator.Exists()&#xD;
   at Microsoft.EntityFrameworkCore.Storage.RelationalDatabaseCreator.EnsureCreated()&#xD;
   at Microsoft.EntityFrameworkCore.Infrastructure.DatabaseFacade.EnsureCreated()&#xD;
   at Inventory.IntegrationTests.IntegrationTestBase..ctor(WebApplicationFactory`1 factory) in C:\rec\prg\repo\InventoryCtrl_2\test\Inventory.IntegrationTests\TestBase.cs:line 121&#xD;
   at Inventory.IntegrationTests.Controllers.WarehouseControllerIntegrationTests..ctor(WebApplicationFactory`1 factory) in C:\rec\prg\repo\InventoryCtrl_2\test\Inventory.IntegrationTests\Controllers\WarehouseControllerIntegrationTests.cs:line 14&#xD;
   at InvokeStub_WarehouseControllerIntegrationTests..ctor(Object, Span`1)&#xD;
   at System.Reflection.MethodBaseInvoker.InvokeWithOneArg(Object obj, BindingFlags invokeAttr, Binder binder, Object[] parameters, CultureInfo culture)&#xD;
----- Inner Stack Trace -----&#xD;
   at Npgsql.Internal.NpgsqlConnector.Connect(NpgsqlTimeout timeout)</StackTrace>
        </ErrorInfo>
      </Output>
    </UnitTestResult>
    <UnitTestResult executionId="0c891a85-4b29-40bc-a509-0312dbe05df1" testId="ea0caeeb-dc82-5c78-6ef4-1df928ea12e8" testName="Inventory.IntegrationTests.Controllers.ManufacturerControllerIntegrationTests.DeleteManufacturer_WithProducts_ShouldReturnBadRequest" computerName="DESKTOP-N3ISHK5" duration="00:00:00.0010000" startTime="2025-10-07T14:36:25.4275105+03:00" endTime="2025-10-07T14:36:25.4275109+03:00" testType="13cdc9d9-ddb5-4fa4-a97d-d965ccfc6d4b" outcome="Failed" testListId="8c84fa94-04c1-424b-9868-57a2d4851a1d" relativeResultsDirectory="0c891a85-4b29-40bc-a509-0312dbe05df1">
      <Output>
        <ErrorInfo>
          <Message>Npgsql.NpgsqlException : Failed to connect to 127.0.0.1:5433&#xD;
---- System.Net.Sockets.SocketException : Подключение не установлено, т.к. конечный компьютер отверг запрос на подключение.</Message>
          <StackTrace>   at Npgsql.Internal.NpgsqlConnector.Connect(NpgsqlTimeout timeout)&#xD;
   at Npgsql.Internal.NpgsqlConnector.RawOpen(SslMode sslMode, NpgsqlTimeout timeout, Boolean async, CancellationToken cancellationToken, Boolean isFirstAttempt)&#xD;
   at Npgsql.Internal.NpgsqlConnector.&lt;Open&gt;g__OpenCore|213_1(NpgsqlConnector conn, SslMode sslMode, NpgsqlTimeout timeout, Boolean async, CancellationToken cancellationToken, Boolean isFirstAttempt)&#xD;
   at Npgsql.Internal.NpgsqlConnector.Open(NpgsqlTimeout timeout, Boolean async, CancellationToken cancellationToken)&#xD;
   at Npgsql.UnpooledDataSource.Get(NpgsqlConnection conn, NpgsqlTimeout timeout, Boolean async, CancellationToken cancellationToken)&#xD;
   at Npgsql.NpgsqlConnection.&lt;Open&gt;g__OpenAsync|42_0(Boolean async, CancellationToken cancellationToken)&#xD;
   at Npgsql.NpgsqlConnection.Open()&#xD;
   at Microsoft.EntityFrameworkCore.Storage.RelationalConnection.OpenDbConnection(Boolean errorsExpected)&#xD;
   at Microsoft.EntityFrameworkCore.Storage.RelationalConnection.OpenInternal(Boolean errorsExpected)&#xD;
   at Microsoft.EntityFrameworkCore.Storage.RelationalConnection.Open(Boolean errorsExpected)&#xD;
   at Npgsql.EntityFrameworkCore.PostgreSQL.Storage.Internal.NpgsqlDatabaseCreator.Exists(Boolean async, CancellationToken cancellationToken)&#xD;
   at Npgsql.EntityFrameworkCore.PostgreSQL.Storage.Internal.NpgsqlDatabaseCreator.Exists(Boolean async, CancellationToken cancellationToken)&#xD;
   at Npgsql.EntityFrameworkCore.PostgreSQL.Storage.Internal.NpgsqlDatabaseCreator.Exists()&#xD;
   at Microsoft.EntityFrameworkCore.Storage.RelationalDatabaseCreator.EnsureCreated()&#xD;
   at Microsoft.EntityFrameworkCore.Infrastructure.DatabaseFacade.EnsureCreated()&#xD;
   at Inventory.IntegrationTests.IntegrationTestBase..ctor(WebApplicationFactory`1 factory) in C:\rec\prg\repo\InventoryCtrl_2\test\Inventory.IntegrationTests\TestBase.cs:line 121&#xD;
   at Inventory.IntegrationTests.Controllers.ManufacturerControllerIntegrationTests..ctor(WebApplicationFactory`1 factory) in C:\rec\prg\repo\InventoryCtrl_2\test\Inventory.IntegrationTests\Controllers\ManufacturerControllerIntegrationTests.cs:line 13&#xD;
   at InvokeStub_ManufacturerControllerIntegrationTests..ctor(Object, Span`1)&#xD;
   at System.Reflection.MethodBaseInvoker.InvokeWithOneArg(Object obj, BindingFlags invokeAttr, Binder binder, Object[] parameters, CultureInfo culture)&#xD;
----- Inner Stack Trace -----&#xD;
   at Npgsql.Internal.NpgsqlConnector.Connect(NpgsqlTimeout timeout)</StackTrace>
        </ErrorInfo>
      </Output>
    </UnitTestResult>
    <UnitTestResult executionId="30a1fbcf-1f37-4ee0-b555-b46ca1234fda" testId="2a84c999-4de1-efb1-7135-b1cba814c582" testName="Inventory.IntegrationTests.Controllers.DashboardControllerIntegrationTestsNew.GetDashboardStats_WithoutAuthentication_ShouldReturnUnauthorized" computerName="DESKTOP-N3ISHK5" duration="00:00:00.0010000" startTime="2025-10-07T14:36:29.6349822+03:00" endTime="2025-10-07T14:36:29.6349824+03:00" testType="13cdc9d9-ddb5-4fa4-a97d-d965ccfc6d4b" outcome="Failed" testListId="8c84fa94-04c1-424b-9868-57a2d4851a1d" relativeResultsDirectory="30a1fbcf-1f37-4ee0-b555-b46ca1234fda">
      <Output>
        <ErrorInfo>
          <Message>Npgsql.NpgsqlException : Failed to connect to 127.0.0.1:5433&#xD;
---- System.Net.Sockets.SocketException : Подключение не установлено, т.к. конечный компьютер отверг запрос на подключение.</Message>
          <StackTrace>   at Npgsql.Internal.NpgsqlConnector.Connect(NpgsqlTimeout timeout)&#xD;
   at Npgsql.Internal.NpgsqlConnector.RawOpen(SslMode sslMode, NpgsqlTimeout timeout, Boolean async, CancellationToken cancellationToken, Boolean isFirstAttempt)&#xD;
   at Npgsql.Internal.NpgsqlConnector.&lt;Open&gt;g__OpenCore|213_1(NpgsqlConnector conn, SslMode sslMode, NpgsqlTimeout timeout, Boolean async, CancellationToken cancellationToken, Boolean isFirstAttempt)&#xD;
   at Npgsql.Internal.NpgsqlConnector.Open(NpgsqlTimeout timeout, Boolean async, CancellationToken cancellationToken)&#xD;
   at Npgsql.UnpooledDataSource.Get(NpgsqlConnection conn, NpgsqlTimeout timeout, Boolean async, CancellationToken cancellationToken)&#xD;
   at Npgsql.NpgsqlConnection.&lt;Open&gt;g__OpenAsync|42_0(Boolean async, CancellationToken cancellationToken)&#xD;
   at Npgsql.NpgsqlConnection.Open()&#xD;
   at Microsoft.EntityFrameworkCore.Storage.RelationalConnection.OpenDbConnection(Boolean errorsExpected)&#xD;
   at Microsoft.EntityFrameworkCore.Storage.RelationalConnection.OpenInternal(Boolean errorsExpected)&#xD;
   at Microsoft.EntityFrameworkCore.Storage.RelationalConnection.Open(Boolean errorsExpected)&#xD;
   at Npgsql.EntityFrameworkCore.PostgreSQL.Storage.Internal.NpgsqlDatabaseCreator.Exists(Boolean async, CancellationToken cancellationToken)&#xD;
   at Npgsql.EntityFrameworkCore.PostgreSQL.Storage.Internal.NpgsqlDatabaseCreator.Exists(Boolean async, CancellationToken cancellationToken)&#xD;
   at Npgsql.EntityFrameworkCore.PostgreSQL.Storage.Internal.NpgsqlDatabaseCreator.Exists()&#xD;
   at Microsoft.EntityFrameworkCore.Storage.RelationalDatabaseCreator.EnsureCreated()&#xD;
   at Microsoft.EntityFrameworkCore.Infrastructure.DatabaseFacade.EnsureCreated()&#xD;
   at Inventory.IntegrationTests.IntegrationTestBase..ctor(WebApplicationFactory`1 factory) in C:\rec\prg\repo\InventoryCtrl_2\test\Inventory.IntegrationTests\TestBase.cs:line 121&#xD;
   at Inventory.IntegrationTests.Controllers.DashboardControllerIntegrationTestsNew..ctor(WebApplicationFactory`1 factory) in C:\rec\prg\repo\InventoryCtrl_2\test\Inventory.IntegrationTests\Controllers\DashboardControllerIntegrationTests.cs:line 13&#xD;
   at InvokeStub_DashboardControllerIntegrationTestsNew..ctor(Object, Span`1)&#xD;
   at System.Reflection.MethodBaseInvoker.InvokeWithOneArg(Object obj, BindingFlags invokeAttr, Binder binder, Object[] parameters, CultureInfo culture)&#xD;
----- Inner Stack Trace -----&#xD;
   at Npgsql.Internal.NpgsqlConnector.Connect(NpgsqlTimeout timeout)</StackTrace>
        </ErrorInfo>
      </Output>
    </UnitTestResult>
    <UnitTestResult executionId="c8713091-e441-4ecc-98c0-aaa7fd6cd567" testId="075f24ff-5949-2a07-13f6-f892f656dc53" testName="Inventory.IntegrationTests.Controllers.AuditControllerTests.GetAuditLogs_WithFilters_ShouldReturnFilteredLogs" computerName="DESKTOP-N3ISHK5" duration="00:00:00.1112313" startTime="2025-10-07T14:36:17.9962399+03:00" endTime="2025-10-07T14:36:17.9962400+03:00" testType="13cdc9d9-ddb5-4fa4-a97d-d965ccfc6d4b" outcome="Failed" testListId="8c84fa94-04c1-424b-9868-57a2d4851a1d" relativeResultsDirectory="c8713091-e441-4ecc-98c0-aaa7fd6cd567">
      <Output>
        <ErrorInfo>
          <Message>Assert.Equal() Failure: Values differ&#xD;
Expected: OK&#xD;
Actual:   Unauthorized</Message>
          <StackTrace>   at Inventory.IntegrationTests.Controllers.AuditControllerTests.GetAuditLogs_WithFilters_ShouldReturnFilteredLogs() in C:\rec\prg\repo\InventoryCtrl_2\test\Inventory.IntegrationTests\Controllers\AuditControllerTests.cs:line 91&#xD;
--- End of stack trace from previous location ---</StackTrace>
        </ErrorInfo>
      </Output>
    </UnitTestResult>
    <UnitTestResult executionId="af62c7a0-0502-4ae9-879f-e2399784b4f8" testId="e73c46bc-f392-3d59-9c72-d77be3f42b3f" testName="Inventory.IntegrationTests.Controllers.SSLCertificateControllerTests.RenewCertificate_ShouldReturnOk_WhenCertificateExists" computerName="DESKTOP-N3ISHK5" duration="00:00:00.1053328" startTime="2025-10-07T14:36:16.8340903+03:00" endTime="2025-10-07T14:36:16.8340906+03:00" testType="13cdc9d9-ddb5-4fa4-a97d-d965ccfc6d4b" outcome="Failed" testListId="8c84fa94-04c1-424b-9868-57a2d4851a1d" relativeResultsDirectory="af62c7a0-0502-4ae9-879f-e2399784b4f8">
      <Output>
        <ErrorInfo>
          <Message>Assert.Equal() Failure: Values differ&#xD;
Expected: OK&#xD;
Actual:   Unauthorized</Message>
          <StackTrace>   at Inventory.IntegrationTests.Controllers.SSLCertificateControllerTests.RenewCertificate_ShouldReturnOk_WhenCertificateExists() in C:\rec\prg\repo\InventoryCtrl_2\test\Inventory.IntegrationTests\Controllers\SSLCertificateControllerTests.cs:line 214&#xD;
--- End of stack trace from previous location ---</StackTrace>
        </ErrorInfo>
      </Output>
    </UnitTestResult>
    <UnitTestResult executionId="95e4411e-b885-410e-860a-1b7a65f20098" testId="765b2401-1c44-d763-688a-b17df88dac62" testName="Inventory.IntegrationTests.Controllers.CategoryControllerIntegrationTestsNew.GetCategory_WithInvalidId_ShouldReturnNotFound" computerName="DESKTOP-N3ISHK5" duration="00:00:00.0010000" startTime="2025-10-07T14:36:37.9825109+03:00" endTime="2025-10-07T14:36:37.9825111+03:00" testType="13cdc9d9-ddb5-4fa4-a97d-d965ccfc6d4b" outcome="Failed" testListId="8c84fa94-04c1-424b-9868-57a2d4851a1d" relativeResultsDirectory="95e4411e-b885-410e-860a-1b7a65f20098">
      <Output>
        <ErrorInfo>
          <Message>Npgsql.NpgsqlException : Failed to connect to 127.0.0.1:5433&#xD;
---- System.Net.Sockets.SocketException : Подключение не установлено, т.к. конечный компьютер отверг запрос на подключение.</Message>
          <StackTrace>   at Npgsql.Internal.NpgsqlConnector.Connect(NpgsqlTimeout timeout)&#xD;
   at Npgsql.Internal.NpgsqlConnector.RawOpen(SslMode sslMode, NpgsqlTimeout timeout, Boolean async, CancellationToken cancellationToken, Boolean isFirstAttempt)&#xD;
   at Npgsql.Internal.NpgsqlConnector.&lt;Open&gt;g__OpenCore|213_1(NpgsqlConnector conn, SslMode sslMode, NpgsqlTimeout timeout, Boolean async, CancellationToken cancellationToken, Boolean isFirstAttempt)&#xD;
   at Npgsql.Internal.NpgsqlConnector.Open(NpgsqlTimeout timeout, Boolean async, CancellationToken cancellationToken)&#xD;
   at Npgsql.UnpooledDataSource.Get(NpgsqlConnection conn, NpgsqlTimeout timeout, Boolean async, CancellationToken cancellationToken)&#xD;
   at Npgsql.NpgsqlConnection.&lt;Open&gt;g__OpenAsync|42_0(Boolean async, CancellationToken cancellationToken)&#xD;
   at Npgsql.NpgsqlConnection.Open()&#xD;
   at Microsoft.EntityFrameworkCore.Storage.RelationalConnection.OpenDbConnection(Boolean errorsExpected)&#xD;
   at Microsoft.EntityFrameworkCore.Storage.RelationalConnection.OpenInternal(Boolean errorsExpected)&#xD;
   at Microsoft.EntityFrameworkCore.Storage.RelationalConnection.Open(Boolean errorsExpected)&#xD;
   at Npgsql.EntityFrameworkCore.PostgreSQL.Storage.Internal.NpgsqlDatabaseCreator.Exists(Boolean async, CancellationToken cancellationToken)&#xD;
   at Npgsql.EntityFrameworkCore.PostgreSQL.Storage.Internal.NpgsqlDatabaseCreator.Exists(Boolean async, CancellationToken cancellationToken)&#xD;
   at Npgsql.EntityFrameworkCore.PostgreSQL.Storage.Internal.NpgsqlDatabaseCreator.Exists()&#xD;
   at Microsoft.EntityFrameworkCore.Storage.RelationalDatabaseCreator.EnsureCreated()&#xD;
   at Microsoft.EntityFrameworkCore.Infrastructure.DatabaseFacade.EnsureCreated()&#xD;
   at Inventory.IntegrationTests.IntegrationTestBase..ctor(WebApplicationFactory`1 factory) in C:\rec\prg\repo\InventoryCtrl_2\test\Inventory.IntegrationTests\TestBase.cs:line 121&#xD;
   at Inventory.IntegrationTests.Controllers.CategoryControllerIntegrationTestsNew..ctor(WebApplicationFactory`1 factory) in C:\rec\prg\repo\InventoryCtrl_2\test\Inventory.IntegrationTests\Controllers\CategoryControllerIntegrationTests.cs:line 13&#xD;
   at InvokeStub_CategoryControllerIntegrationTestsNew..ctor(Object, Span`1)&#xD;
   at System.Reflection.MethodBaseInvoker.InvokeWithOneArg(Object obj, BindingFlags invokeAttr, Binder binder, Object[] parameters, CultureInfo culture)&#xD;
----- Inner Stack Trace -----&#xD;
   at Npgsql.Internal.NpgsqlConnector.Connect(NpgsqlTimeout timeout)</StackTrace>
        </ErrorInfo>
      </Output>
    </UnitTestResult>
    <UnitTestResult executionId="142c2204-37d1-400f-a7f6-8fd2fe86c556" testId="c5b5279b-7ecf-3103-f886-1d435f3a041a" testName="Inventory.IntegrationTests.Controllers.DashboardControllerIntegrationTestsNew.GetDashboardStats_WithValidData_ShouldReturnStats" computerName="DESKTOP-N3ISHK5" duration="00:00:00.0010000" startTime="2025-10-07T14:36:42.1230726+03:00" endTime="2025-10-07T14:36:42.1230728+03:00" testType="13cdc9d9-ddb5-4fa4-a97d-d965ccfc6d4b" outcome="Failed" testListId="8c84fa94-04c1-424b-9868-57a2d4851a1d" relativeResultsDirectory="142c2204-37d1-400f-a7f6-8fd2fe86c556">
      <Output>
        <ErrorInfo>
          <Message>Npgsql.NpgsqlException : Failed to connect to 127.0.0.1:5433&#xD;
---- System.Net.Sockets.SocketException : Подключение не установлено, т.к. конечный компьютер отверг запрос на подключение.</Message>
          <StackTrace>   at Npgsql.Internal.NpgsqlConnector.Connect(NpgsqlTimeout timeout)&#xD;
   at Npgsql.Internal.NpgsqlConnector.RawOpen(SslMode sslMode, NpgsqlTimeout timeout, Boolean async, CancellationToken cancellationToken, Boolean isFirstAttempt)&#xD;
   at Npgsql.Internal.NpgsqlConnector.&lt;Open&gt;g__OpenCore|213_1(NpgsqlConnector conn, SslMode sslMode, NpgsqlTimeout timeout, Boolean async, CancellationToken cancellationToken, Boolean isFirstAttempt)&#xD;
   at Npgsql.Internal.NpgsqlConnector.Open(NpgsqlTimeout timeout, Boolean async, CancellationToken cancellationToken)&#xD;
   at Npgsql.UnpooledDataSource.Get(NpgsqlConnection conn, NpgsqlTimeout timeout, Boolean async, CancellationToken cancellationToken)&#xD;
   at Npgsql.NpgsqlConnection.&lt;Open&gt;g__OpenAsync|42_0(Boolean async, CancellationToken cancellationToken)&#xD;
   at Npgsql.NpgsqlConnection.Open()&#xD;
   at Microsoft.EntityFrameworkCore.Storage.RelationalConnection.OpenDbConnection(Boolean errorsExpected)&#xD;
   at Microsoft.EntityFrameworkCore.Storage.RelationalConnection.OpenInternal(Boolean errorsExpected)&#xD;
   at Microsoft.EntityFrameworkCore.Storage.RelationalConnection.Open(Boolean errorsExpected)&#xD;
   at Npgsql.EntityFrameworkCore.PostgreSQL.Storage.Internal.NpgsqlDatabaseCreator.Exists(Boolean async, CancellationToken cancellationToken)&#xD;
   at Npgsql.EntityFrameworkCore.PostgreSQL.Storage.Internal.NpgsqlDatabaseCreator.Exists(Boolean async, CancellationToken cancellationToken)&#xD;
   at Npgsql.EntityFrameworkCore.PostgreSQL.Storage.Internal.NpgsqlDatabaseCreator.Exists()&#xD;
   at Microsoft.EntityFrameworkCore.Storage.RelationalDatabaseCreator.EnsureCreated()&#xD;
   at Microsoft.EntityFrameworkCore.Infrastructure.DatabaseFacade.EnsureCreated()&#xD;
   at Inventory.IntegrationTests.IntegrationTestBase..ctor(WebApplicationFactory`1 factory) in C:\rec\prg\repo\InventoryCtrl_2\test\Inventory.IntegrationTests\TestBase.cs:line 121&#xD;
   at Inventory.IntegrationTests.Controllers.DashboardControllerIntegrationTestsNew..ctor(WebApplicationFactory`1 factory) in C:\rec\prg\repo\InventoryCtrl_2\test\Inventory.IntegrationTests\Controllers\DashboardControllerIntegrationTests.cs:line 13&#xD;
   at InvokeStub_DashboardControllerIntegrationTestsNew..ctor(Object, Span`1)&#xD;
   at System.Reflection.MethodBaseInvoker.InvokeWithOneArg(Object obj, BindingFlags invokeAttr, Binder binder, Object[] parameters, CultureInfo culture)&#xD;
----- Inner Stack Trace -----&#xD;
   at Npgsql.Internal.NpgsqlConnector.Connect(NpgsqlTimeout timeout)</StackTrace>
        </ErrorInfo>
      </Output>
    </UnitTestResult>
    <UnitTestResult executionId="d0cb44f1-798a-460a-8a83-4fef7f0c517e" testId="73a975ed-aa1a-ad4d-301b-794a5c4ff706" testName="Inventory.IntegrationTests.Controllers.WarehouseControllerIntegrationTests.GetWarehouse_WithInvalidId_ShouldReturnNotFound" computerName="DESKTOP-N3ISHK5" duration="00:00:00.0010000" startTime="2025-10-07T14:36:25.4406703+03:00" endTime="2025-10-07T14:36:25.4406704+03:00" testType="13cdc9d9-ddb5-4fa4-a97d-d965ccfc6d4b" outcome="Failed" testListId="8c84fa94-04c1-424b-9868-57a2d4851a1d" relativeResultsDirectory="d0cb44f1-798a-460a-8a83-4fef7f0c517e">
      <Output>
        <ErrorInfo>
          <Message>Npgsql.NpgsqlException : Failed to connect to 127.0.0.1:5433&#xD;
---- System.Net.Sockets.SocketException : Подключение не установлено, т.к. конечный компьютер отверг запрос на подключение.</Message>
          <StackTrace>   at Npgsql.Internal.NpgsqlConnector.Connect(NpgsqlTimeout timeout)&#xD;
   at Npgsql.Internal.NpgsqlConnector.RawOpen(SslMode sslMode, NpgsqlTimeout timeout, Boolean async, CancellationToken cancellationToken, Boolean isFirstAttempt)&#xD;
   at Npgsql.Internal.NpgsqlConnector.&lt;Open&gt;g__OpenCore|213_1(NpgsqlConnector conn, SslMode sslMode, NpgsqlTimeout timeout, Boolean async, CancellationToken cancellationToken, Boolean isFirstAttempt)&#xD;
   at Npgsql.Internal.NpgsqlConnector.Open(NpgsqlTimeout timeout, Boolean async, CancellationToken cancellationToken)&#xD;
   at Npgsql.UnpooledDataSource.Get(NpgsqlConnection conn, NpgsqlTimeout timeout, Boolean async, CancellationToken cancellationToken)&#xD;
   at Npgsql.NpgsqlConnection.&lt;Open&gt;g__OpenAsync|42_0(Boolean async, CancellationToken cancellationToken)&#xD;
   at Npgsql.NpgsqlConnection.Open()&#xD;
   at Microsoft.EntityFrameworkCore.Storage.RelationalConnection.OpenDbConnection(Boolean errorsExpected)&#xD;
   at Microsoft.EntityFrameworkCore.Storage.RelationalConnection.OpenInternal(Boolean errorsExpected)&#xD;
   at Microsoft.EntityFrameworkCore.Storage.RelationalConnection.Open(Boolean errorsExpected)&#xD;
   at Npgsql.EntityFrameworkCore.PostgreSQL.Storage.Internal.NpgsqlDatabaseCreator.Exists(Boolean async, CancellationToken cancellationToken)&#xD;
   at Npgsql.EntityFrameworkCore.PostgreSQL.Storage.Internal.NpgsqlDatabaseCreator.Exists(Boolean async, CancellationToken cancellationToken)&#xD;
   at Npgsql.EntityFrameworkCore.PostgreSQL.Storage.Internal.NpgsqlDatabaseCreator.Exists()&#xD;
   at Microsoft.EntityFrameworkCore.Storage.RelationalDatabaseCreator.EnsureCreated()&#xD;
   at Microsoft.EntityFrameworkCore.Infrastructure.DatabaseFacade.EnsureCreated()&#xD;
   at Inventory.IntegrationTests.IntegrationTestBase..ctor(WebApplicationFactory`1 factory) in C:\rec\prg\repo\InventoryCtrl_2\test\Inventory.IntegrationTests\TestBase.cs:line 121&#xD;
   at Inventory.IntegrationTests.Controllers.WarehouseControllerIntegrationTests..ctor(WebApplicationFactory`1 factory) in C:\rec\prg\repo\InventoryCtrl_2\test\Inventory.IntegrationTests\Controllers\WarehouseControllerIntegrationTests.cs:line 14&#xD;
   at InvokeStub_WarehouseControllerIntegrationTests..ctor(Object, Span`1)&#xD;
   at System.Reflection.MethodBaseInvoker.InvokeWithOneArg(Object obj, BindingFlags invokeAttr, Binder binder, Object[] parameters, CultureInfo culture)&#xD;
----- Inner Stack Trace -----&#xD;
   at Npgsql.Internal.NpgsqlConnector.Connect(NpgsqlTimeout timeout)</StackTrace>
        </ErrorInfo>
      </Output>
    </UnitTestResult>
    <UnitTestResult executionId="90097440-de24-4e0e-b812-378e13e9895d" testId="2aec5a24-eafc-7b95-e507-b9d4f0e6a995" testName="Inventory.IntegrationTests.Controllers.CategoryControllerIntegrationTestsNew.GetCategory_WithValidId_ShouldReturnCategory" computerName="DESKTOP-N3ISHK5" duration="00:00:00.0010000" startTime="2025-10-07T14:36:42.1389680+03:00" endTime="2025-10-07T14:36:42.1389682+03:00" testType="13cdc9d9-ddb5-4fa4-a97d-d965ccfc6d4b" outcome="Failed" testListId="8c84fa94-04c1-424b-9868-57a2d4851a1d" relativeResultsDirectory="90097440-de24-4e0e-b812-378e13e9895d">
      <Output>
        <ErrorInfo>
          <Message>Npgsql.NpgsqlException : Failed to connect to 127.0.0.1:5433&#xD;
---- System.Net.Sockets.SocketException : Подключение не установлено, т.к. конечный компьютер отверг запрос на подключение.</Message>
          <StackTrace>   at Npgsql.Internal.NpgsqlConnector.Connect(NpgsqlTimeout timeout)&#xD;
   at Npgsql.Internal.NpgsqlConnector.RawOpen(SslMode sslMode, NpgsqlTimeout timeout, Boolean async, CancellationToken cancellationToken, Boolean isFirstAttempt)&#xD;
   at Npgsql.Internal.NpgsqlConnector.&lt;Open&gt;g__OpenCore|213_1(NpgsqlConnector conn, SslMode sslMode, NpgsqlTimeout timeout, Boolean async, CancellationToken cancellationToken, Boolean isFirstAttempt)&#xD;
   at Npgsql.Internal.NpgsqlConnector.Open(NpgsqlTimeout timeout, Boolean async, CancellationToken cancellationToken)&#xD;
   at Npgsql.UnpooledDataSource.Get(NpgsqlConnection conn, NpgsqlTimeout timeout, Boolean async, CancellationToken cancellationToken)&#xD;
   at Npgsql.NpgsqlConnection.&lt;Open&gt;g__OpenAsync|42_0(Boolean async, CancellationToken cancellationToken)&#xD;
   at Npgsql.NpgsqlConnection.Open()&#xD;
   at Microsoft.EntityFrameworkCore.Storage.RelationalConnection.OpenDbConnection(Boolean errorsExpected)&#xD;
   at Microsoft.EntityFrameworkCore.Storage.RelationalConnection.OpenInternal(Boolean errorsExpected)&#xD;
   at Microsoft.EntityFrameworkCore.Storage.RelationalConnection.Open(Boolean errorsExpected)&#xD;
   at Npgsql.EntityFrameworkCore.PostgreSQL.Storage.Internal.NpgsqlDatabaseCreator.Exists(Boolean async, CancellationToken cancellationToken)&#xD;
   at Npgsql.EntityFrameworkCore.PostgreSQL.Storage.Internal.NpgsqlDatabaseCreator.Exists(Boolean async, CancellationToken cancellationToken)&#xD;
   at Npgsql.EntityFrameworkCore.PostgreSQL.Storage.Internal.NpgsqlDatabaseCreator.Exists()&#xD;
   at Microsoft.EntityFrameworkCore.Storage.RelationalDatabaseCreator.EnsureCreated()&#xD;
   at Microsoft.EntityFrameworkCore.Infrastructure.DatabaseFacade.EnsureCreated()&#xD;
   at Inventory.IntegrationTests.IntegrationTestBase..ctor(WebApplicationFactory`1 factory) in C:\rec\prg\repo\InventoryCtrl_2\test\Inventory.IntegrationTests\TestBase.cs:line 121&#xD;
   at Inventory.IntegrationTests.Controllers.CategoryControllerIntegrationTestsNew..ctor(WebApplicationFactory`1 factory) in C:\rec\prg\repo\InventoryCtrl_2\test\Inventory.IntegrationTests\Controllers\CategoryControllerIntegrationTests.cs:line 13&#xD;
   at InvokeStub_CategoryControllerIntegrationTestsNew..ctor(Object, Span`1)&#xD;
   at System.Reflection.MethodBaseInvoker.InvokeWithOneArg(Object obj, BindingFlags invokeAttr, Binder binder, Object[] parameters, CultureInfo culture)&#xD;
----- Inner Stack Trace -----&#xD;
   at Npgsql.Internal.NpgsqlConnector.Connect(NpgsqlTimeout timeout)</StackTrace>
        </ErrorInfo>
      </Output>
    </UnitTestResult>
    <UnitTestResult executionId="9a33aa4c-ef9e-4d15-942c-2f1fcaea1335" testId="79666540-7e38-0696-ff7e-2c0a56e5021a" testName="Inventory.IntegrationTests.Controllers.SSLCertificateControllerTests.ValidateCertificate_ShouldReturnOk_WhenCertificateExists" computerName="DESKTOP-N3ISHK5" duration="00:00:00.1098418" startTime="2025-10-07T14:36:16.7268353+03:00" endTime="2025-10-07T14:36:16.7268355+03:00" testType="13cdc9d9-ddb5-4fa4-a97d-d965ccfc6d4b" outcome="Failed" testListId="8c84fa94-04c1-424b-9868-57a2d4851a1d" relativeResultsDirectory="9a33aa4c-ef9e-4d15-942c-2f1fcaea1335">
      <Output>
        <ErrorInfo>
          <Message>Assert.Equal() Failure: Values differ&#xD;
Expected: OK&#xD;
Actual:   Unauthorized</Message>
          <StackTrace>   at Inventory.IntegrationTests.Controllers.SSLCertificateControllerTests.ValidateCertificate_ShouldReturnOk_WhenCertificateExists() in C:\rec\prg\repo\InventoryCtrl_2\test\Inventory.IntegrationTests\Controllers\SSLCertificateControllerTests.cs:line 335&#xD;
--- End of stack trace from previous location ---</StackTrace>
        </ErrorInfo>
      </Output>
    </UnitTestResult>
    <UnitTestResult executionId="00260024-0c80-432d-bf84-99ce30299d8a" testId="09883b85-5656-611b-6ffa-1261101966f8" testName="Inventory.IntegrationTests.Controllers.CategoryControllerIntegrationTestsNew.GetCategories_WithoutAuthentication_ShouldReturnUnauthorized" computerName="DESKTOP-N3ISHK5" duration="00:00:00.0010000" startTime="2025-10-07T14:36:29.6658234+03:00" endTime="2025-10-07T14:36:29.6658236+03:00" testType="13cdc9d9-ddb5-4fa4-a97d-d965ccfc6d4b" outcome="Failed" testListId="8c84fa94-04c1-424b-9868-57a2d4851a1d" relativeResultsDirectory="00260024-0c80-432d-bf84-99ce30299d8a">
      <Output>
        <ErrorInfo>
          <Message>Npgsql.NpgsqlException : Failed to connect to 127.0.0.1:5433&#xD;
---- System.Net.Sockets.SocketException : Подключение не установлено, т.к. конечный компьютер отверг запрос на подключение.</Message>
          <StackTrace>   at Npgsql.Internal.NpgsqlConnector.Connect(NpgsqlTimeout timeout)&#xD;
   at Npgsql.Internal.NpgsqlConnector.RawOpen(SslMode sslMode, NpgsqlTimeout timeout, Boolean async, CancellationToken cancellationToken, Boolean isFirstAttempt)&#xD;
   at Npgsql.Internal.NpgsqlConnector.&lt;Open&gt;g__OpenCore|213_1(NpgsqlConnector conn, SslMode sslMode, NpgsqlTimeout timeout, Boolean async, CancellationToken cancellationToken, Boolean isFirstAttempt)&#xD;
   at Npgsql.Internal.NpgsqlConnector.Open(NpgsqlTimeout timeout, Boolean async, CancellationToken cancellationToken)&#xD;
   at Npgsql.UnpooledDataSource.Get(NpgsqlConnection conn, NpgsqlTimeout timeout, Boolean async, CancellationToken cancellationToken)&#xD;
   at Npgsql.NpgsqlConnection.&lt;Open&gt;g__OpenAsync|42_0(Boolean async, CancellationToken cancellationToken)&#xD;
   at Npgsql.NpgsqlConnection.Open()&#xD;
   at Microsoft.EntityFrameworkCore.Storage.RelationalConnection.OpenDbConnection(Boolean errorsExpected)&#xD;
   at Microsoft.EntityFrameworkCore.Storage.RelationalConnection.OpenInternal(Boolean errorsExpected)&#xD;
   at Microsoft.EntityFrameworkCore.Storage.RelationalConnection.Open(Boolean errorsExpected)&#xD;
   at Npgsql.EntityFrameworkCore.PostgreSQL.Storage.Internal.NpgsqlDatabaseCreator.Exists(Boolean async, CancellationToken cancellationToken)&#xD;
   at Npgsql.EntityFrameworkCore.PostgreSQL.Storage.Internal.NpgsqlDatabaseCreator.Exists(Boolean async, CancellationToken cancellationToken)&#xD;
   at Npgsql.EntityFrameworkCore.PostgreSQL.Storage.Internal.NpgsqlDatabaseCreator.Exists()&#xD;
   at Microsoft.EntityFrameworkCore.Storage.RelationalDatabaseCreator.EnsureCreated()&#xD;
   at Microsoft.EntityFrameworkCore.Infrastructure.DatabaseFacade.EnsureCreated()&#xD;
   at Inventory.IntegrationTests.IntegrationTestBase..ctor(WebApplicationFactory`1 factory) in C:\rec\prg\repo\InventoryCtrl_2\test\Inventory.IntegrationTests\TestBase.cs:line 121&#xD;
   at Inventory.IntegrationTests.Controllers.CategoryControllerIntegrationTestsNew..ctor(WebApplicationFactory`1 factory) in C:\rec\prg\repo\InventoryCtrl_2\test\Inventory.IntegrationTests\Controllers\CategoryControllerIntegrationTests.cs:line 13&#xD;
   at InvokeStub_CategoryControllerIntegrationTestsNew..ctor(Object, Span`1)&#xD;
   at System.Reflection.MethodBaseInvoker.InvokeWithOneArg(Object obj, BindingFlags invokeAttr, Binder binder, Object[] parameters, CultureInfo culture)&#xD;
----- Inner Stack Trace -----&#xD;
   at Npgsql.Internal.NpgsqlConnector.Connect(NpgsqlTimeout timeout)</StackTrace>
        </ErrorInfo>
      </Output>
    </UnitTestResult>
    <UnitTestResult executionId="99d81d42-c2e4-45c1-b322-0e41e1768282" testId="d543acd9-16a9-4913-dcc2-0fb4a1bd5367" testName="Inventory.IntegrationTests.RequestCreation.RequestCreationFlowTests.CreateRequest_WithValidData_ShouldSucceedWithoutCircularReferenceError" computerName="DESKTOP-N3ISHK5" duration="00:00:06.2808968" startTime="2025-10-07T14:36:21.2300556+03:00" endTime="2025-10-07T14:36:21.2300570+03:00" testType="13cdc9d9-ddb5-4fa4-a97d-d965ccfc6d4b" outcome="Failed" testListId="8c84fa94-04c1-424b-9868-57a2d4851a1d" relativeResultsDirectory="99d81d42-c2e4-45c1-b322-0e41e1768282">
      <Output>
        <ErrorInfo>
          <Message>Npgsql.NpgsqlException : Failed to connect to 127.0.0.1:5432&#xD;
---- System.Net.Sockets.SocketException : Подключение не установлено, т.к. конечный компьютер отверг запрос на подключение.</Message>
          <StackTrace>   at Npgsql.Internal.NpgsqlConnector.ConnectAsync(NpgsqlTimeout timeout, CancellationToken cancellationToken)&#xD;
   at Npgsql.Internal.NpgsqlConnector.RawOpen(SslMode sslMode, NpgsqlTimeout timeout, Boolean async, CancellationToken cancellationToken, Boolean isFirstAttempt)&#xD;
   at Npgsql.Internal.NpgsqlConnector.&lt;Open&gt;g__OpenCore|213_1(NpgsqlConnector conn, SslMode sslMode, NpgsqlTimeout timeout, Boolean async, CancellationToken cancellationToken, Boolean isFirstAttempt)&#xD;
   at Npgsql.Internal.NpgsqlConnector.Open(NpgsqlTimeout timeout, Boolean async, CancellationToken cancellationToken)&#xD;
   at Npgsql.UnpooledDataSource.Get(NpgsqlConnection conn, NpgsqlTimeout timeout, Boolean async, CancellationToken cancellationToken)&#xD;
   at Npgsql.NpgsqlConnection.&lt;Open&gt;g__OpenAsync|42_0(Boolean async, CancellationToken cancellationToken)&#xD;
   at Microsoft.EntityFrameworkCore.Storage.RelationalConnection.OpenInternalAsync(Boolean errorsExpected, CancellationToken cancellationToken)&#xD;
   at Microsoft.EntityFrameworkCore.Storage.RelationalConnection.OpenInternalAsync(Boolean errorsExpected, CancellationToken cancellationToken)&#xD;
   at Microsoft.EntityFrameworkCore.Storage.RelationalConnection.OpenAsync(CancellationToken cancellationToken, Boolean errorsExpected)&#xD;
   at Npgsql.EntityFrameworkCore.PostgreSQL.Storage.Internal.NpgsqlDatabaseCreator.Exists(Boolean async, CancellationToken cancellationToken)&#xD;
   at Npgsql.EntityFrameworkCore.PostgreSQL.Storage.Internal.NpgsqlDatabaseCreator.Exists(Boolean async, CancellationToken cancellationToken)&#xD;
   at Microsoft.EntityFrameworkCore.Storage.RelationalDatabaseCreator.EnsureCreatedAsync(CancellationToken cancellationToken)&#xD;
   at Microsoft.EntityFrameworkCore.Storage.RelationalDatabaseCreator.EnsureCreatedAsync(CancellationToken cancellationToken)&#xD;
   at Inventory.IntegrationTests.RequestCreation.RequestCreationFlowTests.CreateRequest_WithValidData_ShouldSucceedWithoutCircularReferenceError() in C:\rec\prg\repo\InventoryCtrl_2\test\Inventory.IntegrationTests\RequestCreation\RequestCreationFlowTests.cs:line 39&#xD;
--- End of stack trace from previous location ---&#xD;
----- Inner Stack Trace -----&#xD;
   at System.Net.Sockets.Socket.AwaitableSocketAsyncEventArgs.ThrowException(SocketError error, CancellationToken cancellationToken)&#xD;
   at System.Net.Sockets.Socket.AwaitableSocketAsyncEventArgs.System.Threading.Tasks.Sources.IValueTaskSource.GetResult(Int16 token)&#xD;
   at System.Net.Sockets.Socket.&lt;ConnectAsync&gt;g__WaitForConnectWithCancellation|285_0(AwaitableSocketAsyncEventArgs saea, ValueTask connectTask, CancellationToken cancellationToken)&#xD;
   at Npgsql.TaskTimeoutAndCancellation.ExecuteAsync(Func`2 getTaskFunc, NpgsqlTimeout timeout, CancellationToken cancellationToken)&#xD;
   at Npgsql.Internal.NpgsqlConnector.ConnectAsync(NpgsqlTimeout timeout, CancellationToken cancellationToken)</StackTrace>
        </ErrorInfo>
      </Output>
    </UnitTestResult>
    <UnitTestResult executionId="8768d1c7-c97c-46a6-b604-e02ce7b2b577" testId="6faae5bd-3ce8-6862-891d-316ac8a59d93" testName="Inventory.IntegrationTests.Controllers.WarehouseControllerIntegrationTests.GetWarehouses_WithPagination_ShouldReturnPagedResults" computerName="DESKTOP-N3ISHK5" duration="00:00:00.0010000" startTime="2025-10-07T14:36:50.3222341+03:00" endTime="2025-10-07T14:36:50.3222343+03:00" testType="13cdc9d9-ddb5-4fa4-a97d-d965ccfc6d4b" outcome="Failed" testListId="8c84fa94-04c1-424b-9868-57a2d4851a1d" relativeResultsDirectory="8768d1c7-c97c-46a6-b604-e02ce7b2b577">
      <Output>
        <ErrorInfo>
          <Message>Npgsql.NpgsqlException : Failed to connect to 127.0.0.1:5433&#xD;
---- System.Net.Sockets.SocketException : Подключение не установлено, т.к. конечный компьютер отверг запрос на подключение.</Message>
          <StackTrace>   at Npgsql.Internal.NpgsqlConnector.Connect(NpgsqlTimeout timeout)&#xD;
   at Npgsql.Internal.NpgsqlConnector.RawOpen(SslMode sslMode, NpgsqlTimeout timeout, Boolean async, CancellationToken cancellationToken, Boolean isFirstAttempt)&#xD;
   at Npgsql.Internal.NpgsqlConnector.&lt;Open&gt;g__OpenCore|213_1(NpgsqlConnector conn, SslMode sslMode, NpgsqlTimeout timeout, Boolean async, CancellationToken cancellationToken, Boolean isFirstAttempt)&#xD;
   at Npgsql.Internal.NpgsqlConnector.Open(NpgsqlTimeout timeout, Boolean async, CancellationToken cancellationToken)&#xD;
   at Npgsql.UnpooledDataSource.Get(NpgsqlConnection conn, NpgsqlTimeout timeout, Boolean async, CancellationToken cancellationToken)&#xD;
   at Npgsql.NpgsqlConnection.&lt;Open&gt;g__OpenAsync|42_0(Boolean async, CancellationToken cancellationToken)&#xD;
   at Npgsql.NpgsqlConnection.Open()&#xD;
   at Microsoft.EntityFrameworkCore.Storage.RelationalConnection.OpenDbConnection(Boolean errorsExpected)&#xD;
   at Microsoft.EntityFrameworkCore.Storage.RelationalConnection.OpenInternal(Boolean errorsExpected)&#xD;
   at Microsoft.EntityFrameworkCore.Storage.RelationalConnection.Open(Boolean errorsExpected)&#xD;
   at Npgsql.EntityFrameworkCore.PostgreSQL.Storage.Internal.NpgsqlDatabaseCreator.Exists(Boolean async, CancellationToken cancellationToken)&#xD;
   at Npgsql.EntityFrameworkCore.PostgreSQL.Storage.Internal.NpgsqlDatabaseCreator.Exists(Boolean async, CancellationToken cancellationToken)&#xD;
   at Npgsql.EntityFrameworkCore.PostgreSQL.Storage.Internal.NpgsqlDatabaseCreator.Exists()&#xD;
   at Microsoft.EntityFrameworkCore.Storage.RelationalDatabaseCreator.EnsureCreated()&#xD;
   at Microsoft.EntityFrameworkCore.Infrastructure.DatabaseFacade.EnsureCreated()&#xD;
   at Inventory.IntegrationTests.IntegrationTestBase..ctor(WebApplicationFactory`1 factory) in C:\rec\prg\repo\InventoryCtrl_2\test\Inventory.IntegrationTests\TestBase.cs:line 121&#xD;
   at Inventory.IntegrationTests.Controllers.WarehouseControllerIntegrationTests..ctor(WebApplicationFactory`1 factory) in C:\rec\prg\repo\InventoryCtrl_2\test\Inventory.IntegrationTests\Controllers\WarehouseControllerIntegrationTests.cs:line 14&#xD;
   at InvokeStub_WarehouseControllerIntegrationTests..ctor(Object, Span`1)&#xD;
   at System.Reflection.MethodBaseInvoker.InvokeWithOneArg(Object obj, BindingFlags invokeAttr, Binder binder, Object[] parameters, CultureInfo culture)&#xD;
----- Inner Stack Trace -----&#xD;
   at Npgsql.Internal.NpgsqlConnector.Connect(NpgsqlTimeout timeout)</StackTrace>
        </ErrorInfo>
      </Output>
    </UnitTestResult>
    <UnitTestResult executionId="8e3ee599-340a-4a19-a326-868ffce9487a" testId="3bb5de58-9087-764f-4661-d2dbde6f6cd8" testName="Inventory.IntegrationTests.Controllers.SSLCertificateControllerTests.DeleteCertificate_ShouldReturnNotFound_WhenCertificateDoesNotExist" computerName="DESKTOP-N3ISHK5" duration="00:00:00.1514591" startTime="2025-10-07T14:36:16.2273599+03:00" endTime="2025-10-07T14:36:16.2273602+03:00" testType="13cdc9d9-ddb5-4fa4-a97d-d965ccfc6d4b" outcome="Failed" testListId="8c84fa94-04c1-424b-9868-57a2d4851a1d" relativeResultsDirectory="8e3ee599-340a-4a19-a326-868ffce9487a">
      <Output>
        <ErrorInfo>
          <Message>Assert.Equal() Failure: Values differ&#xD;
Expected: NotFound&#xD;
Actual:   Unauthorized</Message>
          <StackTrace>   at Inventory.IntegrationTests.Controllers.SSLCertificateControllerTests.DeleteCertificate_ShouldReturnNotFound_WhenCertificateDoesNotExist() in C:\rec\prg\repo\InventoryCtrl_2\test\Inventory.IntegrationTests\Controllers\SSLCertificateControllerTests.cs:line 271&#xD;
--- End of stack trace from previous location ---</StackTrace>
        </ErrorInfo>
      </Output>
    </UnitTestResult>
    <UnitTestResult executionId="16e5c085-234d-458d-b4b0-b218f433cf0e" testId="a8edabb0-484e-be63-aa41-7094e7b8864c" testName="Inventory.IntegrationTests.Controllers.DashboardControllerIntegrationTestsNew.GetDashboardStats_WithEmptyDatabase_ShouldReturnZeroStats" computerName="DESKTOP-N3ISHK5" duration="00:00:00.0010000" startTime="2025-10-07T14:36:33.8090860+03:00" endTime="2025-10-07T14:36:33.8090861+03:00" testType="13cdc9d9-ddb5-4fa4-a97d-d965ccfc6d4b" outcome="Failed" testListId="8c84fa94-04c1-424b-9868-57a2d4851a1d" relativeResultsDirectory="16e5c085-234d-458d-b4b0-b218f433cf0e">
      <Output>
        <ErrorInfo>
          <Message>Npgsql.NpgsqlException : Failed to connect to 127.0.0.1:5433&#xD;
---- System.Net.Sockets.SocketException : Подключение не установлено, т.к. конечный компьютер отверг запрос на подключение.</Message>
          <StackTrace>   at Npgsql.Internal.NpgsqlConnector.Connect(NpgsqlTimeout timeout)&#xD;
   at Npgsql.Internal.NpgsqlConnector.RawOpen(SslMode sslMode, NpgsqlTimeout timeout, Boolean async, CancellationToken cancellationToken, Boolean isFirstAttempt)&#xD;
   at Npgsql.Internal.NpgsqlConnector.&lt;Open&gt;g__OpenCore|213_1(NpgsqlConnector conn, SslMode sslMode, NpgsqlTimeout timeout, Boolean async, CancellationToken cancellationToken, Boolean isFirstAttempt)&#xD;
   at Npgsql.Internal.NpgsqlConnector.Open(NpgsqlTimeout timeout, Boolean async, CancellationToken cancellationToken)&#xD;
   at Npgsql.UnpooledDataSource.Get(NpgsqlConnection conn, NpgsqlTimeout timeout, Boolean async, CancellationToken cancellationToken)&#xD;
   at Npgsql.NpgsqlConnection.&lt;Open&gt;g__OpenAsync|42_0(Boolean async, CancellationToken cancellationToken)&#xD;
   at Npgsql.NpgsqlConnection.Open()&#xD;
   at Microsoft.EntityFrameworkCore.Storage.RelationalConnection.OpenDbConnection(Boolean errorsExpected)&#xD;
   at Microsoft.EntityFrameworkCore.Storage.RelationalConnection.OpenInternal(Boolean errorsExpected)&#xD;
   at Microsoft.EntityFrameworkCore.Storage.RelationalConnection.Open(Boolean errorsExpected)&#xD;
   at Npgsql.EntityFrameworkCore.PostgreSQL.Storage.Internal.NpgsqlDatabaseCreator.Exists(Boolean async, CancellationToken cancellationToken)&#xD;
   at Npgsql.EntityFrameworkCore.PostgreSQL.Storage.Internal.NpgsqlDatabaseCreator.Exists(Boolean async, CancellationToken cancellationToken)&#xD;
   at Npgsql.EntityFrameworkCore.PostgreSQL.Storage.Internal.NpgsqlDatabaseCreator.Exists()&#xD;
   at Microsoft.EntityFrameworkCore.Storage.RelationalDatabaseCreator.EnsureCreated()&#xD;
   at Microsoft.EntityFrameworkCore.Infrastructure.DatabaseFacade.EnsureCreated()&#xD;
   at Inventory.IntegrationTests.IntegrationTestBase..ctor(WebApplicationFactory`1 factory) in C:\rec\prg\repo\InventoryCtrl_2\test\Inventory.IntegrationTests\TestBase.cs:line 121&#xD;
   at Inventory.IntegrationTests.Controllers.DashboardControllerIntegrationTestsNew..ctor(WebApplicationFactory`1 factory) in C:\rec\prg\repo\InventoryCtrl_2\test\Inventory.IntegrationTests\Controllers\DashboardControllerIntegrationTests.cs:line 13&#xD;
   at InvokeStub_DashboardControllerIntegrationTestsNew..ctor(Object, Span`1)&#xD;
   at System.Reflection.MethodBaseInvoker.InvokeWithOneArg(Object obj, BindingFlags invokeAttr, Binder binder, Object[] parameters, CultureInfo culture)&#xD;
----- Inner Stack Trace -----&#xD;
   at Npgsql.Internal.NpgsqlConnector.Connect(NpgsqlTimeout timeout)</StackTrace>
        </ErrorInfo>
      </Output>
    </UnitTestResult>
    <UnitTestResult executionId="e28a3ad6-f509-48a5-8d6d-4418039d64e8" testId="79c70ac1-5937-f02f-d399-b52b700f4fdc" testName="Inventory.IntegrationTests.Controllers.ManufacturerControllerIntegrationTests.GetManufacturer_WithValidId_ShouldReturnManufacturer" computerName="DESKTOP-N3ISHK5" duration="00:00:00.0010000" startTime="2025-10-07T14:36:50.2727406+03:00" endTime="2025-10-07T14:36:50.2727408+03:00" testType="13cdc9d9-ddb5-4fa4-a97d-d965ccfc6d4b" outcome="Failed" testListId="8c84fa94-04c1-424b-9868-57a2d4851a1d" relativeResultsDirectory="e28a3ad6-f509-48a5-8d6d-4418039d64e8">
      <Output>
        <ErrorInfo>
          <Message>Npgsql.NpgsqlException : Failed to connect to 127.0.0.1:5433&#xD;
---- System.Net.Sockets.SocketException : Подключение не установлено, т.к. конечный компьютер отверг запрос на подключение.</Message>
          <StackTrace>   at Npgsql.Internal.NpgsqlConnector.Connect(NpgsqlTimeout timeout)&#xD;
   at Npgsql.Internal.NpgsqlConnector.RawOpen(SslMode sslMode, NpgsqlTimeout timeout, Boolean async, CancellationToken cancellationToken, Boolean isFirstAttempt)&#xD;
   at Npgsql.Internal.NpgsqlConnector.&lt;Open&gt;g__OpenCore|213_1(NpgsqlConnector conn, SslMode sslMode, NpgsqlTimeout timeout, Boolean async, CancellationToken cancellationToken, Boolean isFirstAttempt)&#xD;
   at Npgsql.Internal.NpgsqlConnector.Open(NpgsqlTimeout timeout, Boolean async, CancellationToken cancellationToken)&#xD;
   at Npgsql.UnpooledDataSource.Get(NpgsqlConnection conn, NpgsqlTimeout timeout, Boolean async, CancellationToken cancellationToken)&#xD;
   at Npgsql.NpgsqlConnection.&lt;Open&gt;g__OpenAsync|42_0(Boolean async, CancellationToken cancellationToken)&#xD;
   at Npgsql.NpgsqlConnection.Open()&#xD;
   at Microsoft.EntityFrameworkCore.Storage.RelationalConnection.OpenDbConnection(Boolean errorsExpected)&#xD;
   at Microsoft.EntityFrameworkCore.Storage.RelationalConnection.OpenInternal(Boolean errorsExpected)&#xD;
   at Microsoft.EntityFrameworkCore.Storage.RelationalConnection.Open(Boolean errorsExpected)&#xD;
   at Npgsql.EntityFrameworkCore.PostgreSQL.Storage.Internal.NpgsqlDatabaseCreator.Exists(Boolean async, CancellationToken cancellationToken)&#xD;
   at Npgsql.EntityFrameworkCore.PostgreSQL.Storage.Internal.NpgsqlDatabaseCreator.Exists(Boolean async, CancellationToken cancellationToken)&#xD;
   at Npgsql.EntityFrameworkCore.PostgreSQL.Storage.Internal.NpgsqlDatabaseCreator.Exists()&#xD;
   at Microsoft.EntityFrameworkCore.Storage.RelationalDatabaseCreator.EnsureCreated()&#xD;
   at Microsoft.EntityFrameworkCore.Infrastructure.DatabaseFacade.EnsureCreated()&#xD;
   at Inventory.IntegrationTests.IntegrationTestBase..ctor(WebApplicationFactory`1 factory) in C:\rec\prg\repo\InventoryCtrl_2\test\Inventory.IntegrationTests\TestBase.cs:line 121&#xD;
   at Inventory.IntegrationTests.Controllers.ManufacturerControllerIntegrationTests..ctor(WebApplicationFactory`1 factory) in C:\rec\prg\repo\InventoryCtrl_2\test\Inventory.IntegrationTests\Controllers\ManufacturerControllerIntegrationTests.cs:line 13&#xD;
   at InvokeStub_ManufacturerControllerIntegrationTests..ctor(Object, Span`1)&#xD;
   at System.Reflection.MethodBaseInvoker.InvokeWithOneArg(Object obj, BindingFlags invokeAttr, Binder binder, Object[] parameters, CultureInfo culture)&#xD;
----- Inner Stack Trace -----&#xD;
   at Npgsql.Internal.NpgsqlConnector.Connect(NpgsqlTimeout timeout)</StackTrace>
        </ErrorInfo>
      </Output>
    </UnitTestResult>
    <UnitTestResult executionId="27530f5a-1a1d-48c1-ba25-25cd7b06dba6" testId="e9ba1568-5431-97c2-8d7d-a338e6d820f5" testName="Inventory.IntegrationTests.Controllers.WarehouseControllerIntegrationTests.GetWarehouses_WithValidData_ShouldReturnWarehouses" computerName="DESKTOP-N3ISHK5" duration="00:00:00.0010000" startTime="2025-10-07T14:37:06.6974469+03:00" endTime="2025-10-07T14:37:06.6974472+03:00" testType="13cdc9d9-ddb5-4fa4-a97d-d965ccfc6d4b" outcome="Failed" testListId="8c84fa94-04c1-424b-9868-57a2d4851a1d" relativeResultsDirectory="27530f5a-1a1d-48c1-ba25-25cd7b06dba6">
      <Output>
        <ErrorInfo>
          <Message>Npgsql.NpgsqlException : Failed to connect to 127.0.0.1:5433&#xD;
---- System.Net.Sockets.SocketException : Подключение не установлено, т.к. конечный компьютер отверг запрос на подключение.</Message>
          <StackTrace>   at Npgsql.Internal.NpgsqlConnector.Connect(NpgsqlTimeout timeout)&#xD;
   at Npgsql.Internal.NpgsqlConnector.RawOpen(SslMode sslMode, NpgsqlTimeout timeout, Boolean async, CancellationToken cancellationToken, Boolean isFirstAttempt)&#xD;
   at Npgsql.Internal.NpgsqlConnector.&lt;Open&gt;g__OpenCore|213_1(NpgsqlConnector conn, SslMode sslMode, NpgsqlTimeout timeout, Boolean async, CancellationToken cancellationToken, Boolean isFirstAttempt)&#xD;
   at Npgsql.Internal.NpgsqlConnector.Open(NpgsqlTimeout timeout, Boolean async, CancellationToken cancellationToken)&#xD;
   at Npgsql.UnpooledDataSource.Get(NpgsqlConnection conn, NpgsqlTimeout timeout, Boolean async, CancellationToken cancellationToken)&#xD;
   at Npgsql.NpgsqlConnection.&lt;Open&gt;g__OpenAsync|42_0(Boolean async, CancellationToken cancellationToken)&#xD;
   at Npgsql.NpgsqlConnection.Open()&#xD;
   at Microsoft.EntityFrameworkCore.Storage.RelationalConnection.OpenDbConnection(Boolean errorsExpected)&#xD;
   at Microsoft.EntityFrameworkCore.Storage.RelationalConnection.OpenInternal(Boolean errorsExpected)&#xD;
   at Microsoft.EntityFrameworkCore.Storage.RelationalConnection.Open(Boolean errorsExpected)&#xD;
   at Npgsql.EntityFrameworkCore.PostgreSQL.Storage.Internal.NpgsqlDatabaseCreator.Exists(Boolean async, CancellationToken cancellationToken)&#xD;
   at Npgsql.EntityFrameworkCore.PostgreSQL.Storage.Internal.NpgsqlDatabaseCreator.Exists(Boolean async, CancellationToken cancellationToken)&#xD;
   at Npgsql.EntityFrameworkCore.PostgreSQL.Storage.Internal.NpgsqlDatabaseCreator.Exists()&#xD;
   at Microsoft.EntityFrameworkCore.Storage.RelationalDatabaseCreator.EnsureCreated()&#xD;
   at Microsoft.EntityFrameworkCore.Infrastructure.DatabaseFacade.EnsureCreated()&#xD;
   at Inventory.IntegrationTests.IntegrationTestBase..ctor(WebApplicationFactory`1 factory) in C:\rec\prg\repo\InventoryCtrl_2\test\Inventory.IntegrationTests\TestBase.cs:line 121&#xD;
   at Inventory.IntegrationTests.Controllers.WarehouseControllerIntegrationTests..ctor(WebApplicationFactory`1 factory) in C:\rec\prg\repo\InventoryCtrl_2\test\Inventory.IntegrationTests\Controllers\WarehouseControllerIntegrationTests.cs:line 14&#xD;
   at InvokeStub_WarehouseControllerIntegrationTests..ctor(Object, Span`1)&#xD;
   at System.Reflection.MethodBaseInvoker.InvokeWithOneArg(Object obj, BindingFlags invokeAttr, Binder binder, Object[] parameters, CultureInfo culture)&#xD;
----- Inner Stack Trace -----&#xD;
   at Npgsql.Internal.NpgsqlConnector.Connect(NpgsqlTimeout timeout)</StackTrace>
        </ErrorInfo>
      </Output>
    </UnitTestResult>
    <UnitTestResult executionId="411386d5-52cd-44df-944b-942c702ad094" testId="4a72e918-a96c-9b11-1762-755e6c7f53f1" testName="Inventory.IntegrationTests.Controllers.WarehouseControllerIntegrationTests.DeleteWarehouse_WithValidId_ShouldSoftDeleteWarehouse" computerName="DESKTOP-N3ISHK5" duration="00:00:00.0010000" startTime="2025-10-07T14:36:58.4924871+03:00" endTime="2025-10-07T14:36:58.4924872+03:00" testType="13cdc9d9-ddb5-4fa4-a97d-d965ccfc6d4b" outcome="Failed" testListId="8c84fa94-04c1-424b-9868-57a2d4851a1d" relativeResultsDirectory="411386d5-52cd-44df-944b-942c702ad094">
      <Output>
        <ErrorInfo>
          <Message>Npgsql.NpgsqlException : Failed to connect to 127.0.0.1:5433&#xD;
---- System.Net.Sockets.SocketException : Подключение не установлено, т.к. конечный компьютер отверг запрос на подключение.</Message>
          <StackTrace>   at Npgsql.Internal.NpgsqlConnector.Connect(NpgsqlTimeout timeout)&#xD;
   at Npgsql.Internal.NpgsqlConnector.RawOpen(SslMode sslMode, NpgsqlTimeout timeout, Boolean async, CancellationToken cancellationToken, Boolean isFirstAttempt)&#xD;
   at Npgsql.Internal.NpgsqlConnector.&lt;Open&gt;g__OpenCore|213_1(NpgsqlConnector conn, SslMode sslMode, NpgsqlTimeout timeout, Boolean async, CancellationToken cancellationToken, Boolean isFirstAttempt)&#xD;
   at Npgsql.Internal.NpgsqlConnector.Open(NpgsqlTimeout timeout, Boolean async, CancellationToken cancellationToken)&#xD;
   at Npgsql.UnpooledDataSource.Get(NpgsqlConnection conn, NpgsqlTimeout timeout, Boolean async, CancellationToken cancellationToken)&#xD;
   at Npgsql.NpgsqlConnection.&lt;Open&gt;g__OpenAsync|42_0(Boolean async, CancellationToken cancellationToken)&#xD;
   at Npgsql.NpgsqlConnection.Open()&#xD;
   at Microsoft.EntityFrameworkCore.Storage.RelationalConnection.OpenDbConnection(Boolean errorsExpected)&#xD;
   at Microsoft.EntityFrameworkCore.Storage.RelationalConnection.OpenInternal(Boolean errorsExpected)&#xD;
   at Microsoft.EntityFrameworkCore.Storage.RelationalConnection.Open(Boolean errorsExpected)&#xD;
   at Npgsql.EntityFrameworkCore.PostgreSQL.Storage.Internal.NpgsqlDatabaseCreator.Exists(Boolean async, CancellationToken cancellationToken)&#xD;
   at Npgsql.EntityFrameworkCore.PostgreSQL.Storage.Internal.NpgsqlDatabaseCreator.Exists(Boolean async, CancellationToken cancellationToken)&#xD;
   at Npgsql.EntityFrameworkCore.PostgreSQL.Storage.Internal.NpgsqlDatabaseCreator.Exists()&#xD;
   at Microsoft.EntityFrameworkCore.Storage.RelationalDatabaseCreator.EnsureCreated()&#xD;
   at Microsoft.EntityFrameworkCore.Infrastructure.DatabaseFacade.EnsureCreated()&#xD;
   at Inventory.IntegrationTests.IntegrationTestBase..ctor(WebApplicationFactory`1 factory) in C:\rec\prg\repo\InventoryCtrl_2\test\Inventory.IntegrationTests\TestBase.cs:line 121&#xD;
   at Inventory.IntegrationTests.Controllers.WarehouseControllerIntegrationTests..ctor(WebApplicationFactory`1 factory) in C:\rec\prg\repo\InventoryCtrl_2\test\Inventory.IntegrationTests\Controllers\WarehouseControllerIntegrationTests.cs:line 14&#xD;
   at InvokeStub_WarehouseControllerIntegrationTests..ctor(Object, Span`1)&#xD;
   at System.Reflection.MethodBaseInvoker.InvokeWithOneArg(Object obj, BindingFlags invokeAttr, Binder binder, Object[] parameters, CultureInfo culture)&#xD;
----- Inner Stack Trace -----&#xD;
   at Npgsql.Internal.NpgsqlConnector.Connect(NpgsqlTimeout timeout)</StackTrace>
        </ErrorInfo>
      </Output>
    </UnitTestResult>
    <UnitTestResult executionId="41c850d2-ab54-45e0-8407-8d7d2c8b3b7c" testId="52023f73-bc30-7a33-f075-7658c4bde98f" testName="Inventory.IntegrationTests.Controllers.SSLCertificateControllerTests.DeleteCertificate_ShouldReturnNoContent_WhenCertificateExists" computerName="DESKTOP-N3ISHK5" duration="00:00:00.9801094" startTime="2025-10-07T14:36:15.9286251+03:00" endTime="2025-10-07T14:36:15.9286253+03:00" testType="13cdc9d9-ddb5-4fa4-a97d-d965ccfc6d4b" outcome="Failed" testListId="8c84fa94-04c1-424b-9868-57a2d4851a1d" relativeResultsDirectory="41c850d2-ab54-45e0-8407-8d7d2c8b3b7c">
      <Output>
        <ErrorInfo>
          <Message>Assert.Equal() Failure: Values differ&#xD;
Expected: NoContent&#xD;
Actual:   Unauthorized</Message>
          <StackTrace>   at Inventory.IntegrationTests.Controllers.SSLCertificateControllerTests.DeleteCertificate_ShouldReturnNoContent_WhenCertificateExists() in C:\rec\prg\repo\InventoryCtrl_2\test\Inventory.IntegrationTests\Controllers\SSLCertificateControllerTests.cs:line 255&#xD;
--- End of stack trace from previous location ---</StackTrace>
        </ErrorInfo>
      </Output>
    </UnitTestResult>
    <UnitTestResult executionId="7ea4f953-8e43-4dce-b29d-85a28051168a" testId="1c7bbc3c-1e31-f2df-a206-1cc8c0551950" testName="Inventory.IntegrationTests.Controllers.AuthControllerIntegrationTestsNew.Register_WithValidData_ShouldCreateUser" computerName="DESKTOP-N3ISHK5" duration="00:00:00.0010000" startTime="2025-10-07T14:36:25.4423645+03:00" endTime="2025-10-07T14:36:25.4423646+03:00" testType="13cdc9d9-ddb5-4fa4-a97d-d965ccfc6d4b" outcome="Failed" testListId="8c84fa94-04c1-424b-9868-57a2d4851a1d" relativeResultsDirectory="7ea4f953-8e43-4dce-b29d-85a28051168a">
      <Output>
        <ErrorInfo>
          <Message>Npgsql.NpgsqlException : Failed to connect to 127.0.0.1:5433&#xD;
---- System.Net.Sockets.SocketException : Подключение не установлено, т.к. конечный компьютер отверг запрос на подключение.</Message>
          <StackTrace>   at Npgsql.Internal.NpgsqlConnector.Connect(NpgsqlTimeout timeout)&#xD;
   at Npgsql.Internal.NpgsqlConnector.RawOpen(SslMode sslMode, NpgsqlTimeout timeout, Boolean async, CancellationToken cancellationToken, Boolean isFirstAttempt)&#xD;
   at Npgsql.Internal.NpgsqlConnector.&lt;Open&gt;g__OpenCore|213_1(NpgsqlConnector conn, SslMode sslMode, NpgsqlTimeout timeout, Boolean async, CancellationToken cancellationToken, Boolean isFirstAttempt)&#xD;
   at Npgsql.Internal.NpgsqlConnector.Open(NpgsqlTimeout timeout, Boolean async, CancellationToken cancellationToken)&#xD;
   at Npgsql.UnpooledDataSource.Get(NpgsqlConnection conn, NpgsqlTimeout timeout, Boolean async, CancellationToken cancellationToken)&#xD;
   at Npgsql.NpgsqlConnection.&lt;Open&gt;g__OpenAsync|42_0(Boolean async, CancellationToken cancellationToken)&#xD;
   at Npgsql.NpgsqlConnection.Open()&#xD;
   at Microsoft.EntityFrameworkCore.Storage.RelationalConnection.OpenDbConnection(Boolean errorsExpected)&#xD;
   at Microsoft.EntityFrameworkCore.Storage.RelationalConnection.OpenInternal(Boolean errorsExpected)&#xD;
   at Microsoft.EntityFrameworkCore.Storage.RelationalConnection.Open(Boolean errorsExpected)&#xD;
   at Npgsql.EntityFrameworkCore.PostgreSQL.Storage.Internal.NpgsqlDatabaseCreator.Exists(Boolean async, CancellationToken cancellationToken)&#xD;
   at Npgsql.EntityFrameworkCore.PostgreSQL.Storage.Internal.NpgsqlDatabaseCreator.Exists(Boolean async, CancellationToken cancellationToken)&#xD;
   at Npgsql.EntityFrameworkCore.PostgreSQL.Storage.Internal.NpgsqlDatabaseCreator.Exists()&#xD;
   at Microsoft.EntityFrameworkCore.Storage.RelationalDatabaseCreator.EnsureCreated()&#xD;
   at Microsoft.EntityFrameworkCore.Infrastructure.DatabaseFacade.EnsureCreated()&#xD;
   at Inventory.IntegrationTests.IntegrationTestBase..ctor(WebApplicationFactory`1 factory) in C:\rec\prg\repo\InventoryCtrl_2\test\Inventory.IntegrationTests\TestBase.cs:line 121&#xD;
   at Inventory.IntegrationTests.Controllers.AuthControllerIntegrationTestsNew..ctor(WebApplicationFactory`1 factory) in C:\rec\prg\repo\InventoryCtrl_2\test\Inventory.IntegrationTests\Controllers\AuthControllerIntegrationTests.cs:line 12&#xD;
   at InvokeStub_AuthControllerIntegrationTestsNew..ctor(Object, Span`1)&#xD;
   at System.Reflection.MethodBaseInvoker.InvokeWithOneArg(Object obj, BindingFlags invokeAttr, Binder binder, Object[] parameters, CultureInfo culture)&#xD;
----- Inner Stack Trace -----&#xD;
   at Npgsql.Internal.NpgsqlConnector.Connect(NpgsqlTimeout timeout)</StackTrace>
        </ErrorInfo>
      </Output>
    </UnitTestResult>
    <UnitTestResult executionId="767dcd01-ab06-4d39-ad34-a0d5c4864fd8" testId="da3b57f6-020d-a40d-7026-6541dbb71890" testName="Inventory.IntegrationTests.Controllers.SimpleIntegrationTests.MathTest_ShouldCalculateCorrectly" computerName="DESKTOP-N3ISHK5" duration="00:00:00.0009222" startTime="2025-10-07T14:36:14.9792151+03:00" endTime="2025-10-07T14:36:14.9792154+03:00" testType="13cdc9d9-ddb5-4fa4-a97d-d965ccfc6d4b" outcome="Passed" testListId="8c84fa94-04c1-424b-9868-57a2d4851a1d" relativeResultsDirectory="767dcd01-ab06-4d39-ad34-a0d5c4864fd8" />
    <UnitTestResult executionId="0d763210-2e8e-450c-9476-9071231a4f2a" testId="9cbb7a81-6d0f-31b7-176e-81441bf1de65" testName="Inventory.IntegrationTests.Controllers.DashboardControllerIntegrationTestsNew.GetLowStockProducts_WithValidData_ShouldReturnLowStockProducts" computerName="DESKTOP-N3ISHK5" duration="00:00:00.0010000" startTime="2025-10-07T14:36:25.4289140+03:00" endTime="2025-10-07T14:36:25.4289142+03:00" testType="13cdc9d9-ddb5-4fa4-a97d-d965ccfc6d4b" outcome="Failed" testListId="8c84fa94-04c1-424b-9868-57a2d4851a1d" relativeResultsDirectory="0d763210-2e8e-450c-9476-9071231a4f2a">
      <Output>
        <ErrorInfo>
          <Message>Npgsql.NpgsqlException : Failed to connect to 127.0.0.1:5433&#xD;
---- System.Net.Sockets.SocketException : Подключение не установлено, т.к. конечный компьютер отверг запрос на подключение.</Message>
          <StackTrace>   at Npgsql.Internal.NpgsqlConnector.Connect(NpgsqlTimeout timeout)&#xD;
   at Npgsql.Internal.NpgsqlConnector.RawOpen(SslMode sslMode, NpgsqlTimeout timeout, Boolean async, CancellationToken cancellationToken, Boolean isFirstAttempt)&#xD;
   at Npgsql.Internal.NpgsqlConnector.&lt;Open&gt;g__OpenCore|213_1(NpgsqlConnector conn, SslMode sslMode, NpgsqlTimeout timeout, Boolean async, CancellationToken cancellationToken, Boolean isFirstAttempt)&#xD;
   at Npgsql.Internal.NpgsqlConnector.Open(NpgsqlTimeout timeout, Boolean async, CancellationToken cancellationToken)&#xD;
   at Npgsql.UnpooledDataSource.Get(NpgsqlConnection conn, NpgsqlTimeout timeout, Boolean async, CancellationToken cancellationToken)&#xD;
   at Npgsql.NpgsqlConnection.&lt;Open&gt;g__OpenAsync|42_0(Boolean async, CancellationToken cancellationToken)&#xD;
   at Npgsql.NpgsqlConnection.Open()&#xD;
   at Microsoft.EntityFrameworkCore.Storage.RelationalConnection.OpenDbConnection(Boolean errorsExpected)&#xD;
   at Microsoft.EntityFrameworkCore.Storage.RelationalConnection.OpenInternal(Boolean errorsExpected)&#xD;
   at Microsoft.EntityFrameworkCore.Storage.RelationalConnection.Open(Boolean errorsExpected)&#xD;
   at Npgsql.EntityFrameworkCore.PostgreSQL.Storage.Internal.NpgsqlDatabaseCreator.Exists(Boolean async, CancellationToken cancellationToken)&#xD;
   at Npgsql.EntityFrameworkCore.PostgreSQL.Storage.Internal.NpgsqlDatabaseCreator.Exists(Boolean async, CancellationToken cancellationToken)&#xD;
   at Npgsql.EntityFrameworkCore.PostgreSQL.Storage.Internal.NpgsqlDatabaseCreator.Exists()&#xD;
   at Microsoft.EntityFrameworkCore.Storage.RelationalDatabaseCreator.EnsureCreated()&#xD;
   at Microsoft.EntityFrameworkCore.Infrastructure.DatabaseFacade.EnsureCreated()&#xD;
   at Inventory.IntegrationTests.IntegrationTestBase..ctor(WebApplicationFactory`1 factory) in C:\rec\prg\repo\InventoryCtrl_2\test\Inventory.IntegrationTests\TestBase.cs:line 121&#xD;
   at Inventory.IntegrationTests.Controllers.DashboardControllerIntegrationTestsNew..ctor(WebApplicationFactory`1 factory) in C:\rec\prg\repo\InventoryCtrl_2\test\Inventory.IntegrationTests\Controllers\DashboardControllerIntegrationTests.cs:line 13&#xD;
   at InvokeStub_DashboardControllerIntegrationTestsNew..ctor(Object, Span`1)&#xD;
   at System.Reflection.MethodBaseInvoker.InvokeWithOneArg(Object obj, BindingFlags invokeAttr, Binder binder, Object[] parameters, CultureInfo culture)&#xD;
----- Inner Stack Trace -----&#xD;
   at Npgsql.Internal.NpgsqlConnector.Connect(NpgsqlTimeout timeout)</StackTrace>
        </ErrorInfo>
      </Output>
    </UnitTestResult>
    <UnitTestResult executionId="42547853-6eb6-4248-9809-db6c16e4cf24" testId="3b508c44-ce5e-7242-055e-965fa8ec309f" testName="Inventory.IntegrationTests.Controllers.CategoryControllerIntegrationTestsNew.GetRootCategories_WithValidData_ShouldReturnRootCategories" computerName="DESKTOP-N3ISHK5" duration="00:00:00.0010000" startTime="2025-10-07T14:36:50.3227385+03:00" endTime="2025-10-07T14:36:50.3227385+03:00" testType="13cdc9d9-ddb5-4fa4-a97d-d965ccfc6d4b" outcome="Failed" testListId="8c84fa94-04c1-424b-9868-57a2d4851a1d" relativeResultsDirectory="42547853-6eb6-4248-9809-db6c16e4cf24">
      <Output>
        <ErrorInfo>
          <Message>Npgsql.NpgsqlException : Failed to connect to 127.0.0.1:5433&#xD;
---- System.Net.Sockets.SocketException : Подключение не установлено, т.к. конечный компьютер отверг запрос на подключение.</Message>
          <StackTrace>   at Npgsql.Internal.NpgsqlConnector.Connect(NpgsqlTimeout timeout)&#xD;
   at Npgsql.Internal.NpgsqlConnector.RawOpen(SslMode sslMode, NpgsqlTimeout timeout, Boolean async, CancellationToken cancellationToken, Boolean isFirstAttempt)&#xD;
   at Npgsql.Internal.NpgsqlConnector.&lt;Open&gt;g__OpenCore|213_1(NpgsqlConnector conn, SslMode sslMode, NpgsqlTimeout timeout, Boolean async, CancellationToken cancellationToken, Boolean isFirstAttempt)&#xD;
   at Npgsql.Internal.NpgsqlConnector.Open(NpgsqlTimeout timeout, Boolean async, CancellationToken cancellationToken)&#xD;
   at Npgsql.UnpooledDataSource.Get(NpgsqlConnection conn, NpgsqlTimeout timeout, Boolean async, CancellationToken cancellationToken)&#xD;
   at Npgsql.NpgsqlConnection.&lt;Open&gt;g__OpenAsync|42_0(Boolean async, CancellationToken cancellationToken)&#xD;
   at Npgsql.NpgsqlConnection.Open()&#xD;
   at Microsoft.EntityFrameworkCore.Storage.RelationalConnection.OpenDbConnection(Boolean errorsExpected)&#xD;
   at Microsoft.EntityFrameworkCore.Storage.RelationalConnection.OpenInternal(Boolean errorsExpected)&#xD;
   at Microsoft.EntityFrameworkCore.Storage.RelationalConnection.Open(Boolean errorsExpected)&#xD;
   at Npgsql.EntityFrameworkCore.PostgreSQL.Storage.Internal.NpgsqlDatabaseCreator.Exists(Boolean async, CancellationToken cancellationToken)&#xD;
   at Npgsql.EntityFrameworkCore.PostgreSQL.Storage.Internal.NpgsqlDatabaseCreator.Exists(Boolean async, CancellationToken cancellationToken)&#xD;
   at Npgsql.EntityFrameworkCore.PostgreSQL.Storage.Internal.NpgsqlDatabaseCreator.Exists()&#xD;
   at Microsoft.EntityFrameworkCore.Storage.RelationalDatabaseCreator.EnsureCreated()&#xD;
   at Microsoft.EntityFrameworkCore.Infrastructure.DatabaseFacade.EnsureCreated()&#xD;
   at Inventory.IntegrationTests.IntegrationTestBase..ctor(WebApplicationFactory`1 factory) in C:\rec\prg\repo\InventoryCtrl_2\test\Inventory.IntegrationTests\TestBase.cs:line 121&#xD;
   at Inventory.IntegrationTests.Controllers.CategoryControllerIntegrationTestsNew..ctor(WebApplicationFactory`1 factory) in C:\rec\prg\repo\InventoryCtrl_2\test\Inventory.IntegrationTests\Controllers\CategoryControllerIntegrationTests.cs:line 13&#xD;
   at InvokeStub_CategoryControllerIntegrationTestsNew..ctor(Object, Span`1)&#xD;
   at System.Reflection.MethodBaseInvoker.InvokeWithOneArg(Object obj, BindingFlags invokeAttr, Binder binder, Object[] parameters, CultureInfo culture)&#xD;
----- Inner Stack Trace -----&#xD;
   at Npgsql.Internal.NpgsqlConnector.Connect(NpgsqlTimeout timeout)</StackTrace>
        </ErrorInfo>
      </Output>
    </UnitTestResult>
    <UnitTestResult executionId="4657d28b-95f5-4042-b903-09d8c304c30e" testId="97102ac1-fdb7-738b-ca59-2567405901c7" testName="Inventory.IntegrationTests.Controllers.ManufacturerControllerIntegrationTests.DeleteManufacturer_WithValidId_ShouldDeleteManufacturer" computerName="DESKTOP-N3ISHK5" duration="00:00:00.0010000" startTime="2025-10-07T14:36:29.6107150+03:00" endTime="2025-10-07T14:36:29.6107153+03:00" testType="13cdc9d9-ddb5-4fa4-a97d-d965ccfc6d4b" outcome="Failed" testListId="8c84fa94-04c1-424b-9868-57a2d4851a1d" relativeResultsDirectory="4657d28b-95f5-4042-b903-09d8c304c30e">
      <Output>
        <ErrorInfo>
          <Message>Npgsql.NpgsqlException : Failed to connect to 127.0.0.1:5433&#xD;
---- System.Net.Sockets.SocketException : Подключение не установлено, т.к. конечный компьютер отверг запрос на подключение.</Message>
          <StackTrace>   at Npgsql.Internal.NpgsqlConnector.Connect(NpgsqlTimeout timeout)&#xD;
   at Npgsql.Internal.NpgsqlConnector.RawOpen(SslMode sslMode, NpgsqlTimeout timeout, Boolean async, CancellationToken cancellationToken, Boolean isFirstAttempt)&#xD;
   at Npgsql.Internal.NpgsqlConnector.&lt;Open&gt;g__OpenCore|213_1(NpgsqlConnector conn, SslMode sslMode, NpgsqlTimeout timeout, Boolean async, CancellationToken cancellationToken, Boolean isFirstAttempt)&#xD;
   at Npgsql.Internal.NpgsqlConnector.Open(NpgsqlTimeout timeout, Boolean async, CancellationToken cancellationToken)&#xD;
   at Npgsql.UnpooledDataSource.Get(NpgsqlConnection conn, NpgsqlTimeout timeout, Boolean async, CancellationToken cancellationToken)&#xD;
   at Npgsql.NpgsqlConnection.&lt;Open&gt;g__OpenAsync|42_0(Boolean async, CancellationToken cancellationToken)&#xD;
   at Npgsql.NpgsqlConnection.Open()&#xD;
   at Microsoft.EntityFrameworkCore.Storage.RelationalConnection.OpenDbConnection(Boolean errorsExpected)&#xD;
   at Microsoft.EntityFrameworkCore.Storage.RelationalConnection.OpenInternal(Boolean errorsExpected)&#xD;
   at Microsoft.EntityFrameworkCore.Storage.RelationalConnection.Open(Boolean errorsExpected)&#xD;
   at Npgsql.EntityFrameworkCore.PostgreSQL.Storage.Internal.NpgsqlDatabaseCreator.Exists(Boolean async, CancellationToken cancellationToken)&#xD;
   at Npgsql.EntityFrameworkCore.PostgreSQL.Storage.Internal.NpgsqlDatabaseCreator.Exists(Boolean async, CancellationToken cancellationToken)&#xD;
   at Npgsql.EntityFrameworkCore.PostgreSQL.Storage.Internal.NpgsqlDatabaseCreator.Exists()&#xD;
   at Microsoft.EntityFrameworkCore.Storage.RelationalDatabaseCreator.EnsureCreated()&#xD;
   at Microsoft.EntityFrameworkCore.Infrastructure.DatabaseFacade.EnsureCreated()&#xD;
   at Inventory.IntegrationTests.IntegrationTestBase..ctor(WebApplicationFactory`1 factory) in C:\rec\prg\repo\InventoryCtrl_2\test\Inventory.IntegrationTests\TestBase.cs:line 121&#xD;
   at Inventory.IntegrationTests.Controllers.ManufacturerControllerIntegrationTests..ctor(WebApplicationFactory`1 factory) in C:\rec\prg\repo\InventoryCtrl_2\test\Inventory.IntegrationTests\Controllers\ManufacturerControllerIntegrationTests.cs:line 13&#xD;
   at InvokeStub_ManufacturerControllerIntegrationTests..ctor(Object, Span`1)&#xD;
   at System.Reflection.MethodBaseInvoker.InvokeWithOneArg(Object obj, BindingFlags invokeAttr, Binder binder, Object[] parameters, CultureInfo culture)&#xD;
----- Inner Stack Trace -----&#xD;
   at Npgsql.Internal.NpgsqlConnector.Connect(NpgsqlTimeout timeout)</StackTrace>
        </ErrorInfo>
      </Output>
    </UnitTestResult>
    <UnitTestResult executionId="61e316ef-129c-4f95-98e2-dde04eb67358" testId="bde9ef13-9ca1-3f85-a2e6-ca0092d06697" testName="Inventory.IntegrationTests.Controllers.WarehouseControllerIntegrationTests.DeleteWarehouse_WithTransactions_ShouldReturnBadRequest" computerName="DESKTOP-N3ISHK5" duration="00:00:00.0010000" startTime="2025-10-07T14:36:42.1461407+03:00" endTime="2025-10-07T14:36:42.1461409+03:00" testType="13cdc9d9-ddb5-4fa4-a97d-d965ccfc6d4b" outcome="Failed" testListId="8c84fa94-04c1-424b-9868-57a2d4851a1d" relativeResultsDirectory="61e316ef-129c-4f95-98e2-dde04eb67358">
      <Output>
        <ErrorInfo>
          <Message>Npgsql.NpgsqlException : Failed to connect to 127.0.0.1:5433&#xD;
---- System.Net.Sockets.SocketException : Подключение не установлено, т.к. конечный компьютер отверг запрос на подключение.</Message>
          <StackTrace>   at Npgsql.Internal.NpgsqlConnector.Connect(NpgsqlTimeout timeout)&#xD;
   at Npgsql.Internal.NpgsqlConnector.RawOpen(SslMode sslMode, NpgsqlTimeout timeout, Boolean async, CancellationToken cancellationToken, Boolean isFirstAttempt)&#xD;
   at Npgsql.Internal.NpgsqlConnector.&lt;Open&gt;g__OpenCore|213_1(NpgsqlConnector conn, SslMode sslMode, NpgsqlTimeout timeout, Boolean async, CancellationToken cancellationToken, Boolean isFirstAttempt)&#xD;
   at Npgsql.Internal.NpgsqlConnector.Open(NpgsqlTimeout timeout, Boolean async, CancellationToken cancellationToken)&#xD;
   at Npgsql.UnpooledDataSource.Get(NpgsqlConnection conn, NpgsqlTimeout timeout, Boolean async, CancellationToken cancellationToken)&#xD;
   at Npgsql.NpgsqlConnection.&lt;Open&gt;g__OpenAsync|42_0(Boolean async, CancellationToken cancellationToken)&#xD;
   at Npgsql.NpgsqlConnection.Open()&#xD;
   at Microsoft.EntityFrameworkCore.Storage.RelationalConnection.OpenDbConnection(Boolean errorsExpected)&#xD;
   at Microsoft.EntityFrameworkCore.Storage.RelationalConnection.OpenInternal(Boolean errorsExpected)&#xD;
   at Microsoft.EntityFrameworkCore.Storage.RelationalConnection.Open(Boolean errorsExpected)&#xD;
   at Npgsql.EntityFrameworkCore.PostgreSQL.Storage.Internal.NpgsqlDatabaseCreator.Exists(Boolean async, CancellationToken cancellationToken)&#xD;
   at Npgsql.EntityFrameworkCore.PostgreSQL.Storage.Internal.NpgsqlDatabaseCreator.Exists(Boolean async, CancellationToken cancellationToken)&#xD;
   at Npgsql.EntityFrameworkCore.PostgreSQL.Storage.Internal.NpgsqlDatabaseCreator.Exists()&#xD;
   at Microsoft.EntityFrameworkCore.Storage.RelationalDatabaseCreator.EnsureCreated()&#xD;
   at Microsoft.EntityFrameworkCore.Infrastructure.DatabaseFacade.EnsureCreated()&#xD;
   at Inventory.IntegrationTests.IntegrationTestBase..ctor(WebApplicationFactory`1 factory) in C:\rec\prg\repo\InventoryCtrl_2\test\Inventory.IntegrationTests\TestBase.cs:line 121&#xD;
   at Inventory.IntegrationTests.Controllers.WarehouseControllerIntegrationTests..ctor(WebApplicationFactory`1 factory) in C:\rec\prg\repo\InventoryCtrl_2\test\Inventory.IntegrationTests\Controllers\WarehouseControllerIntegrationTests.cs:line 14&#xD;
   at InvokeStub_WarehouseControllerIntegrationTests..ctor(Object, Span`1)&#xD;
   at System.Reflection.MethodBaseInvoker.InvokeWithOneArg(Object obj, BindingFlags invokeAttr, Binder binder, Object[] parameters, CultureInfo culture)&#xD;
----- Inner Stack Trace -----&#xD;
   at Npgsql.Internal.NpgsqlConnector.Connect(NpgsqlTimeout timeout)</StackTrace>
        </ErrorInfo>
      </Output>
    </UnitTestResult>
    <UnitTestResult executionId="47505c77-5f89-40f2-8b3a-1e80c512e167" testId="0804eb64-3aa0-06d6-2ffe-3a764e8ad9c9" testName="Inventory.IntegrationTests.RequestCreation.RequestCreationFlowTests.CreateRequestAndAddItems_ShouldHandleComplexObjectGraphs" computerName="DESKTOP-N3ISHK5" duration="00:00:04.1573589" startTime="2025-10-07T14:36:25.3752768+03:00" endTime="2025-10-07T14:36:25.3752770+03:00" testType="13cdc9d9-ddb5-4fa4-a97d-d965ccfc6d4b" outcome="Failed" testListId="8c84fa94-04c1-424b-9868-57a2d4851a1d" relativeResultsDirectory="47505c77-5f89-40f2-8b3a-1e80c512e167">
      <Output>
        <ErrorInfo>
          <Message>Npgsql.NpgsqlException : Failed to connect to 127.0.0.1:5432&#xD;
---- System.Net.Sockets.SocketException : Подключение не установлено, т.к. конечный компьютер отверг запрос на подключение.</Message>
          <StackTrace>   at Npgsql.Internal.NpgsqlConnector.ConnectAsync(NpgsqlTimeout timeout, CancellationToken cancellationToken)&#xD;
   at Npgsql.Internal.NpgsqlConnector.RawOpen(SslMode sslMode, NpgsqlTimeout timeout, Boolean async, CancellationToken cancellationToken, Boolean isFirstAttempt)&#xD;
   at Npgsql.Internal.NpgsqlConnector.&lt;Open&gt;g__OpenCore|213_1(NpgsqlConnector conn, SslMode sslMode, NpgsqlTimeout timeout, Boolean async, CancellationToken cancellationToken, Boolean isFirstAttempt)&#xD;
   at Npgsql.Internal.NpgsqlConnector.Open(NpgsqlTimeout timeout, Boolean async, CancellationToken cancellationToken)&#xD;
   at Npgsql.UnpooledDataSource.Get(NpgsqlConnection conn, NpgsqlTimeout timeout, Boolean async, CancellationToken cancellationToken)&#xD;
   at Npgsql.NpgsqlConnection.&lt;Open&gt;g__OpenAsync|42_0(Boolean async, CancellationToken cancellationToken)&#xD;
   at Microsoft.EntityFrameworkCore.Storage.RelationalConnection.OpenInternalAsync(Boolean errorsExpected, CancellationToken cancellationToken)&#xD;
   at Microsoft.EntityFrameworkCore.Storage.RelationalConnection.OpenInternalAsync(Boolean errorsExpected, CancellationToken cancellationToken)&#xD;
   at Microsoft.EntityFrameworkCore.Storage.RelationalConnection.OpenAsync(CancellationToken cancellationToken, Boolean errorsExpected)&#xD;
   at Npgsql.EntityFrameworkCore.PostgreSQL.Storage.Internal.NpgsqlDatabaseCreator.Exists(Boolean async, CancellationToken cancellationToken)&#xD;
   at Npgsql.EntityFrameworkCore.PostgreSQL.Storage.Internal.NpgsqlDatabaseCreator.Exists(Boolean async, CancellationToken cancellationToken)&#xD;
   at Microsoft.EntityFrameworkCore.Storage.RelationalDatabaseCreator.EnsureCreatedAsync(CancellationToken cancellationToken)&#xD;
   at Microsoft.EntityFrameworkCore.Storage.RelationalDatabaseCreator.EnsureCreatedAsync(CancellationToken cancellationToken)&#xD;
   at Inventory.IntegrationTests.RequestCreation.RequestCreationFlowTests.CreateRequestAndAddItems_ShouldHandleComplexObjectGraphs() in C:\rec\prg\repo\InventoryCtrl_2\test\Inventory.IntegrationTests\RequestCreation\RequestCreationFlowTests.cs:line 164&#xD;
--- End of stack trace from previous location ---&#xD;
----- Inner Stack Trace -----&#xD;
   at System.Net.Sockets.Socket.AwaitableSocketAsyncEventArgs.ThrowException(SocketError error, CancellationToken cancellationToken)&#xD;
   at System.Net.Sockets.Socket.AwaitableSocketAsyncEventArgs.System.Threading.Tasks.Sources.IValueTaskSource.GetResult(Int16 token)&#xD;
   at System.Net.Sockets.Socket.&lt;ConnectAsync&gt;g__WaitForConnectWithCancellation|285_0(AwaitableSocketAsyncEventArgs saea, ValueTask connectTask, CancellationToken cancellationToken)&#xD;
   at Npgsql.TaskTimeoutAndCancellation.ExecuteAsync(Func`2 getTaskFunc, NpgsqlTimeout timeout, CancellationToken cancellationToken)&#xD;
   at Npgsql.Internal.NpgsqlConnector.ConnectAsync(NpgsqlTimeout timeout, CancellationToken cancellationToken)</StackTrace>
        </ErrorInfo>
      </Output>
    </UnitTestResult>
    <UnitTestResult executionId="82b13b3d-ab80-40ff-9006-105dc213be3d" testId="815675c3-140b-27f2-7897-2ebd691310e1" testName="Inventory.IntegrationTests.Controllers.ManufacturerControllerIntegrationTests.CreateManufacturer_WithDuplicateName_ShouldReturnBadRequest" computerName="DESKTOP-N3ISHK5" duration="00:00:00.0010000" startTime="2025-10-07T14:36:21.2160054+03:00" endTime="2025-10-07T14:36:21.2160056+03:00" testType="13cdc9d9-ddb5-4fa4-a97d-d965ccfc6d4b" outcome="Failed" testListId="8c84fa94-04c1-424b-9868-57a2d4851a1d" relativeResultsDirectory="82b13b3d-ab80-40ff-9006-105dc213be3d">
      <Output>
        <ErrorInfo>
          <Message>Npgsql.NpgsqlException : Failed to connect to 127.0.0.1:5433&#xD;
---- System.Net.Sockets.SocketException : Подключение не установлено, т.к. конечный компьютер отверг запрос на подключение.</Message>
          <StackTrace>   at Npgsql.Internal.NpgsqlConnector.Connect(NpgsqlTimeout timeout)&#xD;
   at Npgsql.Internal.NpgsqlConnector.RawOpen(SslMode sslMode, NpgsqlTimeout timeout, Boolean async, CancellationToken cancellationToken, Boolean isFirstAttempt)&#xD;
   at Npgsql.Internal.NpgsqlConnector.&lt;Open&gt;g__OpenCore|213_1(NpgsqlConnector conn, SslMode sslMode, NpgsqlTimeout timeout, Boolean async, CancellationToken cancellationToken, Boolean isFirstAttempt)&#xD;
   at Npgsql.Internal.NpgsqlConnector.Open(NpgsqlTimeout timeout, Boolean async, CancellationToken cancellationToken)&#xD;
   at Npgsql.UnpooledDataSource.Get(NpgsqlConnection conn, NpgsqlTimeout timeout, Boolean async, CancellationToken cancellationToken)&#xD;
   at Npgsql.NpgsqlConnection.&lt;Open&gt;g__OpenAsync|42_0(Boolean async, CancellationToken cancellationToken)&#xD;
   at Npgsql.NpgsqlConnection.Open()&#xD;
   at Microsoft.EntityFrameworkCore.Storage.RelationalConnection.OpenDbConnection(Boolean errorsExpected)&#xD;
   at Microsoft.EntityFrameworkCore.Storage.RelationalConnection.OpenInternal(Boolean errorsExpected)&#xD;
   at Microsoft.EntityFrameworkCore.Storage.RelationalConnection.Open(Boolean errorsExpected)&#xD;
   at Npgsql.EntityFrameworkCore.PostgreSQL.Storage.Internal.NpgsqlDatabaseCreator.Exists(Boolean async, CancellationToken cancellationToken)&#xD;
   at Npgsql.EntityFrameworkCore.PostgreSQL.Storage.Internal.NpgsqlDatabaseCreator.Exists(Boolean async, CancellationToken cancellationToken)&#xD;
   at Npgsql.EntityFrameworkCore.PostgreSQL.Storage.Internal.NpgsqlDatabaseCreator.Exists()&#xD;
   at Microsoft.EntityFrameworkCore.Storage.RelationalDatabaseCreator.EnsureCreated()&#xD;
   at Microsoft.EntityFrameworkCore.Infrastructure.DatabaseFacade.EnsureCreated()&#xD;
   at Inventory.IntegrationTests.IntegrationTestBase..ctor(WebApplicationFactory`1 factory) in C:\rec\prg\repo\InventoryCtrl_2\test\Inventory.IntegrationTests\TestBase.cs:line 121&#xD;
   at Inventory.IntegrationTests.Controllers.ManufacturerControllerIntegrationTests..ctor(WebApplicationFactory`1 factory) in C:\rec\prg\repo\InventoryCtrl_2\test\Inventory.IntegrationTests\Controllers\ManufacturerControllerIntegrationTests.cs:line 13&#xD;
   at System.RuntimeMethodHandle.InvokeMethod(Object target, Void** arguments, Signature sig, Boolean isConstructor)&#xD;
   at System.Reflection.MethodBaseInvoker.InvokeDirectByRefWithFewArgs(Object obj, Span`1 copyOfArgs, BindingFlags invokeAttr)&#xD;
----- Inner Stack Trace -----&#xD;
   at Npgsql.Internal.NpgsqlConnector.Connect(NpgsqlTimeout timeout)</StackTrace>
        </ErrorInfo>
      </Output>
    </UnitTestResult>
    <UnitTestResult executionId="554aa58b-99c1-40c7-ad54-7e223f5058c3" testId="7de01d6d-1dc7-e8db-7903-806bc445ca1c" testName="Inventory.IntegrationTests.Controllers.AuditControllerTests.GetUserAuditLogs_ShouldReturnUserLogs" computerName="DESKTOP-N3ISHK5" duration="00:00:00.1338423" startTime="2025-10-07T14:36:17.4614659+03:00" endTime="2025-10-07T14:36:17.4614663+03:00" testType="13cdc9d9-ddb5-4fa4-a97d-d965ccfc6d4b" outcome="Failed" testListId="8c84fa94-04c1-424b-9868-57a2d4851a1d" relativeResultsDirectory="554aa58b-99c1-40c7-ad54-7e223f5058c3">
      <Output>
        <ErrorInfo>
          <Message>Assert.Equal() Failure: Values differ&#xD;
Expected: OK&#xD;
Actual:   Unauthorized</Message>
          <StackTrace>   at Inventory.IntegrationTests.Controllers.AuditControllerTests.GetUserAuditLogs_ShouldReturnUserLogs() in C:\rec\prg\repo\InventoryCtrl_2\test\Inventory.IntegrationTests\Controllers\AuditControllerTests.cs:line 144&#xD;
--- End of stack trace from previous location ---</StackTrace>
        </ErrorInfo>
      </Output>
    </UnitTestResult>
    <UnitTestResult executionId="b0d0d409-0d5d-450a-9735-e264388e0ac6" testId="9fba80c4-404f-d2a6-4023-a615ededf0f9" testName="Inventory.IntegrationTests.Controllers.AuthControllerIntegrationTestsNew.Login_WithInvalidCredentials_ShouldReturnUnauthorized" computerName="DESKTOP-N3ISHK5" duration="00:00:00.0010000" startTime="2025-10-07T14:36:21.2142149+03:00" endTime="2025-10-07T14:36:21.2142151+03:00" testType="13cdc9d9-ddb5-4fa4-a97d-d965ccfc6d4b" outcome="Failed" testListId="8c84fa94-04c1-424b-9868-57a2d4851a1d" relativeResultsDirectory="b0d0d409-0d5d-450a-9735-e264388e0ac6">
      <Output>
        <ErrorInfo>
          <Message>Npgsql.NpgsqlException : Failed to connect to 127.0.0.1:5433&#xD;
---- System.Net.Sockets.SocketException : Подключение не установлено, т.к. конечный компьютер отверг запрос на подключение.</Message>
          <StackTrace>   at Npgsql.Internal.NpgsqlConnector.Connect(NpgsqlTimeout timeout)&#xD;
   at Npgsql.Internal.NpgsqlConnector.RawOpen(SslMode sslMode, NpgsqlTimeout timeout, Boolean async, CancellationToken cancellationToken, Boolean isFirstAttempt)&#xD;
   at Npgsql.Internal.NpgsqlConnector.&lt;Open&gt;g__OpenCore|213_1(NpgsqlConnector conn, SslMode sslMode, NpgsqlTimeout timeout, Boolean async, CancellationToken cancellationToken, Boolean isFirstAttempt)&#xD;
   at Npgsql.Internal.NpgsqlConnector.Open(NpgsqlTimeout timeout, Boolean async, CancellationToken cancellationToken)&#xD;
   at Npgsql.UnpooledDataSource.Get(NpgsqlConnection conn, NpgsqlTimeout timeout, Boolean async, CancellationToken cancellationToken)&#xD;
   at Npgsql.NpgsqlConnection.&lt;Open&gt;g__OpenAsync|42_0(Boolean async, CancellationToken cancellationToken)&#xD;
   at Npgsql.NpgsqlConnection.Open()&#xD;
   at Microsoft.EntityFrameworkCore.Storage.RelationalConnection.OpenDbConnection(Boolean errorsExpected)&#xD;
   at Microsoft.EntityFrameworkCore.Storage.RelationalConnection.OpenInternal(Boolean errorsExpected)&#xD;
   at Microsoft.EntityFrameworkCore.Storage.RelationalConnection.Open(Boolean errorsExpected)&#xD;
   at Npgsql.EntityFrameworkCore.PostgreSQL.Storage.Internal.NpgsqlDatabaseCreator.Exists(Boolean async, CancellationToken cancellationToken)&#xD;
   at Npgsql.EntityFrameworkCore.PostgreSQL.Storage.Internal.NpgsqlDatabaseCreator.Exists(Boolean async, CancellationToken cancellationToken)&#xD;
   at Npgsql.EntityFrameworkCore.PostgreSQL.Storage.Internal.NpgsqlDatabaseCreator.Exists()&#xD;
   at Microsoft.EntityFrameworkCore.Storage.RelationalDatabaseCreator.EnsureCreated()&#xD;
   at Microsoft.EntityFrameworkCore.Infrastructure.DatabaseFacade.EnsureCreated()&#xD;
   at Inventory.IntegrationTests.IntegrationTestBase..ctor(WebApplicationFactory`1 factory) in C:\rec\prg\repo\InventoryCtrl_2\test\Inventory.IntegrationTests\TestBase.cs:line 121&#xD;
   at Inventory.IntegrationTests.Controllers.AuthControllerIntegrationTestsNew..ctor(WebApplicationFactory`1 factory) in C:\rec\prg\repo\InventoryCtrl_2\test\Inventory.IntegrationTests\Controllers\AuthControllerIntegrationTests.cs:line 12&#xD;
   at System.RuntimeMethodHandle.InvokeMethod(Object target, Void** arguments, Signature sig, Boolean isConstructor)&#xD;
   at System.Reflection.MethodBaseInvoker.InvokeDirectByRefWithFewArgs(Object obj, Span`1 copyOfArgs, BindingFlags invokeAttr)&#xD;
----- Inner Stack Trace -----&#xD;
   at Npgsql.Internal.NpgsqlConnector.Connect(NpgsqlTimeout timeout)</StackTrace>
        </ErrorInfo>
      </Output>
    </UnitTestResult>
    <UnitTestResult executionId="1799c809-e70b-408a-b516-677ad4333501" testId="268b04ad-7148-3c1b-649e-c4f47b439f42" testName="Inventory.IntegrationTests.Controllers.WarehouseControllerIntegrationTests.GetWarehouse_WithValidId_ShouldReturnWarehouse" computerName="DESKTOP-N3ISHK5" duration="00:00:00.0010000" startTime="2025-10-07T14:36:33.8083888+03:00" endTime="2025-10-07T14:36:33.8083890+03:00" testType="13cdc9d9-ddb5-4fa4-a97d-d965ccfc6d4b" outcome="Failed" testListId="8c84fa94-04c1-424b-9868-57a2d4851a1d" relativeResultsDirectory="1799c809-e70b-408a-b516-677ad4333501">
      <Output>
        <ErrorInfo>
          <Message>Npgsql.NpgsqlException : Failed to connect to 127.0.0.1:5433&#xD;
---- System.Net.Sockets.SocketException : Подключение не установлено, т.к. конечный компьютер отверг запрос на подключение.</Message>
          <StackTrace>   at Npgsql.Internal.NpgsqlConnector.Connect(NpgsqlTimeout timeout)&#xD;
   at Npgsql.Internal.NpgsqlConnector.RawOpen(SslMode sslMode, NpgsqlTimeout timeout, Boolean async, CancellationToken cancellationToken, Boolean isFirstAttempt)&#xD;
   at Npgsql.Internal.NpgsqlConnector.&lt;Open&gt;g__OpenCore|213_1(NpgsqlConnector conn, SslMode sslMode, NpgsqlTimeout timeout, Boolean async, CancellationToken cancellationToken, Boolean isFirstAttempt)&#xD;
   at Npgsql.Internal.NpgsqlConnector.Open(NpgsqlTimeout timeout, Boolean async, CancellationToken cancellationToken)&#xD;
   at Npgsql.UnpooledDataSource.Get(NpgsqlConnection conn, NpgsqlTimeout timeout, Boolean async, CancellationToken cancellationToken)&#xD;
   at Npgsql.NpgsqlConnection.&lt;Open&gt;g__OpenAsync|42_0(Boolean async, CancellationToken cancellationToken)&#xD;
   at Npgsql.NpgsqlConnection.Open()&#xD;
   at Microsoft.EntityFrameworkCore.Storage.RelationalConnection.OpenDbConnection(Boolean errorsExpected)&#xD;
   at Microsoft.EntityFrameworkCore.Storage.RelationalConnection.OpenInternal(Boolean errorsExpected)&#xD;
   at Microsoft.EntityFrameworkCore.Storage.RelationalConnection.Open(Boolean errorsExpected)&#xD;
   at Npgsql.EntityFrameworkCore.PostgreSQL.Storage.Internal.NpgsqlDatabaseCreator.Exists(Boolean async, CancellationToken cancellationToken)&#xD;
   at Npgsql.EntityFrameworkCore.PostgreSQL.Storage.Internal.NpgsqlDatabaseCreator.Exists(Boolean async, CancellationToken cancellationToken)&#xD;
   at Npgsql.EntityFrameworkCore.PostgreSQL.Storage.Internal.NpgsqlDatabaseCreator.Exists()&#xD;
   at Microsoft.EntityFrameworkCore.Storage.RelationalDatabaseCreator.EnsureCreated()&#xD;
   at Microsoft.EntityFrameworkCore.Infrastructure.DatabaseFacade.EnsureCreated()&#xD;
   at Inventory.IntegrationTests.IntegrationTestBase..ctor(WebApplicationFactory`1 factory) in C:\rec\prg\repo\InventoryCtrl_2\test\Inventory.IntegrationTests\TestBase.cs:line 121&#xD;
   at Inventory.IntegrationTests.Controllers.WarehouseControllerIntegrationTests..ctor(WebApplicationFactory`1 factory) in C:\rec\prg\repo\InventoryCtrl_2\test\Inventory.IntegrationTests\Controllers\WarehouseControllerIntegrationTests.cs:line 14&#xD;
   at InvokeStub_WarehouseControllerIntegrationTests..ctor(Object, Span`1)&#xD;
   at System.Reflection.MethodBaseInvoker.InvokeWithOneArg(Object obj, BindingFlags invokeAttr, Binder binder, Object[] parameters, CultureInfo culture)&#xD;
----- Inner Stack Trace -----&#xD;
   at Npgsql.Internal.NpgsqlConnector.Connect(NpgsqlTimeout timeout)</StackTrace>
        </ErrorInfo>
      </Output>
    </UnitTestResult>
    <UnitTestResult executionId="be4732ee-4683-4b6d-8e95-61cfb8680b3e" testId="9a6426ad-e5d8-f2d2-c574-1e4f43f5b508" testName="Inventory.IntegrationTests.Controllers.SSLCertificateControllerTests.RenewCertificate_ShouldReturnNotFound_WhenCertificateDoesNotExist" computerName="DESKTOP-N3ISHK5" duration="00:00:00.1103557" startTime="2025-10-07T14:36:16.6159217+03:00" endTime="2025-10-07T14:36:16.6159220+03:00" testType="13cdc9d9-ddb5-4fa4-a97d-d965ccfc6d4b" outcome="Failed" testListId="8c84fa94-04c1-424b-9868-57a2d4851a1d" relativeResultsDirectory="be4732ee-4683-4b6d-8e95-61cfb8680b3e">
      <Output>
        <ErrorInfo>
          <Message>Assert.Equal() Failure: Values differ&#xD;
Expected: NotFound&#xD;
Actual:   Unauthorized</Message>
          <StackTrace>   at Inventory.IntegrationTests.Controllers.SSLCertificateControllerTests.RenewCertificate_ShouldReturnNotFound_WhenCertificateDoesNotExist() in C:\rec\prg\repo\InventoryCtrl_2\test\Inventory.IntegrationTests\Controllers\SSLCertificateControllerTests.cs:line 239&#xD;
--- End of stack trace from previous location ---</StackTrace>
        </ErrorInfo>
      </Output>
    </UnitTestResult>
    <UnitTestResult executionId="37a141e5-5318-4eba-8db8-9f9e8b7c8129" testId="42d4f4e1-06ee-fa60-9204-644fbca42896" testName="Inventory.IntegrationTests.Controllers.CategoryControllerIntegrationTestsNew.CreateCategory_WithValidData_ShouldCreateCategory" computerName="DESKTOP-N3ISHK5" duration="00:00:00.0010000" startTime="2025-10-07T14:37:14.8931246+03:00" endTime="2025-10-07T14:37:14.8931247+03:00" testType="13cdc9d9-ddb5-4fa4-a97d-d965ccfc6d4b" outcome="Failed" testListId="8c84fa94-04c1-424b-9868-57a2d4851a1d" relativeResultsDirectory="37a141e5-5318-4eba-8db8-9f9e8b7c8129">
      <Output>
        <ErrorInfo>
          <Message>Npgsql.NpgsqlException : Failed to connect to 127.0.0.1:5433&#xD;
---- System.Net.Sockets.SocketException : Подключение не установлено, т.к. конечный компьютер отверг запрос на подключение.</Message>
          <StackTrace>   at Npgsql.Internal.NpgsqlConnector.Connect(NpgsqlTimeout timeout)&#xD;
   at Npgsql.Internal.NpgsqlConnector.RawOpen(SslMode sslMode, NpgsqlTimeout timeout, Boolean async, CancellationToken cancellationToken, Boolean isFirstAttempt)&#xD;
   at Npgsql.Internal.NpgsqlConnector.&lt;Open&gt;g__OpenCore|213_1(NpgsqlConnector conn, SslMode sslMode, NpgsqlTimeout timeout, Boolean async, CancellationToken cancellationToken, Boolean isFirstAttempt)&#xD;
   at Npgsql.Internal.NpgsqlConnector.Open(NpgsqlTimeout timeout, Boolean async, CancellationToken cancellationToken)&#xD;
   at Npgsql.UnpooledDataSource.Get(NpgsqlConnection conn, NpgsqlTimeout timeout, Boolean async, CancellationToken cancellationToken)&#xD;
   at Npgsql.NpgsqlConnection.&lt;Open&gt;g__OpenAsync|42_0(Boolean async, CancellationToken cancellationToken)&#xD;
   at Npgsql.NpgsqlConnection.Open()&#xD;
   at Microsoft.EntityFrameworkCore.Storage.RelationalConnection.OpenDbConnection(Boolean errorsExpected)&#xD;
   at Microsoft.EntityFrameworkCore.Storage.RelationalConnection.OpenInternal(Boolean errorsExpected)&#xD;
   at Microsoft.EntityFrameworkCore.Storage.RelationalConnection.Open(Boolean errorsExpected)&#xD;
   at Npgsql.EntityFrameworkCore.PostgreSQL.Storage.Internal.NpgsqlDatabaseCreator.Exists(Boolean async, CancellationToken cancellationToken)&#xD;
   at Npgsql.EntityFrameworkCore.PostgreSQL.Storage.Internal.NpgsqlDatabaseCreator.Exists(Boolean async, CancellationToken cancellationToken)&#xD;
   at Npgsql.EntityFrameworkCore.PostgreSQL.Storage.Internal.NpgsqlDatabaseCreator.Exists()&#xD;
   at Microsoft.EntityFrameworkCore.Storage.RelationalDatabaseCreator.EnsureCreated()&#xD;
   at Microsoft.EntityFrameworkCore.Infrastructure.DatabaseFacade.EnsureCreated()&#xD;
   at Inventory.IntegrationTests.IntegrationTestBase..ctor(WebApplicationFactory`1 factory) in C:\rec\prg\repo\InventoryCtrl_2\test\Inventory.IntegrationTests\TestBase.cs:line 121&#xD;
   at Inventory.IntegrationTests.Controllers.CategoryControllerIntegrationTestsNew..ctor(WebApplicationFactory`1 factory) in C:\rec\prg\repo\InventoryCtrl_2\test\Inventory.IntegrationTests\Controllers\CategoryControllerIntegrationTests.cs:line 13&#xD;
   at InvokeStub_CategoryControllerIntegrationTestsNew..ctor(Object, Span`1)&#xD;
   at System.Reflection.MethodBaseInvoker.InvokeWithOneArg(Object obj, BindingFlags invokeAttr, Binder binder, Object[] parameters, CultureInfo culture)&#xD;
----- Inner Stack Trace -----&#xD;
   at Npgsql.Internal.NpgsqlConnector.Connect(NpgsqlTimeout timeout)</StackTrace>
        </ErrorInfo>
      </Output>
    </UnitTestResult>
    <UnitTestResult executionId="8e9d4a70-b50c-4aa7-9562-431129100dc7" testId="73842314-b354-1e3b-f0e7-a4498e0cb844" testName="Inventory.IntegrationTests.Controllers.SSLCertificateControllerTests.GetCertificate_ShouldReturnNotFound_WhenCertificateDoesNotExist" computerName="DESKTOP-N3ISHK5" duration="00:00:00.1472009" startTime="2025-10-07T14:36:16.0737451+03:00" endTime="2025-10-07T14:36:16.0737454+03:00" testType="13cdc9d9-ddb5-4fa4-a97d-d965ccfc6d4b" outcome="Failed" testListId="8c84fa94-04c1-424b-9868-57a2d4851a1d" relativeResultsDirectory="8e9d4a70-b50c-4aa7-9562-431129100dc7">
      <Output>
        <ErrorInfo>
          <Message>Assert.Equal() Failure: Values differ&#xD;
Expected: NotFound&#xD;
Actual:   Unauthorized</Message>
          <StackTrace>   at Inventory.IntegrationTests.Controllers.SSLCertificateControllerTests.GetCertificate_ShouldReturnNotFound_WhenCertificateDoesNotExist() in C:\rec\prg\repo\InventoryCtrl_2\test\Inventory.IntegrationTests\Controllers\SSLCertificateControllerTests.cs:line 125&#xD;
--- End of stack trace from previous location ---</StackTrace>
        </ErrorInfo>
      </Output>
    </UnitTestResult>
    <UnitTestResult executionId="b8ef26b1-c638-4477-a3c0-e1b6ce65874b" testId="22cd1d4e-b3e2-2a8f-86ab-a429d68e232e" testName="Inventory.IntegrationTests.Controllers.CategoryControllerIntegrationTestsNew.DeleteCategory_WithValidId_ShouldDeleteCategory" computerName="DESKTOP-N3ISHK5" duration="00:00:00.0010000" startTime="2025-10-07T14:36:33.8113969+03:00" endTime="2025-10-07T14:36:33.8113970+03:00" testType="13cdc9d9-ddb5-4fa4-a97d-d965ccfc6d4b" outcome="Failed" testListId="8c84fa94-04c1-424b-9868-57a2d4851a1d" relativeResultsDirectory="b8ef26b1-c638-4477-a3c0-e1b6ce65874b">
      <Output>
        <ErrorInfo>
          <Message>Npgsql.NpgsqlException : Failed to connect to 127.0.0.1:5433&#xD;
---- System.Net.Sockets.SocketException : Подключение не установлено, т.к. конечный компьютер отверг запрос на подключение.</Message>
          <StackTrace>   at Npgsql.Internal.NpgsqlConnector.Connect(NpgsqlTimeout timeout)&#xD;
   at Npgsql.Internal.NpgsqlConnector.RawOpen(SslMode sslMode, NpgsqlTimeout timeout, Boolean async, CancellationToken cancellationToken, Boolean isFirstAttempt)&#xD;
   at Npgsql.Internal.NpgsqlConnector.&lt;Open&gt;g__OpenCore|213_1(NpgsqlConnector conn, SslMode sslMode, NpgsqlTimeout timeout, Boolean async, CancellationToken cancellationToken, Boolean isFirstAttempt)&#xD;
   at Npgsql.Internal.NpgsqlConnector.Open(NpgsqlTimeout timeout, Boolean async, CancellationToken cancellationToken)&#xD;
   at Npgsql.UnpooledDataSource.Get(NpgsqlConnection conn, NpgsqlTimeout timeout, Boolean async, CancellationToken cancellationToken)&#xD;
   at Npgsql.NpgsqlConnection.&lt;Open&gt;g__OpenAsync|42_0(Boolean async, CancellationToken cancellationToken)&#xD;
   at Npgsql.NpgsqlConnection.Open()&#xD;
   at Microsoft.EntityFrameworkCore.Storage.RelationalConnection.OpenDbConnection(Boolean errorsExpected)&#xD;
   at Microsoft.EntityFrameworkCore.Storage.RelationalConnection.OpenInternal(Boolean errorsExpected)&#xD;
   at Microsoft.EntityFrameworkCore.Storage.RelationalConnection.Open(Boolean errorsExpected)&#xD;
   at Npgsql.EntityFrameworkCore.PostgreSQL.Storage.Internal.NpgsqlDatabaseCreator.Exists(Boolean async, CancellationToken cancellationToken)&#xD;
   at Npgsql.EntityFrameworkCore.PostgreSQL.Storage.Internal.NpgsqlDatabaseCreator.Exists(Boolean async, CancellationToken cancellationToken)&#xD;
   at Npgsql.EntityFrameworkCore.PostgreSQL.Storage.Internal.NpgsqlDatabaseCreator.Exists()&#xD;
   at Microsoft.EntityFrameworkCore.Storage.RelationalDatabaseCreator.EnsureCreated()&#xD;
   at Microsoft.EntityFrameworkCore.Infrastructure.DatabaseFacade.EnsureCreated()&#xD;
   at Inventory.IntegrationTests.IntegrationTestBase..ctor(WebApplicationFactory`1 factory) in C:\rec\prg\repo\InventoryCtrl_2\test\Inventory.IntegrationTests\TestBase.cs:line 121&#xD;
   at Inventory.IntegrationTests.Controllers.CategoryControllerIntegrationTestsNew..ctor(WebApplicationFactory`1 factory) in C:\rec\prg\repo\InventoryCtrl_2\test\Inventory.IntegrationTests\Controllers\CategoryControllerIntegrationTests.cs:line 13&#xD;
   at InvokeStub_CategoryControllerIntegrationTestsNew..ctor(Object, Span`1)&#xD;
   at System.Reflection.MethodBaseInvoker.InvokeWithOneArg(Object obj, BindingFlags invokeAttr, Binder binder, Object[] parameters, CultureInfo culture)&#xD;
----- Inner Stack Trace -----&#xD;
   at Npgsql.Internal.NpgsqlConnector.Connect(NpgsqlTimeout timeout)</StackTrace>
        </ErrorInfo>
      </Output>
    </UnitTestResult>
    <UnitTestResult executionId="aa44fc66-b091-44a7-b0be-3ab425a44ebd" testId="bcb224eb-5565-246a-2c56-27ed51139071" testName="Inventory.IntegrationTests.Controllers.AuthControllerIntegrationTestsNew.Login_WithEmptyCredentials_ShouldReturnBadRequest" computerName="DESKTOP-N3ISHK5" duration="00:00:00.0010000" startTime="2025-10-07T14:36:29.6669573+03:00" endTime="2025-10-07T14:36:29.6669573+03:00" testType="13cdc9d9-ddb5-4fa4-a97d-d965ccfc6d4b" outcome="Failed" testListId="8c84fa94-04c1-424b-9868-57a2d4851a1d" relativeResultsDirectory="aa44fc66-b091-44a7-b0be-3ab425a44ebd">
      <Output>
        <ErrorInfo>
          <Message>Npgsql.NpgsqlException : Failed to connect to 127.0.0.1:5433&#xD;
---- System.Net.Sockets.SocketException : Подключение не установлено, т.к. конечный компьютер отверг запрос на подключение.</Message>
          <StackTrace>   at Npgsql.Internal.NpgsqlConnector.Connect(NpgsqlTimeout timeout)&#xD;
   at Npgsql.Internal.NpgsqlConnector.RawOpen(SslMode sslMode, NpgsqlTimeout timeout, Boolean async, CancellationToken cancellationToken, Boolean isFirstAttempt)&#xD;
   at Npgsql.Internal.NpgsqlConnector.&lt;Open&gt;g__OpenCore|213_1(NpgsqlConnector conn, SslMode sslMode, NpgsqlTimeout timeout, Boolean async, CancellationToken cancellationToken, Boolean isFirstAttempt)&#xD;
   at Npgsql.Internal.NpgsqlConnector.Open(NpgsqlTimeout timeout, Boolean async, CancellationToken cancellationToken)&#xD;
   at Npgsql.UnpooledDataSource.Get(NpgsqlConnection conn, NpgsqlTimeout timeout, Boolean async, CancellationToken cancellationToken)&#xD;
   at Npgsql.NpgsqlConnection.&lt;Open&gt;g__OpenAsync|42_0(Boolean async, CancellationToken cancellationToken)&#xD;
   at Npgsql.NpgsqlConnection.Open()&#xD;
   at Microsoft.EntityFrameworkCore.Storage.RelationalConnection.OpenDbConnection(Boolean errorsExpected)&#xD;
   at Microsoft.EntityFrameworkCore.Storage.RelationalConnection.OpenInternal(Boolean errorsExpected)&#xD;
   at Microsoft.EntityFrameworkCore.Storage.RelationalConnection.Open(Boolean errorsExpected)&#xD;
   at Npgsql.EntityFrameworkCore.PostgreSQL.Storage.Internal.NpgsqlDatabaseCreator.Exists(Boolean async, CancellationToken cancellationToken)&#xD;
   at Npgsql.EntityFrameworkCore.PostgreSQL.Storage.Internal.NpgsqlDatabaseCreator.Exists(Boolean async, CancellationToken cancellationToken)&#xD;
   at Npgsql.EntityFrameworkCore.PostgreSQL.Storage.Internal.NpgsqlDatabaseCreator.Exists()&#xD;
   at Microsoft.EntityFrameworkCore.Storage.RelationalDatabaseCreator.EnsureCreated()&#xD;
   at Microsoft.EntityFrameworkCore.Infrastructure.DatabaseFacade.EnsureCreated()&#xD;
   at Inventory.IntegrationTests.IntegrationTestBase..ctor(WebApplicationFactory`1 factory) in C:\rec\prg\repo\InventoryCtrl_2\test\Inventory.IntegrationTests\TestBase.cs:line 121&#xD;
   at Inventory.IntegrationTests.Controllers.AuthControllerIntegrationTestsNew..ctor(WebApplicationFactory`1 factory) in C:\rec\prg\repo\InventoryCtrl_2\test\Inventory.IntegrationTests\Controllers\AuthControllerIntegrationTests.cs:line 12&#xD;
   at InvokeStub_AuthControllerIntegrationTestsNew..ctor(Object, Span`1)&#xD;
   at System.Reflection.MethodBaseInvoker.InvokeWithOneArg(Object obj, BindingFlags invokeAttr, Binder binder, Object[] parameters, CultureInfo culture)&#xD;
----- Inner Stack Trace -----&#xD;
   at Npgsql.Internal.NpgsqlConnector.Connect(NpgsqlTimeout timeout)</StackTrace>
        </ErrorInfo>
      </Output>
    </UnitTestResult>
    <UnitTestResult executionId="a08893e2-59c3-44d1-af9c-d40839f3cf0f" testId="6f923d63-51b8-3022-ec27-325f170a0e07" testName="Inventory.IntegrationTests.Controllers.DashboardControllerIntegrationTestsNew.GetRecentActivity_WithValidData_ShouldReturnActivity" computerName="DESKTOP-N3ISHK5" duration="00:00:00.0010000" startTime="2025-10-07T14:36:37.9478170+03:00" endTime="2025-10-07T14:36:37.9478171+03:00" testType="13cdc9d9-ddb5-4fa4-a97d-d965ccfc6d4b" outcome="Failed" testListId="8c84fa94-04c1-424b-9868-57a2d4851a1d" relativeResultsDirectory="a08893e2-59c3-44d1-af9c-d40839f3cf0f">
      <Output>
        <ErrorInfo>
          <Message>Npgsql.NpgsqlException : Failed to connect to 127.0.0.1:5433&#xD;
---- System.Net.Sockets.SocketException : Подключение не установлено, т.к. конечный компьютер отверг запрос на подключение.</Message>
          <StackTrace>   at Npgsql.Internal.NpgsqlConnector.Connect(NpgsqlTimeout timeout)&#xD;
   at Npgsql.Internal.NpgsqlConnector.RawOpen(SslMode sslMode, NpgsqlTimeout timeout, Boolean async, CancellationToken cancellationToken, Boolean isFirstAttempt)&#xD;
   at Npgsql.Internal.NpgsqlConnector.&lt;Open&gt;g__OpenCore|213_1(NpgsqlConnector conn, SslMode sslMode, NpgsqlTimeout timeout, Boolean async, CancellationToken cancellationToken, Boolean isFirstAttempt)&#xD;
   at Npgsql.Internal.NpgsqlConnector.Open(NpgsqlTimeout timeout, Boolean async, CancellationToken cancellationToken)&#xD;
   at Npgsql.UnpooledDataSource.Get(NpgsqlConnection conn, NpgsqlTimeout timeout, Boolean async, CancellationToken cancellationToken)&#xD;
   at Npgsql.NpgsqlConnection.&lt;Open&gt;g__OpenAsync|42_0(Boolean async, CancellationToken cancellationToken)&#xD;
   at Npgsql.NpgsqlConnection.Open()&#xD;
   at Microsoft.EntityFrameworkCore.Storage.RelationalConnection.OpenDbConnection(Boolean errorsExpected)&#xD;
   at Microsoft.EntityFrameworkCore.Storage.RelationalConnection.OpenInternal(Boolean errorsExpected)&#xD;
   at Microsoft.EntityFrameworkCore.Storage.RelationalConnection.Open(Boolean errorsExpected)&#xD;
   at Npgsql.EntityFrameworkCore.PostgreSQL.Storage.Internal.NpgsqlDatabaseCreator.Exists(Boolean async, CancellationToken cancellationToken)&#xD;
   at Npgsql.EntityFrameworkCore.PostgreSQL.Storage.Internal.NpgsqlDatabaseCreator.Exists(Boolean async, CancellationToken cancellationToken)&#xD;
   at Npgsql.EntityFrameworkCore.PostgreSQL.Storage.Internal.NpgsqlDatabaseCreator.Exists()&#xD;
   at Microsoft.EntityFrameworkCore.Storage.RelationalDatabaseCreator.EnsureCreated()&#xD;
   at Microsoft.EntityFrameworkCore.Infrastructure.DatabaseFacade.EnsureCreated()&#xD;
   at Inventory.IntegrationTests.IntegrationTestBase..ctor(WebApplicationFactory`1 factory) in C:\rec\prg\repo\InventoryCtrl_2\test\Inventory.IntegrationTests\TestBase.cs:line 121&#xD;
   at Inventory.IntegrationTests.Controllers.DashboardControllerIntegrationTestsNew..ctor(WebApplicationFactory`1 factory) in C:\rec\prg\repo\InventoryCtrl_2\test\Inventory.IntegrationTests\Controllers\DashboardControllerIntegrationTests.cs:line 13&#xD;
   at InvokeStub_DashboardControllerIntegrationTestsNew..ctor(Object, Span`1)&#xD;
   at System.Reflection.MethodBaseInvoker.InvokeWithOneArg(Object obj, BindingFlags invokeAttr, Binder binder, Object[] parameters, CultureInfo culture)&#xD;
----- Inner Stack Trace -----&#xD;
   at Npgsql.Internal.NpgsqlConnector.Connect(NpgsqlTimeout timeout)</StackTrace>
        </ErrorInfo>
      </Output>
    </UnitTestResult>
    <UnitTestResult executionId="439ee571-1d00-43ee-9abc-89d0631e8add" testId="314aab2a-74ef-e29e-8f59-f304f09b67ff" testName="Inventory.IntegrationTests.Controllers.WarehouseControllerIntegrationTests.UpdateWarehouse_WithValidData_ShouldUpdateWarehouse" computerName="DESKTOP-N3ISHK5" duration="00:00:00.0010000" startTime="2025-10-07T14:37:14.8720402+03:00" endTime="2025-10-07T14:37:14.8720405+03:00" testType="13cdc9d9-ddb5-4fa4-a97d-d965ccfc6d4b" outcome="Failed" testListId="8c84fa94-04c1-424b-9868-57a2d4851a1d" relativeResultsDirectory="439ee571-1d00-43ee-9abc-89d0631e8add">
      <Output>
        <ErrorInfo>
          <Message>Npgsql.NpgsqlException : Failed to connect to 127.0.0.1:5433&#xD;
---- System.Net.Sockets.SocketException : Подключение не установлено, т.к. конечный компьютер отверг запрос на подключение.</Message>
          <StackTrace>   at Npgsql.Internal.NpgsqlConnector.Connect(NpgsqlTimeout timeout)&#xD;
   at Npgsql.Internal.NpgsqlConnector.RawOpen(SslMode sslMode, NpgsqlTimeout timeout, Boolean async, CancellationToken cancellationToken, Boolean isFirstAttempt)&#xD;
   at Npgsql.Internal.NpgsqlConnector.&lt;Open&gt;g__OpenCore|213_1(NpgsqlConnector conn, SslMode sslMode, NpgsqlTimeout timeout, Boolean async, CancellationToken cancellationToken, Boolean isFirstAttempt)&#xD;
   at Npgsql.Internal.NpgsqlConnector.Open(NpgsqlTimeout timeout, Boolean async, CancellationToken cancellationToken)&#xD;
   at Npgsql.UnpooledDataSource.Get(NpgsqlConnection conn, NpgsqlTimeout timeout, Boolean async, CancellationToken cancellationToken)&#xD;
   at Npgsql.NpgsqlConnection.&lt;Open&gt;g__OpenAsync|42_0(Boolean async, CancellationToken cancellationToken)&#xD;
   at Npgsql.NpgsqlConnection.Open()&#xD;
   at Microsoft.EntityFrameworkCore.Storage.RelationalConnection.OpenDbConnection(Boolean errorsExpected)&#xD;
   at Microsoft.EntityFrameworkCore.Storage.RelationalConnection.OpenInternal(Boolean errorsExpected)&#xD;
   at Microsoft.EntityFrameworkCore.Storage.RelationalConnection.Open(Boolean errorsExpected)&#xD;
   at Npgsql.EntityFrameworkCore.PostgreSQL.Storage.Internal.NpgsqlDatabaseCreator.Exists(Boolean async, CancellationToken cancellationToken)&#xD;
   at Npgsql.EntityFrameworkCore.PostgreSQL.Storage.Internal.NpgsqlDatabaseCreator.Exists(Boolean async, CancellationToken cancellationToken)&#xD;
   at Npgsql.EntityFrameworkCore.PostgreSQL.Storage.Internal.NpgsqlDatabaseCreator.Exists()&#xD;
   at Microsoft.EntityFrameworkCore.Storage.RelationalDatabaseCreator.EnsureCreated()&#xD;
   at Microsoft.EntityFrameworkCore.Infrastructure.DatabaseFacade.EnsureCreated()&#xD;
   at Inventory.IntegrationTests.IntegrationTestBase..ctor(WebApplicationFactory`1 factory) in C:\rec\prg\repo\InventoryCtrl_2\test\Inventory.IntegrationTests\TestBase.cs:line 121&#xD;
   at Inventory.IntegrationTests.Controllers.WarehouseControllerIntegrationTests..ctor(WebApplicationFactory`1 factory) in C:\rec\prg\repo\InventoryCtrl_2\test\Inventory.IntegrationTests\Controllers\WarehouseControllerIntegrationTests.cs:line 14&#xD;
   at InvokeStub_WarehouseControllerIntegrationTests..ctor(Object, Span`1)&#xD;
   at System.Reflection.MethodBaseInvoker.InvokeWithOneArg(Object obj, BindingFlags invokeAttr, Binder binder, Object[] parameters, CultureInfo culture)&#xD;
----- Inner Stack Trace -----&#xD;
   at Npgsql.Internal.NpgsqlConnector.Connect(NpgsqlTimeout timeout)</StackTrace>
        </ErrorInfo>
      </Output>
    </UnitTestResult>
    <UnitTestResult executionId="cbd8435e-8d42-4327-b426-11558705ccb3" testId="d2d2873f-6196-ae14-045a-115d699c3337" testName="Inventory.IntegrationTests.Controllers.SSLCertificateControllerTests.GetCertificate_ShouldReturnOk_WhenCertificateExists" computerName="DESKTOP-N3ISHK5" duration="00:00:00.1162090" startTime="2025-10-07T14:36:16.9510393+03:00" endTime="2025-10-07T14:36:16.9510395+03:00" testType="13cdc9d9-ddb5-4fa4-a97d-d965ccfc6d4b" outcome="Failed" testListId="8c84fa94-04c1-424b-9868-57a2d4851a1d" relativeResultsDirectory="cbd8435e-8d42-4327-b426-11558705ccb3">
      <Output>
        <ErrorInfo>
          <Message>Assert.Equal() Failure: Values differ&#xD;
Expected: OK&#xD;
Actual:   Unauthorized</Message>
          <StackTrace>   at Inventory.IntegrationTests.Controllers.SSLCertificateControllerTests.GetCertificate_ShouldReturnOk_WhenCertificateExists() in C:\rec\prg\repo\InventoryCtrl_2\test\Inventory.IntegrationTests\Controllers\SSLCertificateControllerTests.cs:line 100&#xD;
--- End of stack trace from previous location ---</StackTrace>
        </ErrorInfo>
      </Output>
    </UnitTestResult>
    <UnitTestResult executionId="947bd499-f99a-4882-98c9-e3e4b6b7ec0c" testId="e65e2a6a-b895-60a4-08aa-c428556273a2" testName="Inventory.IntegrationTests.Controllers.SSLCertificateControllerTests.ValidateCertificate_ShouldReturnNotFound_WhenCertificateDoesNotExist" computerName="DESKTOP-N3ISHK5" duration="00:00:00.1327352" startTime="2025-10-07T14:36:17.0864734+03:00" endTime="2025-10-07T14:36:17.0864737+03:00" testType="13cdc9d9-ddb5-4fa4-a97d-d965ccfc6d4b" outcome="Failed" testListId="8c84fa94-04c1-424b-9868-57a2d4851a1d" relativeResultsDirectory="947bd499-f99a-4882-98c9-e3e4b6b7ec0c">
      <Output>
        <ErrorInfo>
          <Message>Assert.Equal() Failure: Values differ&#xD;
Expected: NotFound&#xD;
Actual:   Unauthorized</Message>
          <StackTrace>   at Inventory.IntegrationTests.Controllers.SSLCertificateControllerTests.ValidateCertificate_ShouldReturnNotFound_WhenCertificateDoesNotExist() in C:\rec\prg\repo\InventoryCtrl_2\test\Inventory.IntegrationTests\Controllers\SSLCertificateControllerTests.cs:line 361&#xD;
--- End of stack trace from previous location ---</StackTrace>
        </ErrorInfo>
      </Output>
    </UnitTestResult>
    <UnitTestResult executionId="864af1b6-6a77-4971-af5c-20275113607d" testId="481f2eae-3d21-685a-41ee-0a1b30573fdf" testName="Inventory.IntegrationTests.Controllers.WarehouseControllerIntegrationTests.GetWarehouses_WithEmptyDatabase_ShouldReturnEmptyList" computerName="DESKTOP-N3ISHK5" duration="00:00:00.0010000" startTime="2025-10-07T14:37:02.6043235+03:00" endTime="2025-10-07T14:37:02.6043236+03:00" testType="13cdc9d9-ddb5-4fa4-a97d-d965ccfc6d4b" outcome="Failed" testListId="8c84fa94-04c1-424b-9868-57a2d4851a1d" relativeResultsDirectory="864af1b6-6a77-4971-af5c-20275113607d">
      <Output>
        <ErrorInfo>
          <Message>Npgsql.NpgsqlException : Failed to connect to 127.0.0.1:5433&#xD;
---- System.Net.Sockets.SocketException : Подключение не установлено, т.к. конечный компьютер отверг запрос на подключение.</Message>
          <StackTrace>   at Npgsql.Internal.NpgsqlConnector.Connect(NpgsqlTimeout timeout)&#xD;
   at Npgsql.Internal.NpgsqlConnector.RawOpen(SslMode sslMode, NpgsqlTimeout timeout, Boolean async, CancellationToken cancellationToken, Boolean isFirstAttempt)&#xD;
   at Npgsql.Internal.NpgsqlConnector.&lt;Open&gt;g__OpenCore|213_1(NpgsqlConnector conn, SslMode sslMode, NpgsqlTimeout timeout, Boolean async, CancellationToken cancellationToken, Boolean isFirstAttempt)&#xD;
   at Npgsql.Internal.NpgsqlConnector.Open(NpgsqlTimeout timeout, Boolean async, CancellationToken cancellationToken)&#xD;
   at Npgsql.UnpooledDataSource.Get(NpgsqlConnection conn, NpgsqlTimeout timeout, Boolean async, CancellationToken cancellationToken)&#xD;
   at Npgsql.NpgsqlConnection.&lt;Open&gt;g__OpenAsync|42_0(Boolean async, CancellationToken cancellationToken)&#xD;
   at Npgsql.NpgsqlConnection.Open()&#xD;
   at Microsoft.EntityFrameworkCore.Storage.RelationalConnection.OpenDbConnection(Boolean errorsExpected)&#xD;
   at Microsoft.EntityFrameworkCore.Storage.RelationalConnection.OpenInternal(Boolean errorsExpected)&#xD;
   at Microsoft.EntityFrameworkCore.Storage.RelationalConnection.Open(Boolean errorsExpected)&#xD;
   at Npgsql.EntityFrameworkCore.PostgreSQL.Storage.Internal.NpgsqlDatabaseCreator.Exists(Boolean async, CancellationToken cancellationToken)&#xD;
   at Npgsql.EntityFrameworkCore.PostgreSQL.Storage.Internal.NpgsqlDatabaseCreator.Exists(Boolean async, CancellationToken cancellationToken)&#xD;
   at Npgsql.EntityFrameworkCore.PostgreSQL.Storage.Internal.NpgsqlDatabaseCreator.Exists()&#xD;
   at Microsoft.EntityFrameworkCore.Storage.RelationalDatabaseCreator.EnsureCreated()&#xD;
   at Microsoft.EntityFrameworkCore.Infrastructure.DatabaseFacade.EnsureCreated()&#xD;
   at Inventory.IntegrationTests.IntegrationTestBase..ctor(WebApplicationFactory`1 factory) in C:\rec\prg\repo\InventoryCtrl_2\test\Inventory.IntegrationTests\TestBase.cs:line 121&#xD;
   at Inventory.IntegrationTests.Controllers.WarehouseControllerIntegrationTests..ctor(WebApplicationFactory`1 factory) in C:\rec\prg\repo\InventoryCtrl_2\test\Inventory.IntegrationTests\Controllers\WarehouseControllerIntegrationTests.cs:line 14&#xD;
   at InvokeStub_WarehouseControllerIntegrationTests..ctor(Object, Span`1)&#xD;
   at System.Reflection.MethodBaseInvoker.InvokeWithOneArg(Object obj, BindingFlags invokeAttr, Binder binder, Object[] parameters, CultureInfo culture)&#xD;
----- Inner Stack Trace -----&#xD;
   at Npgsql.Internal.NpgsqlConnector.Connect(NpgsqlTimeout timeout)</StackTrace>
        </ErrorInfo>
      </Output>
    </UnitTestResult>
    <UnitTestResult executionId="9aebf628-1016-456f-b4f2-1b9707e77cad" testId="33eef253-3e8e-8131-7b77-3e222aab3322" testName="Inventory.IntegrationTests.Controllers.SimpleIntegrationTests.StringTest_ShouldWork" computerName="DESKTOP-N3ISHK5" duration="00:00:00.0109642" startTime="2025-10-07T14:36:14.9449820+03:00" endTime="2025-10-07T14:36:14.9449944+03:00" testType="13cdc9d9-ddb5-4fa4-a97d-d965ccfc6d4b" outcome="Passed" testListId="8c84fa94-04c1-424b-9868-57a2d4851a1d" relativeResultsDirectory="9aebf628-1016-456f-b4f2-1b9707e77cad" />
    <UnitTestResult executionId="fcd50c5f-309a-46e8-b561-a1c308a91dac" testId="c92b5f08-cbe7-437a-c22f-14402dfada1a" testName="Inventory.IntegrationTests.Controllers.AuditControllerTests.CleanupOldLogs_AsAdmin_ShouldReturnCleanupResult" computerName="DESKTOP-N3ISHK5" duration="00:00:00.1015909" startTime="2025-10-07T14:36:18.0988289+03:00" endTime="2025-10-07T14:36:18.0988290+03:00" testType="13cdc9d9-ddb5-4fa4-a97d-d965ccfc6d4b" outcome="Failed" testListId="8c84fa94-04c1-424b-9868-57a2d4851a1d" relativeResultsDirectory="fcd50c5f-309a-46e8-b561-a1c308a91dac">
      <Output>
        <ErrorInfo>
          <Message>Assert.Equal() Failure: Values differ&#xD;
Expected: OK&#xD;
Actual:   Unauthorized</Message>
          <StackTrace>   at Inventory.IntegrationTests.Controllers.AuditControllerTests.CleanupOldLogs_AsAdmin_ShouldReturnCleanupResult() in C:\rec\prg\repo\InventoryCtrl_2\test\Inventory.IntegrationTests\Controllers\AuditControllerTests.cs:line 197&#xD;
--- End of stack trace from previous location ---</StackTrace>
        </ErrorInfo>
      </Output>
    </UnitTestResult>
    <UnitTestResult executionId="068f2da4-4533-4472-bbdb-d143e5568650" testId="1e04fb1b-57f3-c60f-a719-80711d5c4355" testName="Inventory.IntegrationTests.Controllers.WarehouseControllerIntegrationTests.DeleteWarehouse_WithInvalidId_ShouldReturnNotFound" computerName="DESKTOP-N3ISHK5" duration="00:00:00.0010000" startTime="2025-10-07T14:36:54.4302698+03:00" endTime="2025-10-07T14:36:54.4302700+03:00" testType="13cdc9d9-ddb5-4fa4-a97d-d965ccfc6d4b" outcome="Failed" testListId="8c84fa94-04c1-424b-9868-57a2d4851a1d" relativeResultsDirectory="068f2da4-4533-4472-bbdb-d143e5568650">
      <Output>
        <ErrorInfo>
          <Message>Npgsql.NpgsqlException : Failed to connect to 127.0.0.1:5433&#xD;
---- System.Net.Sockets.SocketException : Подключение не установлено, т.к. конечный компьютер отверг запрос на подключение.</Message>
          <StackTrace>   at Npgsql.Internal.NpgsqlConnector.Connect(NpgsqlTimeout timeout)&#xD;
   at Npgsql.Internal.NpgsqlConnector.RawOpen(SslMode sslMode, NpgsqlTimeout timeout, Boolean async, CancellationToken cancellationToken, Boolean isFirstAttempt)&#xD;
   at Npgsql.Internal.NpgsqlConnector.&lt;Open&gt;g__OpenCore|213_1(NpgsqlConnector conn, SslMode sslMode, NpgsqlTimeout timeout, Boolean async, CancellationToken cancellationToken, Boolean isFirstAttempt)&#xD;
   at Npgsql.Internal.NpgsqlConnector.Open(NpgsqlTimeout timeout, Boolean async, CancellationToken cancellationToken)&#xD;
   at Npgsql.UnpooledDataSource.Get(NpgsqlConnection conn, NpgsqlTimeout timeout, Boolean async, CancellationToken cancellationToken)&#xD;
   at Npgsql.NpgsqlConnection.&lt;Open&gt;g__OpenAsync|42_0(Boolean async, CancellationToken cancellationToken)&#xD;
   at Npgsql.NpgsqlConnection.Open()&#xD;
   at Microsoft.EntityFrameworkCore.Storage.RelationalConnection.OpenDbConnection(Boolean errorsExpected)&#xD;
   at Microsoft.EntityFrameworkCore.Storage.RelationalConnection.OpenInternal(Boolean errorsExpected)&#xD;
   at Microsoft.EntityFrameworkCore.Storage.RelationalConnection.Open(Boolean errorsExpected)&#xD;
   at Npgsql.EntityFrameworkCore.PostgreSQL.Storage.Internal.NpgsqlDatabaseCreator.Exists(Boolean async, CancellationToken cancellationToken)&#xD;
   at Npgsql.EntityFrameworkCore.PostgreSQL.Storage.Internal.NpgsqlDatabaseCreator.Exists(Boolean async, CancellationToken cancellationToken)&#xD;
   at Npgsql.EntityFrameworkCore.PostgreSQL.Storage.Internal.NpgsqlDatabaseCreator.Exists()&#xD;
   at Microsoft.EntityFrameworkCore.Storage.RelationalDatabaseCreator.EnsureCreated()&#xD;
   at Microsoft.EntityFrameworkCore.Infrastructure.DatabaseFacade.EnsureCreated()&#xD;
   at Inventory.IntegrationTests.IntegrationTestBase..ctor(WebApplicationFactory`1 factory) in C:\rec\prg\repo\InventoryCtrl_2\test\Inventory.IntegrationTests\TestBase.cs:line 121&#xD;
   at Inventory.IntegrationTests.Controllers.WarehouseControllerIntegrationTests..ctor(WebApplicationFactory`1 factory) in C:\rec\prg\repo\InventoryCtrl_2\test\Inventory.IntegrationTests\Controllers\WarehouseControllerIntegrationTests.cs:line 14&#xD;
   at InvokeStub_WarehouseControllerIntegrationTests..ctor(Object, Span`1)&#xD;
   at System.Reflection.MethodBaseInvoker.InvokeWithOneArg(Object obj, BindingFlags invokeAttr, Binder binder, Object[] parameters, CultureInfo culture)&#xD;
----- Inner Stack Trace -----&#xD;
   at Npgsql.Internal.NpgsqlConnector.Connect(NpgsqlTimeout timeout)</StackTrace>
        </ErrorInfo>
      </Output>
    </UnitTestResult>
    <UnitTestResult executionId="9d84fa51-f82e-49fe-86d0-ecb580395ce5" testId="73e5c10f-90a8-8471-4ef0-7c922000726f" testName="Inventory.IntegrationTests.Controllers.ManufacturerControllerIntegrationTests.GetManufacturers_WithEmptyDatabase_ShouldReturnEmptyList" computerName="DESKTOP-N3ISHK5" duration="00:00:00.0010000" startTime="2025-10-07T14:36:58.4388959+03:00" endTime="2025-10-07T14:36:58.4388961+03:00" testType="13cdc9d9-ddb5-4fa4-a97d-d965ccfc6d4b" outcome="Failed" testListId="8c84fa94-04c1-424b-9868-57a2d4851a1d" relativeResultsDirectory="9d84fa51-f82e-49fe-86d0-ecb580395ce5">
      <Output>
        <ErrorInfo>
          <Message>Npgsql.NpgsqlException : Failed to connect to 127.0.0.1:5433&#xD;
---- System.Net.Sockets.SocketException : Подключение не установлено, т.к. конечный компьютер отверг запрос на подключение.</Message>
          <StackTrace>   at Npgsql.Internal.NpgsqlConnector.Connect(NpgsqlTimeout timeout)&#xD;
   at Npgsql.Internal.NpgsqlConnector.RawOpen(SslMode sslMode, NpgsqlTimeout timeout, Boolean async, CancellationToken cancellationToken, Boolean isFirstAttempt)&#xD;
   at Npgsql.Internal.NpgsqlConnector.&lt;Open&gt;g__OpenCore|213_1(NpgsqlConnector conn, SslMode sslMode, NpgsqlTimeout timeout, Boolean async, CancellationToken cancellationToken, Boolean isFirstAttempt)&#xD;
   at Npgsql.Internal.NpgsqlConnector.Open(NpgsqlTimeout timeout, Boolean async, CancellationToken cancellationToken)&#xD;
   at Npgsql.UnpooledDataSource.Get(NpgsqlConnection conn, NpgsqlTimeout timeout, Boolean async, CancellationToken cancellationToken)&#xD;
   at Npgsql.NpgsqlConnection.&lt;Open&gt;g__OpenAsync|42_0(Boolean async, CancellationToken cancellationToken)&#xD;
   at Npgsql.NpgsqlConnection.Open()&#xD;
   at Microsoft.EntityFrameworkCore.Storage.RelationalConnection.OpenDbConnection(Boolean errorsExpected)&#xD;
   at Microsoft.EntityFrameworkCore.Storage.RelationalConnection.OpenInternal(Boolean errorsExpected)&#xD;
   at Microsoft.EntityFrameworkCore.Storage.RelationalConnection.Open(Boolean errorsExpected)&#xD;
   at Npgsql.EntityFrameworkCore.PostgreSQL.Storage.Internal.NpgsqlDatabaseCreator.Exists(Boolean async, CancellationToken cancellationToken)&#xD;
   at Npgsql.EntityFrameworkCore.PostgreSQL.Storage.Internal.NpgsqlDatabaseCreator.Exists(Boolean async, CancellationToken cancellationToken)&#xD;
   at Npgsql.EntityFrameworkCore.PostgreSQL.Storage.Internal.NpgsqlDatabaseCreator.Exists()&#xD;
   at Microsoft.EntityFrameworkCore.Storage.RelationalDatabaseCreator.EnsureCreated()&#xD;
   at Microsoft.EntityFrameworkCore.Infrastructure.DatabaseFacade.EnsureCreated()&#xD;
   at Inventory.IntegrationTests.IntegrationTestBase..ctor(WebApplicationFactory`1 factory) in C:\rec\prg\repo\InventoryCtrl_2\test\Inventory.IntegrationTests\TestBase.cs:line 121&#xD;
   at Inventory.IntegrationTests.Controllers.ManufacturerControllerIntegrationTests..ctor(WebApplicationFactory`1 factory) in C:\rec\prg\repo\InventoryCtrl_2\test\Inventory.IntegrationTests\Controllers\ManufacturerControllerIntegrationTests.cs:line 13&#xD;
   at InvokeStub_ManufacturerControllerIntegrationTests..ctor(Object, Span`1)&#xD;
   at System.Reflection.MethodBaseInvoker.InvokeWithOneArg(Object obj, BindingFlags invokeAttr, Binder binder, Object[] parameters, CultureInfo culture)&#xD;
----- Inner Stack Trace -----&#xD;
   at Npgsql.Internal.NpgsqlConnector.Connect(NpgsqlTimeout timeout)</StackTrace>
        </ErrorInfo>
      </Output>
    </UnitTestResult>
    <UnitTestResult executionId="8306469f-ad21-4f64-9559-46bca9ae222f" testId="84c59af7-5bcc-65fd-a0d9-1de27126a402" testName="Inventory.IntegrationTests.Controllers.AuthControllerIntegrationTestsNew.Register_WithInvalidData_ShouldReturnBadRequest" computerName="DESKTOP-N3ISHK5" duration="00:00:00.0010000" startTime="2025-10-07T14:36:37.9835853+03:00" endTime="2025-10-07T14:36:37.9835853+03:00" testType="13cdc9d9-ddb5-4fa4-a97d-d965ccfc6d4b" outcome="Failed" testListId="8c84fa94-04c1-424b-9868-57a2d4851a1d" relativeResultsDirectory="8306469f-ad21-4f64-9559-46bca9ae222f">
      <Output>
        <ErrorInfo>
          <Message>Npgsql.NpgsqlException : Failed to connect to 127.0.0.1:5433&#xD;
---- System.Net.Sockets.SocketException : Подключение не установлено, т.к. конечный компьютер отверг запрос на подключение.</Message>
          <StackTrace>   at Npgsql.Internal.NpgsqlConnector.Connect(NpgsqlTimeout timeout)&#xD;
   at Npgsql.Internal.NpgsqlConnector.RawOpen(SslMode sslMode, NpgsqlTimeout timeout, Boolean async, CancellationToken cancellationToken, Boolean isFirstAttempt)&#xD;
   at Npgsql.Internal.NpgsqlConnector.&lt;Open&gt;g__OpenCore|213_1(NpgsqlConnector conn, SslMode sslMode, NpgsqlTimeout timeout, Boolean async, CancellationToken cancellationToken, Boolean isFirstAttempt)&#xD;
   at Npgsql.Internal.NpgsqlConnector.Open(NpgsqlTimeout timeout, Boolean async, CancellationToken cancellationToken)&#xD;
   at Npgsql.UnpooledDataSource.Get(NpgsqlConnection conn, NpgsqlTimeout timeout, Boolean async, CancellationToken cancellationToken)&#xD;
   at Npgsql.NpgsqlConnection.&lt;Open&gt;g__OpenAsync|42_0(Boolean async, CancellationToken cancellationToken)&#xD;
   at Npgsql.NpgsqlConnection.Open()&#xD;
   at Microsoft.EntityFrameworkCore.Storage.RelationalConnection.OpenDbConnection(Boolean errorsExpected)&#xD;
   at Microsoft.EntityFrameworkCore.Storage.RelationalConnection.OpenInternal(Boolean errorsExpected)&#xD;
   at Microsoft.EntityFrameworkCore.Storage.RelationalConnection.Open(Boolean errorsExpected)&#xD;
   at Npgsql.EntityFrameworkCore.PostgreSQL.Storage.Internal.NpgsqlDatabaseCreator.Exists(Boolean async, CancellationToken cancellationToken)&#xD;
   at Npgsql.EntityFrameworkCore.PostgreSQL.Storage.Internal.NpgsqlDatabaseCreator.Exists(Boolean async, CancellationToken cancellationToken)&#xD;
   at Npgsql.EntityFrameworkCore.PostgreSQL.Storage.Internal.NpgsqlDatabaseCreator.Exists()&#xD;
   at Microsoft.EntityFrameworkCore.Storage.RelationalDatabaseCreator.EnsureCreated()&#xD;
   at Microsoft.EntityFrameworkCore.Infrastructure.DatabaseFacade.EnsureCreated()&#xD;
   at Inventory.IntegrationTests.IntegrationTestBase..ctor(WebApplicationFactory`1 factory) in C:\rec\prg\repo\InventoryCtrl_2\test\Inventory.IntegrationTests\TestBase.cs:line 121&#xD;
   at Inventory.IntegrationTests.Controllers.AuthControllerIntegrationTestsNew..ctor(WebApplicationFactory`1 factory) in C:\rec\prg\repo\InventoryCtrl_2\test\Inventory.IntegrationTests\Controllers\AuthControllerIntegrationTests.cs:line 12&#xD;
   at InvokeStub_AuthControllerIntegrationTestsNew..ctor(Object, Span`1)&#xD;
   at System.Reflection.MethodBaseInvoker.InvokeWithOneArg(Object obj, BindingFlags invokeAttr, Binder binder, Object[] parameters, CultureInfo culture)&#xD;
----- Inner Stack Trace -----&#xD;
   at Npgsql.Internal.NpgsqlConnector.Connect(NpgsqlTimeout timeout)</StackTrace>
        </ErrorInfo>
      </Output>
    </UnitTestResult>
    <UnitTestResult executionId="93f0a66f-52a9-448e-9e75-d3aff4d80805" testId="135f78f4-4976-7509-bdba-6d9a74bb1721" testName="Inventory.IntegrationTests.Controllers.WarehouseControllerIntegrationTests.UpdateWarehouse_WithInvalidId_ShouldReturnNotFound" computerName="DESKTOP-N3ISHK5" duration="00:00:00.0010000" startTime="2025-10-07T14:37:10.7735655+03:00" endTime="2025-10-07T14:37:10.7735656+03:00" testType="13cdc9d9-ddb5-4fa4-a97d-d965ccfc6d4b" outcome="Failed" testListId="8c84fa94-04c1-424b-9868-57a2d4851a1d" relativeResultsDirectory="93f0a66f-52a9-448e-9e75-d3aff4d80805">
      <Output>
        <ErrorInfo>
          <Message>Npgsql.NpgsqlException : Failed to connect to 127.0.0.1:5433&#xD;
---- System.Net.Sockets.SocketException : Подключение не установлено, т.к. конечный компьютер отверг запрос на подключение.</Message>
          <StackTrace>   at Npgsql.Internal.NpgsqlConnector.Connect(NpgsqlTimeout timeout)&#xD;
   at Npgsql.Internal.NpgsqlConnector.RawOpen(SslMode sslMode, NpgsqlTimeout timeout, Boolean async, CancellationToken cancellationToken, Boolean isFirstAttempt)&#xD;
   at Npgsql.Internal.NpgsqlConnector.&lt;Open&gt;g__OpenCore|213_1(NpgsqlConnector conn, SslMode sslMode, NpgsqlTimeout timeout, Boolean async, CancellationToken cancellationToken, Boolean isFirstAttempt)&#xD;
   at Npgsql.Internal.NpgsqlConnector.Open(NpgsqlTimeout timeout, Boolean async, CancellationToken cancellationToken)&#xD;
   at Npgsql.UnpooledDataSource.Get(NpgsqlConnection conn, NpgsqlTimeout timeout, Boolean async, CancellationToken cancellationToken)&#xD;
   at Npgsql.NpgsqlConnection.&lt;Open&gt;g__OpenAsync|42_0(Boolean async, CancellationToken cancellationToken)&#xD;
   at Npgsql.NpgsqlConnection.Open()&#xD;
   at Microsoft.EntityFrameworkCore.Storage.RelationalConnection.OpenDbConnection(Boolean errorsExpected)&#xD;
   at Microsoft.EntityFrameworkCore.Storage.RelationalConnection.OpenInternal(Boolean errorsExpected)&#xD;
   at Microsoft.EntityFrameworkCore.Storage.RelationalConnection.Open(Boolean errorsExpected)&#xD;
   at Npgsql.EntityFrameworkCore.PostgreSQL.Storage.Internal.NpgsqlDatabaseCreator.Exists(Boolean async, CancellationToken cancellationToken)&#xD;
   at Npgsql.EntityFrameworkCore.PostgreSQL.Storage.Internal.NpgsqlDatabaseCreator.Exists(Boolean async, CancellationToken cancellationToken)&#xD;
   at Npgsql.EntityFrameworkCore.PostgreSQL.Storage.Internal.NpgsqlDatabaseCreator.Exists()&#xD;
   at Microsoft.EntityFrameworkCore.Storage.RelationalDatabaseCreator.EnsureCreated()&#xD;
   at Microsoft.EntityFrameworkCore.Infrastructure.DatabaseFacade.EnsureCreated()&#xD;
   at Inventory.IntegrationTests.IntegrationTestBase..ctor(WebApplicationFactory`1 factory) in C:\rec\prg\repo\InventoryCtrl_2\test\Inventory.IntegrationTests\TestBase.cs:line 121&#xD;
   at Inventory.IntegrationTests.Controllers.WarehouseControllerIntegrationTests..ctor(WebApplicationFactory`1 factory) in C:\rec\prg\repo\InventoryCtrl_2\test\Inventory.IntegrationTests\Controllers\WarehouseControllerIntegrationTests.cs:line 14&#xD;
   at InvokeStub_WarehouseControllerIntegrationTests..ctor(Object, Span`1)&#xD;
   at System.Reflection.MethodBaseInvoker.InvokeWithOneArg(Object obj, BindingFlags invokeAttr, Binder binder, Object[] parameters, CultureInfo culture)&#xD;
----- Inner Stack Trace -----&#xD;
   at Npgsql.Internal.NpgsqlConnector.Connect(NpgsqlTimeout timeout)</StackTrace>
        </ErrorInfo>
      </Output>
    </UnitTestResult>
    <UnitTestResult executionId="c9d2631d-a0a6-4d5f-8afd-1563dd96a17f" testId="9cd84feb-3e97-267c-d99e-ccfc566f2a90" testName="Inventory.IntegrationTests.Controllers.DashboardControllerIntegrationTestsNew.GetLowStockProducts_WithNoLowStockProducts_ShouldReturnEmptyList" computerName="DESKTOP-N3ISHK5" duration="00:00:00.0010000" startTime="2025-10-07T14:36:21.2191411+03:00" endTime="2025-10-07T14:36:21.2191412+03:00" testType="13cdc9d9-ddb5-4fa4-a97d-d965ccfc6d4b" outcome="Failed" testListId="8c84fa94-04c1-424b-9868-57a2d4851a1d" relativeResultsDirectory="c9d2631d-a0a6-4d5f-8afd-1563dd96a17f">
      <Output>
        <ErrorInfo>
          <Message>Npgsql.NpgsqlException : Failed to connect to 127.0.0.1:5433&#xD;
---- System.Net.Sockets.SocketException : Подключение не установлено, т.к. конечный компьютер отверг запрос на подключение.</Message>
          <StackTrace>   at Npgsql.Internal.NpgsqlConnector.Connect(NpgsqlTimeout timeout)&#xD;
   at Npgsql.Internal.NpgsqlConnector.RawOpen(SslMode sslMode, NpgsqlTimeout timeout, Boolean async, CancellationToken cancellationToken, Boolean isFirstAttempt)&#xD;
   at Npgsql.Internal.NpgsqlConnector.&lt;Open&gt;g__OpenCore|213_1(NpgsqlConnector conn, SslMode sslMode, NpgsqlTimeout timeout, Boolean async, CancellationToken cancellationToken, Boolean isFirstAttempt)&#xD;
   at Npgsql.Internal.NpgsqlConnector.Open(NpgsqlTimeout timeout, Boolean async, CancellationToken cancellationToken)&#xD;
   at Npgsql.UnpooledDataSource.Get(NpgsqlConnection conn, NpgsqlTimeout timeout, Boolean async, CancellationToken cancellationToken)&#xD;
   at Npgsql.NpgsqlConnection.&lt;Open&gt;g__OpenAsync|42_0(Boolean async, CancellationToken cancellationToken)&#xD;
   at Npgsql.NpgsqlConnection.Open()&#xD;
   at Microsoft.EntityFrameworkCore.Storage.RelationalConnection.OpenDbConnection(Boolean errorsExpected)&#xD;
   at Microsoft.EntityFrameworkCore.Storage.RelationalConnection.OpenInternal(Boolean errorsExpected)&#xD;
   at Microsoft.EntityFrameworkCore.Storage.RelationalConnection.Open(Boolean errorsExpected)&#xD;
   at Npgsql.EntityFrameworkCore.PostgreSQL.Storage.Internal.NpgsqlDatabaseCreator.Exists(Boolean async, CancellationToken cancellationToken)&#xD;
   at Npgsql.EntityFrameworkCore.PostgreSQL.Storage.Internal.NpgsqlDatabaseCreator.Exists(Boolean async, CancellationToken cancellationToken)&#xD;
   at Npgsql.EntityFrameworkCore.PostgreSQL.Storage.Internal.NpgsqlDatabaseCreator.Exists()&#xD;
   at Microsoft.EntityFrameworkCore.Storage.RelationalDatabaseCreator.EnsureCreated()&#xD;
   at Microsoft.EntityFrameworkCore.Infrastructure.DatabaseFacade.EnsureCreated()&#xD;
   at Inventory.IntegrationTests.IntegrationTestBase..ctor(WebApplicationFactory`1 factory) in C:\rec\prg\repo\InventoryCtrl_2\test\Inventory.IntegrationTests\TestBase.cs:line 121&#xD;
   at Inventory.IntegrationTests.Controllers.DashboardControllerIntegrationTestsNew..ctor(WebApplicationFactory`1 factory) in C:\rec\prg\repo\InventoryCtrl_2\test\Inventory.IntegrationTests\Controllers\DashboardControllerIntegrationTests.cs:line 13&#xD;
   at System.RuntimeMethodHandle.InvokeMethod(Object target, Void** arguments, Signature sig, Boolean isConstructor)&#xD;
   at System.Reflection.MethodBaseInvoker.InvokeDirectByRefWithFewArgs(Object obj, Span`1 copyOfArgs, BindingFlags invokeAttr)&#xD;
----- Inner Stack Trace -----&#xD;
   at Npgsql.Internal.NpgsqlConnector.Connect(NpgsqlTimeout timeout)</StackTrace>
        </ErrorInfo>
      </Output>
    </UnitTestResult>
    <UnitTestResult executionId="96e40779-b2ad-4a8e-9a5d-61410e0520cd" testId="dfe4a1f7-e291-2577-f4d5-4112805170ee" testName="Inventory.IntegrationTests.Controllers.ManufacturerControllerIntegrationTests.UpdateManufacturer_WithValidData_ShouldUpdateManufacturer" computerName="DESKTOP-N3ISHK5" duration="00:00:00.0010000" startTime="2025-10-07T14:36:42.0809970+03:00" endTime="2025-10-07T14:36:42.0809971+03:00" testType="13cdc9d9-ddb5-4fa4-a97d-d965ccfc6d4b" outcome="Failed" testListId="8c84fa94-04c1-424b-9868-57a2d4851a1d" relativeResultsDirectory="96e40779-b2ad-4a8e-9a5d-61410e0520cd">
      <Output>
        <ErrorInfo>
          <Message>Npgsql.NpgsqlException : Failed to connect to 127.0.0.1:5433&#xD;
---- System.Net.Sockets.SocketException : Подключение не установлено, т.к. конечный компьютер отверг запрос на подключение.</Message>
          <StackTrace>   at Npgsql.Internal.NpgsqlConnector.Connect(NpgsqlTimeout timeout)&#xD;
   at Npgsql.Internal.NpgsqlConnector.RawOpen(SslMode sslMode, NpgsqlTimeout timeout, Boolean async, CancellationToken cancellationToken, Boolean isFirstAttempt)&#xD;
   at Npgsql.Internal.NpgsqlConnector.&lt;Open&gt;g__OpenCore|213_1(NpgsqlConnector conn, SslMode sslMode, NpgsqlTimeout timeout, Boolean async, CancellationToken cancellationToken, Boolean isFirstAttempt)&#xD;
   at Npgsql.Internal.NpgsqlConnector.Open(NpgsqlTimeout timeout, Boolean async, CancellationToken cancellationToken)&#xD;
   at Npgsql.UnpooledDataSource.Get(NpgsqlConnection conn, NpgsqlTimeout timeout, Boolean async, CancellationToken cancellationToken)&#xD;
   at Npgsql.NpgsqlConnection.&lt;Open&gt;g__OpenAsync|42_0(Boolean async, CancellationToken cancellationToken)&#xD;
   at Npgsql.NpgsqlConnection.Open()&#xD;
   at Microsoft.EntityFrameworkCore.Storage.RelationalConnection.OpenDbConnection(Boolean errorsExpected)&#xD;
   at Microsoft.EntityFrameworkCore.Storage.RelationalConnection.OpenInternal(Boolean errorsExpected)&#xD;
   at Microsoft.EntityFrameworkCore.Storage.RelationalConnection.Open(Boolean errorsExpected)&#xD;
   at Npgsql.EntityFrameworkCore.PostgreSQL.Storage.Internal.NpgsqlDatabaseCreator.Exists(Boolean async, CancellationToken cancellationToken)&#xD;
   at Npgsql.EntityFrameworkCore.PostgreSQL.Storage.Internal.NpgsqlDatabaseCreator.Exists(Boolean async, CancellationToken cancellationToken)&#xD;
   at Npgsql.EntityFrameworkCore.PostgreSQL.Storage.Internal.NpgsqlDatabaseCreator.Exists()&#xD;
   at Microsoft.EntityFrameworkCore.Storage.RelationalDatabaseCreator.EnsureCreated()&#xD;
   at Microsoft.EntityFrameworkCore.Infrastructure.DatabaseFacade.EnsureCreated()&#xD;
   at Inventory.IntegrationTests.IntegrationTestBase..ctor(WebApplicationFactory`1 factory) in C:\rec\prg\repo\InventoryCtrl_2\test\Inventory.IntegrationTests\TestBase.cs:line 121&#xD;
   at Inventory.IntegrationTests.Controllers.ManufacturerControllerIntegrationTests..ctor(WebApplicationFactory`1 factory) in C:\rec\prg\repo\InventoryCtrl_2\test\Inventory.IntegrationTests\Controllers\ManufacturerControllerIntegrationTests.cs:line 13&#xD;
   at InvokeStub_ManufacturerControllerIntegrationTests..ctor(Object, Span`1)&#xD;
   at System.Reflection.MethodBaseInvoker.InvokeWithOneArg(Object obj, BindingFlags invokeAttr, Binder binder, Object[] parameters, CultureInfo culture)&#xD;
----- Inner Stack Trace -----&#xD;
   at Npgsql.Internal.NpgsqlConnector.Connect(NpgsqlTimeout timeout)</StackTrace>
        </ErrorInfo>
      </Output>
    </UnitTestResult>
    <UnitTestResult executionId="4e728385-303b-4d72-a237-76b664f9550b" testId="35eaa1ba-b917-e929-8f73-26baa3c8cee7" testName="Inventory.IntegrationTests.Controllers.CategoryControllerIntegrationTestsNew.GetCategories_WithEmptyDatabase_ShouldReturnEmptyList" computerName="DESKTOP-N3ISHK5" duration="00:00:00.0010000" startTime="2025-10-07T14:36:54.4471690+03:00" endTime="2025-10-07T14:36:54.4471692+03:00" testType="13cdc9d9-ddb5-4fa4-a97d-d965ccfc6d4b" outcome="Failed" testListId="8c84fa94-04c1-424b-9868-57a2d4851a1d" relativeResultsDirectory="4e728385-303b-4d72-a237-76b664f9550b">
      <Output>
        <ErrorInfo>
          <Message>Npgsql.NpgsqlException : Failed to connect to 127.0.0.1:5433&#xD;
---- System.Net.Sockets.SocketException : Подключение не установлено, т.к. конечный компьютер отверг запрос на подключение.</Message>
          <StackTrace>   at Npgsql.Internal.NpgsqlConnector.Connect(NpgsqlTimeout timeout)&#xD;
   at Npgsql.Internal.NpgsqlConnector.RawOpen(SslMode sslMode, NpgsqlTimeout timeout, Boolean async, CancellationToken cancellationToken, Boolean isFirstAttempt)&#xD;
   at Npgsql.Internal.NpgsqlConnector.&lt;Open&gt;g__OpenCore|213_1(NpgsqlConnector conn, SslMode sslMode, NpgsqlTimeout timeout, Boolean async, CancellationToken cancellationToken, Boolean isFirstAttempt)&#xD;
   at Npgsql.Internal.NpgsqlConnector.Open(NpgsqlTimeout timeout, Boolean async, CancellationToken cancellationToken)&#xD;
   at Npgsql.UnpooledDataSource.Get(NpgsqlConnection conn, NpgsqlTimeout timeout, Boolean async, CancellationToken cancellationToken)&#xD;
   at Npgsql.NpgsqlConnection.&lt;Open&gt;g__OpenAsync|42_0(Boolean async, CancellationToken cancellationToken)&#xD;
   at Npgsql.NpgsqlConnection.Open()&#xD;
   at Microsoft.EntityFrameworkCore.Storage.RelationalConnection.OpenDbConnection(Boolean errorsExpected)&#xD;
   at Microsoft.EntityFrameworkCore.Storage.RelationalConnection.OpenInternal(Boolean errorsExpected)&#xD;
   at Microsoft.EntityFrameworkCore.Storage.RelationalConnection.Open(Boolean errorsExpected)&#xD;
   at Npgsql.EntityFrameworkCore.PostgreSQL.Storage.Internal.NpgsqlDatabaseCreator.Exists(Boolean async, CancellationToken cancellationToken)&#xD;
   at Npgsql.EntityFrameworkCore.PostgreSQL.Storage.Internal.NpgsqlDatabaseCreator.Exists(Boolean async, CancellationToken cancellationToken)&#xD;
   at Npgsql.EntityFrameworkCore.PostgreSQL.Storage.Internal.NpgsqlDatabaseCreator.Exists()&#xD;
   at Microsoft.EntityFrameworkCore.Storage.RelationalDatabaseCreator.EnsureCreated()&#xD;
   at Microsoft.EntityFrameworkCore.Infrastructure.DatabaseFacade.EnsureCreated()&#xD;
   at Inventory.IntegrationTests.IntegrationTestBase..ctor(WebApplicationFactory`1 factory) in C:\rec\prg\repo\InventoryCtrl_2\test\Inventory.IntegrationTests\TestBase.cs:line 121&#xD;
   at Inventory.IntegrationTests.Controllers.CategoryControllerIntegrationTestsNew..ctor(WebApplicationFactory`1 factory) in C:\rec\prg\repo\InventoryCtrl_2\test\Inventory.IntegrationTests\Controllers\CategoryControllerIntegrationTests.cs:line 13&#xD;
   at InvokeStub_CategoryControllerIntegrationTestsNew..ctor(Object, Span`1)&#xD;
   at System.Reflection.MethodBaseInvoker.InvokeWithOneArg(Object obj, BindingFlags invokeAttr, Binder binder, Object[] parameters, CultureInfo culture)&#xD;
----- Inner Stack Trace -----&#xD;
   at Npgsql.Internal.NpgsqlConnector.Connect(NpgsqlTimeout timeout)</StackTrace>
        </ErrorInfo>
      </Output>
    </UnitTestResult>
    <UnitTestResult executionId="5012ba87-8a30-4d43-8110-3683b6ca1da9" testId="d7a7cea3-2503-d465-04dc-6db59d43dc0d" testName="Inventory.IntegrationTests.Controllers.CategoryControllerIntegrationTestsNew.GetSubCategories_WithInvalidParentId_ShouldReturnEmptyList" computerName="DESKTOP-N3ISHK5" duration="00:00:00.0010000" startTime="2025-10-07T14:37:06.7247209+03:00" endTime="2025-10-07T14:37:06.7247210+03:00" testType="13cdc9d9-ddb5-4fa4-a97d-d965ccfc6d4b" outcome="Failed" testListId="8c84fa94-04c1-424b-9868-57a2d4851a1d" relativeResultsDirectory="5012ba87-8a30-4d43-8110-3683b6ca1da9">
      <Output>
        <ErrorInfo>
          <Message>Npgsql.NpgsqlException : Failed to connect to 127.0.0.1:5433&#xD;
---- System.Net.Sockets.SocketException : Подключение не установлено, т.к. конечный компьютер отверг запрос на подключение.</Message>
          <StackTrace>   at Npgsql.Internal.NpgsqlConnector.Connect(NpgsqlTimeout timeout)&#xD;
   at Npgsql.Internal.NpgsqlConnector.RawOpen(SslMode sslMode, NpgsqlTimeout timeout, Boolean async, CancellationToken cancellationToken, Boolean isFirstAttempt)&#xD;
   at Npgsql.Internal.NpgsqlConnector.&lt;Open&gt;g__OpenCore|213_1(NpgsqlConnector conn, SslMode sslMode, NpgsqlTimeout timeout, Boolean async, CancellationToken cancellationToken, Boolean isFirstAttempt)&#xD;
   at Npgsql.Internal.NpgsqlConnector.Open(NpgsqlTimeout timeout, Boolean async, CancellationToken cancellationToken)&#xD;
   at Npgsql.UnpooledDataSource.Get(NpgsqlConnection conn, NpgsqlTimeout timeout, Boolean async, CancellationToken cancellationToken)&#xD;
   at Npgsql.NpgsqlConnection.&lt;Open&gt;g__OpenAsync|42_0(Boolean async, CancellationToken cancellationToken)&#xD;
   at Npgsql.NpgsqlConnection.Open()&#xD;
   at Microsoft.EntityFrameworkCore.Storage.RelationalConnection.OpenDbConnection(Boolean errorsExpected)&#xD;
   at Microsoft.EntityFrameworkCore.Storage.RelationalConnection.OpenInternal(Boolean errorsExpected)&#xD;
   at Microsoft.EntityFrameworkCore.Storage.RelationalConnection.Open(Boolean errorsExpected)&#xD;
   at Npgsql.EntityFrameworkCore.PostgreSQL.Storage.Internal.NpgsqlDatabaseCreator.Exists(Boolean async, CancellationToken cancellationToken)&#xD;
   at Npgsql.EntityFrameworkCore.PostgreSQL.Storage.Internal.NpgsqlDatabaseCreator.Exists(Boolean async, CancellationToken cancellationToken)&#xD;
   at Npgsql.EntityFrameworkCore.PostgreSQL.Storage.Internal.NpgsqlDatabaseCreator.Exists()&#xD;
   at Microsoft.EntityFrameworkCore.Storage.RelationalDatabaseCreator.EnsureCreated()&#xD;
   at Microsoft.EntityFrameworkCore.Infrastructure.DatabaseFacade.EnsureCreated()&#xD;
   at Inventory.IntegrationTests.IntegrationTestBase..ctor(WebApplicationFactory`1 factory) in C:\rec\prg\repo\InventoryCtrl_2\test\Inventory.IntegrationTests\TestBase.cs:line 121&#xD;
   at Inventory.IntegrationTests.Controllers.CategoryControllerIntegrationTestsNew..ctor(WebApplicationFactory`1 factory) in C:\rec\prg\repo\InventoryCtrl_2\test\Inventory.IntegrationTests\Controllers\CategoryControllerIntegrationTests.cs:line 13&#xD;
   at InvokeStub_CategoryControllerIntegrationTestsNew..ctor(Object, Span`1)&#xD;
   at System.Reflection.MethodBaseInvoker.InvokeWithOneArg(Object obj, BindingFlags invokeAttr, Binder binder, Object[] parameters, CultureInfo culture)&#xD;
----- Inner Stack Trace -----&#xD;
   at Npgsql.Internal.NpgsqlConnector.Connect(NpgsqlTimeout timeout)</StackTrace>
        </ErrorInfo>
      </Output>
    </UnitTestResult>
    <UnitTestResult executionId="52e1652b-81f0-4d5b-af2f-720c5fd39a3f" testId="151bf19f-58ff-e297-ac60-21b3531d6e72" testName="Inventory.IntegrationTests.Controllers.CategoryControllerIntegrationTestsNew.UpdateCategory_WithInvalidId_ShouldReturnNotFound" computerName="DESKTOP-N3ISHK5" duration="00:00:00.0010000" startTime="2025-10-07T14:36:21.2175188+03:00" endTime="2025-10-07T14:36:21.2175190+03:00" testType="13cdc9d9-ddb5-4fa4-a97d-d965ccfc6d4b" outcome="Failed" testListId="8c84fa94-04c1-424b-9868-57a2d4851a1d" relativeResultsDirectory="52e1652b-81f0-4d5b-af2f-720c5fd39a3f">
      <Output>
        <ErrorInfo>
          <Message>Npgsql.NpgsqlException : Failed to connect to 127.0.0.1:5433&#xD;
---- System.Net.Sockets.SocketException : Подключение не установлено, т.к. конечный компьютер отверг запрос на подключение.</Message>
          <StackTrace>   at Npgsql.Internal.NpgsqlConnector.Connect(NpgsqlTimeout timeout)&#xD;
   at Npgsql.Internal.NpgsqlConnector.RawOpen(SslMode sslMode, NpgsqlTimeout timeout, Boolean async, CancellationToken cancellationToken, Boolean isFirstAttempt)&#xD;
   at Npgsql.Internal.NpgsqlConnector.&lt;Open&gt;g__OpenCore|213_1(NpgsqlConnector conn, SslMode sslMode, NpgsqlTimeout timeout, Boolean async, CancellationToken cancellationToken, Boolean isFirstAttempt)&#xD;
   at Npgsql.Internal.NpgsqlConnector.Open(NpgsqlTimeout timeout, Boolean async, CancellationToken cancellationToken)&#xD;
   at Npgsql.UnpooledDataSource.Get(NpgsqlConnection conn, NpgsqlTimeout timeout, Boolean async, CancellationToken cancellationToken)&#xD;
   at Npgsql.NpgsqlConnection.&lt;Open&gt;g__OpenAsync|42_0(Boolean async, CancellationToken cancellationToken)&#xD;
   at Npgsql.NpgsqlConnection.Open()&#xD;
   at Microsoft.EntityFrameworkCore.Storage.RelationalConnection.OpenDbConnection(Boolean errorsExpected)&#xD;
   at Microsoft.EntityFrameworkCore.Storage.RelationalConnection.OpenInternal(Boolean errorsExpected)&#xD;
   at Microsoft.EntityFrameworkCore.Storage.RelationalConnection.Open(Boolean errorsExpected)&#xD;
   at Npgsql.EntityFrameworkCore.PostgreSQL.Storage.Internal.NpgsqlDatabaseCreator.Exists(Boolean async, CancellationToken cancellationToken)&#xD;
   at Npgsql.EntityFrameworkCore.PostgreSQL.Storage.Internal.NpgsqlDatabaseCreator.Exists(Boolean async, CancellationToken cancellationToken)&#xD;
   at Npgsql.EntityFrameworkCore.PostgreSQL.Storage.Internal.NpgsqlDatabaseCreator.Exists()&#xD;
   at Microsoft.EntityFrameworkCore.Storage.RelationalDatabaseCreator.EnsureCreated()&#xD;
   at Microsoft.EntityFrameworkCore.Infrastructure.DatabaseFacade.EnsureCreated()&#xD;
   at Inventory.IntegrationTests.IntegrationTestBase..ctor(WebApplicationFactory`1 factory) in C:\rec\prg\repo\InventoryCtrl_2\test\Inventory.IntegrationTests\TestBase.cs:line 121&#xD;
   at Inventory.IntegrationTests.Controllers.CategoryControllerIntegrationTestsNew..ctor(WebApplicationFactory`1 factory) in C:\rec\prg\repo\InventoryCtrl_2\test\Inventory.IntegrationTests\Controllers\CategoryControllerIntegrationTests.cs:line 13&#xD;
   at System.RuntimeMethodHandle.InvokeMethod(Object target, Void** arguments, Signature sig, Boolean isConstructor)&#xD;
   at System.Reflection.MethodBaseInvoker.InvokeDirectByRefWithFewArgs(Object obj, Span`1 copyOfArgs, BindingFlags invokeAttr)&#xD;
----- Inner Stack Trace -----&#xD;
   at Npgsql.Internal.NpgsqlConnector.Connect(NpgsqlTimeout timeout)</StackTrace>
        </ErrorInfo>
      </Output>
    </UnitTestResult>
    <UnitTestResult executionId="30ef5391-99b1-421e-8b2c-c8bb9f1305a0" testId="97017f00-07a9-8ff1-e921-96193745b8f7" testName="Inventory.IntegrationTests.Controllers.CategoryControllerIntegrationTestsNew.UpdateCategory_WithValidData_ShouldUpdateCategory" computerName="DESKTOP-N3ISHK5" duration="00:00:00.0010000" startTime="2025-10-07T14:37:02.6035222+03:00" endTime="2025-10-07T14:37:02.6035227+03:00" testType="13cdc9d9-ddb5-4fa4-a97d-d965ccfc6d4b" outcome="Failed" testListId="8c84fa94-04c1-424b-9868-57a2d4851a1d" relativeResultsDirectory="30ef5391-99b1-421e-8b2c-c8bb9f1305a0">
      <Output>
        <ErrorInfo>
          <Message>Npgsql.NpgsqlException : Failed to connect to 127.0.0.1:5433&#xD;
---- System.Net.Sockets.SocketException : Подключение не установлено, т.к. конечный компьютер отверг запрос на подключение.</Message>
          <StackTrace>   at Npgsql.Internal.NpgsqlConnector.Connect(NpgsqlTimeout timeout)&#xD;
   at Npgsql.Internal.NpgsqlConnector.RawOpen(SslMode sslMode, NpgsqlTimeout timeout, Boolean async, CancellationToken cancellationToken, Boolean isFirstAttempt)&#xD;
   at Npgsql.Internal.NpgsqlConnector.&lt;Open&gt;g__OpenCore|213_1(NpgsqlConnector conn, SslMode sslMode, NpgsqlTimeout timeout, Boolean async, CancellationToken cancellationToken, Boolean isFirstAttempt)&#xD;
   at Npgsql.Internal.NpgsqlConnector.Open(NpgsqlTimeout timeout, Boolean async, CancellationToken cancellationToken)&#xD;
   at Npgsql.UnpooledDataSource.Get(NpgsqlConnection conn, NpgsqlTimeout timeout, Boolean async, CancellationToken cancellationToken)&#xD;
   at Npgsql.NpgsqlConnection.&lt;Open&gt;g__OpenAsync|42_0(Boolean async, CancellationToken cancellationToken)&#xD;
   at Npgsql.NpgsqlConnection.Open()&#xD;
   at Microsoft.EntityFrameworkCore.Storage.RelationalConnection.OpenDbConnection(Boolean errorsExpected)&#xD;
   at Microsoft.EntityFrameworkCore.Storage.RelationalConnection.OpenInternal(Boolean errorsExpected)&#xD;
   at Microsoft.EntityFrameworkCore.Storage.RelationalConnection.Open(Boolean errorsExpected)&#xD;
   at Npgsql.EntityFrameworkCore.PostgreSQL.Storage.Internal.NpgsqlDatabaseCreator.Exists(Boolean async, CancellationToken cancellationToken)&#xD;
   at Npgsql.EntityFrameworkCore.PostgreSQL.Storage.Internal.NpgsqlDatabaseCreator.Exists(Boolean async, CancellationToken cancellationToken)&#xD;
   at Npgsql.EntityFrameworkCore.PostgreSQL.Storage.Internal.NpgsqlDatabaseCreator.Exists()&#xD;
   at Microsoft.EntityFrameworkCore.Storage.RelationalDatabaseCreator.EnsureCreated()&#xD;
   at Microsoft.EntityFrameworkCore.Infrastructure.DatabaseFacade.EnsureCreated()&#xD;
   at Inventory.IntegrationTests.IntegrationTestBase..ctor(WebApplicationFactory`1 factory) in C:\rec\prg\repo\InventoryCtrl_2\test\Inventory.IntegrationTests\TestBase.cs:line 121&#xD;
   at Inventory.IntegrationTests.Controllers.CategoryControllerIntegrationTestsNew..ctor(WebApplicationFactory`1 factory) in C:\rec\prg\repo\InventoryCtrl_2\test\Inventory.IntegrationTests\Controllers\CategoryControllerIntegrationTests.cs:line 13&#xD;
   at InvokeStub_CategoryControllerIntegrationTestsNew..ctor(Object, Span`1)&#xD;
   at System.Reflection.MethodBaseInvoker.InvokeWithOneArg(Object obj, BindingFlags invokeAttr, Binder binder, Object[] parameters, CultureInfo culture)&#xD;
----- Inner Stack Trace -----&#xD;
   at Npgsql.Internal.NpgsqlConnector.Connect(NpgsqlTimeout timeout)</StackTrace>
        </ErrorInfo>
      </Output>
    </UnitTestResult>
    <UnitTestResult executionId="20ca3e04-59a4-4e8e-8825-08e64ebe51a2" testId="3856c374-afc4-c3d1-e5d0-22fed477bd9f" testName="Inventory.IntegrationTests.Controllers.CategoryControllerIntegrationTestsNew.GetSubCategories_WithValidParentId_ShouldReturnSubcategories" computerName="DESKTOP-N3ISHK5" duration="00:00:00.0010000" startTime="2025-10-07T14:36:46.2315458+03:00" endTime="2025-10-07T14:36:46.2315462+03:00" testType="13cdc9d9-ddb5-4fa4-a97d-d965ccfc6d4b" outcome="Failed" testListId="8c84fa94-04c1-424b-9868-57a2d4851a1d" relativeResultsDirectory="20ca3e04-59a4-4e8e-8825-08e64ebe51a2">
      <Output>
        <ErrorInfo>
          <Message>Npgsql.NpgsqlException : Failed to connect to 127.0.0.1:5433&#xD;
---- System.Net.Sockets.SocketException : Подключение не установлено, т.к. конечный компьютер отверг запрос на подключение.</Message>
          <StackTrace>   at Npgsql.Internal.NpgsqlConnector.Connect(NpgsqlTimeout timeout)&#xD;
   at Npgsql.Internal.NpgsqlConnector.RawOpen(SslMode sslMode, NpgsqlTimeout timeout, Boolean async, CancellationToken cancellationToken, Boolean isFirstAttempt)&#xD;
   at Npgsql.Internal.NpgsqlConnector.&lt;Open&gt;g__OpenCore|213_1(NpgsqlConnector conn, SslMode sslMode, NpgsqlTimeout timeout, Boolean async, CancellationToken cancellationToken, Boolean isFirstAttempt)&#xD;
   at Npgsql.Internal.NpgsqlConnector.Open(NpgsqlTimeout timeout, Boolean async, CancellationToken cancellationToken)&#xD;
   at Npgsql.UnpooledDataSource.Get(NpgsqlConnection conn, NpgsqlTimeout timeout, Boolean async, CancellationToken cancellationToken)&#xD;
   at Npgsql.NpgsqlConnection.&lt;Open&gt;g__OpenAsync|42_0(Boolean async, CancellationToken cancellationToken)&#xD;
   at Npgsql.NpgsqlConnection.Open()&#xD;
   at Microsoft.EntityFrameworkCore.Storage.RelationalConnection.OpenDbConnection(Boolean errorsExpected)&#xD;
   at Microsoft.EntityFrameworkCore.Storage.RelationalConnection.OpenInternal(Boolean errorsExpected)&#xD;
   at Microsoft.EntityFrameworkCore.Storage.RelationalConnection.Open(Boolean errorsExpected)&#xD;
   at Npgsql.EntityFrameworkCore.PostgreSQL.Storage.Internal.NpgsqlDatabaseCreator.Exists(Boolean async, CancellationToken cancellationToken)&#xD;
   at Npgsql.EntityFrameworkCore.PostgreSQL.Storage.Internal.NpgsqlDatabaseCreator.Exists(Boolean async, CancellationToken cancellationToken)&#xD;
   at Npgsql.EntityFrameworkCore.PostgreSQL.Storage.Internal.NpgsqlDatabaseCreator.Exists()&#xD;
   at Microsoft.EntityFrameworkCore.Storage.RelationalDatabaseCreator.EnsureCreated()&#xD;
   at Microsoft.EntityFrameworkCore.Infrastructure.DatabaseFacade.EnsureCreated()&#xD;
   at Inventory.IntegrationTests.IntegrationTestBase..ctor(WebApplicationFactory`1 factory) in C:\rec\prg\repo\InventoryCtrl_2\test\Inventory.IntegrationTests\TestBase.cs:line 121&#xD;
   at Inventory.IntegrationTests.Controllers.CategoryControllerIntegrationTestsNew..ctor(WebApplicationFactory`1 factory) in C:\rec\prg\repo\InventoryCtrl_2\test\Inventory.IntegrationTests\Controllers\CategoryControllerIntegrationTests.cs:line 13&#xD;
   at InvokeStub_CategoryControllerIntegrationTestsNew..ctor(Object, Span`1)&#xD;
   at System.Reflection.MethodBaseInvoker.InvokeWithOneArg(Object obj, BindingFlags invokeAttr, Binder binder, Object[] parameters, CultureInfo culture)&#xD;
----- Inner Stack Trace -----&#xD;
   at Npgsql.Internal.NpgsqlConnector.Connect(NpgsqlTimeout timeout)</StackTrace>
        </ErrorInfo>
      </Output>
    </UnitTestResult>
    <UnitTestResult executionId="ec09d2e7-e5ba-42f4-a392-360048655665" testId="541bb77d-0d69-08a1-b043-29d727f0d120" testName="Inventory.IntegrationTests.Controllers.CategoryControllerIntegrationTestsNew.DeleteCategory_WithInvalidId_ShouldReturnNotFound" computerName="DESKTOP-N3ISHK5" duration="00:00:00.0010000" startTime="2025-10-07T14:37:10.8105596+03:00" endTime="2025-10-07T14:37:10.8105599+03:00" testType="13cdc9d9-ddb5-4fa4-a97d-d965ccfc6d4b" outcome="Failed" testListId="8c84fa94-04c1-424b-9868-57a2d4851a1d" relativeResultsDirectory="ec09d2e7-e5ba-42f4-a392-360048655665">
      <Output>
        <ErrorInfo>
          <Message>Npgsql.NpgsqlException : Failed to connect to 127.0.0.1:5433&#xD;
---- System.Net.Sockets.SocketException : Подключение не установлено, т.к. конечный компьютер отверг запрос на подключение.</Message>
          <StackTrace>   at Npgsql.Internal.NpgsqlConnector.Connect(NpgsqlTimeout timeout)&#xD;
   at Npgsql.Internal.NpgsqlConnector.RawOpen(SslMode sslMode, NpgsqlTimeout timeout, Boolean async, CancellationToken cancellationToken, Boolean isFirstAttempt)&#xD;
   at Npgsql.Internal.NpgsqlConnector.&lt;Open&gt;g__OpenCore|213_1(NpgsqlConnector conn, SslMode sslMode, NpgsqlTimeout timeout, Boolean async, CancellationToken cancellationToken, Boolean isFirstAttempt)&#xD;
   at Npgsql.Internal.NpgsqlConnector.Open(NpgsqlTimeout timeout, Boolean async, CancellationToken cancellationToken)&#xD;
   at Npgsql.UnpooledDataSource.Get(NpgsqlConnection conn, NpgsqlTimeout timeout, Boolean async, CancellationToken cancellationToken)&#xD;
   at Npgsql.NpgsqlConnection.&lt;Open&gt;g__OpenAsync|42_0(Boolean async, CancellationToken cancellationToken)&#xD;
   at Npgsql.NpgsqlConnection.Open()&#xD;
   at Microsoft.EntityFrameworkCore.Storage.RelationalConnection.OpenDbConnection(Boolean errorsExpected)&#xD;
   at Microsoft.EntityFrameworkCore.Storage.RelationalConnection.OpenInternal(Boolean errorsExpected)&#xD;
   at Microsoft.EntityFrameworkCore.Storage.RelationalConnection.Open(Boolean errorsExpected)&#xD;
   at Npgsql.EntityFrameworkCore.PostgreSQL.Storage.Internal.NpgsqlDatabaseCreator.Exists(Boolean async, CancellationToken cancellationToken)&#xD;
   at Npgsql.EntityFrameworkCore.PostgreSQL.Storage.Internal.NpgsqlDatabaseCreator.Exists(Boolean async, CancellationToken cancellationToken)&#xD;
   at Npgsql.EntityFrameworkCore.PostgreSQL.Storage.Internal.NpgsqlDatabaseCreator.Exists()&#xD;
   at Microsoft.EntityFrameworkCore.Storage.RelationalDatabaseCreator.EnsureCreated()&#xD;
   at Microsoft.EntityFrameworkCore.Infrastructure.DatabaseFacade.EnsureCreated()&#xD;
   at Inventory.IntegrationTests.IntegrationTestBase..ctor(WebApplicationFactory`1 factory) in C:\rec\prg\repo\InventoryCtrl_2\test\Inventory.IntegrationTests\TestBase.cs:line 121&#xD;
   at Inventory.IntegrationTests.Controllers.CategoryControllerIntegrationTestsNew..ctor(WebApplicationFactory`1 factory) in C:\rec\prg\repo\InventoryCtrl_2\test\Inventory.IntegrationTests\Controllers\CategoryControllerIntegrationTests.cs:line 13&#xD;
   at InvokeStub_CategoryControllerIntegrationTestsNew..ctor(Object, Span`1)&#xD;
   at System.Reflection.MethodBaseInvoker.InvokeWithOneArg(Object obj, BindingFlags invokeAttr, Binder binder, Object[] parameters, CultureInfo culture)&#xD;
----- Inner Stack Trace -----&#xD;
   at Npgsql.Internal.NpgsqlConnector.Connect(NpgsqlTimeout timeout)</StackTrace>
        </ErrorInfo>
      </Output>
    </UnitTestResult>
    <UnitTestResult executionId="eb126bc8-9287-47d6-b88c-9a4abb51785a" testId="f43edfdc-0c7f-f3be-8e6a-e57922560831" testName="Inventory.IntegrationTests.Controllers.AuthControllerIntegrationTestsNew.Register_WithExistingUsername_ShouldReturnBadRequest" computerName="DESKTOP-N3ISHK5" duration="00:00:00.0010000" startTime="2025-10-07T14:36:42.1024225+03:00" endTime="2025-10-07T14:36:42.1024234+03:00" testType="13cdc9d9-ddb5-4fa4-a97d-d965ccfc6d4b" outcome="Failed" testListId="8c84fa94-04c1-424b-9868-57a2d4851a1d" relativeResultsDirectory="eb126bc8-9287-47d6-b88c-9a4abb51785a">
      <Output>
        <ErrorInfo>
          <Message>Npgsql.NpgsqlException : Failed to connect to 127.0.0.1:5433&#xD;
---- System.Net.Sockets.SocketException : Подключение не установлено, т.к. конечный компьютер отверг запрос на подключение.</Message>
          <StackTrace>   at Npgsql.Internal.NpgsqlConnector.Connect(NpgsqlTimeout timeout)&#xD;
   at Npgsql.Internal.NpgsqlConnector.RawOpen(SslMode sslMode, NpgsqlTimeout timeout, Boolean async, CancellationToken cancellationToken, Boolean isFirstAttempt)&#xD;
   at Npgsql.Internal.NpgsqlConnector.&lt;Open&gt;g__OpenCore|213_1(NpgsqlConnector conn, SslMode sslMode, NpgsqlTimeout timeout, Boolean async, CancellationToken cancellationToken, Boolean isFirstAttempt)&#xD;
   at Npgsql.Internal.NpgsqlConnector.Open(NpgsqlTimeout timeout, Boolean async, CancellationToken cancellationToken)&#xD;
   at Npgsql.UnpooledDataSource.Get(NpgsqlConnection conn, NpgsqlTimeout timeout, Boolean async, CancellationToken cancellationToken)&#xD;
   at Npgsql.NpgsqlConnection.&lt;Open&gt;g__OpenAsync|42_0(Boolean async, CancellationToken cancellationToken)&#xD;
   at Npgsql.NpgsqlConnection.Open()&#xD;
   at Microsoft.EntityFrameworkCore.Storage.RelationalConnection.OpenDbConnection(Boolean errorsExpected)&#xD;
   at Microsoft.EntityFrameworkCore.Storage.RelationalConnection.OpenInternal(Boolean errorsExpected)&#xD;
   at Microsoft.EntityFrameworkCore.Storage.RelationalConnection.Open(Boolean errorsExpected)&#xD;
   at Npgsql.EntityFrameworkCore.PostgreSQL.Storage.Internal.NpgsqlDatabaseCreator.Exists(Boolean async, CancellationToken cancellationToken)&#xD;
   at Npgsql.EntityFrameworkCore.PostgreSQL.Storage.Internal.NpgsqlDatabaseCreator.Exists(Boolean async, CancellationToken cancellationToken)&#xD;
   at Npgsql.EntityFrameworkCore.PostgreSQL.Storage.Internal.NpgsqlDatabaseCreator.Exists()&#xD;
   at Microsoft.EntityFrameworkCore.Storage.RelationalDatabaseCreator.EnsureCreated()&#xD;
   at Microsoft.EntityFrameworkCore.Infrastructure.DatabaseFacade.EnsureCreated()&#xD;
   at Inventory.IntegrationTests.IntegrationTestBase..ctor(WebApplicationFactory`1 factory) in C:\rec\prg\repo\InventoryCtrl_2\test\Inventory.IntegrationTests\TestBase.cs:line 121&#xD;
   at Inventory.IntegrationTests.Controllers.AuthControllerIntegrationTestsNew..ctor(WebApplicationFactory`1 factory) in C:\rec\prg\repo\InventoryCtrl_2\test\Inventory.IntegrationTests\Controllers\AuthControllerIntegrationTests.cs:line 12&#xD;
   at InvokeStub_AuthControllerIntegrationTestsNew..ctor(Object, Span`1)&#xD;
   at System.Reflection.MethodBaseInvoker.InvokeWithOneArg(Object obj, BindingFlags invokeAttr, Binder binder, Object[] parameters, CultureInfo culture)&#xD;
----- Inner Stack Trace -----&#xD;
   at Npgsql.Internal.NpgsqlConnector.Connect(NpgsqlTimeout timeout)</StackTrace>
        </ErrorInfo>
      </Output>
    </UnitTestResult>
    <UnitTestResult executionId="5ff10c79-24c9-4f75-b62e-5419d61db794" testId="e382efb5-3557-3dd7-a91a-55dea3ae6fa5" testName="Inventory.IntegrationTests.Controllers.AuthControllerIntegrationTestsNew.Login_WithValidCredentials_ShouldReturnToken" computerName="DESKTOP-N3ISHK5" duration="00:00:00.0010000" startTime="2025-10-07T14:36:33.8105852+03:00" endTime="2025-10-07T14:36:33.8105853+03:00" testType="13cdc9d9-ddb5-4fa4-a97d-d965ccfc6d4b" outcome="Failed" testListId="8c84fa94-04c1-424b-9868-57a2d4851a1d" relativeResultsDirectory="5ff10c79-24c9-4f75-b62e-5419d61db794">
      <Output>
        <ErrorInfo>
          <Message>Npgsql.NpgsqlException : Failed to connect to 127.0.0.1:5433&#xD;
---- System.Net.Sockets.SocketException : Подключение не установлено, т.к. конечный компьютер отверг запрос на подключение.</Message>
          <StackTrace>   at Npgsql.Internal.NpgsqlConnector.Connect(NpgsqlTimeout timeout)&#xD;
   at Npgsql.Internal.NpgsqlConnector.RawOpen(SslMode sslMode, NpgsqlTimeout timeout, Boolean async, CancellationToken cancellationToken, Boolean isFirstAttempt)&#xD;
   at Npgsql.Internal.NpgsqlConnector.&lt;Open&gt;g__OpenCore|213_1(NpgsqlConnector conn, SslMode sslMode, NpgsqlTimeout timeout, Boolean async, CancellationToken cancellationToken, Boolean isFirstAttempt)&#xD;
   at Npgsql.Internal.NpgsqlConnector.Open(NpgsqlTimeout timeout, Boolean async, CancellationToken cancellationToken)&#xD;
   at Npgsql.UnpooledDataSource.Get(NpgsqlConnection conn, NpgsqlTimeout timeout, Boolean async, CancellationToken cancellationToken)&#xD;
   at Npgsql.NpgsqlConnection.&lt;Open&gt;g__OpenAsync|42_0(Boolean async, CancellationToken cancellationToken)&#xD;
   at Npgsql.NpgsqlConnection.Open()&#xD;
   at Microsoft.EntityFrameworkCore.Storage.RelationalConnection.OpenDbConnection(Boolean errorsExpected)&#xD;
   at Microsoft.EntityFrameworkCore.Storage.RelationalConnection.OpenInternal(Boolean errorsExpected)&#xD;
   at Microsoft.EntityFrameworkCore.Storage.RelationalConnection.Open(Boolean errorsExpected)&#xD;
   at Npgsql.EntityFrameworkCore.PostgreSQL.Storage.Internal.NpgsqlDatabaseCreator.Exists(Boolean async, CancellationToken cancellationToken)&#xD;
   at Npgsql.EntityFrameworkCore.PostgreSQL.Storage.Internal.NpgsqlDatabaseCreator.Exists(Boolean async, CancellationToken cancellationToken)&#xD;
   at Npgsql.EntityFrameworkCore.PostgreSQL.Storage.Internal.NpgsqlDatabaseCreator.Exists()&#xD;
   at Microsoft.EntityFrameworkCore.Storage.RelationalDatabaseCreator.EnsureCreated()&#xD;
   at Microsoft.EntityFrameworkCore.Infrastructure.DatabaseFacade.EnsureCreated()&#xD;
   at Inventory.IntegrationTests.IntegrationTestBase..ctor(WebApplicationFactory`1 factory) in C:\rec\prg\repo\InventoryCtrl_2\test\Inventory.IntegrationTests\TestBase.cs:line 121&#xD;
   at Inventory.IntegrationTests.Controllers.AuthControllerIntegrationTestsNew..ctor(WebApplicationFactory`1 factory) in C:\rec\prg\repo\InventoryCtrl_2\test\Inventory.IntegrationTests\Controllers\AuthControllerIntegrationTests.cs:line 12&#xD;
   at InvokeStub_AuthControllerIntegrationTestsNew..ctor(Object, Span`1)&#xD;
   at System.Reflection.MethodBaseInvoker.InvokeWithOneArg(Object obj, BindingFlags invokeAttr, Binder binder, Object[] parameters, CultureInfo culture)&#xD;
----- Inner Stack Trace -----&#xD;
   at Npgsql.Internal.NpgsqlConnector.Connect(NpgsqlTimeout timeout)</StackTrace>
        </ErrorInfo>
      </Output>
    </UnitTestResult>
    <UnitTestResult executionId="12794fb5-62d2-4744-8386-96582f880e04" testId="b6ad3b45-a801-d700-bd8a-97a80b64cb7e" testName="Inventory.IntegrationTests.Controllers.CategoryControllerIntegrationTestsNew.GetCategories_WithValidData_ShouldReturnCategories" computerName="DESKTOP-N3ISHK5" duration="00:00:00.0010000" startTime="2025-10-07T14:36:58.5346947+03:00" endTime="2025-10-07T14:36:58.5346948+03:00" testType="13cdc9d9-ddb5-4fa4-a97d-d965ccfc6d4b" outcome="Failed" testListId="8c84fa94-04c1-424b-9868-57a2d4851a1d" relativeResultsDirectory="12794fb5-62d2-4744-8386-96582f880e04">
      <Output>
        <ErrorInfo>
          <Message>Npgsql.NpgsqlException : Failed to connect to 127.0.0.1:5433&#xD;
---- System.Net.Sockets.SocketException : Подключение не установлено, т.к. конечный компьютер отверг запрос на подключение.</Message>
          <StackTrace>   at Npgsql.Internal.NpgsqlConnector.Connect(NpgsqlTimeout timeout)&#xD;
   at Npgsql.Internal.NpgsqlConnector.RawOpen(SslMode sslMode, NpgsqlTimeout timeout, Boolean async, CancellationToken cancellationToken, Boolean isFirstAttempt)&#xD;
   at Npgsql.Internal.NpgsqlConnector.&lt;Open&gt;g__OpenCore|213_1(NpgsqlConnector conn, SslMode sslMode, NpgsqlTimeout timeout, Boolean async, CancellationToken cancellationToken, Boolean isFirstAttempt)&#xD;
   at Npgsql.Internal.NpgsqlConnector.Open(NpgsqlTimeout timeout, Boolean async, CancellationToken cancellationToken)&#xD;
   at Npgsql.UnpooledDataSource.Get(NpgsqlConnection conn, NpgsqlTimeout timeout, Boolean async, CancellationToken cancellationToken)&#xD;
   at Npgsql.NpgsqlConnection.&lt;Open&gt;g__OpenAsync|42_0(Boolean async, CancellationToken cancellationToken)&#xD;
   at Npgsql.NpgsqlConnection.Open()&#xD;
   at Microsoft.EntityFrameworkCore.Storage.RelationalConnection.OpenDbConnection(Boolean errorsExpected)&#xD;
   at Microsoft.EntityFrameworkCore.Storage.RelationalConnection.OpenInternal(Boolean errorsExpected)&#xD;
   at Microsoft.EntityFrameworkCore.Storage.RelationalConnection.Open(Boolean errorsExpected)&#xD;
   at Npgsql.EntityFrameworkCore.PostgreSQL.Storage.Internal.NpgsqlDatabaseCreator.Exists(Boolean async, CancellationToken cancellationToken)&#xD;
   at Npgsql.EntityFrameworkCore.PostgreSQL.Storage.Internal.NpgsqlDatabaseCreator.Exists(Boolean async, CancellationToken cancellationToken)&#xD;
   at Npgsql.EntityFrameworkCore.PostgreSQL.Storage.Internal.NpgsqlDatabaseCreator.Exists()&#xD;
   at Microsoft.EntityFrameworkCore.Storage.RelationalDatabaseCreator.EnsureCreated()&#xD;
   at Microsoft.EntityFrameworkCore.Infrastructure.DatabaseFacade.EnsureCreated()&#xD;
   at Inventory.IntegrationTests.IntegrationTestBase..ctor(WebApplicationFactory`1 factory) in C:\rec\prg\repo\InventoryCtrl_2\test\Inventory.IntegrationTests\TestBase.cs:line 121&#xD;
   at Inventory.IntegrationTests.Controllers.CategoryControllerIntegrationTestsNew..ctor(WebApplicationFactory`1 factory) in C:\rec\prg\repo\InventoryCtrl_2\test\Inventory.IntegrationTests\Controllers\CategoryControllerIntegrationTests.cs:line 13&#xD;
   at InvokeStub_CategoryControllerIntegrationTestsNew..ctor(Object, Span`1)&#xD;
   at System.Reflection.MethodBaseInvoker.InvokeWithOneArg(Object obj, BindingFlags invokeAttr, Binder binder, Object[] parameters, CultureInfo culture)&#xD;
----- Inner Stack Trace -----&#xD;
   at Npgsql.Internal.NpgsqlConnector.Connect(NpgsqlTimeout timeout)</StackTrace>
        </ErrorInfo>
      </Output>
    </UnitTestResult>
    <UnitTestResult executionId="54168a5c-aeb7-4d35-8ec8-76cdca09cc51" testId="2d219086-6e23-0af6-93de-7040bdfa3166" testName="Inventory.IntegrationTests.Controllers.ManufacturerControllerIntegrationTests.GetManufacturers_WithValidData_ShouldReturnManufacturers" computerName="DESKTOP-N3ISHK5" duration="00:00:00.0010000" startTime="2025-10-07T14:36:33.8072082+03:00" endTime="2025-10-07T14:36:33.8072083+03:00" testType="13cdc9d9-ddb5-4fa4-a97d-d965ccfc6d4b" outcome="Failed" testListId="8c84fa94-04c1-424b-9868-57a2d4851a1d" relativeResultsDirectory="54168a5c-aeb7-4d35-8ec8-76cdca09cc51">
      <Output>
        <ErrorInfo>
          <Message>Npgsql.NpgsqlException : Failed to connect to 127.0.0.1:5433&#xD;
---- System.Net.Sockets.SocketException : Подключение не установлено, т.к. конечный компьютер отверг запрос на подключение.</Message>
          <StackTrace>   at Npgsql.Internal.NpgsqlConnector.Connect(NpgsqlTimeout timeout)&#xD;
   at Npgsql.Internal.NpgsqlConnector.RawOpen(SslMode sslMode, NpgsqlTimeout timeout, Boolean async, CancellationToken cancellationToken, Boolean isFirstAttempt)&#xD;
   at Npgsql.Internal.NpgsqlConnector.&lt;Open&gt;g__OpenCore|213_1(NpgsqlConnector conn, SslMode sslMode, NpgsqlTimeout timeout, Boolean async, CancellationToken cancellationToken, Boolean isFirstAttempt)&#xD;
   at Npgsql.Internal.NpgsqlConnector.Open(NpgsqlTimeout timeout, Boolean async, CancellationToken cancellationToken)&#xD;
   at Npgsql.UnpooledDataSource.Get(NpgsqlConnection conn, NpgsqlTimeout timeout, Boolean async, CancellationToken cancellationToken)&#xD;
   at Npgsql.NpgsqlConnection.&lt;Open&gt;g__OpenAsync|42_0(Boolean async, CancellationToken cancellationToken)&#xD;
   at Npgsql.NpgsqlConnection.Open()&#xD;
   at Microsoft.EntityFrameworkCore.Storage.RelationalConnection.OpenDbConnection(Boolean errorsExpected)&#xD;
   at Microsoft.EntityFrameworkCore.Storage.RelationalConnection.OpenInternal(Boolean errorsExpected)&#xD;
   at Microsoft.EntityFrameworkCore.Storage.RelationalConnection.Open(Boolean errorsExpected)&#xD;
   at Npgsql.EntityFrameworkCore.PostgreSQL.Storage.Internal.NpgsqlDatabaseCreator.Exists(Boolean async, CancellationToken cancellationToken)&#xD;
   at Npgsql.EntityFrameworkCore.PostgreSQL.Storage.Internal.NpgsqlDatabaseCreator.Exists(Boolean async, CancellationToken cancellationToken)&#xD;
   at Npgsql.EntityFrameworkCore.PostgreSQL.Storage.Internal.NpgsqlDatabaseCreator.Exists()&#xD;
   at Microsoft.EntityFrameworkCore.Storage.RelationalDatabaseCreator.EnsureCreated()&#xD;
   at Microsoft.EntityFrameworkCore.Infrastructure.DatabaseFacade.EnsureCreated()&#xD;
   at Inventory.IntegrationTests.IntegrationTestBase..ctor(WebApplicationFactory`1 factory) in C:\rec\prg\repo\InventoryCtrl_2\test\Inventory.IntegrationTests\TestBase.cs:line 121&#xD;
   at Inventory.IntegrationTests.Controllers.ManufacturerControllerIntegrationTests..ctor(WebApplicationFactory`1 factory) in C:\rec\prg\repo\InventoryCtrl_2\test\Inventory.IntegrationTests\Controllers\ManufacturerControllerIntegrationTests.cs:line 13&#xD;
   at InvokeStub_ManufacturerControllerIntegrationTests..ctor(Object, Span`1)&#xD;
   at System.Reflection.MethodBaseInvoker.InvokeWithOneArg(Object obj, BindingFlags invokeAttr, Binder binder, Object[] parameters, CultureInfo culture)&#xD;
----- Inner Stack Trace -----&#xD;
   at Npgsql.Internal.NpgsqlConnector.Connect(NpgsqlTimeout timeout)</StackTrace>
        </ErrorInfo>
      </Output>
    </UnitTestResult>
    <UnitTestResult executionId="f4535ce3-9e4d-423f-b746-304839f3394d" testId="5d0018ca-6667-3d66-2448-4275f9c8bdaf" testName="Inventory.IntegrationTests.Controllers.WarehouseControllerIntegrationTests.GetWarehouses_WithSearchFilter_ShouldReturnFilteredResults" computerName="DESKTOP-N3ISHK5" duration="00:00:00.0010000" startTime="2025-10-07T14:36:37.9842339+03:00" endTime="2025-10-07T14:36:37.9842340+03:00" testType="13cdc9d9-ddb5-4fa4-a97d-d965ccfc6d4b" outcome="Failed" testListId="8c84fa94-04c1-424b-9868-57a2d4851a1d" relativeResultsDirectory="f4535ce3-9e4d-423f-b746-304839f3394d">
      <Output>
        <ErrorInfo>
          <Message>Npgsql.NpgsqlException : Failed to connect to 127.0.0.1:5433&#xD;
---- System.Net.Sockets.SocketException : Подключение не установлено, т.к. конечный компьютер отверг запрос на подключение.</Message>
          <StackTrace>   at Npgsql.Internal.NpgsqlConnector.Connect(NpgsqlTimeout timeout)&#xD;
   at Npgsql.Internal.NpgsqlConnector.RawOpen(SslMode sslMode, NpgsqlTimeout timeout, Boolean async, CancellationToken cancellationToken, Boolean isFirstAttempt)&#xD;
   at Npgsql.Internal.NpgsqlConnector.&lt;Open&gt;g__OpenCore|213_1(NpgsqlConnector conn, SslMode sslMode, NpgsqlTimeout timeout, Boolean async, CancellationToken cancellationToken, Boolean isFirstAttempt)&#xD;
   at Npgsql.Internal.NpgsqlConnector.Open(NpgsqlTimeout timeout, Boolean async, CancellationToken cancellationToken)&#xD;
   at Npgsql.UnpooledDataSource.Get(NpgsqlConnection conn, NpgsqlTimeout timeout, Boolean async, CancellationToken cancellationToken)&#xD;
   at Npgsql.NpgsqlConnection.&lt;Open&gt;g__OpenAsync|42_0(Boolean async, CancellationToken cancellationToken)&#xD;
   at Npgsql.NpgsqlConnection.Open()&#xD;
   at Microsoft.EntityFrameworkCore.Storage.RelationalConnection.OpenDbConnection(Boolean errorsExpected)&#xD;
   at Microsoft.EntityFrameworkCore.Storage.RelationalConnection.OpenInternal(Boolean errorsExpected)&#xD;
   at Microsoft.EntityFrameworkCore.Storage.RelationalConnection.Open(Boolean errorsExpected)&#xD;
   at Npgsql.EntityFrameworkCore.PostgreSQL.Storage.Internal.NpgsqlDatabaseCreator.Exists(Boolean async, CancellationToken cancellationToken)&#xD;
   at Npgsql.EntityFrameworkCore.PostgreSQL.Storage.Internal.NpgsqlDatabaseCreator.Exists(Boolean async, CancellationToken cancellationToken)&#xD;
   at Npgsql.EntityFrameworkCore.PostgreSQL.Storage.Internal.NpgsqlDatabaseCreator.Exists()&#xD;
   at Microsoft.EntityFrameworkCore.Storage.RelationalDatabaseCreator.EnsureCreated()&#xD;
   at Microsoft.EntityFrameworkCore.Infrastructure.DatabaseFacade.EnsureCreated()&#xD;
   at Inventory.IntegrationTests.IntegrationTestBase..ctor(WebApplicationFactory`1 factory) in C:\rec\prg\repo\InventoryCtrl_2\test\Inventory.IntegrationTests\TestBase.cs:line 121&#xD;
   at Inventory.IntegrationTests.Controllers.WarehouseControllerIntegrationTests..ctor(WebApplicationFactory`1 factory) in C:\rec\prg\repo\InventoryCtrl_2\test\Inventory.IntegrationTests\Controllers\WarehouseControllerIntegrationTests.cs:line 14&#xD;
   at InvokeStub_WarehouseControllerIntegrationTests..ctor(Object, Span`1)&#xD;
   at System.Reflection.MethodBaseInvoker.InvokeWithOneArg(Object obj, BindingFlags invokeAttr, Binder binder, Object[] parameters, CultureInfo culture)&#xD;
----- Inner Stack Trace -----&#xD;
   at Npgsql.Internal.NpgsqlConnector.Connect(NpgsqlTimeout timeout)</StackTrace>
        </ErrorInfo>
      </Output>
    </UnitTestResult>
    <UnitTestResult executionId="7e7ed745-750c-4a64-aa28-242ec7c2644c" testId="86a5b843-dc31-b931-ac3e-fca4bebb0dd9" testName="Inventory.IntegrationTests.Controllers.AuditControllerTests.GetEntityAuditLogs_ShouldReturnEntityLogs" computerName="DESKTOP-N3ISHK5" duration="00:00:00.1147509" startTime="2025-10-07T14:36:17.8839380+03:00" endTime="2025-10-07T14:36:17.8839383+03:00" testType="13cdc9d9-ddb5-4fa4-a97d-d965ccfc6d4b" outcome="Failed" testListId="8c84fa94-04c1-424b-9868-57a2d4851a1d" relativeResultsDirectory="7e7ed745-750c-4a64-aa28-242ec7c2644c">
      <Output>
        <ErrorInfo>
          <Message>Assert.Equal() Failure: Values differ&#xD;
Expected: OK&#xD;
Actual:   Unauthorized</Message>
          <StackTrace>   at Inventory.IntegrationTests.Controllers.AuditControllerTests.GetEntityAuditLogs_ShouldReturnEntityLogs() in C:\rec\prg\repo\InventoryCtrl_2\test\Inventory.IntegrationTests\Controllers\AuditControllerTests.cs:line 117&#xD;
--- End of stack trace from previous location ---</StackTrace>
        </ErrorInfo>
      </Output>
    </UnitTestResult>
    <UnitTestResult executionId="26e3fa85-5689-48c9-9ff5-f974f4783d46" testId="a7b5055d-f61b-e9cc-b7ec-ab391e63fbf2" testName="Inventory.IntegrationTests.Controllers.WarehouseControllerIntegrationTests.CreateWarehouse_WithDuplicateName_ShouldReturnBadRequest" computerName="DESKTOP-N3ISHK5" duration="00:00:00.0010000" startTime="2025-10-07T14:36:46.2306930+03:00" endTime="2025-10-07T14:36:46.2306931+03:00" testType="13cdc9d9-ddb5-4fa4-a97d-d965ccfc6d4b" outcome="Failed" testListId="8c84fa94-04c1-424b-9868-57a2d4851a1d" relativeResultsDirectory="26e3fa85-5689-48c9-9ff5-f974f4783d46">
      <Output>
        <ErrorInfo>
          <Message>Npgsql.NpgsqlException : Failed to connect to 127.0.0.1:5433&#xD;
---- System.Net.Sockets.SocketException : Подключение не установлено, т.к. конечный компьютер отверг запрос на подключение.</Message>
          <StackTrace>   at Npgsql.Internal.NpgsqlConnector.Connect(NpgsqlTimeout timeout)&#xD;
   at Npgsql.Internal.NpgsqlConnector.RawOpen(SslMode sslMode, NpgsqlTimeout timeout, Boolean async, CancellationToken cancellationToken, Boolean isFirstAttempt)&#xD;
   at Npgsql.Internal.NpgsqlConnector.&lt;Open&gt;g__OpenCore|213_1(NpgsqlConnector conn, SslMode sslMode, NpgsqlTimeout timeout, Boolean async, CancellationToken cancellationToken, Boolean isFirstAttempt)&#xD;
   at Npgsql.Internal.NpgsqlConnector.Open(NpgsqlTimeout timeout, Boolean async, CancellationToken cancellationToken)&#xD;
   at Npgsql.UnpooledDataSource.Get(NpgsqlConnection conn, NpgsqlTimeout timeout, Boolean async, CancellationToken cancellationToken)&#xD;
   at Npgsql.NpgsqlConnection.&lt;Open&gt;g__OpenAsync|42_0(Boolean async, CancellationToken cancellationToken)&#xD;
   at Npgsql.NpgsqlConnection.Open()&#xD;
   at Microsoft.EntityFrameworkCore.Storage.RelationalConnection.OpenDbConnection(Boolean errorsExpected)&#xD;
   at Microsoft.EntityFrameworkCore.Storage.RelationalConnection.OpenInternal(Boolean errorsExpected)&#xD;
   at Microsoft.EntityFrameworkCore.Storage.RelationalConnection.Open(Boolean errorsExpected)&#xD;
   at Npgsql.EntityFrameworkCore.PostgreSQL.Storage.Internal.NpgsqlDatabaseCreator.Exists(Boolean async, CancellationToken cancellationToken)&#xD;
   at Npgsql.EntityFrameworkCore.PostgreSQL.Storage.Internal.NpgsqlDatabaseCreator.Exists(Boolean async, CancellationToken cancellationToken)&#xD;
   at Npgsql.EntityFrameworkCore.PostgreSQL.Storage.Internal.NpgsqlDatabaseCreator.Exists()&#xD;
   at Microsoft.EntityFrameworkCore.Storage.RelationalDatabaseCreator.EnsureCreated()&#xD;
   at Microsoft.EntityFrameworkCore.Infrastructure.DatabaseFacade.EnsureCreated()&#xD;
   at Inventory.IntegrationTests.IntegrationTestBase..ctor(WebApplicationFactory`1 factory) in C:\rec\prg\repo\InventoryCtrl_2\test\Inventory.IntegrationTests\TestBase.cs:line 121&#xD;
   at Inventory.IntegrationTests.Controllers.WarehouseControllerIntegrationTests..ctor(WebApplicationFactory`1 factory) in C:\rec\prg\repo\InventoryCtrl_2\test\Inventory.IntegrationTests\Controllers\WarehouseControllerIntegrationTests.cs:line 14&#xD;
   at InvokeStub_WarehouseControllerIntegrationTests..ctor(Object, Span`1)&#xD;
   at System.Reflection.MethodBaseInvoker.InvokeWithOneArg(Object obj, BindingFlags invokeAttr, Binder binder, Object[] parameters, CultureInfo culture)&#xD;
----- Inner Stack Trace -----&#xD;
   at Npgsql.Internal.NpgsqlConnector.Connect(NpgsqlTimeout timeout)</StackTrace>
        </ErrorInfo>
      </Output>
    </UnitTestResult>
    <UnitTestResult executionId="9a957ce6-3205-446d-a588-0c57875dcc5d" testId="2a54a223-28ab-482e-b09e-9809ce66bc0e" testName="Inventory.IntegrationTests.Controllers.AuditControllerTests.GetAuditLogs_WithoutAuthentication_ShouldReturnUnauthorized" computerName="DESKTOP-N3ISHK5" duration="00:00:00.2104554" startTime="2025-10-07T14:36:17.6718881+03:00" endTime="2025-10-07T14:36:17.6718883+03:00" testType="13cdc9d9-ddb5-4fa4-a97d-d965ccfc6d4b" outcome="Passed" testListId="8c84fa94-04c1-424b-9868-57a2d4851a1d" relativeResultsDirectory="9a957ce6-3205-446d-a588-0c57875dcc5d" />
    <UnitTestResult executionId="00697409-9611-480a-883e-c96ac669b124" testId="32ad4954-fe2e-efc4-7650-969d6dc2f0a7" testName="Inventory.IntegrationTests.Controllers.SSLCertificateControllerTests.GenerateCertificate_ShouldReturnBadRequest_WhenRequestIsInvalid" computerName="DESKTOP-N3ISHK5" duration="00:00:00.1658804" startTime="2025-10-07T14:36:16.3951750+03:00" endTime="2025-10-07T14:36:16.3951755+03:00" testType="13cdc9d9-ddb5-4fa4-a97d-d965ccfc6d4b" outcome="Failed" testListId="8c84fa94-04c1-424b-9868-57a2d4851a1d" relativeResultsDirectory="00697409-9611-480a-883e-c96ac669b124">
      <Output>
        <ErrorInfo>
          <Message>Assert.Equal() Failure: Values differ&#xD;
Expected: BadRequest&#xD;
Actual:   Unauthorized</Message>
          <StackTrace>   at Inventory.IntegrationTests.Controllers.SSLCertificateControllerTests.GenerateCertificate_ShouldReturnBadRequest_WhenRequestIsInvalid() in C:\rec\prg\repo\InventoryCtrl_2\test\Inventory.IntegrationTests\Controllers\SSLCertificateControllerTests.cs:line 189&#xD;
--- End of stack trace from previous location ---</StackTrace>
        </ErrorInfo>
      </Output>
    </UnitTestResult>
    <UnitTestResult executionId="4231cebe-dca3-46bc-8e3f-8d9d86b2c6f5" testId="9f67f352-d2bf-5aca-d494-870209401e13" testName="Inventory.IntegrationTests.Controllers.AuditControllerTests.GetAuditStatistics_ShouldReturnStatistics" computerName="DESKTOP-N3ISHK5" duration="00:00:00.0943004" startTime="2025-10-07T14:36:17.7679753+03:00" endTime="2025-10-07T14:36:17.7679754+03:00" testType="13cdc9d9-ddb5-4fa4-a97d-d965ccfc6d4b" outcome="Failed" testListId="8c84fa94-04c1-424b-9868-57a2d4851a1d" relativeResultsDirectory="4231cebe-dca3-46bc-8e3f-8d9d86b2c6f5">
      <Output>
        <ErrorInfo>
          <Message>Assert.Equal() Failure: Values differ&#xD;
Expected: OK&#xD;
Actual:   Unauthorized</Message>
          <StackTrace>   at Inventory.IntegrationTests.Controllers.AuditControllerTests.GetAuditStatistics_ShouldReturnStatistics() in C:\rec\prg\repo\InventoryCtrl_2\test\Inventory.IntegrationTests\Controllers\AuditControllerTests.cs:line 170&#xD;
--- End of stack trace from previous location ---</StackTrace>
        </ErrorInfo>
      </Output>
    </UnitTestResult>
  </Results>
  <TestDefinitions>
    <UnitTest name="Inventory.IntegrationTests.Controllers.SSLCertificateControllerTests.GenerateCertificate_ShouldReturnOk_WhenRequestIsValid" storage="c:\rec\prg\repo\inventoryctrl_2\test\inventory.integrationtests\bin\release\net8.0\inventory.integrationtests.dll" id="cb8fd1aa-5b0a-2413-6839-b069265efcc5">
      <Execution id="ff311b6e-bdc8-4caa-86cf-5a181a061717" />
      <TestMethod codeBase="C:\rec\prg\repo\InventoryCtrl_2\test\Inventory.IntegrationTests\bin\Release\net8.0\Inventory.IntegrationTests.dll" adapterTypeName="executor://xunit/VsTestRunner2/netcoreapp" className="Inventory.IntegrationTests.Controllers.SSLCertificateControllerTests" name="GenerateCertificate_ShouldReturnOk_WhenRequestIsValid" />
    </UnitTest>
    <UnitTest name="Inventory.IntegrationTests.Controllers.SSLCertificateControllerTests.GetCertificates_ShouldReturnOk_WhenCertificatesExist" storage="c:\rec\prg\repo\inventoryctrl_2\test\inventory.integrationtests\bin\release\net8.0\inventory.integrationtests.dll" id="979f61d8-210a-a3fc-a5b9-bbe30fc77e86">
      <Execution id="2f4ad2e0-79a2-452d-a582-ef3f2512bd23" />
      <TestMethod codeBase="C:\rec\prg\repo\InventoryCtrl_2\test\Inventory.IntegrationTests\bin\Release\net8.0\Inventory.IntegrationTests.dll" adapterTypeName="executor://xunit/VsTestRunner2/netcoreapp" className="Inventory.IntegrationTests.Controllers.SSLCertificateControllerTests" name="GetCertificates_ShouldReturnOk_WhenCertificatesExist" />
    </UnitTest>
    <UnitTest name="Inventory.IntegrationTests.Controllers.WarehouseControllerIntegrationTests.DeleteWarehouse_WithInvalidId_ShouldReturnNotFound" storage="c:\rec\prg\repo\inventoryctrl_2\test\inventory.integrationtests\bin\release\net8.0\inventory.integrationtests.dll" id="1e04fb1b-57f3-c60f-a719-80711d5c4355">
      <Execution id="068f2da4-4533-4472-bbdb-d143e5568650" />
      <TestMethod codeBase="C:\rec\prg\repo\InventoryCtrl_2\test\Inventory.IntegrationTests\bin\Release\net8.0\Inventory.IntegrationTests.dll" adapterTypeName="executor://xunit/VsTestRunner2/netcoreapp" className="Inventory.IntegrationTests.Controllers.WarehouseControllerIntegrationTests" name="DeleteWarehouse_WithInvalidId_ShouldReturnNotFound" />
    </UnitTest>
    <UnitTest name="Inventory.IntegrationTests.Controllers.CategoryControllerIntegrationTestsNew.UpdateCategory_WithValidData_ShouldUpdateCategory" storage="c:\rec\prg\repo\inventoryctrl_2\test\inventory.integrationtests\bin\release\net8.0\inventory.integrationtests.dll" id="97017f00-07a9-8ff1-e921-96193745b8f7">
      <Execution id="30ef5391-99b1-421e-8b2c-c8bb9f1305a0" />
      <TestMethod codeBase="C:\rec\prg\repo\InventoryCtrl_2\test\Inventory.IntegrationTests\bin\Release\net8.0\Inventory.IntegrationTests.dll" adapterTypeName="executor://xunit/VsTestRunner2/netcoreapp" className="Inventory.IntegrationTests.Controllers.CategoryControllerIntegrationTestsNew" name="UpdateCategory_WithValidData_ShouldUpdateCategory" />
    </UnitTest>
    <UnitTest name="Inventory.IntegrationTests.Controllers.WarehouseControllerIntegrationTests.GetWarehouses_WithPagination_ShouldReturnPagedResults" storage="c:\rec\prg\repo\inventoryctrl_2\test\inventory.integrationtests\bin\release\net8.0\inventory.integrationtests.dll" id="6faae5bd-3ce8-6862-891d-316ac8a59d93">
      <Execution id="8768d1c7-c97c-46a6-b604-e02ce7b2b577" />
      <TestMethod codeBase="C:\rec\prg\repo\InventoryCtrl_2\test\Inventory.IntegrationTests\bin\Release\net8.0\Inventory.IntegrationTests.dll" adapterTypeName="executor://xunit/VsTestRunner2/netcoreapp" className="Inventory.IntegrationTests.Controllers.WarehouseControllerIntegrationTests" name="GetWarehouses_WithPagination_ShouldReturnPagedResults" />
    </UnitTest>
    <UnitTest name="Inventory.IntegrationTests.Controllers.AuditControllerTests.GetAuditLogs_WithAuthentication_ShouldReturnAuditLogs" storage="c:\rec\prg\repo\inventoryctrl_2\test\inventory.integrationtests\bin\release\net8.0\inventory.integrationtests.dll" id="3c3e843c-5f9b-05ba-1001-272bc4fde624">
      <Execution id="e3da2a23-3a55-43a9-a4e7-68bf1990b29a" />
      <TestMethod codeBase="C:\rec\prg\repo\InventoryCtrl_2\test\Inventory.IntegrationTests\bin\Release\net8.0\Inventory.IntegrationTests.dll" adapterTypeName="executor://xunit/VsTestRunner2/netcoreapp" className="Inventory.IntegrationTests.Controllers.AuditControllerTests" name="GetAuditLogs_WithAuthentication_ShouldReturnAuditLogs" />
    </UnitTest>
    <UnitTest name="Inventory.IntegrationTests.Controllers.WarehouseControllerIntegrationTests.GetWarehouse_WithInvalidId_ShouldReturnNotFound" storage="c:\rec\prg\repo\inventoryctrl_2\test\inventory.integrationtests\bin\release\net8.0\inventory.integrationtests.dll" id="73a975ed-aa1a-ad4d-301b-794a5c4ff706">
      <Execution id="d0cb44f1-798a-460a-8a83-4fef7f0c517e" />
      <TestMethod codeBase="C:\rec\prg\repo\InventoryCtrl_2\test\Inventory.IntegrationTests\bin\Release\net8.0\Inventory.IntegrationTests.dll" adapterTypeName="executor://xunit/VsTestRunner2/netcoreapp" className="Inventory.IntegrationTests.Controllers.WarehouseControllerIntegrationTests" name="GetWarehouse_WithInvalidId_ShouldReturnNotFound" />
    </UnitTest>
    <UnitTest name="Inventory.IntegrationTests.Controllers.CategoryControllerIntegrationTestsNew.GetCategories_WithoutAuthentication_ShouldReturnUnauthorized" storage="c:\rec\prg\repo\inventoryctrl_2\test\inventory.integrationtests\bin\release\net8.0\inventory.integrationtests.dll" id="09883b85-5656-611b-6ffa-1261101966f8">
      <Execution id="00260024-0c80-432d-bf84-99ce30299d8a" />
      <TestMethod codeBase="C:\rec\prg\repo\InventoryCtrl_2\test\Inventory.IntegrationTests\bin\Release\net8.0\Inventory.IntegrationTests.dll" adapterTypeName="executor://xunit/VsTestRunner2/netcoreapp" className="Inventory.IntegrationTests.Controllers.CategoryControllerIntegrationTestsNew" name="GetCategories_WithoutAuthentication_ShouldReturnUnauthorized" />
    </UnitTest>
    <UnitTest name="Inventory.IntegrationTests.Controllers.DashboardControllerIntegrationTestsNew.GetDashboardStats_WithEmptyDatabase_ShouldReturnZeroStats" storage="c:\rec\prg\repo\inventoryctrl_2\test\inventory.integrationtests\bin\release\net8.0\inventory.integrationtests.dll" id="a8edabb0-484e-be63-aa41-7094e7b8864c">
      <Execution id="16e5c085-234d-458d-b4b0-b218f433cf0e" />
      <TestMethod codeBase="C:\rec\prg\repo\InventoryCtrl_2\test\Inventory.IntegrationTests\bin\Release\net8.0\Inventory.IntegrationTests.dll" adapterTypeName="executor://xunit/VsTestRunner2/netcoreapp" className="Inventory.IntegrationTests.Controllers.DashboardControllerIntegrationTestsNew" name="GetDashboardStats_WithEmptyDatabase_ShouldReturnZeroStats" />
    </UnitTest>
    <UnitTest name="Inventory.IntegrationTests.Controllers.WarehouseControllerIntegrationTests.GetWarehouses_WithSearchFilter_ShouldReturnFilteredResults" storage="c:\rec\prg\repo\inventoryctrl_2\test\inventory.integrationtests\bin\release\net8.0\inventory.integrationtests.dll" id="5d0018ca-6667-3d66-2448-4275f9c8bdaf">
      <Execution id="f4535ce3-9e4d-423f-b746-304839f3394d" />
      <TestMethod codeBase="C:\rec\prg\repo\InventoryCtrl_2\test\Inventory.IntegrationTests\bin\Release\net8.0\Inventory.IntegrationTests.dll" adapterTypeName="executor://xunit/VsTestRunner2/netcoreapp" className="Inventory.IntegrationTests.Controllers.WarehouseControllerIntegrationTests" name="GetWarehouses_WithSearchFilter_ShouldReturnFilteredResults" />
    </UnitTest>
    <UnitTest name="Inventory.IntegrationTests.Controllers.CategoryControllerIntegrationTestsNew.GetSubCategories_WithInvalidParentId_ShouldReturnEmptyList" storage="c:\rec\prg\repo\inventoryctrl_2\test\inventory.integrationtests\bin\release\net8.0\inventory.integrationtests.dll" id="d7a7cea3-2503-d465-04dc-6db59d43dc0d">
      <Execution id="5012ba87-8a30-4d43-8110-3683b6ca1da9" />
      <TestMethod codeBase="C:\rec\prg\repo\InventoryCtrl_2\test\Inventory.IntegrationTests\bin\Release\net8.0\Inventory.IntegrationTests.dll" adapterTypeName="executor://xunit/VsTestRunner2/netcoreapp" className="Inventory.IntegrationTests.Controllers.CategoryControllerIntegrationTestsNew" name="GetSubCategories_WithInvalidParentId_ShouldReturnEmptyList" />
    </UnitTest>
    <UnitTest name="Inventory.IntegrationTests.Controllers.AuthControllerIntegrationTestsNew.Login_WithValidCredentials_ShouldReturnToken" storage="c:\rec\prg\repo\inventoryctrl_2\test\inventory.integrationtests\bin\release\net8.0\inventory.integrationtests.dll" id="e382efb5-3557-3dd7-a91a-55dea3ae6fa5">
      <Execution id="5ff10c79-24c9-4f75-b62e-5419d61db794" />
      <TestMethod codeBase="C:\rec\prg\repo\InventoryCtrl_2\test\Inventory.IntegrationTests\bin\Release\net8.0\Inventory.IntegrationTests.dll" adapterTypeName="executor://xunit/VsTestRunner2/netcoreapp" className="Inventory.IntegrationTests.Controllers.AuthControllerIntegrationTestsNew" name="Login_WithValidCredentials_ShouldReturnToken" />
    </UnitTest>
    <UnitTest name="Inventory.IntegrationTests.Controllers.SSLCertificateControllerTests.ValidateCertificate_ShouldReturnNotFound_WhenCertificateDoesNotExist" storage="c:\rec\prg\repo\inventoryctrl_2\test\inventory.integrationtests\bin\release\net8.0\inventory.integrationtests.dll" id="e65e2a6a-b895-60a4-08aa-c428556273a2">
      <Execution id="947bd499-f99a-4882-98c9-e3e4b6b7ec0c" />
      <TestMethod codeBase="C:\rec\prg\repo\InventoryCtrl_2\test\Inventory.IntegrationTests\bin\Release\net8.0\Inventory.IntegrationTests.dll" adapterTypeName="executor://xunit/VsTestRunner2/netcoreapp" className="Inventory.IntegrationTests.Controllers.SSLCertificateControllerTests" name="ValidateCertificate_ShouldReturnNotFound_WhenCertificateDoesNotExist" />
    </UnitTest>
    <UnitTest name="Inventory.IntegrationTests.Controllers.WarehouseControllerIntegrationTests.GetWarehouses_WithValidData_ShouldReturnWarehouses" storage="c:\rec\prg\repo\inventoryctrl_2\test\inventory.integrationtests\bin\release\net8.0\inventory.integrationtests.dll" id="e9ba1568-5431-97c2-8d7d-a338e6d820f5">
      <Execution id="27530f5a-1a1d-48c1-ba25-25cd7b06dba6" />
      <TestMethod codeBase="C:\rec\prg\repo\InventoryCtrl_2\test\Inventory.IntegrationTests\bin\Release\net8.0\Inventory.IntegrationTests.dll" adapterTypeName="executor://xunit/VsTestRunner2/netcoreapp" className="Inventory.IntegrationTests.Controllers.WarehouseControllerIntegrationTests" name="GetWarehouses_WithValidData_ShouldReturnWarehouses" />
    </UnitTest>
    <UnitTest name="Inventory.IntegrationTests.Controllers.SSLCertificateControllerTests.ValidateCertificate_ShouldReturnOk_WhenCertificateExists" storage="c:\rec\prg\repo\inventoryctrl_2\test\inventory.integrationtests\bin\release\net8.0\inventory.integrationtests.dll" id="79666540-7e38-0696-ff7e-2c0a56e5021a">
      <Execution id="9a33aa4c-ef9e-4d15-942c-2f1fcaea1335" />
      <TestMethod codeBase="C:\rec\prg\repo\InventoryCtrl_2\test\Inventory.IntegrationTests\bin\Release\net8.0\Inventory.IntegrationTests.dll" adapterTypeName="executor://xunit/VsTestRunner2/netcoreapp" className="Inventory.IntegrationTests.Controllers.SSLCertificateControllerTests" name="ValidateCertificate_ShouldReturnOk_WhenCertificateExists" />
    </UnitTest>
    <UnitTest name="Inventory.IntegrationTests.Controllers.ManufacturerControllerIntegrationTests.GetManufacturers_WithEmptyDatabase_ShouldReturnEmptyList" storage="c:\rec\prg\repo\inventoryctrl_2\test\inventory.integrationtests\bin\release\net8.0\inventory.integrationtests.dll" id="73e5c10f-90a8-8471-4ef0-7c922000726f">
      <Execution id="9d84fa51-f82e-49fe-86d0-ecb580395ce5" />
      <TestMethod codeBase="C:\rec\prg\repo\InventoryCtrl_2\test\Inventory.IntegrationTests\bin\Release\net8.0\Inventory.IntegrationTests.dll" adapterTypeName="executor://xunit/VsTestRunner2/netcoreapp" className="Inventory.IntegrationTests.Controllers.ManufacturerControllerIntegrationTests" name="GetManufacturers_WithEmptyDatabase_ShouldReturnEmptyList" />
    </UnitTest>
    <UnitTest name="Inventory.IntegrationTests.Controllers.AuthControllerIntegrationTestsNew.Register_WithExistingUsername_ShouldReturnBadRequest" storage="c:\rec\prg\repo\inventoryctrl_2\test\inventory.integrationtests\bin\release\net8.0\inventory.integrationtests.dll" id="f43edfdc-0c7f-f3be-8e6a-e57922560831">
      <Execution id="eb126bc8-9287-47d6-b88c-9a4abb51785a" />
      <TestMethod codeBase="C:\rec\prg\repo\InventoryCtrl_2\test\Inventory.IntegrationTests\bin\Release\net8.0\Inventory.IntegrationTests.dll" adapterTypeName="executor://xunit/VsTestRunner2/netcoreapp" className="Inventory.IntegrationTests.Controllers.AuthControllerIntegrationTestsNew" name="Register_WithExistingUsername_ShouldReturnBadRequest" />
    </UnitTest>
    <UnitTest name="Inventory.IntegrationTests.Controllers.DashboardControllerIntegrationTestsNew.GetRecentActivity_WithValidData_ShouldReturnActivity" storage="c:\rec\prg\repo\inventoryctrl_2\test\inventory.integrationtests\bin\release\net8.0\inventory.integrationtests.dll" id="6f923d63-51b8-3022-ec27-325f170a0e07">
      <Execution id="a08893e2-59c3-44d1-af9c-d40839f3cf0f" />
      <TestMethod codeBase="C:\rec\prg\repo\InventoryCtrl_2\test\Inventory.IntegrationTests\bin\Release\net8.0\Inventory.IntegrationTests.dll" adapterTypeName="executor://xunit/VsTestRunner2/netcoreapp" className="Inventory.IntegrationTests.Controllers.DashboardControllerIntegrationTestsNew" name="GetRecentActivity_WithValidData_ShouldReturnActivity" />
    </UnitTest>
    <UnitTest name="Inventory.IntegrationTests.Controllers.WarehouseControllerIntegrationTests.DeleteWarehouse_WithValidId_ShouldSoftDeleteWarehouse" storage="c:\rec\prg\repo\inventoryctrl_2\test\inventory.integrationtests\bin\release\net8.0\inventory.integrationtests.dll" id="4a72e918-a96c-9b11-1762-755e6c7f53f1">
      <Execution id="411386d5-52cd-44df-944b-942c702ad094" />
      <TestMethod codeBase="C:\rec\prg\repo\InventoryCtrl_2\test\Inventory.IntegrationTests\bin\Release\net8.0\Inventory.IntegrationTests.dll" adapterTypeName="executor://xunit/VsTestRunner2/netcoreapp" className="Inventory.IntegrationTests.Controllers.WarehouseControllerIntegrationTests" name="DeleteWarehouse_WithValidId_ShouldSoftDeleteWarehouse" />
    </UnitTest>
    <UnitTest name="Inventory.IntegrationTests.Controllers.ManufacturerControllerIntegrationTests.DeleteManufacturer_WithValidId_ShouldDeleteManufacturer" storage="c:\rec\prg\repo\inventoryctrl_2\test\inventory.integrationtests\bin\release\net8.0\inventory.integrationtests.dll" id="97102ac1-fdb7-738b-ca59-2567405901c7">
      <Execution id="4657d28b-95f5-4042-b903-09d8c304c30e" />
      <TestMethod codeBase="C:\rec\prg\repo\InventoryCtrl_2\test\Inventory.IntegrationTests\bin\Release\net8.0\Inventory.IntegrationTests.dll" adapterTypeName="executor://xunit/VsTestRunner2/netcoreapp" className="Inventory.IntegrationTests.Controllers.ManufacturerControllerIntegrationTests" name="DeleteManufacturer_WithValidId_ShouldDeleteManufacturer" />
    </UnitTest>
    <UnitTest name="Inventory.IntegrationTests.RequestCreation.RequestCreationFlowTests.CreateRequestAndAddItems_ShouldHandleComplexObjectGraphs" storage="c:\rec\prg\repo\inventoryctrl_2\test\inventory.integrationtests\bin\release\net8.0\inventory.integrationtests.dll" id="0804eb64-3aa0-06d6-2ffe-3a764e8ad9c9">
      <Execution id="47505c77-5f89-40f2-8b3a-1e80c512e167" />
      <TestMethod codeBase="C:\rec\prg\repo\InventoryCtrl_2\test\Inventory.IntegrationTests\bin\Release\net8.0\Inventory.IntegrationTests.dll" adapterTypeName="executor://xunit/VsTestRunner2/netcoreapp" className="Inventory.IntegrationTests.RequestCreation.RequestCreationFlowTests" name="CreateRequestAndAddItems_ShouldHandleComplexObjectGraphs" />
    </UnitTest>
    <UnitTest name="Inventory.IntegrationTests.Controllers.AuditControllerTests.GetAuditLogs_WithoutAuthentication_ShouldReturnUnauthorized" storage="c:\rec\prg\repo\inventoryctrl_2\test\inventory.integrationtests\bin\release\net8.0\inventory.integrationtests.dll" id="2a54a223-28ab-482e-b09e-9809ce66bc0e">
      <Execution id="9a957ce6-3205-446d-a588-0c57875dcc5d" />
      <TestMethod codeBase="C:\rec\prg\repo\InventoryCtrl_2\test\Inventory.IntegrationTests\bin\Release\net8.0\Inventory.IntegrationTests.dll" adapterTypeName="executor://xunit/VsTestRunner2/netcoreapp" className="Inventory.IntegrationTests.Controllers.AuditControllerTests" name="GetAuditLogs_WithoutAuthentication_ShouldReturnUnauthorized" />
    </UnitTest>
    <UnitTest name="Inventory.IntegrationTests.Controllers.SSLCertificateControllerTests.RenewCertificate_ShouldReturnOk_WhenCertificateExists" storage="c:\rec\prg\repo\inventoryctrl_2\test\inventory.integrationtests\bin\release\net8.0\inventory.integrationtests.dll" id="e73c46bc-f392-3d59-9c72-d77be3f42b3f">
      <Execution id="af62c7a0-0502-4ae9-879f-e2399784b4f8" />
      <TestMethod codeBase="C:\rec\prg\repo\InventoryCtrl_2\test\Inventory.IntegrationTests\bin\Release\net8.0\Inventory.IntegrationTests.dll" adapterTypeName="executor://xunit/VsTestRunner2/netcoreapp" className="Inventory.IntegrationTests.Controllers.SSLCertificateControllerTests" name="RenewCertificate_ShouldReturnOk_WhenCertificateExists" />
    </UnitTest>
    <UnitTest name="Inventory.IntegrationTests.Controllers.AuditControllerTests.GetEntityAuditLogs_ShouldReturnEntityLogs" storage="c:\rec\prg\repo\inventoryctrl_2\test\inventory.integrationtests\bin\release\net8.0\inventory.integrationtests.dll" id="86a5b843-dc31-b931-ac3e-fca4bebb0dd9">
      <Execution id="7e7ed745-750c-4a64-aa28-242ec7c2644c" />
      <TestMethod codeBase="C:\rec\prg\repo\InventoryCtrl_2\test\Inventory.IntegrationTests\bin\Release\net8.0\Inventory.IntegrationTests.dll" adapterTypeName="executor://xunit/VsTestRunner2/netcoreapp" className="Inventory.IntegrationTests.Controllers.AuditControllerTests" name="GetEntityAuditLogs_ShouldReturnEntityLogs" />
    </UnitTest>
    <UnitTest name="Inventory.IntegrationTests.Controllers.WarehouseControllerIntegrationTests.DeleteWarehouse_WithTransactions_ShouldReturnBadRequest" storage="c:\rec\prg\repo\inventoryctrl_2\test\inventory.integrationtests\bin\release\net8.0\inventory.integrationtests.dll" id="bde9ef13-9ca1-3f85-a2e6-ca0092d06697">
      <Execution id="61e316ef-129c-4f95-98e2-dde04eb67358" />
      <TestMethod codeBase="C:\rec\prg\repo\InventoryCtrl_2\test\Inventory.IntegrationTests\bin\Release\net8.0\Inventory.IntegrationTests.dll" adapterTypeName="executor://xunit/VsTestRunner2/netcoreapp" className="Inventory.IntegrationTests.Controllers.WarehouseControllerIntegrationTests" name="DeleteWarehouse_WithTransactions_ShouldReturnBadRequest" />
    </UnitTest>
    <UnitTest name="Inventory.IntegrationTests.Controllers.CategoryControllerIntegrationTestsNew.CreateCategory_WithValidData_ShouldCreateCategory" storage="c:\rec\prg\repo\inventoryctrl_2\test\inventory.integrationtests\bin\release\net8.0\inventory.integrationtests.dll" id="42d4f4e1-06ee-fa60-9204-644fbca42896">
      <Execution id="37a141e5-5318-4eba-8db8-9f9e8b7c8129" />
      <TestMethod codeBase="C:\rec\prg\repo\InventoryCtrl_2\test\Inventory.IntegrationTests\bin\Release\net8.0\Inventory.IntegrationTests.dll" adapterTypeName="executor://xunit/VsTestRunner2/netcoreapp" className="Inventory.IntegrationTests.Controllers.CategoryControllerIntegrationTestsNew" name="CreateCategory_WithValidData_ShouldCreateCategory" />
    </UnitTest>
    <UnitTest name="Inventory.IntegrationTests.Controllers.ManufacturerControllerIntegrationTests.GetManufacturer_WithValidId_ShouldReturnManufacturer" storage="c:\rec\prg\repo\inventoryctrl_2\test\inventory.integrationtests\bin\release\net8.0\inventory.integrationtests.dll" id="79c70ac1-5937-f02f-d399-b52b700f4fdc">
      <Execution id="e28a3ad6-f509-48a5-8d6d-4418039d64e8" />
      <TestMethod codeBase="C:\rec\prg\repo\InventoryCtrl_2\test\Inventory.IntegrationTests\bin\Release\net8.0\Inventory.IntegrationTests.dll" adapterTypeName="executor://xunit/VsTestRunner2/netcoreapp" className="Inventory.IntegrationTests.Controllers.ManufacturerControllerIntegrationTests" name="GetManufacturer_WithValidId_ShouldReturnManufacturer" />
    </UnitTest>
    <UnitTest name="Inventory.IntegrationTests.Controllers.SSLCertificateControllerTests.RenewCertificate_ShouldReturnNotFound_WhenCertificateDoesNotExist" storage="c:\rec\prg\repo\inventoryctrl_2\test\inventory.integrationtests\bin\release\net8.0\inventory.integrationtests.dll" id="9a6426ad-e5d8-f2d2-c574-1e4f43f5b508">
      <Execution id="be4732ee-4683-4b6d-8e95-61cfb8680b3e" />
      <TestMethod codeBase="C:\rec\prg\repo\InventoryCtrl_2\test\Inventory.IntegrationTests\bin\Release\net8.0\Inventory.IntegrationTests.dll" adapterTypeName="executor://xunit/VsTestRunner2/netcoreapp" className="Inventory.IntegrationTests.Controllers.SSLCertificateControllerTests" name="RenewCertificate_ShouldReturnNotFound_WhenCertificateDoesNotExist" />
    </UnitTest>
    <UnitTest name="Inventory.IntegrationTests.Controllers.ManufacturerControllerIntegrationTests.GetManufacturers_WithValidData_ShouldReturnManufacturers" storage="c:\rec\prg\repo\inventoryctrl_2\test\inventory.integrationtests\bin\release\net8.0\inventory.integrationtests.dll" id="2d219086-6e23-0af6-93de-7040bdfa3166">
      <Execution id="54168a5c-aeb7-4d35-8ec8-76cdca09cc51" />
      <TestMethod codeBase="C:\rec\prg\repo\InventoryCtrl_2\test\Inventory.IntegrationTests\bin\Release\net8.0\Inventory.IntegrationTests.dll" adapterTypeName="executor://xunit/VsTestRunner2/netcoreapp" className="Inventory.IntegrationTests.Controllers.ManufacturerControllerIntegrationTests" name="GetManufacturers_WithValidData_ShouldReturnManufacturers" />
    </UnitTest>
    <UnitTest name="Inventory.IntegrationTests.Controllers.WarehouseControllerIntegrationTests.UpdateWarehouse_WithValidData_ShouldUpdateWarehouse" storage="c:\rec\prg\repo\inventoryctrl_2\test\inventory.integrationtests\bin\release\net8.0\inventory.integrationtests.dll" id="314aab2a-74ef-e29e-8f59-f304f09b67ff">
      <Execution id="439ee571-1d00-43ee-9abc-89d0631e8add" />
      <TestMethod codeBase="C:\rec\prg\repo\InventoryCtrl_2\test\Inventory.IntegrationTests\bin\Release\net8.0\Inventory.IntegrationTests.dll" adapterTypeName="executor://xunit/VsTestRunner2/netcoreapp" className="Inventory.IntegrationTests.Controllers.WarehouseControllerIntegrationTests" name="UpdateWarehouse_WithValidData_ShouldUpdateWarehouse" />
    </UnitTest>
    <UnitTest name="Inventory.IntegrationTests.Controllers.CategoryControllerIntegrationTestsNew.GetCategories_WithEmptyDatabase_ShouldReturnEmptyList" storage="c:\rec\prg\repo\inventoryctrl_2\test\inventory.integrationtests\bin\release\net8.0\inventory.integrationtests.dll" id="35eaa1ba-b917-e929-8f73-26baa3c8cee7">
      <Execution id="4e728385-303b-4d72-a237-76b664f9550b" />
      <TestMethod codeBase="C:\rec\prg\repo\InventoryCtrl_2\test\Inventory.IntegrationTests\bin\Release\net8.0\Inventory.IntegrationTests.dll" adapterTypeName="executor://xunit/VsTestRunner2/netcoreapp" className="Inventory.IntegrationTests.Controllers.CategoryControllerIntegrationTestsNew" name="GetCategories_WithEmptyDatabase_ShouldReturnEmptyList" />
    </UnitTest>
    <UnitTest name="Inventory.IntegrationTests.Controllers.WarehouseControllerIntegrationTests.CreateWarehouse_WithDuplicateName_ShouldReturnBadRequest" storage="c:\rec\prg\repo\inventoryctrl_2\test\inventory.integrationtests\bin\release\net8.0\inventory.integrationtests.dll" id="a7b5055d-f61b-e9cc-b7ec-ab391e63fbf2">
      <Execution id="26e3fa85-5689-48c9-9ff5-f974f4783d46" />
      <TestMethod codeBase="C:\rec\prg\repo\InventoryCtrl_2\test\Inventory.IntegrationTests\bin\Release\net8.0\Inventory.IntegrationTests.dll" adapterTypeName="executor://xunit/VsTestRunner2/netcoreapp" className="Inventory.IntegrationTests.Controllers.WarehouseControllerIntegrationTests" name="CreateWarehouse_WithDuplicateName_ShouldReturnBadRequest" />
    </UnitTest>
    <UnitTest name="Inventory.IntegrationTests.Controllers.DashboardControllerIntegrationTestsNew.GetLowStockProducts_WithValidData_ShouldReturnLowStockProducts" storage="c:\rec\prg\repo\inventoryctrl_2\test\inventory.integrationtests\bin\release\net8.0\inventory.integrationtests.dll" id="9cbb7a81-6d0f-31b7-176e-81441bf1de65">
      <Execution id="0d763210-2e8e-450c-9476-9071231a4f2a" />
      <TestMethod codeBase="C:\rec\prg\repo\InventoryCtrl_2\test\Inventory.IntegrationTests\bin\Release\net8.0\Inventory.IntegrationTests.dll" adapterTypeName="executor://xunit/VsTestRunner2/netcoreapp" className="Inventory.IntegrationTests.Controllers.DashboardControllerIntegrationTestsNew" name="GetLowStockProducts_WithValidData_ShouldReturnLowStockProducts" />
    </UnitTest>
    <UnitTest name="Inventory.IntegrationTests.Controllers.SimpleIntegrationTests.MathTest_ShouldCalculateCorrectly" storage="c:\rec\prg\repo\inventoryctrl_2\test\inventory.integrationtests\bin\release\net8.0\inventory.integrationtests.dll" id="da3b57f6-020d-a40d-7026-6541dbb71890">
      <Execution id="767dcd01-ab06-4d39-ad34-a0d5c4864fd8" />
      <TestMethod codeBase="C:\rec\prg\repo\InventoryCtrl_2\test\Inventory.IntegrationTests\bin\Release\net8.0\Inventory.IntegrationTests.dll" adapterTypeName="executor://xunit/VsTestRunner2/netcoreapp" className="Inventory.IntegrationTests.Controllers.SimpleIntegrationTests" name="MathTest_ShouldCalculateCorrectly" />
    </UnitTest>
    <UnitTest name="Inventory.IntegrationTests.Controllers.CategoryControllerIntegrationTestsNew.GetCategory_WithInvalidId_ShouldReturnNotFound" storage="c:\rec\prg\repo\inventoryctrl_2\test\inventory.integrationtests\bin\release\net8.0\inventory.integrationtests.dll" id="765b2401-1c44-d763-688a-b17df88dac62">
      <Execution id="95e4411e-b885-410e-860a-1b7a65f20098" />
      <TestMethod codeBase="C:\rec\prg\repo\InventoryCtrl_2\test\Inventory.IntegrationTests\bin\Release\net8.0\Inventory.IntegrationTests.dll" adapterTypeName="executor://xunit/VsTestRunner2/netcoreapp" className="Inventory.IntegrationTests.Controllers.CategoryControllerIntegrationTestsNew" name="GetCategory_WithInvalidId_ShouldReturnNotFound" />
    </UnitTest>
    <UnitTest name="Inventory.IntegrationTests.Controllers.DashboardControllerIntegrationTestsNew.GetDashboardStats_WithValidData_ShouldReturnStats" storage="c:\rec\prg\repo\inventoryctrl_2\test\inventory.integrationtests\bin\release\net8.0\inventory.integrationtests.dll" id="c5b5279b-7ecf-3103-f886-1d435f3a041a">
      <Execution id="142c2204-37d1-400f-a7f6-8fd2fe86c556" />
      <TestMethod codeBase="C:\rec\prg\repo\InventoryCtrl_2\test\Inventory.IntegrationTests\bin\Release\net8.0\Inventory.IntegrationTests.dll" adapterTypeName="executor://xunit/VsTestRunner2/netcoreapp" className="Inventory.IntegrationTests.Controllers.DashboardControllerIntegrationTestsNew" name="GetDashboardStats_WithValidData_ShouldReturnStats" />
    </UnitTest>
    <UnitTest name="Inventory.IntegrationTests.Controllers.AuthControllerIntegrationTestsNew.Register_WithValidData_ShouldCreateUser" storage="c:\rec\prg\repo\inventoryctrl_2\test\inventory.integrationtests\bin\release\net8.0\inventory.integrationtests.dll" id="1c7bbc3c-1e31-f2df-a206-1cc8c0551950">
      <Execution id="7ea4f953-8e43-4dce-b29d-85a28051168a" />
      <TestMethod codeBase="C:\rec\prg\repo\InventoryCtrl_2\test\Inventory.IntegrationTests\bin\Release\net8.0\Inventory.IntegrationTests.dll" adapterTypeName="executor://xunit/VsTestRunner2/netcoreapp" className="Inventory.IntegrationTests.Controllers.AuthControllerIntegrationTestsNew" name="Register_WithValidData_ShouldCreateUser" />
    </UnitTest>
    <UnitTest name="Inventory.IntegrationTests.Controllers.CategoryControllerIntegrationTestsNew.GetSubCategories_WithValidParentId_ShouldReturnSubcategories" storage="c:\rec\prg\repo\inventoryctrl_2\test\inventory.integrationtests\bin\release\net8.0\inventory.integrationtests.dll" id="3856c374-afc4-c3d1-e5d0-22fed477bd9f">
      <Execution id="20ca3e04-59a4-4e8e-8825-08e64ebe51a2" />
      <TestMethod codeBase="C:\rec\prg\repo\InventoryCtrl_2\test\Inventory.IntegrationTests\bin\Release\net8.0\Inventory.IntegrationTests.dll" adapterTypeName="executor://xunit/VsTestRunner2/netcoreapp" className="Inventory.IntegrationTests.Controllers.CategoryControllerIntegrationTestsNew" name="GetSubCategories_WithValidParentId_ShouldReturnSubcategories" />
    </UnitTest>
    <UnitTest name="Inventory.IntegrationTests.Controllers.CategoryControllerIntegrationTestsNew.GetCategory_WithValidId_ShouldReturnCategory" storage="c:\rec\prg\repo\inventoryctrl_2\test\inventory.integrationtests\bin\release\net8.0\inventory.integrationtests.dll" id="2aec5a24-eafc-7b95-e507-b9d4f0e6a995">
      <Execution id="90097440-de24-4e0e-b812-378e13e9895d" />
      <TestMethod codeBase="C:\rec\prg\repo\InventoryCtrl_2\test\Inventory.IntegrationTests\bin\Release\net8.0\Inventory.IntegrationTests.dll" adapterTypeName="executor://xunit/VsTestRunner2/netcoreapp" className="Inventory.IntegrationTests.Controllers.CategoryControllerIntegrationTestsNew" name="GetCategory_WithValidId_ShouldReturnCategory" />
    </UnitTest>
    <UnitTest name="Inventory.IntegrationTests.Controllers.WarehouseControllerIntegrationTests.UpdateWarehouse_WithInvalidId_ShouldReturnNotFound" storage="c:\rec\prg\repo\inventoryctrl_2\test\inventory.integrationtests\bin\release\net8.0\inventory.integrationtests.dll" id="135f78f4-4976-7509-bdba-6d9a74bb1721">
      <Execution id="93f0a66f-52a9-448e-9e75-d3aff4d80805" />
      <TestMethod codeBase="C:\rec\prg\repo\InventoryCtrl_2\test\Inventory.IntegrationTests\bin\Release\net8.0\Inventory.IntegrationTests.dll" adapterTypeName="executor://xunit/VsTestRunner2/netcoreapp" className="Inventory.IntegrationTests.Controllers.WarehouseControllerIntegrationTests" name="UpdateWarehouse_WithInvalidId_ShouldReturnNotFound" />
    </UnitTest>
    <UnitTest name="Inventory.IntegrationTests.Controllers.AuditControllerTests.CleanupOldLogs_AsAdmin_ShouldReturnCleanupResult" storage="c:\rec\prg\repo\inventoryctrl_2\test\inventory.integrationtests\bin\release\net8.0\inventory.integrationtests.dll" id="c92b5f08-cbe7-437a-c22f-14402dfada1a">
      <Execution id="fcd50c5f-309a-46e8-b561-a1c308a91dac" />
      <TestMethod codeBase="C:\rec\prg\repo\InventoryCtrl_2\test\Inventory.IntegrationTests\bin\Release\net8.0\Inventory.IntegrationTests.dll" adapterTypeName="executor://xunit/VsTestRunner2/netcoreapp" className="Inventory.IntegrationTests.Controllers.AuditControllerTests" name="CleanupOldLogs_AsAdmin_ShouldReturnCleanupResult" />
    </UnitTest>
    <UnitTest name="Inventory.IntegrationTests.Controllers.WarehouseControllerIntegrationTests.GetWarehouse_WithValidId_ShouldReturnWarehouse" storage="c:\rec\prg\repo\inventoryctrl_2\test\inventory.integrationtests\bin\release\net8.0\inventory.integrationtests.dll" id="268b04ad-7148-3c1b-649e-c4f47b439f42">
      <Execution id="1799c809-e70b-408a-b516-677ad4333501" />
      <TestMethod codeBase="C:\rec\prg\repo\InventoryCtrl_2\test\Inventory.IntegrationTests\bin\Release\net8.0\Inventory.IntegrationTests.dll" adapterTypeName="executor://xunit/VsTestRunner2/netcoreapp" className="Inventory.IntegrationTests.Controllers.WarehouseControllerIntegrationTests" name="GetWarehouse_WithValidId_ShouldReturnWarehouse" />
    </UnitTest>
    <UnitTest name="Inventory.IntegrationTests.Controllers.CategoryControllerIntegrationTestsNew.CreateCategory_WithInvalidParentId_ShouldReturnBadRequest" storage="c:\rec\prg\repo\inventoryctrl_2\test\inventory.integrationtests\bin\release\net8.0\inventory.integrationtests.dll" id="8312cd04-f66a-67da-7dbc-543319e236c3">
      <Execution id="7982ef99-78e3-44ce-848a-958416b080d3" />
      <TestMethod codeBase="C:\rec\prg\repo\InventoryCtrl_2\test\Inventory.IntegrationTests\bin\Release\net8.0\Inventory.IntegrationTests.dll" adapterTypeName="executor://xunit/VsTestRunner2/netcoreapp" className="Inventory.IntegrationTests.Controllers.CategoryControllerIntegrationTestsNew" name="CreateCategory_WithInvalidParentId_ShouldReturnBadRequest" />
    </UnitTest>
    <UnitTest name="Inventory.IntegrationTests.Controllers.SSLCertificateControllerTests.DeleteCertificate_ShouldReturnNoContent_WhenCertificateExists" storage="c:\rec\prg\repo\inventoryctrl_2\test\inventory.integrationtests\bin\release\net8.0\inventory.integrationtests.dll" id="52023f73-bc30-7a33-f075-7658c4bde98f">
      <Execution id="41c850d2-ab54-45e0-8407-8d7d2c8b3b7c" />
      <TestMethod codeBase="C:\rec\prg\repo\InventoryCtrl_2\test\Inventory.IntegrationTests\bin\Release\net8.0\Inventory.IntegrationTests.dll" adapterTypeName="executor://xunit/VsTestRunner2/netcoreapp" className="Inventory.IntegrationTests.Controllers.SSLCertificateControllerTests" name="DeleteCertificate_ShouldReturnNoContent_WhenCertificateExists" />
    </UnitTest>
    <UnitTest name="Inventory.IntegrationTests.Controllers.AuditControllerTests.GetAuditLogs_WithFilters_ShouldReturnFilteredLogs" storage="c:\rec\prg\repo\inventoryctrl_2\test\inventory.integrationtests\bin\release\net8.0\inventory.integrationtests.dll" id="075f24ff-5949-2a07-13f6-f892f656dc53">
      <Execution id="c8713091-e441-4ecc-98c0-aaa7fd6cd567" />
      <TestMethod codeBase="C:\rec\prg\repo\InventoryCtrl_2\test\Inventory.IntegrationTests\bin\Release\net8.0\Inventory.IntegrationTests.dll" adapterTypeName="executor://xunit/VsTestRunner2/netcoreapp" className="Inventory.IntegrationTests.Controllers.AuditControllerTests" name="GetAuditLogs_WithFilters_ShouldReturnFilteredLogs" />
    </UnitTest>
    <UnitTest name="Inventory.IntegrationTests.Controllers.AuditControllerTests.GetUserAuditLogs_ShouldReturnUserLogs" storage="c:\rec\prg\repo\inventoryctrl_2\test\inventory.integrationtests\bin\release\net8.0\inventory.integrationtests.dll" id="7de01d6d-1dc7-e8db-7903-806bc445ca1c">
      <Execution id="554aa58b-99c1-40c7-ad54-7e223f5058c3" />
      <TestMethod codeBase="C:\rec\prg\repo\InventoryCtrl_2\test\Inventory.IntegrationTests\bin\Release\net8.0\Inventory.IntegrationTests.dll" adapterTypeName="executor://xunit/VsTestRunner2/netcoreapp" className="Inventory.IntegrationTests.Controllers.AuditControllerTests" name="GetUserAuditLogs_ShouldReturnUserLogs" />
    </UnitTest>
    <UnitTest name="Inventory.IntegrationTests.Controllers.AuthControllerIntegrationTestsNew.Login_WithInvalidCredentials_ShouldReturnUnauthorized" storage="c:\rec\prg\repo\inventoryctrl_2\test\inventory.integrationtests\bin\release\net8.0\inventory.integrationtests.dll" id="9fba80c4-404f-d2a6-4023-a615ededf0f9">
      <Execution id="b0d0d409-0d5d-450a-9735-e264388e0ac6" />
      <TestMethod codeBase="C:\rec\prg\repo\InventoryCtrl_2\test\Inventory.IntegrationTests\bin\Release\net8.0\Inventory.IntegrationTests.dll" adapterTypeName="executor://xunit/VsTestRunner2/netcoreapp" className="Inventory.IntegrationTests.Controllers.AuthControllerIntegrationTestsNew" name="Login_WithInvalidCredentials_ShouldReturnUnauthorized" />
    </UnitTest>
    <UnitTest name="Inventory.IntegrationTests.Controllers.AuditControllerTests.GetAuditStatistics_ShouldReturnStatistics" storage="c:\rec\prg\repo\inventoryctrl_2\test\inventory.integrationtests\bin\release\net8.0\inventory.integrationtests.dll" id="9f67f352-d2bf-5aca-d494-870209401e13">
      <Execution id="4231cebe-dca3-46bc-8e3f-8d9d86b2c6f5" />
      <TestMethod codeBase="C:\rec\prg\repo\InventoryCtrl_2\test\Inventory.IntegrationTests\bin\Release\net8.0\Inventory.IntegrationTests.dll" adapterTypeName="executor://xunit/VsTestRunner2/netcoreapp" className="Inventory.IntegrationTests.Controllers.AuditControllerTests" name="GetAuditStatistics_ShouldReturnStatistics" />
    </UnitTest>
    <UnitTest name="Inventory.IntegrationTests.Controllers.AuthControllerIntegrationTestsNew.Login_WithEmptyCredentials_ShouldReturnBadRequest" storage="c:\rec\prg\repo\inventoryctrl_2\test\inventory.integrationtests\bin\release\net8.0\inventory.integrationtests.dll" id="bcb224eb-5565-246a-2c56-27ed51139071">
      <Execution id="aa44fc66-b091-44a7-b0be-3ab425a44ebd" />
      <TestMethod codeBase="C:\rec\prg\repo\InventoryCtrl_2\test\Inventory.IntegrationTests\bin\Release\net8.0\Inventory.IntegrationTests.dll" adapterTypeName="executor://xunit/VsTestRunner2/netcoreapp" className="Inventory.IntegrationTests.Controllers.AuthControllerIntegrationTestsNew" name="Login_WithEmptyCredentials_ShouldReturnBadRequest" />
    </UnitTest>
    <UnitTest name="Inventory.IntegrationTests.Controllers.ManufacturerControllerIntegrationTests.GetManufacturer_WithInvalidId_ShouldReturnNotFound" storage="c:\rec\prg\repo\inventoryctrl_2\test\inventory.integrationtests\bin\release\net8.0\inventory.integrationtests.dll" id="b0615da0-9d3e-9319-3bb8-fb49a17f9f49">
      <Execution id="cf005f58-534a-4147-a059-3e468efef6cf" />
      <TestMethod codeBase="C:\rec\prg\repo\InventoryCtrl_2\test\Inventory.IntegrationTests\bin\Release\net8.0\Inventory.IntegrationTests.dll" adapterTypeName="executor://xunit/VsTestRunner2/netcoreapp" className="Inventory.IntegrationTests.Controllers.ManufacturerControllerIntegrationTests" name="GetManufacturer_WithInvalidId_ShouldReturnNotFound" />
    </UnitTest>
    <UnitTest name="Inventory.IntegrationTests.RequestCreation.RequestCreationFlowTests.CreateRequest_ShouldNotCauseAuditSerializationErrors" storage="c:\rec\prg\repo\inventoryctrl_2\test\inventory.integrationtests\bin\release\net8.0\inventory.integrationtests.dll" id="1eaab3b9-fef6-2ebe-2e9e-4d63d32a2ac2">
      <Execution id="bb10bc0e-1664-4494-9e13-7768a30ea018" />
      <TestMethod codeBase="C:\rec\prg\repo\InventoryCtrl_2\test\Inventory.IntegrationTests\bin\Release\net8.0\Inventory.IntegrationTests.dll" adapterTypeName="executor://xunit/VsTestRunner2/netcoreapp" className="Inventory.IntegrationTests.RequestCreation.RequestCreationFlowTests" name="CreateRequest_ShouldNotCauseAuditSerializationErrors" />
    </UnitTest>
    <UnitTest name="Inventory.IntegrationTests.Controllers.DashboardControllerIntegrationTestsNew.GetDashboardStats_WithoutAuthentication_ShouldReturnUnauthorized" storage="c:\rec\prg\repo\inventoryctrl_2\test\inventory.integrationtests\bin\release\net8.0\inventory.integrationtests.dll" id="2a84c999-4de1-efb1-7135-b1cba814c582">
      <Execution id="30a1fbcf-1f37-4ee0-b555-b46ca1234fda" />
      <TestMethod codeBase="C:\rec\prg\repo\InventoryCtrl_2\test\Inventory.IntegrationTests\bin\Release\net8.0\Inventory.IntegrationTests.dll" adapterTypeName="executor://xunit/VsTestRunner2/netcoreapp" className="Inventory.IntegrationTests.Controllers.DashboardControllerIntegrationTestsNew" name="GetDashboardStats_WithoutAuthentication_ShouldReturnUnauthorized" />
    </UnitTest>
    <UnitTest name="Inventory.IntegrationTests.Controllers.ManufacturerControllerIntegrationTests.DeleteManufacturer_WithProducts_ShouldReturnBadRequest" storage="c:\rec\prg\repo\inventoryctrl_2\test\inventory.integrationtests\bin\release\net8.0\inventory.integrationtests.dll" id="ea0caeeb-dc82-5c78-6ef4-1df928ea12e8">
      <Execution id="0c891a85-4b29-40bc-a509-0312dbe05df1" />
      <TestMethod codeBase="C:\rec\prg\repo\InventoryCtrl_2\test\Inventory.IntegrationTests\bin\Release\net8.0\Inventory.IntegrationTests.dll" adapterTypeName="executor://xunit/VsTestRunner2/netcoreapp" className="Inventory.IntegrationTests.Controllers.ManufacturerControllerIntegrationTests" name="DeleteManufacturer_WithProducts_ShouldReturnBadRequest" />
    </UnitTest>
    <UnitTest name="Inventory.IntegrationTests.Controllers.SSLCertificateControllerTests.GetCertificateHealth_ShouldReturnOk" storage="c:\rec\prg\repo\inventoryctrl_2\test\inventory.integrationtests\bin\release\net8.0\inventory.integrationtests.dll" id="2d474dc4-75c3-3932-2892-d8deab3b3b90">
      <Execution id="b9ed5fc6-3273-4ea2-8186-a75d6d713e12" />
      <TestMethod codeBase="C:\rec\prg\repo\InventoryCtrl_2\test\Inventory.IntegrationTests\bin\Release\net8.0\Inventory.IntegrationTests.dll" adapterTypeName="executor://xunit/VsTestRunner2/netcoreapp" className="Inventory.IntegrationTests.Controllers.SSLCertificateControllerTests" name="GetCertificateHealth_ShouldReturnOk" />
    </UnitTest>
    <UnitTest name="Inventory.IntegrationTests.Controllers.SSLCertificateControllerTests.GetCertificate_ShouldReturnOk_WhenCertificateExists" storage="c:\rec\prg\repo\inventoryctrl_2\test\inventory.integrationtests\bin\release\net8.0\inventory.integrationtests.dll" id="d2d2873f-6196-ae14-045a-115d699c3337">
      <Execution id="cbd8435e-8d42-4327-b426-11558705ccb3" />
      <TestMethod codeBase="C:\rec\prg\repo\InventoryCtrl_2\test\Inventory.IntegrationTests\bin\Release\net8.0\Inventory.IntegrationTests.dll" adapterTypeName="executor://xunit/VsTestRunner2/netcoreapp" className="Inventory.IntegrationTests.Controllers.SSLCertificateControllerTests" name="GetCertificate_ShouldReturnOk_WhenCertificateExists" />
    </UnitTest>
    <UnitTest name="Inventory.IntegrationTests.Controllers.SSLCertificateControllerTests.GetCertificate_ShouldReturnNotFound_WhenCertificateDoesNotExist" storage="c:\rec\prg\repo\inventoryctrl_2\test\inventory.integrationtests\bin\release\net8.0\inventory.integrationtests.dll" id="73842314-b354-1e3b-f0e7-a4498e0cb844">
      <Execution id="8e9d4a70-b50c-4aa7-9562-431129100dc7" />
      <TestMethod codeBase="C:\rec\prg\repo\InventoryCtrl_2\test\Inventory.IntegrationTests\bin\Release\net8.0\Inventory.IntegrationTests.dll" adapterTypeName="executor://xunit/VsTestRunner2/netcoreapp" className="Inventory.IntegrationTests.Controllers.SSLCertificateControllerTests" name="GetCertificate_ShouldReturnNotFound_WhenCertificateDoesNotExist" />
    </UnitTest>
    <UnitTest name="Inventory.IntegrationTests.Controllers.ManufacturerControllerIntegrationTests.UpdateManufacturer_WithValidData_ShouldUpdateManufacturer" storage="c:\rec\prg\repo\inventoryctrl_2\test\inventory.integrationtests\bin\release\net8.0\inventory.integrationtests.dll" id="dfe4a1f7-e291-2577-f4d5-4112805170ee">
      <Execution id="96e40779-b2ad-4a8e-9a5d-61410e0520cd" />
      <TestMethod codeBase="C:\rec\prg\repo\InventoryCtrl_2\test\Inventory.IntegrationTests\bin\Release\net8.0\Inventory.IntegrationTests.dll" adapterTypeName="executor://xunit/VsTestRunner2/netcoreapp" className="Inventory.IntegrationTests.Controllers.ManufacturerControllerIntegrationTests" name="UpdateManufacturer_WithValidData_ShouldUpdateManufacturer" />
    </UnitTest>
    <UnitTest name="Inventory.IntegrationTests.Controllers.AuthControllerIntegrationTestsNew.Register_WithInvalidData_ShouldReturnBadRequest" storage="c:\rec\prg\repo\inventoryctrl_2\test\inventory.integrationtests\bin\release\net8.0\inventory.integrationtests.dll" id="84c59af7-5bcc-65fd-a0d9-1de27126a402">
      <Execution id="8306469f-ad21-4f64-9559-46bca9ae222f" />
      <TestMethod codeBase="C:\rec\prg\repo\InventoryCtrl_2\test\Inventory.IntegrationTests\bin\Release\net8.0\Inventory.IntegrationTests.dll" adapterTypeName="executor://xunit/VsTestRunner2/netcoreapp" className="Inventory.IntegrationTests.Controllers.AuthControllerIntegrationTestsNew" name="Register_WithInvalidData_ShouldReturnBadRequest" />
    </UnitTest>
    <UnitTest name="Inventory.IntegrationTests.Controllers.WarehouseControllerIntegrationTests.CreateWarehouse_WithValidData_ShouldCreateWarehouse" storage="c:\rec\prg\repo\inventoryctrl_2\test\inventory.integrationtests\bin\release\net8.0\inventory.integrationtests.dll" id="205315a2-ba7c-6895-7b86-73f1078b8185">
      <Execution id="99ab7e0f-28bc-4ae9-a604-f0c9e30e89aa" />
      <TestMethod codeBase="C:\rec\prg\repo\InventoryCtrl_2\test\Inventory.IntegrationTests\bin\Release\net8.0\Inventory.IntegrationTests.dll" adapterTypeName="executor://xunit/VsTestRunner2/netcoreapp" className="Inventory.IntegrationTests.Controllers.WarehouseControllerIntegrationTests" name="CreateWarehouse_WithValidData_ShouldCreateWarehouse" />
    </UnitTest>
    <UnitTest name="Inventory.IntegrationTests.Controllers.ManufacturerControllerIntegrationTests.CreateManufacturer_WithValidData_ShouldCreateManufacturer" storage="c:\rec\prg\repo\inventoryctrl_2\test\inventory.integrationtests\bin\release\net8.0\inventory.integrationtests.dll" id="a13d43a7-81ea-d35d-9807-2ea26787d874">
      <Execution id="3d8d227c-8566-4f74-b321-8ed8d590ee65" />
      <TestMethod codeBase="C:\rec\prg\repo\InventoryCtrl_2\test\Inventory.IntegrationTests\bin\Release\net8.0\Inventory.IntegrationTests.dll" adapterTypeName="executor://xunit/VsTestRunner2/netcoreapp" className="Inventory.IntegrationTests.Controllers.ManufacturerControllerIntegrationTests" name="CreateManufacturer_WithValidData_ShouldCreateManufacturer" />
    </UnitTest>
    <UnitTest name="Inventory.IntegrationTests.Controllers.SSLCertificateControllerTests.DeleteCertificate_ShouldReturnNotFound_WhenCertificateDoesNotExist" storage="c:\rec\prg\repo\inventoryctrl_2\test\inventory.integrationtests\bin\release\net8.0\inventory.integrationtests.dll" id="3bb5de58-9087-764f-4661-d2dbde6f6cd8">
      <Execution id="8e3ee599-340a-4a19-a326-868ffce9487a" />
      <TestMethod codeBase="C:\rec\prg\repo\InventoryCtrl_2\test\Inventory.IntegrationTests\bin\Release\net8.0\Inventory.IntegrationTests.dll" adapterTypeName="executor://xunit/VsTestRunner2/netcoreapp" className="Inventory.IntegrationTests.Controllers.SSLCertificateControllerTests" name="DeleteCertificate_ShouldReturnNotFound_WhenCertificateDoesNotExist" />
    </UnitTest>
    <UnitTest name="Inventory.IntegrationTests.RequestCreation.RequestCreationFlowTests.CreateRequest_WithValidData_ShouldSucceedWithoutCircularReferenceError" storage="c:\rec\prg\repo\inventoryctrl_2\test\inventory.integrationtests\bin\release\net8.0\inventory.integrationtests.dll" id="d543acd9-16a9-4913-dcc2-0fb4a1bd5367">
      <Execution id="99d81d42-c2e4-45c1-b322-0e41e1768282" />
      <TestMethod codeBase="C:\rec\prg\repo\InventoryCtrl_2\test\Inventory.IntegrationTests\bin\Release\net8.0\Inventory.IntegrationTests.dll" adapterTypeName="executor://xunit/VsTestRunner2/netcoreapp" className="Inventory.IntegrationTests.RequestCreation.RequestCreationFlowTests" name="CreateRequest_WithValidData_ShouldSucceedWithoutCircularReferenceError" />
    </UnitTest>
    <UnitTest name="Inventory.IntegrationTests.Controllers.SimpleIntegrationTests.SimpleTest_ShouldPass" storage="c:\rec\prg\repo\inventoryctrl_2\test\inventory.integrationtests\bin\release\net8.0\inventory.integrationtests.dll" id="f0e12d6a-70ca-5bd5-0760-e8b9a47bfd4a">
      <Execution id="84ac2892-44f6-41e7-adaa-fbdb4b7c0203" />
      <TestMethod codeBase="C:\rec\prg\repo\InventoryCtrl_2\test\Inventory.IntegrationTests\bin\Release\net8.0\Inventory.IntegrationTests.dll" adapterTypeName="executor://xunit/VsTestRunner2/netcoreapp" className="Inventory.IntegrationTests.Controllers.SimpleIntegrationTests" name="SimpleTest_ShouldPass" />
    </UnitTest>
    <UnitTest name="Inventory.IntegrationTests.Controllers.DashboardControllerIntegrationTestsNew.GetLowStockProducts_WithNoLowStockProducts_ShouldReturnEmptyList" storage="c:\rec\prg\repo\inventoryctrl_2\test\inventory.integrationtests\bin\release\net8.0\inventory.integrationtests.dll" id="9cd84feb-3e97-267c-d99e-ccfc566f2a90">
      <Execution id="c9d2631d-a0a6-4d5f-8afd-1563dd96a17f" />
      <TestMethod codeBase="C:\rec\prg\repo\InventoryCtrl_2\test\Inventory.IntegrationTests\bin\Release\net8.0\Inventory.IntegrationTests.dll" adapterTypeName="executor://xunit/VsTestRunner2/netcoreapp" className="Inventory.IntegrationTests.Controllers.DashboardControllerIntegrationTestsNew" name="GetLowStockProducts_WithNoLowStockProducts_ShouldReturnEmptyList" />
    </UnitTest>
    <UnitTest name="Inventory.IntegrationTests.Controllers.WarehouseControllerIntegrationTests.GetWarehouses_WithIsActiveFilter_ShouldReturnFilteredResults" storage="c:\rec\prg\repo\inventoryctrl_2\test\inventory.integrationtests\bin\release\net8.0\inventory.integrationtests.dll" id="f8a1a8d1-1c71-4a78-18ce-f51d2826b3c5">
      <Execution id="1b53447e-668e-44f3-a48e-0c4c8947880e" />
      <TestMethod codeBase="C:\rec\prg\repo\InventoryCtrl_2\test\Inventory.IntegrationTests\bin\Release\net8.0\Inventory.IntegrationTests.dll" adapterTypeName="executor://xunit/VsTestRunner2/netcoreapp" className="Inventory.IntegrationTests.Controllers.WarehouseControllerIntegrationTests" name="GetWarehouses_WithIsActiveFilter_ShouldReturnFilteredResults" />
    </UnitTest>
    <UnitTest name="Inventory.IntegrationTests.Controllers.ManufacturerControllerIntegrationTests.CreateManufacturer_WithDuplicateName_ShouldReturnBadRequest" storage="c:\rec\prg\repo\inventoryctrl_2\test\inventory.integrationtests\bin\release\net8.0\inventory.integrationtests.dll" id="815675c3-140b-27f2-7897-2ebd691310e1">
      <Execution id="82b13b3d-ab80-40ff-9006-105dc213be3d" />
      <TestMethod codeBase="C:\rec\prg\repo\InventoryCtrl_2\test\Inventory.IntegrationTests\bin\Release\net8.0\Inventory.IntegrationTests.dll" adapterTypeName="executor://xunit/VsTestRunner2/netcoreapp" className="Inventory.IntegrationTests.Controllers.ManufacturerControllerIntegrationTests" name="CreateManufacturer_WithDuplicateName_ShouldReturnBadRequest" />
    </UnitTest>
    <UnitTest name="Inventory.IntegrationTests.Controllers.ManufacturerControllerIntegrationTests.UpdateManufacturer_WithInvalidId_ShouldReturnNotFound" storage="c:\rec\prg\repo\inventoryctrl_2\test\inventory.integrationtests\bin\release\net8.0\inventory.integrationtests.dll" id="dd46a2f5-50d8-33d1-c88e-0b8daf24f03b">
      <Execution id="b2607936-5018-41c7-ac1e-924a9f6b5a0d" />
      <TestMethod codeBase="C:\rec\prg\repo\InventoryCtrl_2\test\Inventory.IntegrationTests\bin\Release\net8.0\Inventory.IntegrationTests.dll" adapterTypeName="executor://xunit/VsTestRunner2/netcoreapp" className="Inventory.IntegrationTests.Controllers.ManufacturerControllerIntegrationTests" name="UpdateManufacturer_WithInvalidId_ShouldReturnNotFound" />
    </UnitTest>
    <UnitTest name="Inventory.IntegrationTests.Controllers.CategoryControllerIntegrationTestsNew.UpdateCategory_WithInvalidId_ShouldReturnNotFound" storage="c:\rec\prg\repo\inventoryctrl_2\test\inventory.integrationtests\bin\release\net8.0\inventory.integrationtests.dll" id="151bf19f-58ff-e297-ac60-21b3531d6e72">
      <Execution id="52e1652b-81f0-4d5b-af2f-720c5fd39a3f" />
      <TestMethod codeBase="C:\rec\prg\repo\InventoryCtrl_2\test\Inventory.IntegrationTests\bin\Release\net8.0\Inventory.IntegrationTests.dll" adapterTypeName="executor://xunit/VsTestRunner2/netcoreapp" className="Inventory.IntegrationTests.Controllers.CategoryControllerIntegrationTestsNew" name="UpdateCategory_WithInvalidId_ShouldReturnNotFound" />
    </UnitTest>
    <UnitTest name="Inventory.IntegrationTests.Controllers.CategoryControllerIntegrationTestsNew.GetCategories_WithValidData_ShouldReturnCategories" storage="c:\rec\prg\repo\inventoryctrl_2\test\inventory.integrationtests\bin\release\net8.0\inventory.integrationtests.dll" id="b6ad3b45-a801-d700-bd8a-97a80b64cb7e">
      <Execution id="12794fb5-62d2-4744-8386-96582f880e04" />
      <TestMethod codeBase="C:\rec\prg\repo\InventoryCtrl_2\test\Inventory.IntegrationTests\bin\Release\net8.0\Inventory.IntegrationTests.dll" adapterTypeName="executor://xunit/VsTestRunner2/netcoreapp" className="Inventory.IntegrationTests.Controllers.CategoryControllerIntegrationTestsNew" name="GetCategories_WithValidData_ShouldReturnCategories" />
    </UnitTest>
    <UnitTest name="Inventory.IntegrationTests.Controllers.CategoryControllerIntegrationTestsNew.DeleteCategory_WithValidId_ShouldDeleteCategory" storage="c:\rec\prg\repo\inventoryctrl_2\test\inventory.integrationtests\bin\release\net8.0\inventory.integrationtests.dll" id="22cd1d4e-b3e2-2a8f-86ab-a429d68e232e">
      <Execution id="b8ef26b1-c638-4477-a3c0-e1b6ce65874b" />
      <TestMethod codeBase="C:\rec\prg\repo\InventoryCtrl_2\test\Inventory.IntegrationTests\bin\Release\net8.0\Inventory.IntegrationTests.dll" adapterTypeName="executor://xunit/VsTestRunner2/netcoreapp" className="Inventory.IntegrationTests.Controllers.CategoryControllerIntegrationTestsNew" name="DeleteCategory_WithValidId_ShouldDeleteCategory" />
    </UnitTest>
    <UnitTest name="Inventory.IntegrationTests.Controllers.SimpleIntegrationTests.StringTest_ShouldWork" storage="c:\rec\prg\repo\inventoryctrl_2\test\inventory.integrationtests\bin\release\net8.0\inventory.integrationtests.dll" id="33eef253-3e8e-8131-7b77-3e222aab3322">
      <Execution id="9aebf628-1016-456f-b4f2-1b9707e77cad" />
      <TestMethod codeBase="C:\rec\prg\repo\InventoryCtrl_2\test\Inventory.IntegrationTests\bin\Release\net8.0\Inventory.IntegrationTests.dll" adapterTypeName="executor://xunit/VsTestRunner2/netcoreapp" className="Inventory.IntegrationTests.Controllers.SimpleIntegrationTests" name="StringTest_ShouldWork" />
    </UnitTest>
    <UnitTest name="Inventory.IntegrationTests.Controllers.ManufacturerControllerIntegrationTests.DeleteManufacturer_WithInvalidId_ShouldReturnNotFound" storage="c:\rec\prg\repo\inventoryctrl_2\test\inventory.integrationtests\bin\release\net8.0\inventory.integrationtests.dll" id="b42f0b74-d411-ad95-c51b-b42e5e973955">
      <Execution id="65b32ab6-a09b-4516-9f0c-21ff3a3c80a7" />
      <TestMethod codeBase="C:\rec\prg\repo\InventoryCtrl_2\test\Inventory.IntegrationTests\bin\Release\net8.0\Inventory.IntegrationTests.dll" adapterTypeName="executor://xunit/VsTestRunner2/netcoreapp" className="Inventory.IntegrationTests.Controllers.ManufacturerControllerIntegrationTests" name="DeleteManufacturer_WithInvalidId_ShouldReturnNotFound" />
    </UnitTest>
    <UnitTest name="Inventory.IntegrationTests.Controllers.CategoryControllerIntegrationTestsNew.GetRootCategories_WithValidData_ShouldReturnRootCategories" storage="c:\rec\prg\repo\inventoryctrl_2\test\inventory.integrationtests\bin\release\net8.0\inventory.integrationtests.dll" id="3b508c44-ce5e-7242-055e-965fa8ec309f">
      <Execution id="42547853-6eb6-4248-9809-db6c16e4cf24" />
      <TestMethod codeBase="C:\rec\prg\repo\InventoryCtrl_2\test\Inventory.IntegrationTests\bin\Release\net8.0\Inventory.IntegrationTests.dll" adapterTypeName="executor://xunit/VsTestRunner2/netcoreapp" className="Inventory.IntegrationTests.Controllers.CategoryControllerIntegrationTestsNew" name="GetRootCategories_WithValidData_ShouldReturnRootCategories" />
    </UnitTest>
    <UnitTest name="Inventory.IntegrationTests.Controllers.CategoryControllerIntegrationTestsNew.DeleteCategory_WithInvalidId_ShouldReturnNotFound" storage="c:\rec\prg\repo\inventoryctrl_2\test\inventory.integrationtests\bin\release\net8.0\inventory.integrationtests.dll" id="541bb77d-0d69-08a1-b043-29d727f0d120">
      <Execution id="ec09d2e7-e5ba-42f4-a392-360048655665" />
      <TestMethod codeBase="C:\rec\prg\repo\InventoryCtrl_2\test\Inventory.IntegrationTests\bin\Release\net8.0\Inventory.IntegrationTests.dll" adapterTypeName="executor://xunit/VsTestRunner2/netcoreapp" className="Inventory.IntegrationTests.Controllers.CategoryControllerIntegrationTestsNew" name="DeleteCategory_WithInvalidId_ShouldReturnNotFound" />
    </UnitTest>
    <UnitTest name="Inventory.IntegrationTests.Controllers.WarehouseControllerIntegrationTests.GetWarehouses_WithEmptyDatabase_ShouldReturnEmptyList" storage="c:\rec\prg\repo\inventoryctrl_2\test\inventory.integrationtests\bin\release\net8.0\inventory.integrationtests.dll" id="481f2eae-3d21-685a-41ee-0a1b30573fdf">
      <Execution id="864af1b6-6a77-4971-af5c-20275113607d" />
      <TestMethod codeBase="C:\rec\prg\repo\InventoryCtrl_2\test\Inventory.IntegrationTests\bin\Release\net8.0\Inventory.IntegrationTests.dll" adapterTypeName="executor://xunit/VsTestRunner2/netcoreapp" className="Inventory.IntegrationTests.Controllers.WarehouseControllerIntegrationTests" name="GetWarehouses_WithEmptyDatabase_ShouldReturnEmptyList" />
    </UnitTest>
    <UnitTest name="Inventory.IntegrationTests.Controllers.SSLCertificateControllerTests.GenerateCertificate_ShouldReturnBadRequest_WhenRequestIsInvalid" storage="c:\rec\prg\repo\inventoryctrl_2\test\inventory.integrationtests\bin\release\net8.0\inventory.integrationtests.dll" id="32ad4954-fe2e-efc4-7650-969d6dc2f0a7">
      <Execution id="00697409-9611-480a-883e-c96ac669b124" />
      <TestMethod codeBase="C:\rec\prg\repo\InventoryCtrl_2\test\Inventory.IntegrationTests\bin\Release\net8.0\Inventory.IntegrationTests.dll" adapterTypeName="executor://xunit/VsTestRunner2/netcoreapp" className="Inventory.IntegrationTests.Controllers.SSLCertificateControllerTests" name="GenerateCertificate_ShouldReturnBadRequest_WhenRequestIsInvalid" />
    </UnitTest>
  </TestDefinitions>
  <TestEntries>
    <TestEntry testId="3c3e843c-5f9b-05ba-1001-272bc4fde624" executionId="e3da2a23-3a55-43a9-a4e7-68bf1990b29a" testListId="8c84fa94-04c1-424b-9868-57a2d4851a1d" />
    <TestEntry testId="dd46a2f5-50d8-33d1-c88e-0b8daf24f03b" executionId="b2607936-5018-41c7-ac1e-924a9f6b5a0d" testListId="8c84fa94-04c1-424b-9868-57a2d4851a1d" />
    <TestEntry testId="b42f0b74-d411-ad95-c51b-b42e5e973955" executionId="65b32ab6-a09b-4516-9f0c-21ff3a3c80a7" testListId="8c84fa94-04c1-424b-9868-57a2d4851a1d" />
    <TestEntry testId="2d474dc4-75c3-3932-2892-d8deab3b3b90" executionId="b9ed5fc6-3273-4ea2-8186-a75d6d713e12" testListId="8c84fa94-04c1-424b-9868-57a2d4851a1d" />
    <TestEntry testId="979f61d8-210a-a3fc-a5b9-bbe30fc77e86" executionId="2f4ad2e0-79a2-452d-a582-ef3f2512bd23" testListId="8c84fa94-04c1-424b-9868-57a2d4851a1d" />
    <TestEntry testId="a13d43a7-81ea-d35d-9807-2ea26787d874" executionId="3d8d227c-8566-4f74-b321-8ed8d590ee65" testListId="8c84fa94-04c1-424b-9868-57a2d4851a1d" />
    <TestEntry testId="b0615da0-9d3e-9319-3bb8-fb49a17f9f49" executionId="cf005f58-534a-4147-a059-3e468efef6cf" testListId="8c84fa94-04c1-424b-9868-57a2d4851a1d" />
    <TestEntry testId="1eaab3b9-fef6-2ebe-2e9e-4d63d32a2ac2" executionId="bb10bc0e-1664-4494-9e13-7768a30ea018" testListId="8c84fa94-04c1-424b-9868-57a2d4851a1d" />
    <TestEntry testId="f8a1a8d1-1c71-4a78-18ce-f51d2826b3c5" executionId="1b53447e-668e-44f3-a48e-0c4c8947880e" testListId="8c84fa94-04c1-424b-9868-57a2d4851a1d" />
    <TestEntry testId="f0e12d6a-70ca-5bd5-0760-e8b9a47bfd4a" executionId="84ac2892-44f6-41e7-adaa-fbdb4b7c0203" testListId="8c84fa94-04c1-424b-9868-57a2d4851a1d" />
    <TestEntry testId="8312cd04-f66a-67da-7dbc-543319e236c3" executionId="7982ef99-78e3-44ce-848a-958416b080d3" testListId="8c84fa94-04c1-424b-9868-57a2d4851a1d" />
    <TestEntry testId="cb8fd1aa-5b0a-2413-6839-b069265efcc5" executionId="ff311b6e-bdc8-4caa-86cf-5a181a061717" testListId="8c84fa94-04c1-424b-9868-57a2d4851a1d" />
    <TestEntry testId="205315a2-ba7c-6895-7b86-73f1078b8185" executionId="99ab7e0f-28bc-4ae9-a604-f0c9e30e89aa" testListId="8c84fa94-04c1-424b-9868-57a2d4851a1d" />
    <TestEntry testId="ea0caeeb-dc82-5c78-6ef4-1df928ea12e8" executionId="0c891a85-4b29-40bc-a509-0312dbe05df1" testListId="8c84fa94-04c1-424b-9868-57a2d4851a1d" />
    <TestEntry testId="2a84c999-4de1-efb1-7135-b1cba814c582" executionId="30a1fbcf-1f37-4ee0-b555-b46ca1234fda" testListId="8c84fa94-04c1-424b-9868-57a2d4851a1d" />
    <TestEntry testId="075f24ff-5949-2a07-13f6-f892f656dc53" executionId="c8713091-e441-4ecc-98c0-aaa7fd6cd567" testListId="8c84fa94-04c1-424b-9868-57a2d4851a1d" />
    <TestEntry testId="e73c46bc-f392-3d59-9c72-d77be3f42b3f" executionId="af62c7a0-0502-4ae9-879f-e2399784b4f8" testListId="8c84fa94-04c1-424b-9868-57a2d4851a1d" />
    <TestEntry testId="765b2401-1c44-d763-688a-b17df88dac62" executionId="95e4411e-b885-410e-860a-1b7a65f20098" testListId="8c84fa94-04c1-424b-9868-57a2d4851a1d" />
    <TestEntry testId="c5b5279b-7ecf-3103-f886-1d435f3a041a" executionId="142c2204-37d1-400f-a7f6-8fd2fe86c556" testListId="8c84fa94-04c1-424b-9868-57a2d4851a1d" />
    <TestEntry testId="73a975ed-aa1a-ad4d-301b-794a5c4ff706" executionId="d0cb44f1-798a-460a-8a83-4fef7f0c517e" testListId="8c84fa94-04c1-424b-9868-57a2d4851a1d" />
    <TestEntry testId="2aec5a24-eafc-7b95-e507-b9d4f0e6a995" executionId="90097440-de24-4e0e-b812-378e13e9895d" testListId="8c84fa94-04c1-424b-9868-57a2d4851a1d" />
    <TestEntry testId="79666540-7e38-0696-ff7e-2c0a56e5021a" executionId="9a33aa4c-ef9e-4d15-942c-2f1fcaea1335" testListId="8c84fa94-04c1-424b-9868-57a2d4851a1d" />
    <TestEntry testId="09883b85-5656-611b-6ffa-1261101966f8" executionId="00260024-0c80-432d-bf84-99ce30299d8a" testListId="8c84fa94-04c1-424b-9868-57a2d4851a1d" />
    <TestEntry testId="d543acd9-16a9-4913-dcc2-0fb4a1bd5367" executionId="99d81d42-c2e4-45c1-b322-0e41e1768282" testListId="8c84fa94-04c1-424b-9868-57a2d4851a1d" />
    <TestEntry testId="6faae5bd-3ce8-6862-891d-316ac8a59d93" executionId="8768d1c7-c97c-46a6-b604-e02ce7b2b577" testListId="8c84fa94-04c1-424b-9868-57a2d4851a1d" />
    <TestEntry testId="3bb5de58-9087-764f-4661-d2dbde6f6cd8" executionId="8e3ee599-340a-4a19-a326-868ffce9487a" testListId="8c84fa94-04c1-424b-9868-57a2d4851a1d" />
    <TestEntry testId="a8edabb0-484e-be63-aa41-7094e7b8864c" executionId="16e5c085-234d-458d-b4b0-b218f433cf0e" testListId="8c84fa94-04c1-424b-9868-57a2d4851a1d" />
    <TestEntry testId="79c70ac1-5937-f02f-d399-b52b700f4fdc" executionId="e28a3ad6-f509-48a5-8d6d-4418039d64e8" testListId="8c84fa94-04c1-424b-9868-57a2d4851a1d" />
    <TestEntry testId="e9ba1568-5431-97c2-8d7d-a338e6d820f5" executionId="27530f5a-1a1d-48c1-ba25-25cd7b06dba6" testListId="8c84fa94-04c1-424b-9868-57a2d4851a1d" />
    <TestEntry testId="4a72e918-a96c-9b11-1762-755e6c7f53f1" executionId="411386d5-52cd-44df-944b-942c702ad094" testListId="8c84fa94-04c1-424b-9868-57a2d4851a1d" />
    <TestEntry testId="52023f73-bc30-7a33-f075-7658c4bde98f" executionId="41c850d2-ab54-45e0-8407-8d7d2c8b3b7c" testListId="8c84fa94-04c1-424b-9868-57a2d4851a1d" />
    <TestEntry testId="1c7bbc3c-1e31-f2df-a206-1cc8c0551950" executionId="7ea4f953-8e43-4dce-b29d-85a28051168a" testListId="8c84fa94-04c1-424b-9868-57a2d4851a1d" />
    <TestEntry testId="da3b57f6-020d-a40d-7026-6541dbb71890" executionId="767dcd01-ab06-4d39-ad34-a0d5c4864fd8" testListId="8c84fa94-04c1-424b-9868-57a2d4851a1d" />
    <TestEntry testId="9cbb7a81-6d0f-31b7-176e-81441bf1de65" executionId="0d763210-2e8e-450c-9476-9071231a4f2a" testListId="8c84fa94-04c1-424b-9868-57a2d4851a1d" />
    <TestEntry testId="3b508c44-ce5e-7242-055e-965fa8ec309f" executionId="42547853-6eb6-4248-9809-db6c16e4cf24" testListId="8c84fa94-04c1-424b-9868-57a2d4851a1d" />
    <TestEntry testId="97102ac1-fdb7-738b-ca59-2567405901c7" executionId="4657d28b-95f5-4042-b903-09d8c304c30e" testListId="8c84fa94-04c1-424b-9868-57a2d4851a1d" />
    <TestEntry testId="bde9ef13-9ca1-3f85-a2e6-ca0092d06697" executionId="61e316ef-129c-4f95-98e2-dde04eb67358" testListId="8c84fa94-04c1-424b-9868-57a2d4851a1d" />
    <TestEntry testId="0804eb64-3aa0-06d6-2ffe-3a764e8ad9c9" executionId="47505c77-5f89-40f2-8b3a-1e80c512e167" testListId="8c84fa94-04c1-424b-9868-57a2d4851a1d" />
    <TestEntry testId="815675c3-140b-27f2-7897-2ebd691310e1" executionId="82b13b3d-ab80-40ff-9006-105dc213be3d" testListId="8c84fa94-04c1-424b-9868-57a2d4851a1d" />
    <TestEntry testId="7de01d6d-1dc7-e8db-7903-806bc445ca1c" executionId="554aa58b-99c1-40c7-ad54-7e223f5058c3" testListId="8c84fa94-04c1-424b-9868-57a2d4851a1d" />
    <TestEntry testId="9fba80c4-404f-d2a6-4023-a615ededf0f9" executionId="b0d0d409-0d5d-450a-9735-e264388e0ac6" testListId="8c84fa94-04c1-424b-9868-57a2d4851a1d" />
    <TestEntry testId="268b04ad-7148-3c1b-649e-c4f47b439f42" executionId="1799c809-e70b-408a-b516-677ad4333501" testListId="8c84fa94-04c1-424b-9868-57a2d4851a1d" />
    <TestEntry testId="9a6426ad-e5d8-f2d2-c574-1e4f43f5b508" executionId="be4732ee-4683-4b6d-8e95-61cfb8680b3e" testListId="8c84fa94-04c1-424b-9868-57a2d4851a1d" />
    <TestEntry testId="42d4f4e1-06ee-fa60-9204-644fbca42896" executionId="37a141e5-5318-4eba-8db8-9f9e8b7c8129" testListId="8c84fa94-04c1-424b-9868-57a2d4851a1d" />
    <TestEntry testId="73842314-b354-1e3b-f0e7-a4498e0cb844" executionId="8e9d4a70-b50c-4aa7-9562-431129100dc7" testListId="8c84fa94-04c1-424b-9868-57a2d4851a1d" />
    <TestEntry testId="22cd1d4e-b3e2-2a8f-86ab-a429d68e232e" executionId="b8ef26b1-c638-4477-a3c0-e1b6ce65874b" testListId="8c84fa94-04c1-424b-9868-57a2d4851a1d" />
    <TestEntry testId="bcb224eb-5565-246a-2c56-27ed51139071" executionId="aa44fc66-b091-44a7-b0be-3ab425a44ebd" testListId="8c84fa94-04c1-424b-9868-57a2d4851a1d" />
    <TestEntry testId="6f923d63-51b8-3022-ec27-325f170a0e07" executionId="a08893e2-59c3-44d1-af9c-d40839f3cf0f" testListId="8c84fa94-04c1-424b-9868-57a2d4851a1d" />
    <TestEntry testId="314aab2a-74ef-e29e-8f59-f304f09b67ff" executionId="439ee571-1d00-43ee-9abc-89d0631e8add" testListId="8c84fa94-04c1-424b-9868-57a2d4851a1d" />
    <TestEntry testId="d2d2873f-6196-ae14-045a-115d699c3337" executionId="cbd8435e-8d42-4327-b426-11558705ccb3" testListId="8c84fa94-04c1-424b-9868-57a2d4851a1d" />
    <TestEntry testId="e65e2a6a-b895-60a4-08aa-c428556273a2" executionId="947bd499-f99a-4882-98c9-e3e4b6b7ec0c" testListId="8c84fa94-04c1-424b-9868-57a2d4851a1d" />
    <TestEntry testId="481f2eae-3d21-685a-41ee-0a1b30573fdf" executionId="864af1b6-6a77-4971-af5c-20275113607d" testListId="8c84fa94-04c1-424b-9868-57a2d4851a1d" />
    <TestEntry testId="33eef253-3e8e-8131-7b77-3e222aab3322" executionId="9aebf628-1016-456f-b4f2-1b9707e77cad" testListId="8c84fa94-04c1-424b-9868-57a2d4851a1d" />
    <TestEntry testId="c92b5f08-cbe7-437a-c22f-14402dfada1a" executionId="fcd50c5f-309a-46e8-b561-a1c308a91dac" testListId="8c84fa94-04c1-424b-9868-57a2d4851a1d" />
    <TestEntry testId="1e04fb1b-57f3-c60f-a719-80711d5c4355" executionId="068f2da4-4533-4472-bbdb-d143e5568650" testListId="8c84fa94-04c1-424b-9868-57a2d4851a1d" />
    <TestEntry testId="73e5c10f-90a8-8471-4ef0-7c922000726f" executionId="9d84fa51-f82e-49fe-86d0-ecb580395ce5" testListId="8c84fa94-04c1-424b-9868-57a2d4851a1d" />
    <TestEntry testId="84c59af7-5bcc-65fd-a0d9-1de27126a402" executionId="8306469f-ad21-4f64-9559-46bca9ae222f" testListId="8c84fa94-04c1-424b-9868-57a2d4851a1d" />
    <TestEntry testId="135f78f4-4976-7509-bdba-6d9a74bb1721" executionId="93f0a66f-52a9-448e-9e75-d3aff4d80805" testListId="8c84fa94-04c1-424b-9868-57a2d4851a1d" />
    <TestEntry testId="9cd84feb-3e97-267c-d99e-ccfc566f2a90" executionId="c9d2631d-a0a6-4d5f-8afd-1563dd96a17f" testListId="8c84fa94-04c1-424b-9868-57a2d4851a1d" />
    <TestEntry testId="dfe4a1f7-e291-2577-f4d5-4112805170ee" executionId="96e40779-b2ad-4a8e-9a5d-61410e0520cd" testListId="8c84fa94-04c1-424b-9868-57a2d4851a1d" />
    <TestEntry testId="35eaa1ba-b917-e929-8f73-26baa3c8cee7" executionId="4e728385-303b-4d72-a237-76b664f9550b" testListId="8c84fa94-04c1-424b-9868-57a2d4851a1d" />
    <TestEntry testId="d7a7cea3-2503-d465-04dc-6db59d43dc0d" executionId="5012ba87-8a30-4d43-8110-3683b6ca1da9" testListId="8c84fa94-04c1-424b-9868-57a2d4851a1d" />
    <TestEntry testId="151bf19f-58ff-e297-ac60-21b3531d6e72" executionId="52e1652b-81f0-4d5b-af2f-720c5fd39a3f" testListId="8c84fa94-04c1-424b-9868-57a2d4851a1d" />
    <TestEntry testId="97017f00-07a9-8ff1-e921-96193745b8f7" executionId="30ef5391-99b1-421e-8b2c-c8bb9f1305a0" testListId="8c84fa94-04c1-424b-9868-57a2d4851a1d" />
    <TestEntry testId="3856c374-afc4-c3d1-e5d0-22fed477bd9f" executionId="20ca3e04-59a4-4e8e-8825-08e64ebe51a2" testListId="8c84fa94-04c1-424b-9868-57a2d4851a1d" />
    <TestEntry testId="541bb77d-0d69-08a1-b043-29d727f0d120" executionId="ec09d2e7-e5ba-42f4-a392-360048655665" testListId="8c84fa94-04c1-424b-9868-57a2d4851a1d" />
    <TestEntry testId="f43edfdc-0c7f-f3be-8e6a-e57922560831" executionId="eb126bc8-9287-47d6-b88c-9a4abb51785a" testListId="8c84fa94-04c1-424b-9868-57a2d4851a1d" />
    <TestEntry testId="e382efb5-3557-3dd7-a91a-55dea3ae6fa5" executionId="5ff10c79-24c9-4f75-b62e-5419d61db794" testListId="8c84fa94-04c1-424b-9868-57a2d4851a1d" />
    <TestEntry testId="b6ad3b45-a801-d700-bd8a-97a80b64cb7e" executionId="12794fb5-62d2-4744-8386-96582f880e04" testListId="8c84fa94-04c1-424b-9868-57a2d4851a1d" />
    <TestEntry testId="2d219086-6e23-0af6-93de-7040bdfa3166" executionId="54168a5c-aeb7-4d35-8ec8-76cdca09cc51" testListId="8c84fa94-04c1-424b-9868-57a2d4851a1d" />
    <TestEntry testId="5d0018ca-6667-3d66-2448-4275f9c8bdaf" executionId="f4535ce3-9e4d-423f-b746-304839f3394d" testListId="8c84fa94-04c1-424b-9868-57a2d4851a1d" />
    <TestEntry testId="86a5b843-dc31-b931-ac3e-fca4bebb0dd9" executionId="7e7ed745-750c-4a64-aa28-242ec7c2644c" testListId="8c84fa94-04c1-424b-9868-57a2d4851a1d" />
    <TestEntry testId="a7b5055d-f61b-e9cc-b7ec-ab391e63fbf2" executionId="26e3fa85-5689-48c9-9ff5-f974f4783d46" testListId="8c84fa94-04c1-424b-9868-57a2d4851a1d" />
    <TestEntry testId="2a54a223-28ab-482e-b09e-9809ce66bc0e" executionId="9a957ce6-3205-446d-a588-0c57875dcc5d" testListId="8c84fa94-04c1-424b-9868-57a2d4851a1d" />
    <TestEntry testId="32ad4954-fe2e-efc4-7650-969d6dc2f0a7" executionId="00697409-9611-480a-883e-c96ac669b124" testListId="8c84fa94-04c1-424b-9868-57a2d4851a1d" />
    <TestEntry testId="9f67f352-d2bf-5aca-d494-870209401e13" executionId="4231cebe-dca3-46bc-8e3f-8d9d86b2c6f5" testListId="8c84fa94-04c1-424b-9868-57a2d4851a1d" />
  </TestEntries>
  <TestLists>
    <TestList name="Список результатов" id="8c84fa94-04c1-424b-9868-57a2d4851a1d" />
    <TestList name="Все загруженные результаты" id="19431567-8539-422a-85d7-44ee4e166bda" />
  </TestLists>
  <ResultSummary outcome="Failed">
    <Counters total="76" executed="76" passed="4" failed="72" error="0" timeout="0" aborted="0" inconclusive="0" passedButRunAborted="0" notRunnable="0" notExecuted="0" disconnected="0" warning="0" completed="0" inProgress="0" pending="0" />
    <Output>
      <StdOut>[xUnit.net 00:00:00.00] xUnit.net VSTest Adapter v2.8.2+699d445a1a (64-bit .NET 8.0.20)&#xD;
[xUnit.net 00:00:00.08]   Discovering: Inventory.IntegrationTests&#xD;
[xUnit.net 00:00:00.11]   Discovered:  Inventory.IntegrationTests&#xD;
[xUnit.net 00:00:00.11]   Starting:    Inventory.IntegrationTests&#xD;
[14:36:15 INF] Program: JWT Configuration - Issuer: InventoryTest, Audience: InventoryTestUsers&#xD;
[14:36:15 INF] Program: JWT Configuration - Issuer: InventoryTest, Audience: InventoryTestUsers&#xD;
[14:36:15 INF] Program: JWT Configuration - Issuer: InventoryServer, Audience: InventoryClient&#xD;
[14:36:15 INF] Program: JWT Configuration - Issuer: InventoryServer, Audience: InventoryClient&#xD;
[14:36:15 INF] Program: JWT Configuration - Issuer: InventoryTest, Audience: InventoryTestUsers&#xD;
[14:36:15 INF] Program: JWT Configuration - Issuer: InventoryServer, Audience: InventoryClient&#xD;
[14:36:15 INF] Program: JWT Configuration - Issuer: InventoryTest, Audience: InventoryTestUsers&#xD;
[14:36:15 INF] Program: JWT Configuration - Issuer: InventoryTest, Audience: InventoryTestUsers&#xD;
[14:36:15 WRN] Microsoft.AspNetCore.StaticFiles.StaticFileMiddleware: The WebRootPath was not found: C:\rec\prg\repo\InventoryCtrl_2\src\Inventory.API\wwwroot. Static files may be unavailable.&#xD;
[14:36:15 WRN] Microsoft.AspNetCore.StaticFiles.StaticFileMiddleware: The WebRootPath was not found: C:\rec\prg\repo\InventoryCtrl_2\src\Inventory.API\wwwroot. Static files may be unavailable.&#xD;
[14:36:15 WRN] Microsoft.AspNetCore.StaticFiles.StaticFileMiddleware: The WebRootPath was not found: C:\rec\prg\repo\InventoryCtrl_2\src\Inventory.API\wwwroot. Static files may be unavailable.&#xD;
[14:36:15 WRN] Microsoft.AspNetCore.StaticFiles.StaticFileMiddleware: The WebRootPath was not found: C:\rec\prg\repo\InventoryCtrl_2\src\Inventory.API\wwwroot. Static files may be unavailable.&#xD;
[14:36:15 WRN] Microsoft.AspNetCore.StaticFiles.StaticFileMiddleware: The WebRootPath was not found: C:\rec\prg\repo\InventoryCtrl_2\src\Inventory.API\wwwroot. Static files may be unavailable.&#xD;
[14:36:15 WRN] Microsoft.AspNetCore.StaticFiles.StaticFileMiddleware: The WebRootPath was not found: C:\rec\prg\repo\InventoryCtrl_2\src\Inventory.API\wwwroot. Static files may be unavailable.&#xD;
[14:36:15 WRN] Microsoft.AspNetCore.StaticFiles.StaticFileMiddleware: The WebRootPath was not found: C:\rec\prg\repo\InventoryCtrl_2\src\Inventory.API\wwwroot. Static files may be unavailable.&#xD;
[14:36:15 WRN] Microsoft.AspNetCore.StaticFiles.StaticFileMiddleware: The WebRootPath was not found: C:\rec\prg\repo\InventoryCtrl_2\src\Inventory.API\wwwroot. Static files may be unavailable.&#xD;
[14:36:15 WRN] Microsoft.AspNetCore.StaticFiles.StaticFileMiddleware: The WebRootPath was not found: C:\rec\prg\repo\InventoryCtrl_2\src\Inventory.API\wwwroot. Static files may be unavailable.&#xD;
[14:36:15 WRN] Microsoft.AspNetCore.StaticFiles.StaticFileMiddleware: The WebRootPath was not found: C:\rec\prg\repo\InventoryCtrl_2\src\Inventory.API\wwwroot. Static files may be unavailable.&#xD;
[14:36:15 WRN] Microsoft.AspNetCore.StaticFiles.StaticFileMiddleware: The WebRootPath was not found: C:\rec\prg\repo\InventoryCtrl_2\src\Inventory.API\wwwroot. Static files may be unavailable.&#xD;
[14:36:15 WRN] Microsoft.AspNetCore.StaticFiles.StaticFileMiddleware: The WebRootPath was not found: C:\rec\prg\repo\InventoryCtrl_2\src\Inventory.API\wwwroot. Static files may be unavailable.&#xD;
[14:36:15 WRN] Microsoft.AspNetCore.StaticFiles.StaticFileMiddleware: The WebRootPath was not found: C:\rec\prg\repo\InventoryCtrl_2\src\Inventory.API\wwwroot. Static files may be unavailable.&#xD;
[14:36:15 WRN] Microsoft.AspNetCore.StaticFiles.StaticFileMiddleware: The WebRootPath was not found: C:\rec\prg\repo\InventoryCtrl_2\src\Inventory.API\wwwroot. Static files may be unavailable.&#xD;
[14:36:15 WRN] Microsoft.AspNetCore.StaticFiles.StaticFileMiddleware: The WebRootPath was not found: C:\rec\prg\repo\InventoryCtrl_2\src\Inventory.API\wwwroot. Static files may be unavailable.&#xD;
[14:36:15 WRN] Microsoft.AspNetCore.StaticFiles.StaticFileMiddleware: The WebRootPath was not found: C:\rec\prg\repo\InventoryCtrl_2\src\Inventory.API\wwwroot. Static files may be unavailable.&#xD;
[14:36:15 INF] Program: ?? Inventory Control API starting...&#xD;
[14:36:15 INF] Program: ?? Inventory Control API starting...&#xD;
[14:36:15 INF] Program: ?? Inventory Control API starting...&#xD;
[14:36:15 INF] Program: ?? Inventory Control API starting...&#xD;
[14:36:15 INF] Program: ?? API running on configured ports&#xD;
[14:36:15 INF] Program: ?? Inventory Control API starting...&#xD;
[14:36:15 INF] Program: ?? Inventory Control API starting...&#xD;
[14:36:15 INF] Program: ?? API running on configured ports&#xD;
[14:36:15 INF] Program: ?? Inventory Control API starting...&#xD;
[14:36:15 INF] Program: ?? Inventory Control API starting...&#xD;
[14:36:15 INF] Program: ?? API running on configured ports&#xD;
[14:36:15 INF] Program: ?? API running on configured ports&#xD;
[14:36:15 INF] Program: ?? API running on configured ports&#xD;
[14:36:15 INF] Program: ?? API running on configured ports&#xD;
[14:36:15 INF] Program: ?? API running on configured ports&#xD;
[14:36:15 INF] Program: ?? API running on configured ports&#xD;
[14:36:15 WRN] Microsoft.AspNetCore.StaticFiles.StaticFileMiddleware: The WebRootPath was not found: C:\rec\prg\repo\InventoryCtrl_2\src\Inventory.API\wwwroot. Static files may be unavailable.&#xD;
[14:36:15 WRN] Microsoft.AspNetCore.StaticFiles.StaticFileMiddleware: The WebRootPath was not found: C:\rec\prg\repo\InventoryCtrl_2\src\Inventory.API\wwwroot. Static files may be unavailable.&#xD;
[14:36:15 WRN] Microsoft.AspNetCore.StaticFiles.StaticFileMiddleware: The WebRootPath was not found: C:\rec\prg\repo\InventoryCtrl_2\src\Inventory.API\wwwroot. Static files may be unavailable.&#xD;
[14:36:15 WRN] Microsoft.AspNetCore.StaticFiles.StaticFileMiddleware: The WebRootPath was not found: C:\rec\prg\repo\InventoryCtrl_2\src\Inventory.API\wwwroot. Static files may be unavailable.&#xD;
[14:36:15 WRN] Microsoft.AspNetCore.StaticFiles.StaticFileMiddleware: The WebRootPath was not found: C:\rec\prg\repo\InventoryCtrl_2\src\Inventory.API\wwwroot. Static files may be unavailable.&#xD;
[14:36:15 WRN] Microsoft.AspNetCore.StaticFiles.StaticFileMiddleware: The WebRootPath was not found: C:\rec\prg\repo\InventoryCtrl_2\src\Inventory.API\wwwroot. Static files may be unavailable.&#xD;
[14:36:15 WRN] Microsoft.AspNetCore.StaticFiles.StaticFileMiddleware: The WebRootPath was not found: C:\rec\prg\repo\InventoryCtrl_2\src\Inventory.API\wwwroot. Static files may be unavailable.&#xD;
[14:36:15 WRN] Microsoft.AspNetCore.StaticFiles.StaticFileMiddleware: The WebRootPath was not found: C:\rec\prg\repo\InventoryCtrl_2\src\Inventory.API\wwwroot. Static files may be unavailable.&#xD;
[14:36:15 WRN] Inventory.API.Middleware.AuthenticationMiddleware: Missing or invalid Authorization header for path: /api/SSLCertificate/test.com&#xD;
[xUnit.net 00:00:01.14]       Assert.Equal() Failure: Values differ&#xD;
[xUnit.net 00:00:01.14]       Expected: NoContent&#xD;
[xUnit.net 00:00:01.14]       Actual:   Unauthorized&#xD;
[xUnit.net 00:00:01.14]       Stack Trace:&#xD;
[xUnit.net 00:00:01.14]         C:\rec\prg\repo\InventoryCtrl_2\test\Inventory.IntegrationTests\Controllers\SSLCertificateControllerTests.cs(255,0): at Inventory.IntegrationTests.Controllers.SSLCertificateControllerTests.DeleteCertificate_ShouldReturnNoContent_WhenCertificateExists()&#xD;
[xUnit.net 00:00:01.14]         --- End of stack trace from previous location ---&#xD;
[14:36:15 INF] Program: JWT Configuration - Issuer: InventoryServer, Audience: InventoryClient&#xD;
[14:36:15 WRN] Microsoft.AspNetCore.StaticFiles.StaticFileMiddleware: The WebRootPath was not found: C:\rec\prg\repo\InventoryCtrl_2\src\Inventory.API\wwwroot. Static files may be unavailable.&#xD;
[14:36:16 WRN] Microsoft.AspNetCore.StaticFiles.StaticFileMiddleware: The WebRootPath was not found: C:\rec\prg\repo\InventoryCtrl_2\src\Inventory.API\wwwroot. Static files may be unavailable.&#xD;
[14:36:16 INF] Program: ?? Inventory Control API starting...&#xD;
[14:36:16 INF] Program: ?? API running on configured ports&#xD;
[14:36:16 WRN] Microsoft.AspNetCore.StaticFiles.StaticFileMiddleware: The WebRootPath was not found: C:\rec\prg\repo\InventoryCtrl_2\src\Inventory.API\wwwroot. Static files may be unavailable.&#xD;
[14:36:16 WRN] Inventory.API.Middleware.AuthenticationMiddleware: Missing or invalid Authorization header for path: /api/SSLCertificate/nonexistent.com&#xD;
[xUnit.net 00:00:01.29]       Assert.Equal() Failure: Values differ&#xD;
[xUnit.net 00:00:01.29]       Expected: NotFound&#xD;
[xUnit.net 00:00:01.29]       Actual:   Unauthorized&#xD;
[xUnit.net 00:00:01.29]       Stack Trace:&#xD;
[xUnit.net 00:00:01.29]         C:\rec\prg\repo\InventoryCtrl_2\test\Inventory.IntegrationTests\Controllers\SSLCertificateControllerTests.cs(125,0): at Inventory.IntegrationTests.Controllers.SSLCertificateControllerTests.GetCertificate_ShouldReturnNotFound_WhenCertificateDoesNotExist()&#xD;
[xUnit.net 00:00:01.29]         --- End of stack trace from previous location ---&#xD;
[14:36:16 INF] Program: JWT Configuration - Issuer: InventoryServer, Audience: InventoryClient&#xD;
[14:36:16 WRN] Microsoft.AspNetCore.StaticFiles.StaticFileMiddleware: The WebRootPath was not found: C:\rec\prg\repo\InventoryCtrl_2\src\Inventory.API\wwwroot. Static files may be unavailable.&#xD;
[14:36:16 WRN] Microsoft.AspNetCore.StaticFiles.StaticFileMiddleware: The WebRootPath was not found: C:\rec\prg\repo\InventoryCtrl_2\src\Inventory.API\wwwroot. Static files may be unavailable.&#xD;
[14:36:16 INF] Program: ?? Inventory Control API starting...&#xD;
[14:36:16 INF] Program: ?? API running on configured ports&#xD;
[14:36:16 WRN] Microsoft.AspNetCore.StaticFiles.StaticFileMiddleware: The WebRootPath was not found: C:\rec\prg\repo\InventoryCtrl_2\src\Inventory.API\wwwroot. Static files may be unavailable.&#xD;
[14:36:16 WRN] Inventory.API.Middleware.AuthenticationMiddleware: Missing or invalid Authorization header for path: /api/SSLCertificate/nonexistent.com&#xD;
[xUnit.net 00:00:01.44]       Assert.Equal() Failure: Values differ&#xD;
[xUnit.net 00:00:01.44]       Expected: NotFound&#xD;
[xUnit.net 00:00:01.44]       Actual:   Unauthorized&#xD;
[xUnit.net 00:00:01.44]       Stack Trace:&#xD;
[xUnit.net 00:00:01.44]         C:\rec\prg\repo\InventoryCtrl_2\test\Inventory.IntegrationTests\Controllers\SSLCertificateControllerTests.cs(271,0): at Inventory.IntegrationTests.Controllers.SSLCertificateControllerTests.DeleteCertificate_ShouldReturnNotFound_WhenCertificateDoesNotExist()&#xD;
[xUnit.net 00:00:01.44]         --- End of stack trace from previous location ---&#xD;
[14:36:16 INF] Program: JWT Configuration - Issuer: InventoryServer, Audience: InventoryClient&#xD;
[14:36:16 WRN] Microsoft.AspNetCore.StaticFiles.StaticFileMiddleware: The WebRootPath was not found: C:\rec\prg\repo\InventoryCtrl_2\src\Inventory.API\wwwroot. Static files may be unavailable.&#xD;
[14:36:16 WRN] Microsoft.AspNetCore.StaticFiles.StaticFileMiddleware: The WebRootPath was not found: C:\rec\prg\repo\InventoryCtrl_2\src\Inventory.API\wwwroot. Static files may be unavailable.&#xD;
[14:36:16 INF] Program: ?? Inventory Control API starting...&#xD;
[14:36:16 INF] Program: ?? API running on configured ports&#xD;
[14:36:16 WRN] Microsoft.AspNetCore.StaticFiles.StaticFileMiddleware: The WebRootPath was not found: C:\rec\prg\repo\InventoryCtrl_2\src\Inventory.API\wwwroot. Static files may be unavailable.&#xD;
[14:36:16 WRN] Inventory.API.Middleware.AuthenticationMiddleware: Missing or invalid Authorization header for path: /api/SSLCertificate/generate&#xD;
[xUnit.net 00:00:01.61]       Assert.Equal() Failure: Values differ&#xD;
[xUnit.net 00:00:01.61]       Expected: BadRequest&#xD;
[xUnit.net 00:00:01.61]       Actual:   Unauthorized&#xD;
[xUnit.net 00:00:01.61]       Stack Trace:&#xD;
[xUnit.net 00:00:01.61]         C:\rec\prg\repo\InventoryCtrl_2\test\Inventory.IntegrationTests\Controllers\SSLCertificateControllerTests.cs(189,0): at Inventory.IntegrationTests.Controllers.SSLCertificateControllerTests.GenerateCertificate_ShouldReturnBadRequest_WhenRequestIsInvalid()&#xD;
[xUnit.net 00:00:01.61]         --- End of stack trace from previous location ---&#xD;
[14:36:16 INF] Program: JWT Configuration - Issuer: InventoryServer, Audience: InventoryClient&#xD;
[14:36:16 WRN] Microsoft.AspNetCore.StaticFiles.StaticFileMiddleware: The WebRootPath was not found: C:\rec\prg\repo\InventoryCtrl_2\src\Inventory.API\wwwroot. Static files may be unavailable.&#xD;
[14:36:16 WRN] Microsoft.AspNetCore.StaticFiles.StaticFileMiddleware: The WebRootPath was not found: C:\rec\prg\repo\InventoryCtrl_2\src\Inventory.API\wwwroot. Static files may be unavailable.&#xD;
[14:36:16 INF] Program: ?? Inventory Control API starting...&#xD;
[14:36:16 INF] Program: ?? API running on configured ports&#xD;
[14:36:16 WRN] Microsoft.AspNetCore.StaticFiles.StaticFileMiddleware: The WebRootPath was not found: C:\rec\prg\repo\InventoryCtrl_2\src\Inventory.API\wwwroot. Static files may be unavailable.&#xD;
[14:36:16 WRN] Inventory.API.Middleware.AuthenticationMiddleware: Missing or invalid Authorization header for path: /api/SSLCertificate&#xD;
[xUnit.net 00:00:01.72]       Assert.Equal() Failure: Values differ&#xD;
[xUnit.net 00:00:01.72]       Expected: OK&#xD;
[xUnit.net 00:00:01.72]       Actual:   Unauthorized&#xD;
[xUnit.net 00:00:01.72]       Stack Trace:&#xD;
[xUnit.net 00:00:01.72]         C:\rec\prg\repo\InventoryCtrl_2\test\Inventory.IntegrationTests\Controllers\SSLCertificateControllerTests.cs(65,0): at Inventory.IntegrationTests.Controllers.SSLCertificateControllerTests.GetCertificates_ShouldReturnOk_WhenCertificatesExist()&#xD;
[xUnit.net 00:00:01.72]         --- End of stack trace from previous location ---&#xD;
[14:36:16 INF] Program: JWT Configuration - Issuer: InventoryServer, Audience: InventoryClient&#xD;
[14:36:16 WRN] Microsoft.AspNetCore.StaticFiles.StaticFileMiddleware: The WebRootPath was not found: C:\rec\prg\repo\InventoryCtrl_2\src\Inventory.API\wwwroot. Static files may be unavailable.&#xD;
[14:36:16 WRN] Microsoft.AspNetCore.StaticFiles.StaticFileMiddleware: The WebRootPath was not found: C:\rec\prg\repo\InventoryCtrl_2\src\Inventory.API\wwwroot. Static files may be unavailable.&#xD;
[14:36:16 INF] Program: ?? Inventory Control API starting...&#xD;
[14:36:16 INF] Program: ?? API running on configured ports&#xD;
[14:36:16 WRN] Microsoft.AspNetCore.StaticFiles.StaticFileMiddleware: The WebRootPath was not found: C:\rec\prg\repo\InventoryCtrl_2\src\Inventory.API\wwwroot. Static files may be unavailable.&#xD;
[14:36:16 WRN] Inventory.API.Middleware.AuthenticationMiddleware: Missing or invalid Authorization header for path: /api/SSLCertificate/nonexistent.com/renew&#xD;
[xUnit.net 00:00:01.83]       Assert.Equal() Failure: Values differ&#xD;
[xUnit.net 00:00:01.83]       Expected: NotFound&#xD;
[xUnit.net 00:00:01.83]       Actual:   Unauthorized&#xD;
[xUnit.net 00:00:01.83]       Stack Trace:&#xD;
[xUnit.net 00:00:01.83]         C:\rec\prg\repo\InventoryCtrl_2\test\Inventory.IntegrationTests\Controllers\SSLCertificateControllerTests.cs(239,0): at Inventory.IntegrationTests.Controllers.SSLCertificateControllerTests.RenewCertificate_ShouldReturnNotFound_WhenCertificateDoesNotExist()&#xD;
[xUnit.net 00:00:01.83]         --- End of stack trace from previous location ---&#xD;
[14:36:16 INF] Program: JWT Configuration - Issuer: InventoryServer, Audience: InventoryClient&#xD;
[14:36:16 WRN] Microsoft.AspNetCore.StaticFiles.StaticFileMiddleware: The WebRootPath was not found: C:\rec\prg\repo\InventoryCtrl_2\src\Inventory.API\wwwroot. Static files may be unavailable.&#xD;
[14:36:16 WRN] Microsoft.AspNetCore.StaticFiles.StaticFileMiddleware: The WebRootPath was not found: C:\rec\prg\repo\InventoryCtrl_2\src\Inventory.API\wwwroot. Static files may be unavailable.&#xD;
[14:36:16 INF] Program: ?? Inventory Control API starting...&#xD;
[14:36:16 INF] Program: ?? API running on configured ports&#xD;
[14:36:16 WRN] Microsoft.AspNetCore.StaticFiles.StaticFileMiddleware: The WebRootPath was not found: C:\rec\prg\repo\InventoryCtrl_2\src\Inventory.API\wwwroot. Static files may be unavailable.&#xD;
[14:36:16 WRN] Inventory.API.Middleware.AuthenticationMiddleware: Missing or invalid Authorization header for path: /api/SSLCertificate/test.com/validate&#xD;
[xUnit.net 00:00:01.94]       Assert.Equal() Failure: Values differ&#xD;
[xUnit.net 00:00:01.94]       Expected: OK&#xD;
[xUnit.net 00:00:01.94]       Actual:   Unauthorized&#xD;
[xUnit.net 00:00:01.94]       Stack Trace:&#xD;
[xUnit.net 00:00:01.94]         C:\rec\prg\repo\InventoryCtrl_2\test\Inventory.IntegrationTests\Controllers\SSLCertificateControllerTests.cs(335,0): at Inventory.IntegrationTests.Controllers.SSLCertificateControllerTests.ValidateCertificate_ShouldReturnOk_WhenCertificateExists()&#xD;
[xUnit.net 00:00:01.94]         --- End of stack trace from previous location ---&#xD;
[14:36:16 INF] Program: JWT Configuration - Issuer: InventoryServer, Audience: InventoryClient&#xD;
[14:36:16 WRN] Microsoft.AspNetCore.StaticFiles.StaticFileMiddleware: The WebRootPath was not found: C:\rec\prg\repo\InventoryCtrl_2\src\Inventory.API\wwwroot. Static files may be unavailable.&#xD;
[14:36:16 WRN] Microsoft.AspNetCore.StaticFiles.StaticFileMiddleware: The WebRootPath was not found: C:\rec\prg\repo\InventoryCtrl_2\src\Inventory.API\wwwroot. Static files may be unavailable.&#xD;
[14:36:16 INF] Program: ?? Inventory Control API starting...&#xD;
[14:36:16 INF] Program: ?? API running on configured ports&#xD;
[14:36:16 WRN] Microsoft.AspNetCore.StaticFiles.StaticFileMiddleware: The WebRootPath was not found: C:\rec\prg\repo\InventoryCtrl_2\src\Inventory.API\wwwroot. Static files may be unavailable.&#xD;
[14:36:16 WRN] Inventory.API.Middleware.AuthenticationMiddleware: Missing or invalid Authorization header for path: /api/SSLCertificate/test.com/renew&#xD;
[xUnit.net 00:00:02.05]       Assert.Equal() Failure: Values differ&#xD;
[xUnit.net 00:00:02.05]       Expected: OK&#xD;
[xUnit.net 00:00:02.05]       Actual:   Unauthorized&#xD;
[xUnit.net 00:00:02.05]       Stack Trace:&#xD;
[xUnit.net 00:00:02.05]         C:\rec\prg\repo\InventoryCtrl_2\test\Inventory.IntegrationTests\Controllers\SSLCertificateControllerTests.cs(214,0): at Inventory.IntegrationTests.Controllers.SSLCertificateControllerTests.RenewCertificate_ShouldReturnOk_WhenCertificateExists()&#xD;
[xUnit.net 00:00:02.05]         --- End of stack trace from previous location ---&#xD;
[14:36:16 INF] Program: JWT Configuration - Issuer: InventoryServer, Audience: InventoryClient&#xD;
[14:36:16 WRN] Microsoft.AspNetCore.StaticFiles.StaticFileMiddleware: The WebRootPath was not found: C:\rec\prg\repo\InventoryCtrl_2\src\Inventory.API\wwwroot. Static files may be unavailable.&#xD;
[14:36:16 WRN] Microsoft.AspNetCore.StaticFiles.StaticFileMiddleware: The WebRootPath was not found: C:\rec\prg\repo\InventoryCtrl_2\src\Inventory.API\wwwroot. Static files may be unavailable.&#xD;
[14:36:16 INF] Program: ?? Inventory Control API starting...&#xD;
[14:36:16 INF] Program: ?? API running on configured ports&#xD;
[14:36:16 WRN] Microsoft.AspNetCore.StaticFiles.StaticFileMiddleware: The WebRootPath was not found: C:\rec\prg\repo\InventoryCtrl_2\src\Inventory.API\wwwroot. Static files may be unavailable.&#xD;
[14:36:16 WRN] Inventory.API.Middleware.AuthenticationMiddleware: Missing or invalid Authorization header for path: /api/SSLCertificate/test.com&#xD;
[xUnit.net 00:00:02.17]       Assert.Equal() Failure: Values differ&#xD;
[xUnit.net 00:00:02.17]       Expected: OK&#xD;
[xUnit.net 00:00:02.17]       Actual:   Unauthorized&#xD;
[xUnit.net 00:00:02.17]       Stack Trace:&#xD;
[xUnit.net 00:00:02.17]         C:\rec\prg\repo\InventoryCtrl_2\test\Inventory.IntegrationTests\Controllers\SSLCertificateControllerTests.cs(100,0): at Inventory.IntegrationTests.Controllers.SSLCertificateControllerTests.GetCertificate_ShouldReturnOk_WhenCertificateExists()&#xD;
[xUnit.net 00:00:02.17]         --- End of stack trace from previous location ---&#xD;
[14:36:16 INF] Program: JWT Configuration - Issuer: InventoryServer, Audience: InventoryClient&#xD;
[14:36:16 WRN] Microsoft.AspNetCore.StaticFiles.StaticFileMiddleware: The WebRootPath was not found: C:\rec\prg\repo\InventoryCtrl_2\src\Inventory.API\wwwroot. Static files may be unavailable.&#xD;
[14:36:17 WRN] Microsoft.AspNetCore.StaticFiles.StaticFileMiddleware: The WebRootPath was not found: C:\rec\prg\repo\InventoryCtrl_2\src\Inventory.API\wwwroot. Static files may be unavailable.&#xD;
[14:36:17 INF] Program: ?? Inventory Control API starting...&#xD;
[14:36:17 INF] Program: ?? API running on configured ports&#xD;
[14:36:17 WRN] Microsoft.AspNetCore.StaticFiles.StaticFileMiddleware: The WebRootPath was not found: C:\rec\prg\repo\InventoryCtrl_2\src\Inventory.API\wwwroot. Static files may be unavailable.&#xD;
[14:36:17 WRN] Inventory.API.Middleware.AuthenticationMiddleware: Missing or invalid Authorization header for path: /api/SSLCertificate/nonexistent.com/validate&#xD;
[xUnit.net 00:00:02.30]       Assert.Equal() Failure: Values differ&#xD;
[xUnit.net 00:00:02.30]       Expected: NotFound&#xD;
[xUnit.net 00:00:02.30]       Actual:   Unauthorized&#xD;
[xUnit.net 00:00:02.30]       Stack Trace:&#xD;
[xUnit.net 00:00:02.30]         C:\rec\prg\repo\InventoryCtrl_2\test\Inventory.IntegrationTests\Controllers\SSLCertificateControllerTests.cs(361,0): at Inventory.IntegrationTests.Controllers.SSLCertificateControllerTests.ValidateCertificate_ShouldReturnNotFound_WhenCertificateDoesNotExist()&#xD;
[xUnit.net 00:00:02.30]         --- End of stack trace from previous location ---&#xD;
[14:36:17 INF] Program: JWT Configuration - Issuer: InventoryServer, Audience: InventoryClient&#xD;
[14:36:17 WRN] Microsoft.AspNetCore.StaticFiles.StaticFileMiddleware: The WebRootPath was not found: C:\rec\prg\repo\InventoryCtrl_2\src\Inventory.API\wwwroot. Static files may be unavailable.&#xD;
[14:36:17 WRN] Microsoft.AspNetCore.StaticFiles.StaticFileMiddleware: The WebRootPath was not found: C:\rec\prg\repo\InventoryCtrl_2\src\Inventory.API\wwwroot. Static files may be unavailable.&#xD;
[14:36:17 INF] Program: ?? Inventory Control API starting...&#xD;
[14:36:17 INF] Program: ?? API running on configured ports&#xD;
[14:36:17 WRN] Microsoft.AspNetCore.StaticFiles.StaticFileMiddleware: The WebRootPath was not found: C:\rec\prg\repo\InventoryCtrl_2\src\Inventory.API\wwwroot. Static files may be unavailable.&#xD;
[14:36:17 WRN] Inventory.API.Middleware.AuthenticationMiddleware: Missing or invalid Authorization header for path: /api/SSLCertificate/health&#xD;
[xUnit.net 00:00:02.45]       Assert.Equal() Failure: Values differ&#xD;
[xUnit.net 00:00:02.45]       Expected: OK&#xD;
[xUnit.net 00:00:02.45]       Actual:   Unauthorized&#xD;
[xUnit.net 00:00:02.45]       Stack Trace:&#xD;
[xUnit.net 00:00:02.45]         C:\rec\prg\repo\InventoryCtrl_2\test\Inventory.IntegrationTests\Controllers\SSLCertificateControllerTests.cs(297,0): at Inventory.IntegrationTests.Controllers.SSLCertificateControllerTests.GetCertificateHealth_ShouldReturnOk()&#xD;
[xUnit.net 00:00:02.45]         --- End of stack trace from previous location ---&#xD;
[14:36:17 INF] Program: JWT Configuration - Issuer: InventoryServer, Audience: InventoryClient&#xD;
[14:36:17 WRN] Microsoft.AspNetCore.StaticFiles.StaticFileMiddleware: The WebRootPath was not found: C:\rec\prg\repo\InventoryCtrl_2\src\Inventory.API\wwwroot. Static files may be unavailable.&#xD;
[14:36:17 WRN] Microsoft.AspNetCore.StaticFiles.StaticFileMiddleware: The WebRootPath was not found: C:\rec\prg\repo\InventoryCtrl_2\src\Inventory.API\wwwroot. Static files may be unavailable.&#xD;
[14:36:17 INF] Program: ?? Inventory Control API starting...&#xD;
[14:36:17 INF] Program: ?? API running on configured ports&#xD;
[14:36:17 ERR] Inventory.API.Middleware.AuthenticationMiddleware: Token validation failed&#xD;
Microsoft.IdentityModel.Tokens.SecurityTokenMalformedException: IDX12741: JWT must have three segments (JWS) or five segments (JWE).&#xD;
   at System.IdentityModel.Tokens.Jwt.JwtSecurityTokenHandler.ValidateToken(String token, TokenValidationParameters validationParameters, SecurityToken&amp; validatedToken)&#xD;
   at Inventory.API.Middleware.AuthenticationMiddleware.ValidateToken(String token) in C:\rec\prg\repo\InventoryCtrl_2\src\Inventory.API\Middleware\AuthenticationMiddleware.cs:line 128&#xD;
[14:36:17 WRN] Inventory.API.Middleware.AuthenticationMiddleware: Invalid token for path: /api/audit&#xD;
[xUnit.net 00:00:02.54]       Assert.Equal() Failure: Values differ&#xD;
[xUnit.net 00:00:02.54]       Expected: OK&#xD;
[xUnit.net 00:00:02.54]       Actual:   Unauthorized&#xD;
[xUnit.net 00:00:02.54]       Stack Trace:&#xD;
[xUnit.net 00:00:02.54]         C:\rec\prg\repo\InventoryCtrl_2\test\Inventory.IntegrationTests\Controllers\AuditControllerTests.cs(66,0): at Inventory.IntegrationTests.Controllers.AuditControllerTests.GetAuditLogs_WithAuthentication_ShouldReturnAuditLogs()&#xD;
[xUnit.net 00:00:02.54]         --- End of stack trace from previous location ---&#xD;
[14:36:17 WRN] Microsoft.AspNetCore.StaticFiles.StaticFileMiddleware: The WebRootPath was not found: C:\rec\prg\repo\InventoryCtrl_2\src\Inventory.API\wwwroot. Static files may be unavailable.&#xD;
[14:36:17 INF] Program: JWT Configuration - Issuer: InventoryServer, Audience: InventoryClient&#xD;
[14:36:17 WRN] Inventory.API.Middleware.AuthenticationMiddleware: Missing or invalid Authorization header for path: /api/SSLCertificate/generate&#xD;
[xUnit.net 00:00:02.57]       Assert.Equal() Failure: Values differ&#xD;
[xUnit.net 00:00:02.57]       Expected: OK&#xD;
[xUnit.net 00:00:02.57]       Actual:   Unauthorized&#xD;
[xUnit.net 00:00:02.57]       Stack Trace:&#xD;
[xUnit.net 00:00:02.57]         C:\rec\prg\repo\InventoryCtrl_2\test\Inventory.IntegrationTests\Controllers\SSLCertificateControllerTests.cs(160,0): at Inventory.IntegrationTests.Controllers.SSLCertificateControllerTests.GenerateCertificate_ShouldReturnOk_WhenRequestIsValid()&#xD;
[xUnit.net 00:00:02.57]         --- End of stack trace from previous location ---&#xD;
[14:36:17 INF] Program: ?? Inventory Control API starting...&#xD;
[14:36:17 INF] Program: ?? API running on configured ports&#xD;
[xUnit.net 00:00:02.68]       Assert.Equal() Failure: Values differ&#xD;
[xUnit.net 00:00:02.68]       Expected: OK&#xD;
[xUnit.net 00:00:02.68]       Actual:   Unauthorized&#xD;
[xUnit.net 00:00:02.68]       Stack Trace:&#xD;
[xUnit.net 00:00:02.68]         C:\rec\prg\repo\InventoryCtrl_2\test\Inventory.IntegrationTests\Controllers\AuditControllerTests.cs(144,0): at Inventory.IntegrationTests.Controllers.AuditControllerTests.GetUserAuditLogs_ShouldReturnUserLogs()&#xD;
[xUnit.net 00:00:02.68]         --- End of stack trace from previous location ---&#xD;
[14:36:17 INF] Program: JWT Configuration - Issuer: InventoryServer, Audience: InventoryClient&#xD;
[14:36:17 WRN] Microsoft.AspNetCore.StaticFiles.StaticFileMiddleware: The WebRootPath was not found: C:\rec\prg\repo\InventoryCtrl_2\src\Inventory.API\wwwroot. Static files may be unavailable.&#xD;
[14:36:17 WRN] Microsoft.AspNetCore.StaticFiles.StaticFileMiddleware: The WebRootPath was not found: C:\rec\prg\repo\InventoryCtrl_2\src\Inventory.API\wwwroot. Static files may be unavailable.&#xD;
[14:36:17 INF] Program: ?? Inventory Control API starting...&#xD;
[14:36:17 INF] Program: ?? API running on configured ports&#xD;
[14:36:17 WRN] Microsoft.AspNetCore.StaticFiles.StaticFileMiddleware: The WebRootPath was not found: C:\rec\prg\repo\InventoryCtrl_2\src\Inventory.API\wwwroot. Static files may be unavailable.&#xD;
[14:36:17 WRN] Inventory.API.Middleware.AuthenticationMiddleware: Missing or invalid Authorization header for path: /api/audit&#xD;
[14:36:17 INF] Program: JWT Configuration - Issuer: InventoryServer, Audience: InventoryClient&#xD;
[14:36:17 WRN] Microsoft.AspNetCore.StaticFiles.StaticFileMiddleware: The WebRootPath was not found: C:\rec\prg\repo\InventoryCtrl_2\src\Inventory.API\wwwroot. Static files may be unavailable.&#xD;
[14:36:17 WRN] Microsoft.AspNetCore.StaticFiles.StaticFileMiddleware: The WebRootPath was not found: C:\rec\prg\repo\InventoryCtrl_2\src\Inventory.API\wwwroot. Static files may be unavailable.&#xD;
[14:36:17 INF] Program: ?? Inventory Control API starting...&#xD;
[14:36:17 INF] Program: ?? API running on configured ports&#xD;
[14:36:17 WRN] Microsoft.AspNetCore.StaticFiles.StaticFileMiddleware: The WebRootPath was not found: C:\rec\prg\repo\InventoryCtrl_2\src\Inventory.API\wwwroot. Static files may be unavailable.&#xD;
[14:36:17 ERR] Inventory.API.Middleware.AuthenticationMiddleware: Token validation failed&#xD;
Microsoft.IdentityModel.Tokens.SecurityTokenMalformedException: IDX12741: JWT must have three segments (JWS) or five segments (JWE).&#xD;
   at System.IdentityModel.Tokens.Jwt.JwtSecurityTokenHandler.ValidateToken(String token, TokenValidationParameters validationParameters, SecurityToken&amp; validatedToken)&#xD;
   at Inventory.API.Middleware.AuthenticationMiddleware.ValidateToken(String token) in C:\rec\prg\repo\InventoryCtrl_2\src\Inventory.API\Middleware\AuthenticationMiddleware.cs:line 128&#xD;
[14:36:17 WRN] Inventory.API.Middleware.AuthenticationMiddleware: Invalid token for path: /api/audit/statistics&#xD;
[xUnit.net 00:00:02.98]       Assert.Equal() Failure: Values differ&#xD;
[xUnit.net 00:00:02.98]       Expected: OK&#xD;
[xUnit.net 00:00:02.98]       Actual:   Unauthorized&#xD;
[xUnit.net 00:00:02.98]       Stack Trace:&#xD;
[xUnit.net 00:00:02.98]         C:\rec\prg\repo\InventoryCtrl_2\test\Inventory.IntegrationTests\Controllers\AuditControllerTests.cs(170,0): at Inventory.IntegrationTests.Controllers.AuditControllerTests.GetAuditStatistics_ShouldReturnStatistics()&#xD;
[xUnit.net 00:00:02.98]         --- End of stack trace from previous location ---&#xD;
[14:36:17 INF] Program: JWT Configuration - Issuer: InventoryServer, Audience: InventoryClient&#xD;
[14:36:17 WRN] Microsoft.AspNetCore.StaticFiles.StaticFileMiddleware: The WebRootPath was not found: C:\rec\prg\repo\InventoryCtrl_2\src\Inventory.API\wwwroot. Static files may be unavailable.&#xD;
[14:36:17 WRN] Microsoft.AspNetCore.StaticFiles.StaticFileMiddleware: The WebRootPath was not found: C:\rec\prg\repo\InventoryCtrl_2\src\Inventory.API\wwwroot. Static files may be unavailable.&#xD;
[14:36:17 INF] Program: ?? Inventory Control API starting...&#xD;
[14:36:17 INF] Program: ?? API running on configured ports&#xD;
[14:36:17 WRN] Microsoft.AspNetCore.StaticFiles.StaticFileMiddleware: The WebRootPath was not found: C:\rec\prg\repo\InventoryCtrl_2\src\Inventory.API\wwwroot. Static files may be unavailable.&#xD;
[14:36:17 ERR] Inventory.API.Middleware.AuthenticationMiddleware: Token validation failed&#xD;
Microsoft.IdentityModel.Tokens.SecurityTokenMalformedException: IDX12741: JWT must have three segments (JWS) or five segments (JWE).&#xD;
   at System.IdentityModel.Tokens.Jwt.JwtSecurityTokenHandler.ValidateToken(String token, TokenValidationParameters validationParameters, SecurityToken&amp; validatedToken)&#xD;
   at Inventory.API.Middleware.AuthenticationMiddleware.ValidateToken(String token) in C:\rec\prg\repo\InventoryCtrl_2\src\Inventory.API\Middleware\AuthenticationMiddleware.cs:line 128&#xD;
[14:36:17 WRN] Inventory.API.Middleware.AuthenticationMiddleware: Invalid token for path: /api/audit/entity/Product/123&#xD;
[xUnit.net 00:00:03.10]       Assert.Equal() Failure: Values differ&#xD;
[xUnit.net 00:00:03.10]       Expected: OK&#xD;
[xUnit.net 00:00:03.10]       Actual:   Unauthorized&#xD;
[xUnit.net 00:00:03.10]       Stack Trace:&#xD;
[xUnit.net 00:00:03.10]         C:\rec\prg\repo\InventoryCtrl_2\test\Inventory.IntegrationTests\Controllers\AuditControllerTests.cs(117,0): at Inventory.IntegrationTests.Controllers.AuditControllerTests.GetEntityAuditLogs_ShouldReturnEntityLogs()&#xD;
[xUnit.net 00:00:03.10]         --- End of stack trace from previous location ---&#xD;
[14:36:17 INF] Program: JWT Configuration - Issuer: InventoryServer, Audience: InventoryClient&#xD;
[14:36:17 WRN] Microsoft.AspNetCore.StaticFiles.StaticFileMiddleware: The WebRootPath was not found: C:\rec\prg\repo\InventoryCtrl_2\src\Inventory.API\wwwroot. Static files may be unavailable.&#xD;
[14:36:17 WRN] Microsoft.AspNetCore.StaticFiles.StaticFileMiddleware: The WebRootPath was not found: C:\rec\prg\repo\InventoryCtrl_2\src\Inventory.API\wwwroot. Static files may be unavailable.&#xD;
[14:36:17 INF] Program: ?? Inventory Control API starting...&#xD;
[14:36:17 INF] Program: ?? API running on configured ports&#xD;
[14:36:17 WRN] Microsoft.AspNetCore.StaticFiles.StaticFileMiddleware: The WebRootPath was not found: C:\rec\prg\repo\InventoryCtrl_2\src\Inventory.API\wwwroot. Static files may be unavailable.&#xD;
[14:36:17 ERR] Inventory.API.Middleware.AuthenticationMiddleware: Token validation failed&#xD;
Microsoft.IdentityModel.Tokens.SecurityTokenMalformedException: IDX12741: JWT must have three segments (JWS) or five segments (JWE).&#xD;
   at System.IdentityModel.Tokens.Jwt.JwtSecurityTokenHandler.ValidateToken(String token, TokenValidationParameters validationParameters, SecurityToken&amp; validatedToken)&#xD;
   at Inventory.API.Middleware.AuthenticationMiddleware.ValidateToken(String token) in C:\rec\prg\repo\InventoryCtrl_2\src\Inventory.API\Middleware\AuthenticationMiddleware.cs:line 128&#xD;
[14:36:17 WRN] Inventory.API.Middleware.AuthenticationMiddleware: Invalid token for path: /api/audit&#xD;
[xUnit.net 00:00:03.21]       Assert.Equal() Failure: Values differ&#xD;
[xUnit.net 00:00:03.21]       Expected: OK&#xD;
[xUnit.net 00:00:03.21]       Actual:   Unauthorized&#xD;
[xUnit.net 00:00:03.21]       Stack Trace:&#xD;
[xUnit.net 00:00:03.21]         C:\rec\prg\repo\InventoryCtrl_2\test\Inventory.IntegrationTests\Controllers\AuditControllerTests.cs(91,0): at Inventory.IntegrationTests.Controllers.AuditControllerTests.GetAuditLogs_WithFilters_ShouldReturnFilteredLogs()&#xD;
[xUnit.net 00:00:03.21]         --- End of stack trace from previous location ---&#xD;
[14:36:18 INF] Program: JWT Configuration - Issuer: InventoryServer, Audience: InventoryClient&#xD;
[14:36:18 WRN] Microsoft.AspNetCore.StaticFiles.StaticFileMiddleware: The WebRootPath was not found: C:\rec\prg\repo\InventoryCtrl_2\src\Inventory.API\wwwroot. Static files may be unavailable.&#xD;
[14:36:18 WRN] Microsoft.AspNetCore.StaticFiles.StaticFileMiddleware: The WebRootPath was not found: C:\rec\prg\repo\InventoryCtrl_2\src\Inventory.API\wwwroot. Static files may be unavailable.&#xD;
[14:36:18 INF] Program: ?? Inventory Control API starting...&#xD;
[14:36:18 INF] Program: ?? API running on configured ports&#xD;
[14:36:18 WRN] Microsoft.AspNetCore.StaticFiles.StaticFileMiddleware: The WebRootPath was not found: C:\rec\prg\repo\InventoryCtrl_2\src\Inventory.API\wwwroot. Static files may be unavailable.&#xD;
[14:36:18 ERR] Inventory.API.Middleware.AuthenticationMiddleware: Token validation failed&#xD;
Microsoft.IdentityModel.Tokens.SecurityTokenMalformedException: IDX12741: JWT must have three segments (JWS) or five segments (JWE).&#xD;
   at System.IdentityModel.Tokens.Jwt.JwtSecurityTokenHandler.ValidateToken(String token, TokenValidationParameters validationParameters, SecurityToken&amp; validatedToken)&#xD;
   at Inventory.API.Middleware.AuthenticationMiddleware.ValidateToken(String token) in C:\rec\prg\repo\InventoryCtrl_2\src\Inventory.API\Middleware\AuthenticationMiddleware.cs:line 128&#xD;
[14:36:18 WRN] Inventory.API.Middleware.AuthenticationMiddleware: Invalid token for path: /api/audit/cleanup&#xD;
[xUnit.net 00:00:03.31]       Assert.Equal() Failure: Values differ&#xD;
[xUnit.net 00:00:03.31]       Expected: OK&#xD;
[xUnit.net 00:00:03.31]       Actual:   Unauthorized&#xD;
[xUnit.net 00:00:03.31]       Stack Trace:&#xD;
[xUnit.net 00:00:03.31]         C:\rec\prg\repo\InventoryCtrl_2\test\Inventory.IntegrationTests\Controllers\AuditControllerTests.cs(197,0): at Inventory.IntegrationTests.Controllers.AuditControllerTests.CleanupOldLogs_AsAdmin_ShouldReturnCleanupResult()&#xD;
[xUnit.net 00:00:03.31]         --- End of stack trace from previous location ---&#xD;
[xUnit.net 00:00:06.43]       Npgsql.NpgsqlException : Failed to connect to 127.0.0.1:5433&#xD;
[xUnit.net 00:00:06.43]       ---- System.Net.Sockets.SocketException : Подключение не установлено, т.к. конечный компьютер отверг запрос на подключение.&#xD;
[xUnit.net 00:00:06.43]       Stack Trace:&#xD;
[xUnit.net 00:00:06.43]            at Npgsql.Internal.NpgsqlConnector.Connect(NpgsqlTimeout timeout)&#xD;
[xUnit.net 00:00:06.43]            at Npgsql.Internal.NpgsqlConnector.RawOpen(SslMode sslMode, NpgsqlTimeout timeout, Boolean async, CancellationToken cancellationToken, Boolean isFirstAttempt)&#xD;
[xUnit.net 00:00:06.43]            at Npgsql.Internal.NpgsqlConnector.&lt;Open&gt;g__OpenCore|213_1(NpgsqlConnector conn, SslMode sslMode, NpgsqlTimeout timeout, Boolean async, CancellationToken cancellationToken, Boolean isFirstAttempt)&#xD;
[xUnit.net 00:00:06.43]            at Npgsql.Internal.NpgsqlConnector.Open(NpgsqlTimeout timeout, Boolean async, CancellationToken cancellationToken)&#xD;
[xUnit.net 00:00:06.43]            at Npgsql.UnpooledDataSource.Get(NpgsqlConnection conn, NpgsqlTimeout timeout, Boolean async, CancellationToken cancellationToken)&#xD;
[xUnit.net 00:00:06.43]            at Npgsql.NpgsqlConnection.&lt;Open&gt;g__OpenAsync|42_0(Boolean async, CancellationToken cancellationToken)&#xD;
[xUnit.net 00:00:06.43]            at Npgsql.NpgsqlConnection.Open()&#xD;
[xUnit.net 00:00:06.43]            at Microsoft.EntityFrameworkCore.Storage.RelationalConnection.OpenDbConnection(Boolean errorsExpected)&#xD;
[xUnit.net 00:00:06.43]            at Microsoft.EntityFrameworkCore.Storage.RelationalConnection.OpenInternal(Boolean errorsExpected)&#xD;
[xUnit.net 00:00:06.43]            at Microsoft.EntityFrameworkCore.Storage.RelationalConnection.Open(Boolean errorsExpected)&#xD;
[xUnit.net 00:00:06.43]            at Npgsql.EntityFrameworkCore.PostgreSQL.Storage.Internal.NpgsqlDatabaseCreator.Exists(Boolean async, CancellationToken cancellationToken)&#xD;
[xUnit.net 00:00:06.43]            at Npgsql.EntityFrameworkCore.PostgreSQL.Storage.Internal.NpgsqlDatabaseCreator.Exists(Boolean async, CancellationToken cancellationToken)&#xD;
[xUnit.net 00:00:06.43]            at Npgsql.EntityFrameworkCore.PostgreSQL.Storage.Internal.NpgsqlDatabaseCreator.Exists()&#xD;
[xUnit.net 00:00:06.43]            at Microsoft.EntityFrameworkCore.Storage.RelationalDatabaseCreator.EnsureCreated()&#xD;
[xUnit.net 00:00:06.43]            at Microsoft.EntityFrameworkCore.Infrastructure.DatabaseFacade.EnsureCreated()&#xD;
[xUnit.net 00:00:06.43]         C:\rec\prg\repo\InventoryCtrl_2\test\Inventory.IntegrationTests\TestBase.cs(121,0): at Inventory.IntegrationTests.IntegrationTestBase..ctor(WebApplicationFactory`1 factory)&#xD;
[xUnit.net 00:00:06.43]         C:\rec\prg\repo\InventoryCtrl_2\test\Inventory.IntegrationTests\Controllers\WarehouseControllerIntegrationTests.cs(14,0): at Inventory.IntegrationTests.Controllers.WarehouseControllerIntegrationTests..ctor(WebApplicationFactory`1 factory)&#xD;
[xUnit.net 00:00:06.43]            at System.RuntimeMethodHandle.InvokeMethod(Object target, Void** arguments, Signature sig, Boolean isConstructor)&#xD;
[xUnit.net 00:00:06.43]            at System.Reflection.MethodBaseInvoker.InvokeDirectByRefWithFewArgs(Object obj, Span`1 copyOfArgs, BindingFlags invokeAttr)&#xD;
[xUnit.net 00:00:06.43]         ----- Inner Stack Trace -----&#xD;
[xUnit.net 00:00:06.43]            at Npgsql.Internal.NpgsqlConnector.Connect(NpgsqlTimeout timeout)&#xD;
[xUnit.net 00:00:06.43]       Npgsql.NpgsqlException : Failed to connect to 127.0.0.1:5433&#xD;
[xUnit.net 00:00:06.43]       ---- System.Net.Sockets.SocketException : Подключение не установлено, т.к. конечный компьютер отверг запрос на подключение.&#xD;
[xUnit.net 00:00:06.43]       Stack Trace:&#xD;
[xUnit.net 00:00:06.43]            at Npgsql.Internal.NpgsqlConnector.Connect(NpgsqlTimeout timeout)&#xD;
[xUnit.net 00:00:06.43]            at Npgsql.Internal.NpgsqlConnector.RawOpen(SslMode sslMode, NpgsqlTimeout timeout, Boolean async, CancellationToken cancellationToken, Boolean isFirstAttempt)&#xD;
[xUnit.net 00:00:06.43]            at Npgsql.Internal.NpgsqlConnector.&lt;Open&gt;g__OpenCore|213_1(NpgsqlConnector conn, SslMode sslMode, NpgsqlTimeout timeout, Boolean async, CancellationToken cancellationToken, Boolean isFirstAttempt)&#xD;
[xUnit.net 00:00:06.43]            at Npgsql.Internal.NpgsqlConnector.Open(NpgsqlTimeout timeout, Boolean async, CancellationToken cancellationToken)&#xD;
[xUnit.net 00:00:06.43]            at Npgsql.UnpooledDataSource.Get(NpgsqlConnection conn, NpgsqlTimeout timeout, Boolean async, CancellationToken cancellationToken)&#xD;
[xUnit.net 00:00:06.43]            at Npgsql.NpgsqlConnection.&lt;Open&gt;g__OpenAsync|42_0(Boolean async, CancellationToken cancellationToken)&#xD;
[xUnit.net 00:00:06.43]            at Npgsql.NpgsqlConnection.Open()&#xD;
[xUnit.net 00:00:06.43]            at Microsoft.EntityFrameworkCore.Storage.RelationalConnection.OpenDbConnection(Boolean errorsExpected)&#xD;
[xUnit.net 00:00:06.43]            at Microsoft.EntityFrameworkCore.Storage.RelationalConnection.OpenInternal(Boolean errorsExpected)&#xD;
[xUnit.net 00:00:06.43]            at Microsoft.EntityFrameworkCore.Storage.RelationalConnection.Open(Boolean errorsExpected)&#xD;
[xUnit.net 00:00:06.43]            at Npgsql.EntityFrameworkCore.PostgreSQL.Storage.Internal.NpgsqlDatabaseCreator.Exists(Boolean async, CancellationToken cancellationToken)&#xD;
[xUnit.net 00:00:06.43]            at Npgsql.EntityFrameworkCore.PostgreSQL.Storage.Internal.NpgsqlDatabaseCreator.Exists(Boolean async, CancellationToken cancellationToken)&#xD;
[xUnit.net 00:00:06.43]            at Npgsql.EntityFrameworkCore.PostgreSQL.Storage.Internal.NpgsqlDatabaseCreator.Exists()&#xD;
[xUnit.net 00:00:06.43]            at Microsoft.EntityFrameworkCore.Storage.RelationalDatabaseCreator.EnsureCreated()&#xD;
[xUnit.net 00:00:06.43]            at Microsoft.EntityFrameworkCore.Infrastructure.DatabaseFacade.EnsureCreated()&#xD;
[xUnit.net 00:00:06.43]         C:\rec\prg\repo\InventoryCtrl_2\test\Inventory.IntegrationTests\TestBase.cs(121,0): at Inventory.IntegrationTests.IntegrationTestBase..ctor(WebApplicationFactory`1 factory)&#xD;
[xUnit.net 00:00:06.43]         C:\rec\prg\repo\InventoryCtrl_2\test\Inventory.IntegrationTests\Controllers\AuthControllerIntegrationTests.cs(12,0): at Inventory.IntegrationTests.Controllers.AuthControllerIntegrationTestsNew..ctor(WebApplicationFactory`1 factory)&#xD;
[xUnit.net 00:00:06.43]            at System.RuntimeMethodHandle.InvokeMethod(Object target, Void** arguments, Signature sig, Boolean isConstructor)&#xD;
[xUnit.net 00:00:06.43]            at System.Reflection.MethodBaseInvoker.InvokeDirectByRefWithFewArgs(Object obj, Span`1 copyOfArgs, BindingFlags invokeAttr)&#xD;
[xUnit.net 00:00:06.43]         ----- Inner Stack Trace -----&#xD;
[xUnit.net 00:00:06.43]            at Npgsql.Internal.NpgsqlConnector.Connect(NpgsqlTimeout timeout)&#xD;
[xUnit.net 00:00:06.43]       Npgsql.NpgsqlException : Failed to connect to 127.0.0.1:5433&#xD;
[xUnit.net 00:00:06.43]       ---- System.Net.Sockets.SocketException : Подключение не установлено, т.к. конечный компьютер отверг запрос на подключение.&#xD;
[xUnit.net 00:00:06.43]       Stack Trace:&#xD;
[xUnit.net 00:00:06.43]            at Npgsql.Internal.NpgsqlConnector.Connect(NpgsqlTimeout timeout)&#xD;
[xUnit.net 00:00:06.43]            at Npgsql.Internal.NpgsqlConnector.RawOpen(SslMode sslMode, NpgsqlTimeout timeout, Boolean async, CancellationToken cancellationToken, Boolean isFirstAttempt)&#xD;
[xUnit.net 00:00:06.43]            at Npgsql.Internal.NpgsqlConnector.&lt;Open&gt;g__OpenCore|213_1(NpgsqlConnector conn, SslMode sslMode, NpgsqlTimeout timeout, Boolean async, CancellationToken cancellationToken, Boolean isFirstAttempt)&#xD;
[xUnit.net 00:00:06.43]            at Npgsql.Internal.NpgsqlConnector.Open(NpgsqlTimeout timeout, Boolean async, CancellationToken cancellationToken)&#xD;
[xUnit.net 00:00:06.43]            at Npgsql.UnpooledDataSource.Get(NpgsqlConnection conn, NpgsqlTimeout timeout, Boolean async, CancellationToken cancellationToken)&#xD;
[xUnit.net 00:00:06.43]            at Npgsql.NpgsqlConnection.&lt;Open&gt;g__OpenAsync|42_0(Boolean async, CancellationToken cancellationToken)&#xD;
[xUnit.net 00:00:06.43]            at Npgsql.NpgsqlConnection.Open()&#xD;
[xUnit.net 00:00:06.43]            at Microsoft.EntityFrameworkCore.Storage.RelationalConnection.OpenDbConnection(Boolean errorsExpected)&#xD;
[xUnit.net 00:00:06.43]            at Microsoft.EntityFrameworkCore.Storage.RelationalConnection.OpenInternal(Boolean errorsExpected)&#xD;
[xUnit.net 00:00:06.43]            at Microsoft.EntityFrameworkCore.Storage.RelationalConnection.Open(Boolean errorsExpected)&#xD;
[xUnit.net 00:00:06.43]            at Npgsql.EntityFrameworkCore.PostgreSQL.Storage.Internal.NpgsqlDatabaseCreator.Exists(Boolean async, CancellationToken cancellationToken)&#xD;
[xUnit.net 00:00:06.43]            at Npgsql.EntityFrameworkCore.PostgreSQL.Storage.Internal.NpgsqlDatabaseCreator.Exists(Boolean async, CancellationToken cancellationToken)&#xD;
[xUnit.net 00:00:06.43]            at Npgsql.EntityFrameworkCore.PostgreSQL.Storage.Internal.NpgsqlDatabaseCreator.Exists()&#xD;
[xUnit.net 00:00:06.43]            at Microsoft.EntityFrameworkCore.Storage.RelationalDatabaseCreator.EnsureCreated()&#xD;
[xUnit.net 00:00:06.43]            at Microsoft.EntityFrameworkCore.Infrastructure.DatabaseFacade.EnsureCreated()&#xD;
[xUnit.net 00:00:06.43]         C:\rec\prg\repo\InventoryCtrl_2\test\Inventory.IntegrationTests\TestBase.cs(121,0): at Inventory.IntegrationTests.IntegrationTestBase..ctor(WebApplicationFactory`1 factory)&#xD;
[xUnit.net 00:00:06.43]         C:\rec\prg\repo\InventoryCtrl_2\test\Inventory.IntegrationTests\Controllers\ManufacturerControllerIntegrationTests.cs(13,0): at Inventory.IntegrationTests.Controllers.ManufacturerControllerIntegrationTests..ctor(WebApplicationFactory`1 factory)&#xD;
[xUnit.net 00:00:06.43]            at System.RuntimeMethodHandle.InvokeMethod(Object target, Void** arguments, Signature sig, Boolean isConstructor)&#xD;
[xUnit.net 00:00:06.43]            at System.Reflection.MethodBaseInvoker.InvokeDirectByRefWithFewArgs(Object obj, Span`1 copyOfArgs, BindingFlags invokeAttr)&#xD;
[xUnit.net 00:00:06.43]         ----- Inner Stack Trace -----&#xD;
[xUnit.net 00:00:06.43]            at Npgsql.Internal.NpgsqlConnector.Connect(NpgsqlTimeout timeout)&#xD;
[xUnit.net 00:00:06.43]       Npgsql.NpgsqlException : Failed to connect to 127.0.0.1:5433&#xD;
[xUnit.net 00:00:06.43]       ---- System.Net.Sockets.SocketException : Подключение не установлено, т.к. конечный компьютер отверг запрос на подключение.&#xD;
[xUnit.net 00:00:06.43]       Stack Trace:&#xD;
[xUnit.net 00:00:06.43]            at Npgsql.Internal.NpgsqlConnector.Connect(NpgsqlTimeout timeout)&#xD;
[xUnit.net 00:00:06.43]            at Npgsql.Internal.NpgsqlConnector.RawOpen(SslMode sslMode, NpgsqlTimeout timeout, Boolean async, CancellationToken cancellationToken, Boolean isFirstAttempt)&#xD;
[xUnit.net 00:00:06.43]            at Npgsql.Internal.NpgsqlConnector.&lt;Open&gt;g__OpenCore|213_1(NpgsqlConnector conn, SslMode sslMode, NpgsqlTimeout timeout, Boolean async, CancellationToken cancellationToken, Boolean isFirstAttempt)&#xD;
[xUnit.net 00:00:06.43]            at Npgsql.Internal.NpgsqlConnector.Open(NpgsqlTimeout timeout, Boolean async, CancellationToken cancellationToken)&#xD;
[xUnit.net 00:00:06.43]            at Npgsql.UnpooledDataSource.Get(NpgsqlConnection conn, NpgsqlTimeout timeout, Boolean async, CancellationToken cancellationToken)&#xD;
[xUnit.net 00:00:06.43]            at Npgsql.NpgsqlConnection.&lt;Open&gt;g__OpenAsync|42_0(Boolean async, CancellationToken cancellationToken)&#xD;
[xUnit.net 00:00:06.43]            at Npgsql.NpgsqlConnection.Open()&#xD;
[xUnit.net 00:00:06.43]            at Microsoft.EntityFrameworkCore.Storage.RelationalConnection.OpenDbConnection(Boolean errorsExpected)&#xD;
[xUnit.net 00:00:06.43]            at Microsoft.EntityFrameworkCore.Storage.RelationalConnection.OpenInternal(Boolean errorsExpected)&#xD;
[xUnit.net 00:00:06.43]            at Microsoft.EntityFrameworkCore.Storage.RelationalConnection.Open(Boolean errorsExpected)&#xD;
[xUnit.net 00:00:06.43]            at Npgsql.EntityFrameworkCore.PostgreSQL.Storage.Internal.NpgsqlDatabaseCreator.Exists(Boolean async, CancellationToken cancellationToken)&#xD;
[xUnit.net 00:00:06.43]            at Npgsql.EntityFrameworkCore.PostgreSQL.Storage.Internal.NpgsqlDatabaseCreator.Exists(Boolean async, CancellationToken cancellationToken)&#xD;
[xUnit.net 00:00:06.43]            at Npgsql.EntityFrameworkCore.PostgreSQL.Storage.Internal.NpgsqlDatabaseCreator.Exists()&#xD;
[xUnit.net 00:00:06.43]            at Microsoft.EntityFrameworkCore.Storage.RelationalDatabaseCreator.EnsureCreated()&#xD;
[xUnit.net 00:00:06.43]            at Microsoft.EntityFrameworkCore.Infrastructure.DatabaseFacade.EnsureCreated()&#xD;
[xUnit.net 00:00:06.43]         C:\rec\prg\repo\InventoryCtrl_2\test\Inventory.IntegrationTests\TestBase.cs(121,0): at Inventory.IntegrationTests.IntegrationTestBase..ctor(WebApplicationFactory`1 factory)&#xD;
[xUnit.net 00:00:06.43]         C:\rec\prg\repo\InventoryCtrl_2\test\Inventory.IntegrationTests\Controllers\CategoryControllerIntegrationTests.cs(13,0): at Inventory.IntegrationTests.Controllers.CategoryControllerIntegrationTestsNew..ctor(WebApplicationFactory`1 factory)&#xD;
[xUnit.net 00:00:06.43]            at System.RuntimeMethodHandle.InvokeMethod(Object target, Void** arguments, Signature sig, Boolean isConstructor)&#xD;
[xUnit.net 00:00:06.43]            at System.Reflection.MethodBaseInvoker.InvokeDirectByRefWithFewArgs(Object obj, Span`1 copyOfArgs, BindingFlags invokeAttr)&#xD;
[xUnit.net 00:00:06.43]         ----- Inner Stack Trace -----&#xD;
[xUnit.net 00:00:06.43]            at Npgsql.Internal.NpgsqlConnector.Connect(NpgsqlTimeout timeout)&#xD;
[xUnit.net 00:00:06.43]       Npgsql.NpgsqlException : Failed to connect to 127.0.0.1:5433&#xD;
[xUnit.net 00:00:06.43]       ---- System.Net.Sockets.SocketException : Подключение не установлено, т.к. конечный компьютер отверг запрос на подключение.&#xD;
[xUnit.net 00:00:06.43]       Stack Trace:&#xD;
[xUnit.net 00:00:06.43]            at Npgsql.Internal.NpgsqlConnector.Connect(NpgsqlTimeout timeout)&#xD;
[xUnit.net 00:00:06.43]            at Npgsql.Internal.NpgsqlConnector.RawOpen(SslMode sslMode, NpgsqlTimeout timeout, Boolean async, CancellationToken cancellationToken, Boolean isFirstAttempt)&#xD;
[xUnit.net 00:00:06.43]            at Npgsql.Internal.NpgsqlConnector.&lt;Open&gt;g__OpenCore|213_1(NpgsqlConnector conn, SslMode sslMode, NpgsqlTimeout timeout, Boolean async, CancellationToken cancellationToken, Boolean isFirstAttempt)&#xD;
[xUnit.net 00:00:06.43]            at Npgsql.Internal.NpgsqlConnector.Open(NpgsqlTimeout timeout, Boolean async, CancellationToken cancellationToken)&#xD;
[xUnit.net 00:00:06.43]            at Npgsql.UnpooledDataSource.Get(NpgsqlConnection conn, NpgsqlTimeout timeout, Boolean async, CancellationToken cancellationToken)&#xD;
[xUnit.net 00:00:06.43]            at Npgsql.NpgsqlConnection.&lt;Open&gt;g__OpenAsync|42_0(Boolean async, CancellationToken cancellationToken)&#xD;
[xUnit.net 00:00:06.43]            at Npgsql.NpgsqlConnection.Open()&#xD;
[xUnit.net 00:00:06.43]            at Microsoft.EntityFrameworkCore.Storage.RelationalConnection.OpenDbConnection(Boolean errorsExpected)&#xD;
[xUnit.net 00:00:06.43]            at Microsoft.EntityFrameworkCore.Storage.RelationalConnection.OpenInternal(Boolean errorsExpected)&#xD;
[xUnit.net 00:00:06.43]            at Microsoft.EntityFrameworkCore.Storage.RelationalConnection.Open(Boolean errorsExpected)&#xD;
[xUnit.net 00:00:06.43]            at Npgsql.EntityFrameworkCore.PostgreSQL.Storage.Internal.NpgsqlDatabaseCreator.Exists(Boolean async, CancellationToken cancellationToken)&#xD;
[xUnit.net 00:00:06.43]            at Npgsql.EntityFrameworkCore.PostgreSQL.Storage.Internal.NpgsqlDatabaseCreator.Exists(Boolean async, CancellationToken cancellationToken)&#xD;
[xUnit.net 00:00:06.43]            at Npgsql.EntityFrameworkCore.PostgreSQL.Storage.Internal.NpgsqlDatabaseCreator.Exists()&#xD;
[xUnit.net 00:00:06.43]            at Microsoft.EntityFrameworkCore.Storage.RelationalDatabaseCreator.EnsureCreated()&#xD;
[xUnit.net 00:00:06.43]            at Microsoft.EntityFrameworkCore.Infrastructure.DatabaseFacade.EnsureCreated()&#xD;
[xUnit.net 00:00:06.43]         C:\rec\prg\repo\InventoryCtrl_2\test\Inventory.IntegrationTests\TestBase.cs(121,0): at Inventory.IntegrationTests.IntegrationTestBase..ctor(WebApplicationFactory`1 factory)&#xD;
[xUnit.net 00:00:06.43]         C:\rec\prg\repo\InventoryCtrl_2\test\Inventory.IntegrationTests\Controllers\DashboardControllerIntegrationTests.cs(13,0): at Inventory.IntegrationTests.Controllers.DashboardControllerIntegrationTestsNew..ctor(WebApplicationFactory`1 factory)&#xD;
[xUnit.net 00:00:06.43]            at System.RuntimeMethodHandle.InvokeMethod(Object target, Void** arguments, Signature sig, Boolean isConstructor)&#xD;
[xUnit.net 00:00:06.43]            at System.Reflection.MethodBaseInvoker.InvokeDirectByRefWithFewArgs(Object obj, Span`1 copyOfArgs, BindingFlags invokeAttr)&#xD;
[xUnit.net 00:00:06.43]         ----- Inner Stack Trace -----&#xD;
[xUnit.net 00:00:06.43]            at Npgsql.Internal.NpgsqlConnector.Connect(NpgsqlTimeout timeout)&#xD;
[xUnit.net 00:00:06.44]       Npgsql.NpgsqlException : Failed to connect to 127.0.0.1:5432&#xD;
[xUnit.net 00:00:06.44]       ---- System.Net.Sockets.SocketException : Подключение не установлено, т.к. конечный компьютер отверг запрос на подключение.&#xD;
[xUnit.net 00:00:06.44]       Stack Trace:&#xD;
[xUnit.net 00:00:06.44]            at Npgsql.Internal.NpgsqlConnector.ConnectAsync(NpgsqlTimeout timeout, CancellationToken cancellationToken)&#xD;
[xUnit.net 00:00:06.44]            at Npgsql.Internal.NpgsqlConnector.RawOpen(SslMode sslMode, NpgsqlTimeout timeout, Boolean async, CancellationToken cancellationToken, Boolean isFirstAttempt)&#xD;
[xUnit.net 00:00:06.44]            at Npgsql.Internal.NpgsqlConnector.&lt;Open&gt;g__OpenCore|213_1(NpgsqlConnector conn, SslMode sslMode, NpgsqlTimeout timeout, Boolean async, CancellationToken cancellationToken, Boolean isFirstAttempt)&#xD;
[xUnit.net 00:00:06.44]            at Npgsql.Internal.NpgsqlConnector.Open(NpgsqlTimeout timeout, Boolean async, CancellationToken cancellationToken)&#xD;
[xUnit.net 00:00:06.44]            at Npgsql.UnpooledDataSource.Get(NpgsqlConnection conn, NpgsqlTimeout timeout, Boolean async, CancellationToken cancellationToken)&#xD;
[xUnit.net 00:00:06.44]            at Npgsql.NpgsqlConnection.&lt;Open&gt;g__OpenAsync|42_0(Boolean async, CancellationToken cancellationToken)&#xD;
[xUnit.net 00:00:06.44]            at Microsoft.EntityFrameworkCore.Storage.RelationalConnection.OpenInternalAsync(Boolean errorsExpected, CancellationToken cancellationToken)&#xD;
[xUnit.net 00:00:06.44]            at Microsoft.EntityFrameworkCore.Storage.RelationalConnection.OpenInternalAsync(Boolean errorsExpected, CancellationToken cancellationToken)&#xD;
[xUnit.net 00:00:06.44]            at Microsoft.EntityFrameworkCore.Storage.RelationalConnection.OpenAsync(CancellationToken cancellationToken, Boolean errorsExpected)&#xD;
[xUnit.net 00:00:06.44]            at Npgsql.EntityFrameworkCore.PostgreSQL.Storage.Internal.NpgsqlDatabaseCreator.Exists(Boolean async, CancellationToken cancellationToken)&#xD;
[xUnit.net 00:00:06.44]            at Npgsql.EntityFrameworkCore.PostgreSQL.Storage.Internal.NpgsqlDatabaseCreator.Exists(Boolean async, CancellationToken cancellationToken)&#xD;
[xUnit.net 00:00:06.44]            at Microsoft.EntityFrameworkCore.Storage.RelationalDatabaseCreator.EnsureCreatedAsync(CancellationToken cancellationToken)&#xD;
[xUnit.net 00:00:06.44]            at Microsoft.EntityFrameworkCore.Storage.RelationalDatabaseCreator.EnsureCreatedAsync(CancellationToken cancellationToken)&#xD;
[xUnit.net 00:00:06.44]         C:\rec\prg\repo\InventoryCtrl_2\test\Inventory.IntegrationTests\RequestCreation\RequestCreationFlowTests.cs(39,0): at Inventory.IntegrationTests.RequestCreation.RequestCreationFlowTests.CreateRequest_WithValidData_ShouldSucceedWithoutCircularReferenceError()&#xD;
[xUnit.net 00:00:06.44]         --- End of stack trace from previous location ---&#xD;
[xUnit.net 00:00:06.45]         ----- Inner Stack Trace -----&#xD;
[xUnit.net 00:00:06.45]            at System.Net.Sockets.Socket.AwaitableSocketAsyncEventArgs.ThrowException(SocketError error, CancellationToken cancellationToken)&#xD;
[xUnit.net 00:00:06.45]            at System.Net.Sockets.Socket.AwaitableSocketAsyncEventArgs.System.Threading.Tasks.Sources.IValueTaskSource.GetResult(Int16 token)&#xD;
[xUnit.net 00:00:06.45]            at System.Net.Sockets.Socket.&lt;ConnectAsync&gt;g__WaitForConnectWithCancellation|285_0(AwaitableSocketAsyncEventArgs saea, ValueTask connectTask, CancellationToken cancellationToken)&#xD;
[xUnit.net 00:00:06.45]            at Npgsql.TaskTimeoutAndCancellation.ExecuteAsync(Func`2 getTaskFunc, NpgsqlTimeout timeout, CancellationToken cancellationToken)&#xD;
[xUnit.net 00:00:06.45]            at Npgsql.Internal.NpgsqlConnector.ConnectAsync(NpgsqlTimeout timeout, CancellationToken cancellationToken)&#xD;
[14:36:21 INF] Program: JWT Configuration - Issuer: InventoryTest, Audience: InventoryTestUsers&#xD;
[14:36:21 INF] Program: JWT Configuration - Issuer: InventoryTest, Audience: InventoryTestUsers&#xD;
[14:36:21 INF] Program: JWT Configuration - Issuer: InventoryTest, Audience: InventoryTestUsers&#xD;
[14:36:21 INF] Program: JWT Configuration - Issuer: InventoryTest, Audience: InventoryTestUsers&#xD;
[14:36:21 INF] Program: JWT Configuration - Issuer: InventoryTest, Audience: InventoryTestUsers&#xD;
[14:36:21 WRN] Microsoft.AspNetCore.StaticFiles.StaticFileMiddleware: The WebRootPath was not found: C:\rec\prg\repo\InventoryCtrl_2\src\Inventory.API\wwwroot. Static files may be unavailable.&#xD;
[14:36:21 WRN] Microsoft.AspNetCore.StaticFiles.StaticFileMiddleware: The WebRootPath was not found: C:\rec\prg\repo\InventoryCtrl_2\src\Inventory.API\wwwroot. Static files may be unavailable.&#xD;
[14:36:21 WRN] Microsoft.AspNetCore.StaticFiles.StaticFileMiddleware: The WebRootPath was not found: C:\rec\prg\repo\InventoryCtrl_2\src\Inventory.API\wwwroot. Static files may be unavailable.&#xD;
[14:36:21 WRN] Microsoft.AspNetCore.StaticFiles.StaticFileMiddleware: The WebRootPath was not found: C:\rec\prg\repo\InventoryCtrl_2\src\Inventory.API\wwwroot. Static files may be unavailable.&#xD;
[14:36:21 WRN] Microsoft.AspNetCore.StaticFiles.StaticFileMiddleware: The WebRootPath was not found: C:\rec\prg\repo\InventoryCtrl_2\src\Inventory.API\wwwroot. Static files may be unavailable.&#xD;
[14:36:21 WRN] Microsoft.AspNetCore.StaticFiles.StaticFileMiddleware: The WebRootPath was not found: C:\rec\prg\repo\InventoryCtrl_2\src\Inventory.API\wwwroot. Static files may be unavailable.&#xD;
[14:36:21 INF] Program: ?? Inventory Control API starting...&#xD;
[14:36:21 INF] Program: ?? API running on configured ports&#xD;
[14:36:21 WRN] Microsoft.AspNetCore.StaticFiles.StaticFileMiddleware: The WebRootPath was not found: C:\rec\prg\repo\InventoryCtrl_2\src\Inventory.API\wwwroot. Static files may be unavailable.&#xD;
[14:36:21 INF] Program: ?? Inventory Control API starting...&#xD;
[14:36:21 INF] Program: ?? API running on configured ports&#xD;
[14:36:21 WRN] Microsoft.AspNetCore.StaticFiles.StaticFileMiddleware: The WebRootPath was not found: C:\rec\prg\repo\InventoryCtrl_2\src\Inventory.API\wwwroot. Static files may be unavailable.&#xD;
[14:36:21 INF] Program: ?? Inventory Control API starting...&#xD;
[14:36:21 INF] Program: ?? API running on configured ports&#xD;
[14:36:21 WRN] Microsoft.AspNetCore.StaticFiles.StaticFileMiddleware: The WebRootPath was not found: C:\rec\prg\repo\InventoryCtrl_2\src\Inventory.API\wwwroot. Static files may be unavailable.&#xD;
[14:36:21 WRN] Microsoft.AspNetCore.StaticFiles.StaticFileMiddleware: The WebRootPath was not found: C:\rec\prg\repo\InventoryCtrl_2\src\Inventory.API\wwwroot. Static files may be unavailable.&#xD;
[14:36:21 INF] Program: ?? Inventory Control API starting...&#xD;
[14:36:21 INF] Program: ?? API running on configured ports&#xD;
[14:36:21 WRN] Microsoft.AspNetCore.StaticFiles.StaticFileMiddleware: The WebRootPath was not found: C:\rec\prg\repo\InventoryCtrl_2\src\Inventory.API\wwwroot. Static files may be unavailable.&#xD;
[14:36:21 INF] Program: ?? Inventory Control API starting...&#xD;
[14:36:21 INF] Program: ?? API running on configured ports&#xD;
[14:36:21 WRN] Microsoft.AspNetCore.StaticFiles.StaticFileMiddleware: The WebRootPath was not found: C:\rec\prg\repo\InventoryCtrl_2\src\Inventory.API\wwwroot. Static files may be unavailable.&#xD;
[14:36:21 WRN] Microsoft.AspNetCore.StaticFiles.StaticFileMiddleware: The WebRootPath was not found: C:\rec\prg\repo\InventoryCtrl_2\src\Inventory.API\wwwroot. Static files may be unavailable.&#xD;
[14:36:21 WRN] Microsoft.AspNetCore.StaticFiles.StaticFileMiddleware: The WebRootPath was not found: C:\rec\prg\repo\InventoryCtrl_2\src\Inventory.API\wwwroot. Static files may be unavailable.&#xD;
[14:36:21 WRN] Microsoft.AspNetCore.StaticFiles.StaticFileMiddleware: The WebRootPath was not found: C:\rec\prg\repo\InventoryCtrl_2\src\Inventory.API\wwwroot. Static files may be unavailable.&#xD;
[xUnit.net 00:00:10.59]       Npgsql.NpgsqlException : Failed to connect to 127.0.0.1:5432&#xD;
[xUnit.net 00:00:10.59]       ---- System.Net.Sockets.SocketException : Подключение не установлено, т.к. конечный компьютер отверг запрос на подключение.&#xD;
[xUnit.net 00:00:10.59]       Stack Trace:&#xD;
[xUnit.net 00:00:10.59]            at Npgsql.Internal.NpgsqlConnector.ConnectAsync(NpgsqlTimeout timeout, CancellationToken cancellationToken)&#xD;
[xUnit.net 00:00:10.59]            at Npgsql.Internal.NpgsqlConnector.RawOpen(SslMode sslMode, NpgsqlTimeout timeout, Boolean async, CancellationToken cancellationToken, Boolean isFirstAttempt)&#xD;
[xUnit.net 00:00:10.59]            at Npgsql.Internal.NpgsqlConnector.&lt;Open&gt;g__OpenCore|213_1(NpgsqlConnector conn, SslMode sslMode, NpgsqlTimeout timeout, Boolean async, CancellationToken cancellationToken, Boolean isFirstAttempt)&#xD;
[xUnit.net 00:00:10.59]            at Npgsql.Internal.NpgsqlConnector.Open(NpgsqlTimeout timeout, Boolean async, CancellationToken cancellationToken)&#xD;
[xUnit.net 00:00:10.59]            at Npgsql.UnpooledDataSource.Get(NpgsqlConnection conn, NpgsqlTimeout timeout, Boolean async, CancellationToken cancellationToken)&#xD;
[xUnit.net 00:00:10.59]            at Npgsql.NpgsqlConnection.&lt;Open&gt;g__OpenAsync|42_0(Boolean async, CancellationToken cancellationToken)&#xD;
[xUnit.net 00:00:10.59]            at Microsoft.EntityFrameworkCore.Storage.RelationalConnection.OpenInternalAsync(Boolean errorsExpected, CancellationToken cancellationToken)&#xD;
[xUnit.net 00:00:10.59]            at Microsoft.EntityFrameworkCore.Storage.RelationalConnection.OpenInternalAsync(Boolean errorsExpected, CancellationToken cancellationToken)&#xD;
[xUnit.net 00:00:10.59]            at Microsoft.EntityFrameworkCore.Storage.RelationalConnection.OpenAsync(CancellationToken cancellationToken, Boolean errorsExpected)&#xD;
[xUnit.net 00:00:10.59]            at Npgsql.EntityFrameworkCore.PostgreSQL.Storage.Internal.NpgsqlDatabaseCreator.Exists(Boolean async, CancellationToken cancellationToken)&#xD;
[xUnit.net 00:00:10.59]            at Npgsql.EntityFrameworkCore.PostgreSQL.Storage.Internal.NpgsqlDatabaseCreator.Exists(Boolean async, CancellationToken cancellationToken)&#xD;
[xUnit.net 00:00:10.59]            at Microsoft.EntityFrameworkCore.Storage.RelationalDatabaseCreator.EnsureCreatedAsync(CancellationToken cancellationToken)&#xD;
[xUnit.net 00:00:10.59]            at Microsoft.EntityFrameworkCore.Storage.RelationalDatabaseCreator.EnsureCreatedAsync(CancellationToken cancellationToken)&#xD;
[xUnit.net 00:00:10.59]         C:\rec\prg\repo\InventoryCtrl_2\test\Inventory.IntegrationTests\RequestCreation\RequestCreationFlowTests.cs(164,0): at Inventory.IntegrationTests.RequestCreation.RequestCreationFlowTests.CreateRequestAndAddItems_ShouldHandleComplexObjectGraphs()&#xD;
[xUnit.net 00:00:10.59]         --- End of stack trace from previous location ---&#xD;
[xUnit.net 00:00:10.59]         ----- Inner Stack Trace -----&#xD;
[xUnit.net 00:00:10.59]            at System.Net.Sockets.Socket.AwaitableSocketAsyncEventArgs.ThrowException(SocketError error, CancellationToken cancellationToken)&#xD;
[xUnit.net 00:00:10.59]            at System.Net.Sockets.Socket.AwaitableSocketAsyncEventArgs.System.Threading.Tasks.Sources.IValueTaskSource.GetResult(Int16 token)&#xD;
[xUnit.net 00:00:10.59]            at System.Net.Sockets.Socket.&lt;ConnectAsync&gt;g__WaitForConnectWithCancellation|285_0(AwaitableSocketAsyncEventArgs saea, ValueTask connectTask, CancellationToken cancellationToken)&#xD;
[xUnit.net 00:00:10.59]            at Npgsql.TaskTimeoutAndCancellation.ExecuteAsync(Func`2 getTaskFunc, NpgsqlTimeout timeout, CancellationToken cancellationToken)&#xD;
[xUnit.net 00:00:10.59]            at Npgsql.Internal.NpgsqlConnector.ConnectAsync(NpgsqlTimeout timeout, CancellationToken cancellationToken)&#xD;
[xUnit.net 00:00:10.64]       Npgsql.NpgsqlException : Failed to connect to 127.0.0.1:5433&#xD;
[xUnit.net 00:00:10.64]       ---- System.Net.Sockets.SocketException : Подключение не установлено, т.к. конечный компьютер отверг запрос на подключение.&#xD;
[xUnit.net 00:00:10.64]       Stack Trace:&#xD;
[xUnit.net 00:00:10.64]            at Npgsql.Internal.NpgsqlConnector.Connect(NpgsqlTimeout timeout)&#xD;
[xUnit.net 00:00:10.64]            at Npgsql.Internal.NpgsqlConnector.RawOpen(SslMode sslMode, NpgsqlTimeout timeout, Boolean async, CancellationToken cancellationToken, Boolean isFirstAttempt)&#xD;
[xUnit.net 00:00:10.64]            at Npgsql.Internal.NpgsqlConnector.&lt;Open&gt;g__OpenCore|213_1(NpgsqlConnector conn, SslMode sslMode, NpgsqlTimeout timeout, Boolean async, CancellationToken cancellationToken, Boolean isFirstAttempt)&#xD;
[xUnit.net 00:00:10.64]            at Npgsql.Internal.NpgsqlConnector.Open(NpgsqlTimeout timeout, Boolean async, CancellationToken cancellationToken)&#xD;
[xUnit.net 00:00:10.64]            at Npgsql.UnpooledDataSource.Get(NpgsqlConnection conn, NpgsqlTimeout timeout, Boolean async, CancellationToken cancellationToken)&#xD;
[xUnit.net 00:00:10.64]            at Npgsql.NpgsqlConnection.&lt;Open&gt;g__OpenAsync|42_0(Boolean async, CancellationToken cancellationToken)&#xD;
[xUnit.net 00:00:10.64]            at Npgsql.NpgsqlConnection.Open()&#xD;
[xUnit.net 00:00:10.64]            at Microsoft.EntityFrameworkCore.Storage.RelationalConnection.OpenDbConnection(Boolean errorsExpected)&#xD;
[xUnit.net 00:00:10.64]            at Microsoft.EntityFrameworkCore.Storage.RelationalConnection.OpenInternal(Boolean errorsExpected)&#xD;
[xUnit.net 00:00:10.64]            at Microsoft.EntityFrameworkCore.Storage.RelationalConnection.Open(Boolean errorsExpected)&#xD;
[xUnit.net 00:00:10.64]            at Npgsql.EntityFrameworkCore.PostgreSQL.Storage.Internal.NpgsqlDatabaseCreator.Exists(Boolean async, CancellationToken cancellationToken)&#xD;
[xUnit.net 00:00:10.64]            at Npgsql.EntityFrameworkCore.PostgreSQL.Storage.Internal.NpgsqlDatabaseCreator.Exists(Boolean async, CancellationToken cancellationToken)&#xD;
[xUnit.net 00:00:10.64]            at Npgsql.EntityFrameworkCore.PostgreSQL.Storage.Internal.NpgsqlDatabaseCreator.Exists()&#xD;
[xUnit.net 00:00:10.64]            at Microsoft.EntityFrameworkCore.Storage.RelationalDatabaseCreator.EnsureCreated()&#xD;
[xUnit.net 00:00:10.64]            at Microsoft.EntityFrameworkCore.Infrastructure.DatabaseFacade.EnsureCreated()&#xD;
[xUnit.net 00:00:10.64]         C:\rec\prg\repo\InventoryCtrl_2\test\Inventory.IntegrationTests\TestBase.cs(121,0): at Inventory.IntegrationTests.IntegrationTestBase..ctor(WebApplicationFactory`1 factory)&#xD;
[xUnit.net 00:00:10.64]         C:\rec\prg\repo\InventoryCtrl_2\test\Inventory.IntegrationTests\Controllers\ManufacturerControllerIntegrationTests.cs(13,0): at Inventory.IntegrationTests.Controllers.ManufacturerControllerIntegrationTests..ctor(WebApplicationFactory`1 factory)&#xD;
[xUnit.net 00:00:10.64]            at InvokeStub_ManufacturerControllerIntegrationTests..ctor(Object, Span`1)&#xD;
[xUnit.net 00:00:10.64]            at System.Reflection.MethodBaseInvoker.InvokeWithOneArg(Object obj, BindingFlags invokeAttr, Binder binder, Object[] parameters, CultureInfo culture)&#xD;
[xUnit.net 00:00:10.64]         ----- Inner Stack Trace -----&#xD;
[xUnit.net 00:00:10.64]            at Npgsql.Internal.NpgsqlConnector.Connect(NpgsqlTimeout timeout)&#xD;
[xUnit.net 00:00:10.64]       Npgsql.NpgsqlException : Failed to connect to 127.0.0.1:5433&#xD;
[xUnit.net 00:00:10.64]       ---- System.Net.Sockets.SocketException : Подключение не установлено, т.к. конечный компьютер отверг запрос на подключение.&#xD;
[xUnit.net 00:00:10.64]       Stack Trace:&#xD;
[xUnit.net 00:00:10.64]            at Npgsql.Internal.NpgsqlConnector.Connect(NpgsqlTimeout timeout)&#xD;
[xUnit.net 00:00:10.64]            at Npgsql.Internal.NpgsqlConnector.RawOpen(SslMode sslMode, NpgsqlTimeout timeout, Boolean async, CancellationToken cancellationToken, Boolean isFirstAttempt)&#xD;
[xUnit.net 00:00:10.64]            at Npgsql.Internal.NpgsqlConnector.&lt;Open&gt;g__OpenCore|213_1(NpgsqlConnector conn, SslMode sslMode, NpgsqlTimeout timeout, Boolean async, CancellationToken cancellationToken, Boolean isFirstAttempt)&#xD;
[xUnit.net 00:00:10.64]            at Npgsql.Internal.NpgsqlConnector.Open(NpgsqlTimeout timeout, Boolean async, CancellationToken cancellationToken)&#xD;
[xUnit.net 00:00:10.64]            at Npgsql.UnpooledDataSource.Get(NpgsqlConnection conn, NpgsqlTimeout timeout, Boolean async, CancellationToken cancellationToken)&#xD;
[xUnit.net 00:00:10.64]            at Npgsql.NpgsqlConnection.&lt;Open&gt;g__OpenAsync|42_0(Boolean async, CancellationToken cancellationToken)&#xD;
[xUnit.net 00:00:10.64]            at Npgsql.NpgsqlConnection.Open()&#xD;
[xUnit.net 00:00:10.64]            at Microsoft.EntityFrameworkCore.Storage.RelationalConnection.OpenDbConnection(Boolean errorsExpected)&#xD;
[xUnit.net 00:00:10.64]            at Microsoft.EntityFrameworkCore.Storage.RelationalConnection.OpenInternal(Boolean errorsExpected)&#xD;
[xUnit.net 00:00:10.64]            at Microsoft.EntityFrameworkCore.Storage.RelationalConnection.Open(Boolean errorsExpected)&#xD;
[xUnit.net 00:00:10.64]            at Npgsql.EntityFrameworkCore.PostgreSQL.Storage.Internal.NpgsqlDatabaseCreator.Exists(Boolean async, CancellationToken cancellationToken)&#xD;
[xUnit.net 00:00:10.64]            at Npgsql.EntityFrameworkCore.PostgreSQL.Storage.Internal.NpgsqlDatabaseCreator.Exists(Boolean async, CancellationToken cancellationToken)&#xD;
[xUnit.net 00:00:10.64]            at Npgsql.EntityFrameworkCore.PostgreSQL.Storage.Internal.NpgsqlDatabaseCreator.Exists()&#xD;
[xUnit.net 00:00:10.64]            at Microsoft.EntityFrameworkCore.Storage.RelationalDatabaseCreator.EnsureCreated()&#xD;
[xUnit.net 00:00:10.64]            at Microsoft.EntityFrameworkCore.Infrastructure.DatabaseFacade.EnsureCreated()&#xD;
[xUnit.net 00:00:10.64]         C:\rec\prg\repo\InventoryCtrl_2\test\Inventory.IntegrationTests\TestBase.cs(121,0): at Inventory.IntegrationTests.IntegrationTestBase..ctor(WebApplicationFactory`1 factory)&#xD;
[xUnit.net 00:00:10.64]         C:\rec\prg\repo\InventoryCtrl_2\test\Inventory.IntegrationTests\Controllers\DashboardControllerIntegrationTests.cs(13,0): at Inventory.IntegrationTests.Controllers.DashboardControllerIntegrationTestsNew..ctor(WebApplicationFactory`1 factory)&#xD;
[xUnit.net 00:00:10.64]            at InvokeStub_DashboardControllerIntegrationTestsNew..ctor(Object, Span`1)&#xD;
[xUnit.net 00:00:10.64]            at System.Reflection.MethodBaseInvoker.InvokeWithOneArg(Object obj, BindingFlags invokeAttr, Binder binder, Object[] parameters, CultureInfo culture)&#xD;
[xUnit.net 00:00:10.64]         ----- Inner Stack Trace -----&#xD;
[xUnit.net 00:00:10.64]            at Npgsql.Internal.NpgsqlConnector.Connect(NpgsqlTimeout timeout)&#xD;
[xUnit.net 00:00:10.66]       Npgsql.NpgsqlException : Failed to connect to 127.0.0.1:5433&#xD;
[xUnit.net 00:00:10.66]       ---- System.Net.Sockets.SocketException : Подключение не установлено, т.к. конечный компьютер отверг запрос на подключение.&#xD;
[xUnit.net 00:00:10.66]       Stack Trace:&#xD;
[xUnit.net 00:00:10.66]            at Npgsql.Internal.NpgsqlConnector.Connect(NpgsqlTimeout timeout)&#xD;
[xUnit.net 00:00:10.66]            at Npgsql.Internal.NpgsqlConnector.RawOpen(SslMode sslMode, NpgsqlTimeout timeout, Boolean async, CancellationToken cancellationToken, Boolean isFirstAttempt)&#xD;
[xUnit.net 00:00:10.66]            at Npgsql.Internal.NpgsqlConnector.&lt;Open&gt;g__OpenCore|213_1(NpgsqlConnector conn, SslMode sslMode, NpgsqlTimeout timeout, Boolean async, CancellationToken cancellationToken, Boolean isFirstAttempt)&#xD;
[xUnit.net 00:00:10.66]            at Npgsql.Internal.NpgsqlConnector.Open(NpgsqlTimeout timeout, Boolean async, CancellationToken cancellationToken)&#xD;
[xUnit.net 00:00:10.66]            at Npgsql.UnpooledDataSource.Get(NpgsqlConnection conn, NpgsqlTimeout timeout, Boolean async, CancellationToken cancellationToken)&#xD;
[xUnit.net 00:00:10.66]            at Npgsql.NpgsqlConnection.&lt;Open&gt;g__OpenAsync|42_0(Boolean async, CancellationToken cancellationToken)&#xD;
[xUnit.net 00:00:10.66]            at Npgsql.NpgsqlConnection.Open()&#xD;
[xUnit.net 00:00:10.66]            at Microsoft.EntityFrameworkCore.Storage.RelationalConnection.OpenDbConnection(Boolean errorsExpected)&#xD;
[xUnit.net 00:00:10.66]            at Microsoft.EntityFrameworkCore.Storage.RelationalConnection.OpenInternal(Boolean errorsExpected)&#xD;
[xUnit.net 00:00:10.66]            at Microsoft.EntityFrameworkCore.Storage.RelationalConnection.Open(Boolean errorsExpected)&#xD;
[xUnit.net 00:00:10.66]            at Npgsql.EntityFrameworkCore.PostgreSQL.Storage.Internal.NpgsqlDatabaseCreator.Exists(Boolean async, CancellationToken cancellationToken)&#xD;
[xUnit.net 00:00:10.66]            at Npgsql.EntityFrameworkCore.PostgreSQL.Storage.Internal.NpgsqlDatabaseCreator.Exists(Boolean async, CancellationToken cancellationToken)&#xD;
[xUnit.net 00:00:10.66]            at Npgsql.EntityFrameworkCore.PostgreSQL.Storage.Internal.NpgsqlDatabaseCreator.Exists()&#xD;
[xUnit.net 00:00:10.66]            at Microsoft.EntityFrameworkCore.Storage.RelationalDatabaseCreator.EnsureCreated()&#xD;
[xUnit.net 00:00:10.66]            at Microsoft.EntityFrameworkCore.Infrastructure.DatabaseFacade.EnsureCreated()&#xD;
[xUnit.net 00:00:10.66]         C:\rec\prg\repo\InventoryCtrl_2\test\Inventory.IntegrationTests\TestBase.cs(121,0): at Inventory.IntegrationTests.IntegrationTestBase..ctor(WebApplicationFactory`1 factory)&#xD;
[xUnit.net 00:00:10.66]         C:\rec\prg\repo\InventoryCtrl_2\test\Inventory.IntegrationTests\Controllers\WarehouseControllerIntegrationTests.cs(14,0): at Inventory.IntegrationTests.Controllers.WarehouseControllerIntegrationTests..ctor(WebApplicationFactory`1 factory)&#xD;
[xUnit.net 00:00:10.66]            at InvokeStub_WarehouseControllerIntegrationTests..ctor(Object, Span`1)&#xD;
[xUnit.net 00:00:10.66]            at System.Reflection.MethodBaseInvoker.InvokeWithOneArg(Object obj, BindingFlags invokeAttr, Binder binder, Object[] parameters, CultureInfo culture)&#xD;
[xUnit.net 00:00:10.66]         ----- Inner Stack Trace -----&#xD;
[xUnit.net 00:00:10.66]            at Npgsql.Internal.NpgsqlConnector.Connect(NpgsqlTimeout timeout)&#xD;
[xUnit.net 00:00:10.66]       Npgsql.NpgsqlException : Failed to connect to 127.0.0.1:5433&#xD;
[xUnit.net 00:00:10.66]       ---- System.Net.Sockets.SocketException : Подключение не установлено, т.к. конечный компьютер отверг запрос на подключение.&#xD;
[xUnit.net 00:00:10.66]       Stack Trace:&#xD;
[xUnit.net 00:00:10.66]            at Npgsql.Internal.NpgsqlConnector.Connect(NpgsqlTimeout timeout)&#xD;
[xUnit.net 00:00:10.66]            at Npgsql.Internal.NpgsqlConnector.RawOpen(SslMode sslMode, NpgsqlTimeout timeout, Boolean async, CancellationToken cancellationToken, Boolean isFirstAttempt)&#xD;
[xUnit.net 00:00:10.66]            at Npgsql.Internal.NpgsqlConnector.&lt;Open&gt;g__OpenCore|213_1(NpgsqlConnector conn, SslMode sslMode, NpgsqlTimeout timeout, Boolean async, CancellationToken cancellationToken, Boolean isFirstAttempt)&#xD;
[xUnit.net 00:00:10.66]            at Npgsql.Internal.NpgsqlConnector.Open(NpgsqlTimeout timeout, Boolean async, CancellationToken cancellationToken)&#xD;
[xUnit.net 00:00:10.66]            at Npgsql.UnpooledDataSource.Get(NpgsqlConnection conn, NpgsqlTimeout timeout, Boolean async, CancellationToken cancellationToken)&#xD;
[xUnit.net 00:00:10.66]            at Npgsql.NpgsqlConnection.&lt;Open&gt;g__OpenAsync|42_0(Boolean async, CancellationToken cancellationToken)&#xD;
[xUnit.net 00:00:10.66]            at Npgsql.NpgsqlConnection.Open()&#xD;
[xUnit.net 00:00:10.66]            at Microsoft.EntityFrameworkCore.Storage.RelationalConnection.OpenDbConnection(Boolean errorsExpected)&#xD;
[xUnit.net 00:00:10.66]            at Microsoft.EntityFrameworkCore.Storage.RelationalConnection.OpenInternal(Boolean errorsExpected)&#xD;
[xUnit.net 00:00:10.66]            at Microsoft.EntityFrameworkCore.Storage.RelationalConnection.Open(Boolean errorsExpected)&#xD;
[xUnit.net 00:00:10.66]            at Npgsql.EntityFrameworkCore.PostgreSQL.Storage.Internal.NpgsqlDatabaseCreator.Exists(Boolean async, CancellationToken cancellationToken)&#xD;
[xUnit.net 00:00:10.66]            at Npgsql.EntityFrameworkCore.PostgreSQL.Storage.Internal.NpgsqlDatabaseCreator.Exists(Boolean async, CancellationToken cancellationToken)&#xD;
[xUnit.net 00:00:10.66]            at Npgsql.EntityFrameworkCore.PostgreSQL.Storage.Internal.NpgsqlDatabaseCreator.Exists()&#xD;
[xUnit.net 00:00:10.66]            at Microsoft.EntityFrameworkCore.Storage.RelationalDatabaseCreator.EnsureCreated()&#xD;
[xUnit.net 00:00:10.66]            at Microsoft.EntityFrameworkCore.Infrastructure.DatabaseFacade.EnsureCreated()&#xD;
[xUnit.net 00:00:10.66]         C:\rec\prg\repo\InventoryCtrl_2\test\Inventory.IntegrationTests\TestBase.cs(121,0): at Inventory.IntegrationTests.IntegrationTestBase..ctor(WebApplicationFactory`1 factory)&#xD;
[xUnit.net 00:00:10.66]         C:\rec\prg\repo\InventoryCtrl_2\test\Inventory.IntegrationTests\Controllers\AuthControllerIntegrationTests.cs(12,0): at Inventory.IntegrationTests.Controllers.AuthControllerIntegrationTestsNew..ctor(WebApplicationFactory`1 factory)&#xD;
[xUnit.net 00:00:10.66]            at InvokeStub_AuthControllerIntegrationTestsNew..ctor(Object, Span`1)&#xD;
[xUnit.net 00:00:10.66]            at System.Reflection.MethodBaseInvoker.InvokeWithOneArg(Object obj, BindingFlags invokeAttr, Binder binder, Object[] parameters, CultureInfo culture)&#xD;
[xUnit.net 00:00:10.66]         ----- Inner Stack Trace -----&#xD;
[xUnit.net 00:00:10.66]            at Npgsql.Internal.NpgsqlConnector.Connect(NpgsqlTimeout timeout)&#xD;
[14:36:25 INF] Program: JWT Configuration - Issuer: InventoryTest, Audience: InventoryTestUsers&#xD;
[xUnit.net 00:00:10.66]       Npgsql.NpgsqlException : Failed to connect to 127.0.0.1:5433&#xD;
[14:36:25 INF] Program: JWT Configuration - Issuer: InventoryTest, Audience: InventoryTestUsers&#xD;
[xUnit.net 00:00:10.66]       ---- System.Net.Sockets.SocketException : Подключение не установлено, т.к. конечный компьютер отверг запрос на подключение.&#xD;
[xUnit.net 00:00:10.66]       Stack Trace:&#xD;
[xUnit.net 00:00:10.66]            at Npgsql.Internal.NpgsqlConnector.Connect(NpgsqlTimeout timeout)&#xD;
[xUnit.net 00:00:10.66]            at Npgsql.Internal.NpgsqlConnector.RawOpen(SslMode sslMode, NpgsqlTimeout timeout, Boolean async, CancellationToken cancellationToken, Boolean isFirstAttempt)&#xD;
[xUnit.net 00:00:10.66]            at Npgsql.Internal.NpgsqlConnector.&lt;Open&gt;g__OpenCore|213_1(NpgsqlConnector conn, SslMode sslMode, NpgsqlTimeout timeout, Boolean async, CancellationToken cancellationToken, Boolean isFirstAttempt)&#xD;
[xUnit.net 00:00:10.66]            at Npgsql.Internal.NpgsqlConnector.Open(NpgsqlTimeout timeout, Boolean async, CancellationToken cancellationToken)&#xD;
[xUnit.net 00:00:10.66]            at Npgsql.UnpooledDataSource.Get(NpgsqlConnection conn, NpgsqlTimeout timeout, Boolean async, CancellationToken cancellationToken)&#xD;
[xUnit.net 00:00:10.66]            at Npgsql.NpgsqlConnection.&lt;Open&gt;g__OpenAsync|42_0(Boolean async, CancellationToken cancellationToken)&#xD;
[xUnit.net 00:00:10.66]            at Npgsql.NpgsqlConnection.Open()&#xD;
[xUnit.net 00:00:10.66]            at Microsoft.EntityFrameworkCore.Storage.RelationalConnection.OpenDbConnection(Boolean errorsExpected)&#xD;
[xUnit.net 00:00:10.66]            at Microsoft.EntityFrameworkCore.Storage.RelationalConnection.OpenInternal(Boolean errorsExpected)&#xD;
[xUnit.net 00:00:10.66]            at Microsoft.EntityFrameworkCore.Storage.RelationalConnection.Open(Boolean errorsExpected)&#xD;
[xUnit.net 00:00:10.66]            at Npgsql.EntityFrameworkCore.PostgreSQL.Storage.Internal.NpgsqlDatabaseCreator.Exists(Boolean async, CancellationToken cancellationToken)&#xD;
[xUnit.net 00:00:10.66]            at Npgsql.EntityFrameworkCore.PostgreSQL.Storage.Internal.NpgsqlDatabaseCreator.Exists(Boolean async, CancellationToken cancellationToken)&#xD;
[xUnit.net 00:00:10.66]            at Npgsql.EntityFrameworkCore.PostgreSQL.Storage.Internal.NpgsqlDatabaseCreator.Exists()&#xD;
[xUnit.net 00:00:10.66]            at Microsoft.EntityFrameworkCore.Storage.RelationalDatabaseCreator.EnsureCreated()&#xD;
[xUnit.net 00:00:10.66]            at Microsoft.EntityFrameworkCore.Infrastructure.DatabaseFacade.EnsureCreated()&#xD;
[xUnit.net 00:00:10.66]         C:\rec\prg\repo\InventoryCtrl_2\test\Inventory.IntegrationTests\TestBase.cs(121,0): at Inventory.IntegrationTests.IntegrationTestBase..ctor(WebApplicationFactory`1 factory)&#xD;
[xUnit.net 00:00:10.66]         C:\rec\prg\repo\InventoryCtrl_2\test\Inventory.IntegrationTests\Controllers\CategoryControllerIntegrationTests.cs(13,0): at Inventory.IntegrationTests.Controllers.CategoryControllerIntegrationTestsNew..ctor(WebApplicationFactory`1 factory)&#xD;
[xUnit.net 00:00:10.66]            at InvokeStub_CategoryControllerIntegrationTestsNew..ctor(Object, Span`1)&#xD;
[xUnit.net 00:00:10.66]            at System.Reflection.MethodBaseInvoker.InvokeWithOneArg(Object obj, BindingFlags invokeAttr, Binder binder, Object[] parameters, CultureInfo culture)&#xD;
[xUnit.net 00:00:10.66]         ----- Inner Stack Trace -----&#xD;
[xUnit.net 00:00:10.66]            at Npgsql.Internal.NpgsqlConnector.Connect(NpgsqlTimeout timeout)&#xD;
[14:36:25 WRN] Microsoft.AspNetCore.StaticFiles.StaticFileMiddleware: The WebRootPath was not found: C:\rec\prg\repo\InventoryCtrl_2\src\Inventory.API\wwwroot. Static files may be unavailable.&#xD;
[14:36:25 WRN] Microsoft.AspNetCore.StaticFiles.StaticFileMiddleware: The WebRootPath was not found: C:\rec\prg\repo\InventoryCtrl_2\src\Inventory.API\wwwroot. Static files may be unavailable.&#xD;
[14:36:25 INF] Program: JWT Configuration - Issuer: InventoryTest, Audience: InventoryTestUsers&#xD;
[14:36:25 INF] Program: JWT Configuration - Issuer: InventoryTest, Audience: InventoryTestUsers&#xD;
[14:36:25 INF] Program: JWT Configuration - Issuer: InventoryTest, Audience: InventoryTestUsers&#xD;
[14:36:25 WRN] Microsoft.AspNetCore.StaticFiles.StaticFileMiddleware: The WebRootPath was not found: C:\rec\prg\repo\InventoryCtrl_2\src\Inventory.API\wwwroot. Static files may be unavailable.&#xD;
[14:36:25 WRN] Microsoft.AspNetCore.StaticFiles.StaticFileMiddleware: The WebRootPath was not found: C:\rec\prg\repo\InventoryCtrl_2\src\Inventory.API\wwwroot. Static files may be unavailable.&#xD;
[14:36:25 WRN] Microsoft.AspNetCore.StaticFiles.StaticFileMiddleware: The WebRootPath was not found: C:\rec\prg\repo\InventoryCtrl_2\src\Inventory.API\wwwroot. Static files may be unavailable.&#xD;
[14:36:25 WRN] Microsoft.AspNetCore.StaticFiles.StaticFileMiddleware: The WebRootPath was not found: C:\rec\prg\repo\InventoryCtrl_2\src\Inventory.API\wwwroot. Static files may be unavailable.&#xD;
[14:36:25 WRN] Microsoft.AspNetCore.StaticFiles.StaticFileMiddleware: The WebRootPath was not found: C:\rec\prg\repo\InventoryCtrl_2\src\Inventory.API\wwwroot. Static files may be unavailable.&#xD;
[14:36:25 INF] Program: ?? Inventory Control API starting...&#xD;
[14:36:25 INF] Program: ?? Inventory Control API starting...&#xD;
[14:36:25 INF] Program: ?? API running on configured ports&#xD;
[14:36:25 INF] Program: ?? API running on configured ports&#xD;
[14:36:25 WRN] Microsoft.AspNetCore.StaticFiles.StaticFileMiddleware: The WebRootPath was not found: C:\rec\prg\repo\InventoryCtrl_2\src\Inventory.API\wwwroot. Static files may be unavailable.&#xD;
[14:36:25 WRN] Microsoft.AspNetCore.StaticFiles.StaticFileMiddleware: The WebRootPath was not found: C:\rec\prg\repo\InventoryCtrl_2\src\Inventory.API\wwwroot. Static files may be unavailable.&#xD;
[14:36:25 INF] Program: ?? Inventory Control API starting...&#xD;
[14:36:25 INF] Program: ?? Inventory Control API starting...&#xD;
[14:36:25 INF] Program: ?? API running on configured ports&#xD;
[14:36:25 INF] Program: ?? API running on configured ports&#xD;
[14:36:25 WRN] Microsoft.AspNetCore.StaticFiles.StaticFileMiddleware: The WebRootPath was not found: C:\rec\prg\repo\InventoryCtrl_2\src\Inventory.API\wwwroot. Static files may be unavailable.&#xD;
[14:36:25 INF] Program: ?? Inventory Control API starting...&#xD;
[14:36:25 INF] Program: ?? API running on configured ports&#xD;
[14:36:25 WRN] Microsoft.AspNetCore.StaticFiles.StaticFileMiddleware: The WebRootPath was not found: C:\rec\prg\repo\InventoryCtrl_2\src\Inventory.API\wwwroot. Static files may be unavailable.&#xD;
[14:36:25 WRN] Microsoft.AspNetCore.StaticFiles.StaticFileMiddleware: The WebRootPath was not found: C:\rec\prg\repo\InventoryCtrl_2\src\Inventory.API\wwwroot. Static files may be unavailable.&#xD;
[14:36:25 WRN] Microsoft.AspNetCore.StaticFiles.StaticFileMiddleware: The WebRootPath was not found: C:\rec\prg\repo\InventoryCtrl_2\src\Inventory.API\wwwroot. Static files may be unavailable.&#xD;
[14:36:25 WRN] Microsoft.AspNetCore.StaticFiles.StaticFileMiddleware: The WebRootPath was not found: C:\rec\prg\repo\InventoryCtrl_2\src\Inventory.API\wwwroot. Static files may be unavailable.&#xD;
[14:36:25 WRN] Microsoft.AspNetCore.StaticFiles.StaticFileMiddleware: The WebRootPath was not found: C:\rec\prg\repo\InventoryCtrl_2\src\Inventory.API\wwwroot. Static files may be unavailable.&#xD;
[xUnit.net 00:00:14.65]       Npgsql.NpgsqlException : Failed to connect to 127.0.0.1:5432&#xD;
[xUnit.net 00:00:14.65]       ---- System.Net.Sockets.SocketException : Подключение не установлено, т.к. конечный компьютер отверг запрос на подключение.&#xD;
[xUnit.net 00:00:14.65]       Stack Trace:&#xD;
[xUnit.net 00:00:14.65]            at Npgsql.Internal.NpgsqlConnector.ConnectAsync(NpgsqlTimeout timeout, CancellationToken cancellationToken)&#xD;
[xUnit.net 00:00:14.65]            at Npgsql.Internal.NpgsqlConnector.RawOpen(SslMode sslMode, NpgsqlTimeout timeout, Boolean async, CancellationToken cancellationToken, Boolean isFirstAttempt)&#xD;
[xUnit.net 00:00:14.65]            at Npgsql.Internal.NpgsqlConnector.&lt;Open&gt;g__OpenCore|213_1(NpgsqlConnector conn, SslMode sslMode, NpgsqlTimeout timeout, Boolean async, CancellationToken cancellationToken, Boolean isFirstAttempt)&#xD;
[xUnit.net 00:00:14.65]            at Npgsql.Internal.NpgsqlConnector.Open(NpgsqlTimeout timeout, Boolean async, CancellationToken cancellationToken)&#xD;
[xUnit.net 00:00:14.65]            at Npgsql.UnpooledDataSource.Get(NpgsqlConnection conn, NpgsqlTimeout timeout, Boolean async, CancellationToken cancellationToken)&#xD;
[xUnit.net 00:00:14.65]            at Npgsql.NpgsqlConnection.&lt;Open&gt;g__OpenAsync|42_0(Boolean async, CancellationToken cancellationToken)&#xD;
[xUnit.net 00:00:14.65]            at Microsoft.EntityFrameworkCore.Storage.RelationalConnection.OpenInternalAsync(Boolean errorsExpected, CancellationToken cancellationToken)&#xD;
[xUnit.net 00:00:14.65]            at Microsoft.EntityFrameworkCore.Storage.RelationalConnection.OpenInternalAsync(Boolean errorsExpected, CancellationToken cancellationToken)&#xD;
[xUnit.net 00:00:14.65]            at Microsoft.EntityFrameworkCore.Storage.RelationalConnection.OpenAsync(CancellationToken cancellationToken, Boolean errorsExpected)&#xD;
[xUnit.net 00:00:14.65]            at Npgsql.EntityFrameworkCore.PostgreSQL.Storage.Internal.NpgsqlDatabaseCreator.Exists(Boolean async, CancellationToken cancellationToken)&#xD;
[xUnit.net 00:00:14.65]            at Npgsql.EntityFrameworkCore.PostgreSQL.Storage.Internal.NpgsqlDatabaseCreator.Exists(Boolean async, CancellationToken cancellationToken)&#xD;
[xUnit.net 00:00:14.65]            at Microsoft.EntityFrameworkCore.Storage.RelationalDatabaseCreator.EnsureCreatedAsync(CancellationToken cancellationToken)&#xD;
[xUnit.net 00:00:14.65]            at Microsoft.EntityFrameworkCore.Storage.RelationalDatabaseCreator.EnsureCreatedAsync(CancellationToken cancellationToken)&#xD;
[xUnit.net 00:00:14.65]         C:\rec\prg\repo\InventoryCtrl_2\test\Inventory.IntegrationTests\RequestCreation\RequestCreationFlowTests.cs(108,0): at Inventory.IntegrationTests.RequestCreation.RequestCreationFlowTests.CreateRequest_ShouldNotCauseAuditSerializationErrors()&#xD;
[xUnit.net 00:00:14.65]         --- End of stack trace from previous location ---&#xD;
[xUnit.net 00:00:14.65]         ----- Inner Stack Trace -----&#xD;
[xUnit.net 00:00:14.65]            at System.Net.Sockets.Socket.AwaitableSocketAsyncEventArgs.ThrowException(SocketError error, CancellationToken cancellationToken)&#xD;
[xUnit.net 00:00:14.65]            at System.Net.Sockets.Socket.AwaitableSocketAsyncEventArgs.System.Threading.Tasks.Sources.IValueTaskSource.GetResult(Int16 token)&#xD;
[xUnit.net 00:00:14.65]            at System.Net.Sockets.Socket.&lt;ConnectAsync&gt;g__WaitForConnectWithCancellation|285_0(AwaitableSocketAsyncEventArgs saea, ValueTask connectTask, CancellationToken cancellationToken)&#xD;
[xUnit.net 00:00:14.65]            at Npgsql.TaskTimeoutAndCancellation.ExecuteAsync(Func`2 getTaskFunc, NpgsqlTimeout timeout, CancellationToken cancellationToken)&#xD;
[xUnit.net 00:00:14.65]            at Npgsql.Internal.NpgsqlConnector.ConnectAsync(NpgsqlTimeout timeout, CancellationToken cancellationToken)&#xD;
[xUnit.net 00:00:14.83]       Npgsql.NpgsqlException : Failed to connect to 127.0.0.1:5433&#xD;
[xUnit.net 00:00:14.83]       ---- System.Net.Sockets.SocketException : Подключение не установлено, т.к. конечный компьютер отверг запрос на подключение.&#xD;
[xUnit.net 00:00:14.83]       Stack Trace:&#xD;
[xUnit.net 00:00:14.83]            at Npgsql.Internal.NpgsqlConnector.Connect(NpgsqlTimeout timeout)&#xD;
[xUnit.net 00:00:14.83]            at Npgsql.Internal.NpgsqlConnector.RawOpen(SslMode sslMode, NpgsqlTimeout timeout, Boolean async, CancellationToken cancellationToken, Boolean isFirstAttempt)&#xD;
[xUnit.net 00:00:14.83]            at Npgsql.Internal.NpgsqlConnector.&lt;Open&gt;g__OpenCore|213_1(NpgsqlConnector conn, SslMode sslMode, NpgsqlTimeout timeout, Boolean async, CancellationToken cancellationToken, Boolean isFirstAttempt)&#xD;
[xUnit.net 00:00:14.83]            at Npgsql.Internal.NpgsqlConnector.Open(NpgsqlTimeout timeout, Boolean async, CancellationToken cancellationToken)&#xD;
[xUnit.net 00:00:14.83]            at Npgsql.UnpooledDataSource.Get(NpgsqlConnection conn, NpgsqlTimeout timeout, Boolean async, CancellationToken cancellationToken)&#xD;
[xUnit.net 00:00:14.83]            at Npgsql.NpgsqlConnection.&lt;Open&gt;g__OpenAsync|42_0(Boolean async, CancellationToken cancellationToken)&#xD;
[xUnit.net 00:00:14.83]            at Npgsql.NpgsqlConnection.Open()&#xD;
[xUnit.net 00:00:14.83]            at Microsoft.EntityFrameworkCore.Storage.RelationalConnection.OpenDbConnection(Boolean errorsExpected)&#xD;
[xUnit.net 00:00:14.83]            at Microsoft.EntityFrameworkCore.Storage.RelationalConnection.OpenInternal(Boolean errorsExpected)&#xD;
[xUnit.net 00:00:14.83]            at Microsoft.EntityFrameworkCore.Storage.RelationalConnection.Open(Boolean errorsExpected)&#xD;
[xUnit.net 00:00:14.83]            at Npgsql.EntityFrameworkCore.PostgreSQL.Storage.Internal.NpgsqlDatabaseCreator.Exists(Boolean async, CancellationToken cancellationToken)&#xD;
[xUnit.net 00:00:14.83]            at Npgsql.EntityFrameworkCore.PostgreSQL.Storage.Internal.NpgsqlDatabaseCreator.Exists(Boolean async, CancellationToken cancellationToken)&#xD;
[xUnit.net 00:00:14.83]            at Npgsql.EntityFrameworkCore.PostgreSQL.Storage.Internal.NpgsqlDatabaseCreator.Exists()&#xD;
[xUnit.net 00:00:14.83]            at Microsoft.EntityFrameworkCore.Storage.RelationalDatabaseCreator.EnsureCreated()&#xD;
[xUnit.net 00:00:14.83]            at Microsoft.EntityFrameworkCore.Infrastructure.DatabaseFacade.EnsureCreated()&#xD;
[xUnit.net 00:00:14.83]         C:\rec\prg\repo\InventoryCtrl_2\test\Inventory.IntegrationTests\TestBase.cs(121,0): at Inventory.IntegrationTests.IntegrationTestBase..ctor(WebApplicationFactory`1 factory)&#xD;
[xUnit.net 00:00:14.83]         C:\rec\prg\repo\InventoryCtrl_2\test\Inventory.IntegrationTests\Controllers\ManufacturerControllerIntegrationTests.cs(13,0): at Inventory.IntegrationTests.Controllers.ManufacturerControllerIntegrationTests..ctor(WebApplicationFactory`1 factory)&#xD;
[xUnit.net 00:00:14.83]            at InvokeStub_ManufacturerControllerIntegrationTests..ctor(Object, Span`1)&#xD;
[xUnit.net 00:00:14.83]            at System.Reflection.MethodBaseInvoker.InvokeWithOneArg(Object obj, BindingFlags invokeAttr, Binder binder, Object[] parameters, CultureInfo culture)&#xD;
[xUnit.net 00:00:14.83]         ----- Inner Stack Trace -----&#xD;
[xUnit.net 00:00:14.83]            at Npgsql.Internal.NpgsqlConnector.Connect(NpgsqlTimeout timeout)&#xD;
[xUnit.net 00:00:14.83]       Npgsql.NpgsqlException : Failed to connect to 127.0.0.1:5433&#xD;
[xUnit.net 00:00:14.83]       ---- System.Net.Sockets.SocketException : Подключение не установлено, т.к. конечный компьютер отверг запрос на подключение.&#xD;
[xUnit.net 00:00:14.83]       Stack Trace:&#xD;
[xUnit.net 00:00:14.83]            at Npgsql.Internal.NpgsqlConnector.Connect(NpgsqlTimeout timeout)&#xD;
[xUnit.net 00:00:14.83]            at Npgsql.Internal.NpgsqlConnector.RawOpen(SslMode sslMode, NpgsqlTimeout timeout, Boolean async, CancellationToken cancellationToken, Boolean isFirstAttempt)&#xD;
[xUnit.net 00:00:14.83]            at Npgsql.Internal.NpgsqlConnector.&lt;Open&gt;g__OpenCore|213_1(NpgsqlConnector conn, SslMode sslMode, NpgsqlTimeout timeout, Boolean async, CancellationToken cancellationToken, Boolean isFirstAttempt)&#xD;
[xUnit.net 00:00:14.83]            at Npgsql.Internal.NpgsqlConnector.Open(NpgsqlTimeout timeout, Boolean async, CancellationToken cancellationToken)&#xD;
[xUnit.net 00:00:14.83]            at Npgsql.UnpooledDataSource.Get(NpgsqlConnection conn, NpgsqlTimeout timeout, Boolean async, CancellationToken cancellationToken)&#xD;
[xUnit.net 00:00:14.83]            at Npgsql.NpgsqlConnection.&lt;Open&gt;g__OpenAsync|42_0(Boolean async, CancellationToken cancellationToken)&#xD;
[xUnit.net 00:00:14.83]            at Npgsql.NpgsqlConnection.Open()&#xD;
[xUnit.net 00:00:14.83]            at Microsoft.EntityFrameworkCore.Storage.RelationalConnection.OpenDbConnection(Boolean errorsExpected)&#xD;
[xUnit.net 00:00:14.83]            at Microsoft.EntityFrameworkCore.Storage.RelationalConnection.OpenInternal(Boolean errorsExpected)&#xD;
[xUnit.net 00:00:14.83]            at Microsoft.EntityFrameworkCore.Storage.RelationalConnection.Open(Boolean errorsExpected)&#xD;
[xUnit.net 00:00:14.83]            at Npgsql.EntityFrameworkCore.PostgreSQL.Storage.Internal.NpgsqlDatabaseCreator.Exists(Boolean async, CancellationToken cancellationToken)&#xD;
[xUnit.net 00:00:14.83]            at Npgsql.EntityFrameworkCore.PostgreSQL.Storage.Internal.NpgsqlDatabaseCreator.Exists(Boolean async, CancellationToken cancellationToken)&#xD;
[xUnit.net 00:00:14.83]            at Npgsql.EntityFrameworkCore.PostgreSQL.Storage.Internal.NpgsqlDatabaseCreator.Exists()&#xD;
[xUnit.net 00:00:14.83]            at Microsoft.EntityFrameworkCore.Storage.RelationalDatabaseCreator.EnsureCreated()&#xD;
[xUnit.net 00:00:14.83]            at Microsoft.EntityFrameworkCore.Infrastructure.DatabaseFacade.EnsureCreated()&#xD;
[xUnit.net 00:00:14.83]         C:\rec\prg\repo\InventoryCtrl_2\test\Inventory.IntegrationTests\TestBase.cs(121,0): at Inventory.IntegrationTests.IntegrationTestBase..ctor(WebApplicationFactory`1 factory)&#xD;
[xUnit.net 00:00:14.83]         C:\rec\prg\repo\InventoryCtrl_2\test\Inventory.IntegrationTests\Controllers\WarehouseControllerIntegrationTests.cs(14,0): at Inventory.IntegrationTests.Controllers.WarehouseControllerIntegrationTests..ctor(WebApplicationFactory`1 factory)&#xD;
[xUnit.net 00:00:14.83]            at InvokeStub_WarehouseControllerIntegrationTests..ctor(Object, Span`1)&#xD;
[xUnit.net 00:00:14.83]            at System.Reflection.MethodBaseInvoker.InvokeWithOneArg(Object obj, BindingFlags invokeAttr, Binder binder, Object[] parameters, CultureInfo culture)&#xD;
[xUnit.net 00:00:14.83]         ----- Inner Stack Trace -----&#xD;
[xUnit.net 00:00:14.83]            at Npgsql.Internal.NpgsqlConnector.Connect(NpgsqlTimeout timeout)&#xD;
[14:36:29 INF] Program: JWT Configuration - Issuer: InventoryTest, Audience: InventoryTestUsers&#xD;
[14:36:29 WRN] Microsoft.AspNetCore.StaticFiles.StaticFileMiddleware: The WebRootPath was not found: C:\rec\prg\repo\InventoryCtrl_2\src\Inventory.API\wwwroot. Static files may be unavailable.&#xD;
[14:36:29 INF] Program: JWT Configuration - Issuer: InventoryTest, Audience: InventoryTestUsers&#xD;
[xUnit.net 00:00:14.85]       Npgsql.NpgsqlException : Failed to connect to 127.0.0.1:5433&#xD;
[xUnit.net 00:00:14.85]       ---- System.Net.Sockets.SocketException : Подключение не установлено, т.к. конечный компьютер отверг запрос на подключение.&#xD;
[xUnit.net 00:00:14.85]       Stack Trace:&#xD;
[xUnit.net 00:00:14.85]            at Npgsql.Internal.NpgsqlConnector.Connect(NpgsqlTimeout timeout)&#xD;
[xUnit.net 00:00:14.85]            at Npgsql.Internal.NpgsqlConnector.RawOpen(SslMode sslMode, NpgsqlTimeout timeout, Boolean async, CancellationToken cancellationToken, Boolean isFirstAttempt)&#xD;
[xUnit.net 00:00:14.85]            at Npgsql.Internal.NpgsqlConnector.&lt;Open&gt;g__OpenCore|213_1(NpgsqlConnector conn, SslMode sslMode, NpgsqlTimeout timeout, Boolean async, CancellationToken cancellationToken, Boolean isFirstAttempt)&#xD;
[xUnit.net 00:00:14.85]            at Npgsql.Internal.NpgsqlConnector.Open(NpgsqlTimeout timeout, Boolean async, CancellationToken cancellationToken)&#xD;
[xUnit.net 00:00:14.85]            at Npgsql.UnpooledDataSource.Get(NpgsqlConnection conn, NpgsqlTimeout timeout, Boolean async, CancellationToken cancellationToken)&#xD;
[xUnit.net 00:00:14.85]            at Npgsql.NpgsqlConnection.&lt;Open&gt;g__OpenAsync|42_0(Boolean async, CancellationToken cancellationToken)&#xD;
[xUnit.net 00:00:14.85]            at Npgsql.NpgsqlConnection.Open()&#xD;
[xUnit.net 00:00:14.85]            at Microsoft.EntityFrameworkCore.Storage.RelationalConnection.OpenDbConnection(Boolean errorsExpected)&#xD;
[xUnit.net 00:00:14.85]            at Microsoft.EntityFrameworkCore.Storage.RelationalConnection.OpenInternal(Boolean errorsExpected)&#xD;
[xUnit.net 00:00:14.85]            at Microsoft.EntityFrameworkCore.Storage.RelationalConnection.Open(Boolean errorsExpected)&#xD;
[xUnit.net 00:00:14.85]            at Npgsql.EntityFrameworkCore.PostgreSQL.Storage.Internal.NpgsqlDatabaseCreator.Exists(Boolean async, CancellationToken cancellationToken)&#xD;
[xUnit.net 00:00:14.85]            at Npgsql.EntityFrameworkCore.PostgreSQL.Storage.Internal.NpgsqlDatabaseCreator.Exists(Boolean async, CancellationToken cancellationToken)&#xD;
[xUnit.net 00:00:14.85]            at Npgsql.EntityFrameworkCore.PostgreSQL.Storage.Internal.NpgsqlDatabaseCreator.Exists()&#xD;
[xUnit.net 00:00:14.85]            at Microsoft.EntityFrameworkCore.Storage.RelationalDatabaseCreator.EnsureCreated()&#xD;
[xUnit.net 00:00:14.85]            at Microsoft.EntityFrameworkCore.Infrastructure.DatabaseFacade.EnsureCreated()&#xD;
[xUnit.net 00:00:14.85]         C:\rec\prg\repo\InventoryCtrl_2\test\Inventory.IntegrationTests\TestBase.cs(121,0): at Inventory.IntegrationTests.IntegrationTestBase..ctor(WebApplicationFactory`1 factory)&#xD;
[xUnit.net 00:00:14.85]         C:\rec\prg\repo\InventoryCtrl_2\test\Inventory.IntegrationTests\Controllers\DashboardControllerIntegrationTests.cs(13,0): at Inventory.IntegrationTests.Controllers.DashboardControllerIntegrationTestsNew..ctor(WebApplicationFactory`1 factory)&#xD;
[xUnit.net 00:00:14.85]            at InvokeStub_DashboardControllerIntegrationTestsNew..ctor(Object, Span`1)&#xD;
[xUnit.net 00:00:14.85]            at System.Reflection.MethodBaseInvoker.InvokeWithOneArg(Object obj, BindingFlags invokeAttr, Binder binder, Object[] parameters, CultureInfo culture)&#xD;
[xUnit.net 00:00:14.85]         ----- Inner Stack Trace -----&#xD;
[xUnit.net 00:00:14.85]            at Npgsql.Internal.NpgsqlConnector.Connect(NpgsqlTimeout timeout)&#xD;
[14:36:29 WRN] Microsoft.AspNetCore.StaticFiles.StaticFileMiddleware: The WebRootPath was not found: C:\rec\prg\repo\InventoryCtrl_2\src\Inventory.API\wwwroot. Static files may be unavailable.&#xD;
[xUnit.net 00:00:14.88]       Npgsql.NpgsqlException : Failed to connect to 127.0.0.1:5433&#xD;
[xUnit.net 00:00:14.88]       ---- System.Net.Sockets.SocketException : Подключение не установлено, т.к. конечный компьютер отверг запрос на подключение.&#xD;
[xUnit.net 00:00:14.88]       Stack Trace:&#xD;
[xUnit.net 00:00:14.88]            at Npgsql.Internal.NpgsqlConnector.Connect(NpgsqlTimeout timeout)&#xD;
[xUnit.net 00:00:14.88]            at Npgsql.Internal.NpgsqlConnector.RawOpen(SslMode sslMode, NpgsqlTimeout timeout, Boolean async, CancellationToken cancellationToken, Boolean isFirstAttempt)&#xD;
[xUnit.net 00:00:14.88]            at Npgsql.Internal.NpgsqlConnector.&lt;Open&gt;g__OpenCore|213_1(NpgsqlConnector conn, SslMode sslMode, NpgsqlTimeout timeout, Boolean async, CancellationToken cancellationToken, Boolean isFirstAttempt)&#xD;
[xUnit.net 00:00:14.88]            at Npgsql.Internal.NpgsqlConnector.Open(NpgsqlTimeout timeout, Boolean async, CancellationToken cancellationToken)&#xD;
[xUnit.net 00:00:14.88]            at Npgsql.UnpooledDataSource.Get(NpgsqlConnection conn, NpgsqlTimeout timeout, Boolean async, CancellationToken cancellationToken)&#xD;
[xUnit.net 00:00:14.88]            at Npgsql.NpgsqlConnection.&lt;Open&gt;g__OpenAsync|42_0(Boolean async, CancellationToken cancellationToken)&#xD;
[xUnit.net 00:00:14.88]            at Npgsql.NpgsqlConnection.Open()&#xD;
[xUnit.net 00:00:14.88]            at Microsoft.EntityFrameworkCore.Storage.RelationalConnection.OpenDbConnection(Boolean errorsExpected)&#xD;
[xUnit.net 00:00:14.88]            at Microsoft.EntityFrameworkCore.Storage.RelationalConnection.OpenInternal(Boolean errorsExpected)&#xD;
[xUnit.net 00:00:14.88]            at Microsoft.EntityFrameworkCore.Storage.RelationalConnection.Open(Boolean errorsExpected)&#xD;
[xUnit.net 00:00:14.88]            at Npgsql.EntityFrameworkCore.PostgreSQL.Storage.Internal.NpgsqlDatabaseCreator.Exists(Boolean async, CancellationToken cancellationToken)&#xD;
[xUnit.net 00:00:14.88]            at Npgsql.EntityFrameworkCore.PostgreSQL.Storage.Internal.NpgsqlDatabaseCreator.Exists(Boolean async, CancellationToken cancellationToken)&#xD;
[xUnit.net 00:00:14.88]            at Npgsql.EntityFrameworkCore.PostgreSQL.Storage.Internal.NpgsqlDatabaseCreator.Exists()&#xD;
[xUnit.net 00:00:14.88]            at Microsoft.EntityFrameworkCore.Storage.RelationalDatabaseCreator.EnsureCreated()&#xD;
[xUnit.net 00:00:14.88]            at Microsoft.EntityFrameworkCore.Infrastructure.DatabaseFacade.EnsureCreated()&#xD;
[xUnit.net 00:00:14.88]         C:\rec\prg\repo\InventoryCtrl_2\test\Inventory.IntegrationTests\TestBase.cs(121,0): at Inventory.IntegrationTests.IntegrationTestBase..ctor(WebApplicationFactory`1 factory)&#xD;
[xUnit.net 00:00:14.88]         C:\rec\prg\repo\InventoryCtrl_2\test\Inventory.IntegrationTests\Controllers\CategoryControllerIntegrationTests.cs(13,0): at Inventory.IntegrationTests.Controllers.CategoryControllerIntegrationTestsNew..ctor(WebApplicationFactory`1 factory)&#xD;
[xUnit.net 00:00:14.88]            at InvokeStub_CategoryControllerIntegrationTestsNew..ctor(Object, Span`1)&#xD;
[xUnit.net 00:00:14.88]            at System.Reflection.MethodBaseInvoker.InvokeWithOneArg(Object obj, BindingFlags invokeAttr, Binder binder, Object[] parameters, CultureInfo culture)&#xD;
[xUnit.net 00:00:14.88]         ----- Inner Stack Trace -----&#xD;
[xUnit.net 00:00:14.88]            at Npgsql.Internal.NpgsqlConnector.Connect(NpgsqlTimeout timeout)&#xD;
[xUnit.net 00:00:14.88]       Npgsql.NpgsqlException : Failed to connect to 127.0.0.1:5433&#xD;
[xUnit.net 00:00:14.88]       ---- System.Net.Sockets.SocketException : Подключение не установлено, т.к. конечный компьютер отверг запрос на подключение.&#xD;
[xUnit.net 00:00:14.88]       Stack Trace:&#xD;
[xUnit.net 00:00:14.88]            at Npgsql.Internal.NpgsqlConnector.Connect(NpgsqlTimeout timeout)&#xD;
[xUnit.net 00:00:14.88]            at Npgsql.Internal.NpgsqlConnector.RawOpen(SslMode sslMode, NpgsqlTimeout timeout, Boolean async, CancellationToken cancellationToken, Boolean isFirstAttempt)&#xD;
[xUnit.net 00:00:14.88]            at Npgsql.Internal.NpgsqlConnector.&lt;Open&gt;g__OpenCore|213_1(NpgsqlConnector conn, SslMode sslMode, NpgsqlTimeout timeout, Boolean async, CancellationToken cancellationToken, Boolean isFirstAttempt)&#xD;
[xUnit.net 00:00:14.88]            at Npgsql.Internal.NpgsqlConnector.Open(NpgsqlTimeout timeout, Boolean async, CancellationToken cancellationToken)&#xD;
[xUnit.net 00:00:14.88]            at Npgsql.UnpooledDataSource.Get(NpgsqlConnection conn, NpgsqlTimeout timeout, Boolean async, CancellationToken cancellationToken)&#xD;
[xUnit.net 00:00:14.88]            at Npgsql.NpgsqlConnection.&lt;Open&gt;g__OpenAsync|42_0(Boolean async, CancellationToken cancellationToken)&#xD;
[xUnit.net 00:00:14.88]            at Npgsql.NpgsqlConnection.Open()&#xD;
[xUnit.net 00:00:14.88]            at Microsoft.EntityFrameworkCore.Storage.RelationalConnection.OpenDbConnection(Boolean errorsExpected)&#xD;
[xUnit.net 00:00:14.88]            at Microsoft.EntityFrameworkCore.Storage.RelationalConnection.OpenInternal(Boolean errorsExpected)&#xD;
[xUnit.net 00:00:14.88]            at Microsoft.EntityFrameworkCore.Storage.RelationalConnection.Open(Boolean errorsExpected)&#xD;
[xUnit.net 00:00:14.88]            at Npgsql.EntityFrameworkCore.PostgreSQL.Storage.Internal.NpgsqlDatabaseCreator.Exists(Boolean async, CancellationToken cancellationToken)&#xD;
[xUnit.net 00:00:14.88]            at Npgsql.EntityFrameworkCore.PostgreSQL.Storage.Internal.NpgsqlDatabaseCreator.Exists(Boolean async, CancellationToken cancellationToken)&#xD;
[xUnit.net 00:00:14.88]            at Npgsql.EntityFrameworkCore.PostgreSQL.Storage.Internal.NpgsqlDatabaseCreator.Exists()&#xD;
[xUnit.net 00:00:14.88]            at Microsoft.EntityFrameworkCore.Storage.RelationalDatabaseCreator.EnsureCreated()&#xD;
[xUnit.net 00:00:14.88]            at Microsoft.EntityFrameworkCore.Infrastructure.DatabaseFacade.EnsureCreated()&#xD;
[xUnit.net 00:00:14.88]         C:\rec\prg\repo\InventoryCtrl_2\test\Inventory.IntegrationTests\TestBase.cs(121,0): at Inventory.IntegrationTests.IntegrationTestBase..ctor(WebApplicationFactory`1 factory)&#xD;
[xUnit.net 00:00:14.88]         C:\rec\prg\repo\InventoryCtrl_2\test\Inventory.IntegrationTests\Controllers\AuthControllerIntegrationTests.cs(12,0): at Inventory.IntegrationTests.Controllers.AuthControllerIntegrationTestsNew..ctor(WebApplicationFactory`1 factory)&#xD;
[xUnit.net 00:00:14.88]            at InvokeStub_AuthControllerIntegrationTestsNew..ctor(Object, Span`1)&#xD;
[xUnit.net 00:00:14.88]            at System.Reflection.MethodBaseInvoker.InvokeWithOneArg(Object obj, BindingFlags invokeAttr, Binder binder, Object[] parameters, CultureInfo culture)&#xD;
[xUnit.net 00:00:14.88]         ----- Inner Stack Trace -----&#xD;
[xUnit.net 00:00:14.88]            at Npgsql.Internal.NpgsqlConnector.Connect(NpgsqlTimeout timeout)&#xD;
[14:36:29 INF] Program: JWT Configuration - Issuer: InventoryTest, Audience: InventoryTestUsers&#xD;
[14:36:29 INF] Program: JWT Configuration - Issuer: InventoryTest, Audience: InventoryTestUsers&#xD;
[14:36:29 INF] Program: JWT Configuration - Issuer: InventoryTest, Audience: InventoryTestUsers&#xD;
[14:36:29 WRN] Microsoft.AspNetCore.StaticFiles.StaticFileMiddleware: The WebRootPath was not found: C:\rec\prg\repo\InventoryCtrl_2\src\Inventory.API\wwwroot. Static files may be unavailable.&#xD;
[14:36:29 WRN] Microsoft.AspNetCore.StaticFiles.StaticFileMiddleware: The WebRootPath was not found: C:\rec\prg\repo\InventoryCtrl_2\src\Inventory.API\wwwroot. Static files may be unavailable.&#xD;
[14:36:29 WRN] Microsoft.AspNetCore.StaticFiles.StaticFileMiddleware: The WebRootPath was not found: C:\rec\prg\repo\InventoryCtrl_2\src\Inventory.API\wwwroot. Static files may be unavailable.&#xD;
[14:36:29 WRN] Microsoft.AspNetCore.StaticFiles.StaticFileMiddleware: The WebRootPath was not found: C:\rec\prg\repo\InventoryCtrl_2\src\Inventory.API\wwwroot. Static files may be unavailable.&#xD;
[14:36:29 INF] Program: ?? Inventory Control API starting...&#xD;
[14:36:29 INF] Program: ?? API running on configured ports&#xD;
[14:36:29 WRN] Microsoft.AspNetCore.StaticFiles.StaticFileMiddleware: The WebRootPath was not found: C:\rec\prg\repo\InventoryCtrl_2\src\Inventory.API\wwwroot. Static files may be unavailable.&#xD;
[14:36:29 WRN] Microsoft.AspNetCore.StaticFiles.StaticFileMiddleware: The WebRootPath was not found: C:\rec\prg\repo\InventoryCtrl_2\src\Inventory.API\wwwroot. Static files may be unavailable.&#xD;
[14:36:29 INF] Program: ?? Inventory Control API starting...&#xD;
[14:36:29 INF] Program: ?? API running on configured ports&#xD;
[14:36:29 WRN] Microsoft.AspNetCore.StaticFiles.StaticFileMiddleware: The WebRootPath was not found: C:\rec\prg\repo\InventoryCtrl_2\src\Inventory.API\wwwroot. Static files may be unavailable.&#xD;
[14:36:29 WRN] Microsoft.AspNetCore.StaticFiles.StaticFileMiddleware: The WebRootPath was not found: C:\rec\prg\repo\InventoryCtrl_2\src\Inventory.API\wwwroot. Static files may be unavailable.&#xD;
[14:36:29 INF] Program: ?? Inventory Control API starting...&#xD;
[14:36:29 INF] Program: ?? API running on configured ports&#xD;
[14:36:29 WRN] Microsoft.AspNetCore.StaticFiles.StaticFileMiddleware: The WebRootPath was not found: C:\rec\prg\repo\InventoryCtrl_2\src\Inventory.API\wwwroot. Static files may be unavailable.&#xD;
[14:36:29 INF] Program: ?? Inventory Control API starting...&#xD;
[14:36:29 INF] Program: ?? API running on configured ports&#xD;
[14:36:29 WRN] Microsoft.AspNetCore.StaticFiles.StaticFileMiddleware: The WebRootPath was not found: C:\rec\prg\repo\InventoryCtrl_2\src\Inventory.API\wwwroot. Static files may be unavailable.&#xD;
[14:36:29 INF] Program: ?? Inventory Control API starting...&#xD;
[14:36:29 INF] Program: ?? API running on configured ports&#xD;
[14:36:29 WRN] Microsoft.AspNetCore.StaticFiles.StaticFileMiddleware: The WebRootPath was not found: C:\rec\prg\repo\InventoryCtrl_2\src\Inventory.API\wwwroot. Static files may be unavailable.&#xD;
[14:36:29 WRN] Microsoft.AspNetCore.StaticFiles.StaticFileMiddleware: The WebRootPath was not found: C:\rec\prg\repo\InventoryCtrl_2\src\Inventory.API\wwwroot. Static files may be unavailable.&#xD;
[14:36:29 WRN] Microsoft.AspNetCore.StaticFiles.StaticFileMiddleware: The WebRootPath was not found: C:\rec\prg\repo\InventoryCtrl_2\src\Inventory.API\wwwroot. Static files may be unavailable.&#xD;
[xUnit.net 00:00:19.02]       Npgsql.NpgsqlException : Failed to connect to 127.0.0.1:5433&#xD;
[xUnit.net 00:00:19.02]       ---- System.Net.Sockets.SocketException : Подключение не установлено, т.к. конечный компьютер отверг запрос на подключение.&#xD;
[xUnit.net 00:00:19.02]       Stack Trace:&#xD;
[xUnit.net 00:00:19.02]            at Npgsql.Internal.NpgsqlConnector.Connect(NpgsqlTimeout timeout)&#xD;
[xUnit.net 00:00:19.02]            at Npgsql.Internal.NpgsqlConnector.RawOpen(SslMode sslMode, NpgsqlTimeout timeout, Boolean async, CancellationToken cancellationToken, Boolean isFirstAttempt)&#xD;
[xUnit.net 00:00:19.02]            at Npgsql.Internal.NpgsqlConnector.&lt;Open&gt;g__OpenCore|213_1(NpgsqlConnector conn, SslMode sslMode, NpgsqlTimeout timeout, Boolean async, CancellationToken cancellationToken, Boolean isFirstAttempt)&#xD;
[xUnit.net 00:00:19.02]            at Npgsql.Internal.NpgsqlConnector.Open(NpgsqlTimeout timeout, Boolean async, CancellationToken cancellationToken)&#xD;
[xUnit.net 00:00:19.02]            at Npgsql.UnpooledDataSource.Get(NpgsqlConnection conn, NpgsqlTimeout timeout, Boolean async, CancellationToken cancellationToken)&#xD;
[xUnit.net 00:00:19.02]            at Npgsql.NpgsqlConnection.&lt;Open&gt;g__OpenAsync|42_0(Boolean async, CancellationToken cancellationToken)&#xD;
[xUnit.net 00:00:19.02]            at Npgsql.NpgsqlConnection.Open()&#xD;
[xUnit.net 00:00:19.02]            at Microsoft.EntityFrameworkCore.Storage.RelationalConnection.OpenDbConnection(Boolean errorsExpected)&#xD;
[xUnit.net 00:00:19.02]            at Microsoft.EntityFrameworkCore.Storage.RelationalConnection.OpenInternal(Boolean errorsExpected)&#xD;
[xUnit.net 00:00:19.02]            at Microsoft.EntityFrameworkCore.Storage.RelationalConnection.Open(Boolean errorsExpected)&#xD;
[xUnit.net 00:00:19.02]            at Npgsql.EntityFrameworkCore.PostgreSQL.Storage.Internal.NpgsqlDatabaseCreator.Exists(Boolean async, CancellationToken cancellationToken)&#xD;
[xUnit.net 00:00:19.02]            at Npgsql.EntityFrameworkCore.PostgreSQL.Storage.Internal.NpgsqlDatabaseCreator.Exists(Boolean async, CancellationToken cancellationToken)&#xD;
[xUnit.net 00:00:19.02]            at Npgsql.EntityFrameworkCore.PostgreSQL.Storage.Internal.NpgsqlDatabaseCreator.Exists()&#xD;
[xUnit.net 00:00:19.02]            at Microsoft.EntityFrameworkCore.Storage.RelationalDatabaseCreator.EnsureCreated()&#xD;
[xUnit.net 00:00:19.02]            at Microsoft.EntityFrameworkCore.Infrastructure.DatabaseFacade.EnsureCreated()&#xD;
[xUnit.net 00:00:19.02]         C:\rec\prg\repo\InventoryCtrl_2\test\Inventory.IntegrationTests\TestBase.cs(121,0): at Inventory.IntegrationTests.IntegrationTestBase..ctor(WebApplicationFactory`1 factory)&#xD;
[xUnit.net 00:00:19.02]         C:\rec\prg\repo\InventoryCtrl_2\test\Inventory.IntegrationTests\Controllers\ManufacturerControllerIntegrationTests.cs(13,0): at Inventory.IntegrationTests.Controllers.ManufacturerControllerIntegrationTests..ctor(WebApplicationFactory`1 factory)&#xD;
[xUnit.net 00:00:19.02]            at InvokeStub_ManufacturerControllerIntegrationTests..ctor(Object, Span`1)&#xD;
[xUnit.net 00:00:19.02]            at System.Reflection.MethodBaseInvoker.InvokeWithOneArg(Object obj, BindingFlags invokeAttr, Binder binder, Object[] parameters, CultureInfo culture)&#xD;
[xUnit.net 00:00:19.02]         ----- Inner Stack Trace -----&#xD;
[xUnit.net 00:00:19.02]            at Npgsql.Internal.NpgsqlConnector.Connect(NpgsqlTimeout timeout)&#xD;
[xUnit.net 00:00:19.02]       Npgsql.NpgsqlException : Failed to connect to 127.0.0.1:5433&#xD;
[xUnit.net 00:00:19.02]       ---- System.Net.Sockets.SocketException : Подключение не установлено, т.к. конечный компьютер отверг запрос на подключение.&#xD;
[xUnit.net 00:00:19.02]       Stack Trace:&#xD;
[xUnit.net 00:00:19.02]            at Npgsql.Internal.NpgsqlConnector.Connect(NpgsqlTimeout timeout)&#xD;
[xUnit.net 00:00:19.02]            at Npgsql.Internal.NpgsqlConnector.RawOpen(SslMode sslMode, NpgsqlTimeout timeout, Boolean async, CancellationToken cancellationToken, Boolean isFirstAttempt)&#xD;
[xUnit.net 00:00:19.02]            at Npgsql.Internal.NpgsqlConnector.&lt;Open&gt;g__OpenCore|213_1(NpgsqlConnector conn, SslMode sslMode, NpgsqlTimeout timeout, Boolean async, CancellationToken cancellationToken, Boolean isFirstAttempt)&#xD;
[xUnit.net 00:00:19.02]            at Npgsql.Internal.NpgsqlConnector.Open(NpgsqlTimeout timeout, Boolean async, CancellationToken cancellationToken)&#xD;
[xUnit.net 00:00:19.02]            at Npgsql.UnpooledDataSource.Get(NpgsqlConnection conn, NpgsqlTimeout timeout, Boolean async, CancellationToken cancellationToken)&#xD;
[xUnit.net 00:00:19.02]            at Npgsql.NpgsqlConnection.&lt;Open&gt;g__OpenAsync|42_0(Boolean async, CancellationToken cancellationToken)&#xD;
[xUnit.net 00:00:19.02]            at Npgsql.NpgsqlConnection.Open()&#xD;
[xUnit.net 00:00:19.02]            at Microsoft.EntityFrameworkCore.Storage.RelationalConnection.OpenDbConnection(Boolean errorsExpected)&#xD;
[xUnit.net 00:00:19.02]            at Microsoft.EntityFrameworkCore.Storage.RelationalConnection.OpenInternal(Boolean errorsExpected)&#xD;
[xUnit.net 00:00:19.02]            at Microsoft.EntityFrameworkCore.Storage.RelationalConnection.Open(Boolean errorsExpected)&#xD;
[xUnit.net 00:00:19.02]            at Npgsql.EntityFrameworkCore.PostgreSQL.Storage.Internal.NpgsqlDatabaseCreator.Exists(Boolean async, CancellationToken cancellationToken)&#xD;
[xUnit.net 00:00:19.02]            at Npgsql.EntityFrameworkCore.PostgreSQL.Storage.Internal.NpgsqlDatabaseCreator.Exists(Boolean async, CancellationToken cancellationToken)&#xD;
[xUnit.net 00:00:19.02]            at Npgsql.EntityFrameworkCore.PostgreSQL.Storage.Internal.NpgsqlDatabaseCreator.Exists()&#xD;
[xUnit.net 00:00:19.02]            at Microsoft.EntityFrameworkCore.Storage.RelationalDatabaseCreator.EnsureCreated()&#xD;
[xUnit.net 00:00:19.02]            at Microsoft.EntityFrameworkCore.Infrastructure.DatabaseFacade.EnsureCreated()&#xD;
[xUnit.net 00:00:19.02]         C:\rec\prg\repo\InventoryCtrl_2\test\Inventory.IntegrationTests\TestBase.cs(121,0): at Inventory.IntegrationTests.IntegrationTestBase..ctor(WebApplicationFactory`1 factory)&#xD;
[xUnit.net 00:00:19.02]         C:\rec\prg\repo\InventoryCtrl_2\test\Inventory.IntegrationTests\Controllers\WarehouseControllerIntegrationTests.cs(14,0): at Inventory.IntegrationTests.Controllers.WarehouseControllerIntegrationTests..ctor(WebApplicationFactory`1 factory)&#xD;
[xUnit.net 00:00:19.02]            at InvokeStub_WarehouseControllerIntegrationTests..ctor(Object, Span`1)&#xD;
[xUnit.net 00:00:19.02]            at System.Reflection.MethodBaseInvoker.InvokeWithOneArg(Object obj, BindingFlags invokeAttr, Binder binder, Object[] parameters, CultureInfo culture)&#xD;
[xUnit.net 00:00:19.02]         ----- Inner Stack Trace -----&#xD;
[xUnit.net 00:00:19.02]            at Npgsql.Internal.NpgsqlConnector.Connect(NpgsqlTimeout timeout)&#xD;
[xUnit.net 00:00:19.02]       Npgsql.NpgsqlException : Failed to connect to 127.0.0.1:5433&#xD;
[xUnit.net 00:00:19.02]       ---- System.Net.Sockets.SocketException : Подключение не установлено, т.к. конечный компьютер отверг запрос на подключение.&#xD;
[xUnit.net 00:00:19.02]       Stack Trace:&#xD;
[xUnit.net 00:00:19.02]            at Npgsql.Internal.NpgsqlConnector.Connect(NpgsqlTimeout timeout)&#xD;
[xUnit.net 00:00:19.02]            at Npgsql.Internal.NpgsqlConnector.RawOpen(SslMode sslMode, NpgsqlTimeout timeout, Boolean async, CancellationToken cancellationToken, Boolean isFirstAttempt)&#xD;
[xUnit.net 00:00:19.02]            at Npgsql.Internal.NpgsqlConnector.&lt;Open&gt;g__OpenCore|213_1(NpgsqlConnector conn, SslMode sslMode, NpgsqlTimeout timeout, Boolean async, CancellationToken cancellationToken, Boolean isFirstAttempt)&#xD;
[xUnit.net 00:00:19.02]            at Npgsql.Internal.NpgsqlConnector.Open(NpgsqlTimeout timeout, Boolean async, CancellationToken cancellationToken)&#xD;
[xUnit.net 00:00:19.02]            at Npgsql.UnpooledDataSource.Get(NpgsqlConnection conn, NpgsqlTimeout timeout, Boolean async, CancellationToken cancellationToken)&#xD;
[xUnit.net 00:00:19.02]            at Npgsql.NpgsqlConnection.&lt;Open&gt;g__OpenAsync|42_0(Boolean async, CancellationToken cancellationToken)&#xD;
[xUnit.net 00:00:19.02]            at Npgsql.NpgsqlConnection.Open()&#xD;
[xUnit.net 00:00:19.02]            at Microsoft.EntityFrameworkCore.Storage.RelationalConnection.OpenDbConnection(Boolean errorsExpected)&#xD;
[xUnit.net 00:00:19.02]            at Microsoft.EntityFrameworkCore.Storage.RelationalConnection.OpenInternal(Boolean errorsExpected)&#xD;
[xUnit.net 00:00:19.02]            at Microsoft.EntityFrameworkCore.Storage.RelationalConnection.Open(Boolean errorsExpected)&#xD;
[xUnit.net 00:00:19.02]            at Npgsql.EntityFrameworkCore.PostgreSQL.Storage.Internal.NpgsqlDatabaseCreator.Exists(Boolean async, CancellationToken cancellationToken)&#xD;
[xUnit.net 00:00:19.02]            at Npgsql.EntityFrameworkCore.PostgreSQL.Storage.Internal.NpgsqlDatabaseCreator.Exists(Boolean async, CancellationToken cancellationToken)&#xD;
[xUnit.net 00:00:19.02]            at Npgsql.EntityFrameworkCore.PostgreSQL.Storage.Internal.NpgsqlDatabaseCreator.Exists()&#xD;
[xUnit.net 00:00:19.02]            at Microsoft.EntityFrameworkCore.Storage.RelationalDatabaseCreator.EnsureCreated()&#xD;
[xUnit.net 00:00:19.02]            at Microsoft.EntityFrameworkCore.Infrastructure.DatabaseFacade.EnsureCreated()&#xD;
[xUnit.net 00:00:19.02]         C:\rec\prg\repo\InventoryCtrl_2\test\Inventory.IntegrationTests\TestBase.cs(121,0): at Inventory.IntegrationTests.IntegrationTestBase..ctor(WebApplicationFactory`1 factory)&#xD;
[xUnit.net 00:00:19.02]         C:\rec\prg\repo\InventoryCtrl_2\test\Inventory.IntegrationTests\Controllers\DashboardControllerIntegrationTests.cs(13,0): at Inventory.IntegrationTests.Controllers.DashboardControllerIntegrationTestsNew..ctor(WebApplicationFactory`1 factory)&#xD;
[xUnit.net 00:00:19.02]            at InvokeStub_DashboardControllerIntegrationTestsNew..ctor(Object, Span`1)&#xD;
[xUnit.net 00:00:19.02]            at System.Reflection.MethodBaseInvoker.InvokeWithOneArg(Object obj, BindingFlags invokeAttr, Binder binder, Object[] parameters, CultureInfo culture)&#xD;
[xUnit.net 00:00:19.02]         ----- Inner Stack Trace -----&#xD;
[xUnit.net 00:00:19.02]            at Npgsql.Internal.NpgsqlConnector.Connect(NpgsqlTimeout timeout)&#xD;
[xUnit.net 00:00:19.03]       Npgsql.NpgsqlException : Failed to connect to 127.0.0.1:5433&#xD;
[xUnit.net 00:00:19.03]       ---- System.Net.Sockets.SocketException : Подключение не установлено, т.к. конечный компьютер отверг запрос на подключение.&#xD;
[xUnit.net 00:00:19.03]       Stack Trace:&#xD;
[xUnit.net 00:00:19.03]            at Npgsql.Internal.NpgsqlConnector.Connect(NpgsqlTimeout timeout)&#xD;
[xUnit.net 00:00:19.03]            at Npgsql.Internal.NpgsqlConnector.RawOpen(SslMode sslMode, NpgsqlTimeout timeout, Boolean async, CancellationToken cancellationToken, Boolean isFirstAttempt)&#xD;
[xUnit.net 00:00:19.03]            at Npgsql.Internal.NpgsqlConnector.&lt;Open&gt;g__OpenCore|213_1(NpgsqlConnector conn, SslMode sslMode, NpgsqlTimeout timeout, Boolean async, CancellationToken cancellationToken, Boolean isFirstAttempt)&#xD;
[xUnit.net 00:00:19.03]            at Npgsql.Internal.NpgsqlConnector.Open(NpgsqlTimeout timeout, Boolean async, CancellationToken cancellationToken)&#xD;
[xUnit.net 00:00:19.03]            at Npgsql.UnpooledDataSource.Get(NpgsqlConnection conn, NpgsqlTimeout timeout, Boolean async, CancellationToken cancellationToken)&#xD;
[xUnit.net 00:00:19.03]            at Npgsql.NpgsqlConnection.&lt;Open&gt;g__OpenAsync|42_0(Boolean async, CancellationToken cancellationToken)&#xD;
[xUnit.net 00:00:19.03]            at Npgsql.NpgsqlConnection.Open()&#xD;
[xUnit.net 00:00:19.03]            at Microsoft.EntityFrameworkCore.Storage.RelationalConnection.OpenDbConnection(Boolean errorsExpected)&#xD;
[xUnit.net 00:00:19.03]            at Microsoft.EntityFrameworkCore.Storage.RelationalConnection.OpenInternal(Boolean errorsExpected)&#xD;
[xUnit.net 00:00:19.03]            at Microsoft.EntityFrameworkCore.Storage.RelationalConnection.Open(Boolean errorsExpected)&#xD;
[xUnit.net 00:00:19.03]            at Npgsql.EntityFrameworkCore.PostgreSQL.Storage.Internal.NpgsqlDatabaseCreator.Exists(Boolean async, CancellationToken cancellationToken)&#xD;
[xUnit.net 00:00:19.03]            at Npgsql.EntityFrameworkCore.PostgreSQL.Storage.Internal.NpgsqlDatabaseCreator.Exists(Boolean async, CancellationToken cancellationToken)&#xD;
[xUnit.net 00:00:19.03]            at Npgsql.EntityFrameworkCore.PostgreSQL.Storage.Internal.NpgsqlDatabaseCreator.Exists()&#xD;
[xUnit.net 00:00:19.03]            at Microsoft.EntityFrameworkCore.Storage.RelationalDatabaseCreator.EnsureCreated()&#xD;
[xUnit.net 00:00:19.03]            at Microsoft.EntityFrameworkCore.Infrastructure.DatabaseFacade.EnsureCreated()&#xD;
[xUnit.net 00:00:19.03]         C:\rec\prg\repo\InventoryCtrl_2\test\Inventory.IntegrationTests\TestBase.cs(121,0): at Inventory.IntegrationTests.IntegrationTestBase..ctor(WebApplicationFactory`1 factory)&#xD;
[xUnit.net 00:00:19.03]         C:\rec\prg\repo\InventoryCtrl_2\test\Inventory.IntegrationTests\Controllers\AuthControllerIntegrationTests.cs(12,0): at Inventory.IntegrationTests.Controllers.AuthControllerIntegrationTestsNew..ctor(WebApplicationFactory`1 factory)&#xD;
[xUnit.net 00:00:19.03]            at InvokeStub_AuthControllerIntegrationTestsNew..ctor(Object, Span`1)&#xD;
[xUnit.net 00:00:19.03]            at System.Reflection.MethodBaseInvoker.InvokeWithOneArg(Object obj, BindingFlags invokeAttr, Binder binder, Object[] parameters, CultureInfo culture)&#xD;
[xUnit.net 00:00:19.03]         ----- Inner Stack Trace -----&#xD;
[xUnit.net 00:00:19.03]            at Npgsql.Internal.NpgsqlConnector.Connect(NpgsqlTimeout timeout)&#xD;
[xUnit.net 00:00:19.03]       Npgsql.NpgsqlException : Failed to connect to 127.0.0.1:5433&#xD;
[xUnit.net 00:00:19.03]       ---- System.Net.Sockets.SocketException : Подключение не установлено, т.к. конечный компьютер отверг запрос на подключение.&#xD;
[xUnit.net 00:00:19.03]       Stack Trace:&#xD;
[xUnit.net 00:00:19.03]            at Npgsql.Internal.NpgsqlConnector.Connect(NpgsqlTimeout timeout)&#xD;
[xUnit.net 00:00:19.03]            at Npgsql.Internal.NpgsqlConnector.RawOpen(SslMode sslMode, NpgsqlTimeout timeout, Boolean async, CancellationToken cancellationToken, Boolean isFirstAttempt)&#xD;
[xUnit.net 00:00:19.03]            at Npgsql.Internal.NpgsqlConnector.&lt;Open&gt;g__OpenCore|213_1(NpgsqlConnector conn, SslMode sslMode, NpgsqlTimeout timeout, Boolean async, CancellationToken cancellationToken, Boolean isFirstAttempt)&#xD;
[xUnit.net 00:00:19.03]            at Npgsql.Internal.NpgsqlConnector.Open(NpgsqlTimeout timeout, Boolean async, CancellationToken cancellationToken)&#xD;
[xUnit.net 00:00:19.03]            at Npgsql.UnpooledDataSource.Get(NpgsqlConnection conn, NpgsqlTimeout timeout, Boolean async, CancellationToken cancellationToken)&#xD;
[xUnit.net 00:00:19.03]            at Npgsql.NpgsqlConnection.&lt;Open&gt;g__OpenAsync|42_0(Boolean async, CancellationToken cancellationToken)&#xD;
[xUnit.net 00:00:19.03]            at Npgsql.NpgsqlConnection.Open()&#xD;
[xUnit.net 00:00:19.03]            at Microsoft.EntityFrameworkCore.Storage.RelationalConnection.OpenDbConnection(Boolean errorsExpected)&#xD;
[xUnit.net 00:00:19.03]            at Microsoft.EntityFrameworkCore.Storage.RelationalConnection.OpenInternal(Boolean errorsExpected)&#xD;
[xUnit.net 00:00:19.03]            at Microsoft.EntityFrameworkCore.Storage.RelationalConnection.Open(Boolean errorsExpected)&#xD;
[xUnit.net 00:00:19.03]            at Npgsql.EntityFrameworkCore.PostgreSQL.Storage.Internal.NpgsqlDatabaseCreator.Exists(Boolean async, CancellationToken cancellationToken)&#xD;
[xUnit.net 00:00:19.03]            at Npgsql.EntityFrameworkCore.PostgreSQL.Storage.Internal.NpgsqlDatabaseCreator.Exists(Boolean async, CancellationToken cancellationToken)&#xD;
[xUnit.net 00:00:19.03]            at Npgsql.EntityFrameworkCore.PostgreSQL.Storage.Internal.NpgsqlDatabaseCreator.Exists()&#xD;
[xUnit.net 00:00:19.03]            at Microsoft.EntityFrameworkCore.Storage.RelationalDatabaseCreator.EnsureCreated()&#xD;
[xUnit.net 00:00:19.03]            at Microsoft.EntityFrameworkCore.Infrastructure.DatabaseFacade.EnsureCreated()&#xD;
[xUnit.net 00:00:19.03]         C:\rec\prg\repo\InventoryCtrl_2\test\Inventory.IntegrationTests\TestBase.cs(121,0): at Inventory.IntegrationTests.IntegrationTestBase..ctor(WebApplicationFactory`1 factory)&#xD;
[xUnit.net 00:00:19.03]         C:\rec\prg\repo\InventoryCtrl_2\test\Inventory.IntegrationTests\Controllers\CategoryControllerIntegrationTests.cs(13,0): at Inventory.IntegrationTests.Controllers.CategoryControllerIntegrationTestsNew..ctor(WebApplicationFactory`1 factory)&#xD;
[xUnit.net 00:00:19.03]            at InvokeStub_CategoryControllerIntegrationTestsNew..ctor(Object, Span`1)&#xD;
[xUnit.net 00:00:19.03]            at System.Reflection.MethodBaseInvoker.InvokeWithOneArg(Object obj, BindingFlags invokeAttr, Binder binder, Object[] parameters, CultureInfo culture)&#xD;
[xUnit.net 00:00:19.03]         ----- Inner Stack Trace -----&#xD;
[xUnit.net 00:00:19.03]            at Npgsql.Internal.NpgsqlConnector.Connect(NpgsqlTimeout timeout)&#xD;
[14:36:33 INF] Program: JWT Configuration - Issuer: InventoryTest, Audience: InventoryTestUsers&#xD;
[14:36:33 INF] Program: JWT Configuration - Issuer: InventoryTest, Audience: InventoryTestUsers&#xD;
[14:36:33 INF] Program: JWT Configuration - Issuer: InventoryTest, Audience: InventoryTestUsers&#xD;
[14:36:33 INF] Program: JWT Configuration - Issuer: InventoryTest, Audience: InventoryTestUsers&#xD;
[14:36:33 INF] Program: JWT Configuration - Issuer: InventoryTest, Audience: InventoryTestUsers&#xD;
[14:36:33 WRN] Microsoft.AspNetCore.StaticFiles.StaticFileMiddleware: The WebRootPath was not found: C:\rec\prg\repo\InventoryCtrl_2\src\Inventory.API\wwwroot. Static files may be unavailable.&#xD;
[14:36:33 WRN] Microsoft.AspNetCore.StaticFiles.StaticFileMiddleware: The WebRootPath was not found: C:\rec\prg\repo\InventoryCtrl_2\src\Inventory.API\wwwroot. Static files may be unavailable.&#xD;
[14:36:33 WRN] Microsoft.AspNetCore.StaticFiles.StaticFileMiddleware: The WebRootPath was not found: C:\rec\prg\repo\InventoryCtrl_2\src\Inventory.API\wwwroot. Static files may be unavailable.&#xD;
[14:36:33 WRN] Microsoft.AspNetCore.StaticFiles.StaticFileMiddleware: The WebRootPath was not found: C:\rec\prg\repo\InventoryCtrl_2\src\Inventory.API\wwwroot. Static files may be unavailable.&#xD;
[14:36:33 WRN] Microsoft.AspNetCore.StaticFiles.StaticFileMiddleware: The WebRootPath was not found: C:\rec\prg\repo\InventoryCtrl_2\src\Inventory.API\wwwroot. Static files may be unavailable.&#xD;
[14:36:33 WRN] Microsoft.AspNetCore.StaticFiles.StaticFileMiddleware: The WebRootPath was not found: C:\rec\prg\repo\InventoryCtrl_2\src\Inventory.API\wwwroot. Static files may be unavailable.&#xD;
[14:36:33 WRN] Microsoft.AspNetCore.StaticFiles.StaticFileMiddleware: The WebRootPath was not found: C:\rec\prg\repo\InventoryCtrl_2\src\Inventory.API\wwwroot. Static files may be unavailable.&#xD;
[14:36:33 INF] Program: ?? Inventory Control API starting...&#xD;
[14:36:33 INF] Program: ?? Inventory Control API starting...&#xD;
[14:36:33 INF] Program: ?? API running on configured ports&#xD;
[14:36:33 INF] Program: ?? API running on configured ports&#xD;
[14:36:33 WRN] Microsoft.AspNetCore.StaticFiles.StaticFileMiddleware: The WebRootPath was not found: C:\rec\prg\repo\InventoryCtrl_2\src\Inventory.API\wwwroot. Static files may be unavailable.&#xD;
[14:36:33 INF] Program: ?? Inventory Control API starting...&#xD;
[14:36:33 INF] Program: ?? API running on configured ports&#xD;
[14:36:33 WRN] Microsoft.AspNetCore.StaticFiles.StaticFileMiddleware: The WebRootPath was not found: C:\rec\prg\repo\InventoryCtrl_2\src\Inventory.API\wwwroot. Static files may be unavailable.&#xD;
[14:36:33 INF] Program: ?? Inventory Control API starting...&#xD;
[14:36:33 INF] Program: ?? API running on configured ports&#xD;
[14:36:33 WRN] Microsoft.AspNetCore.StaticFiles.StaticFileMiddleware: The WebRootPath was not found: C:\rec\prg\repo\InventoryCtrl_2\src\Inventory.API\wwwroot. Static files may be unavailable.&#xD;
[14:36:33 INF] Program: ?? Inventory Control API starting...&#xD;
[14:36:33 INF] Program: ?? API running on configured ports&#xD;
[14:36:33 WRN] Microsoft.AspNetCore.StaticFiles.StaticFileMiddleware: The WebRootPath was not found: C:\rec\prg\repo\InventoryCtrl_2\src\Inventory.API\wwwroot. Static files may be unavailable.&#xD;
[14:36:33 WRN] Microsoft.AspNetCore.StaticFiles.StaticFileMiddleware: The WebRootPath was not found: C:\rec\prg\repo\InventoryCtrl_2\src\Inventory.API\wwwroot. Static files may be unavailable.&#xD;
[14:36:33 WRN] Microsoft.AspNetCore.StaticFiles.StaticFileMiddleware: The WebRootPath was not found: C:\rec\prg\repo\InventoryCtrl_2\src\Inventory.API\wwwroot. Static files may be unavailable.&#xD;
[14:36:33 WRN] Microsoft.AspNetCore.StaticFiles.StaticFileMiddleware: The WebRootPath was not found: C:\rec\prg\repo\InventoryCtrl_2\src\Inventory.API\wwwroot. Static files may be unavailable.&#xD;
[14:36:33 WRN] Microsoft.AspNetCore.StaticFiles.StaticFileMiddleware: The WebRootPath was not found: C:\rec\prg\repo\InventoryCtrl_2\src\Inventory.API\wwwroot. Static files may be unavailable.&#xD;
[xUnit.net 00:00:23.16]       Npgsql.NpgsqlException : Failed to connect to 127.0.0.1:5433&#xD;
[xUnit.net 00:00:23.16]       ---- System.Net.Sockets.SocketException : Подключение не установлено, т.к. конечный компьютер отверг запрос на подключение.&#xD;
[xUnit.net 00:00:23.16]       Stack Trace:&#xD;
[xUnit.net 00:00:23.16]            at Npgsql.Internal.NpgsqlConnector.Connect(NpgsqlTimeout timeout)&#xD;
[xUnit.net 00:00:23.16]            at Npgsql.Internal.NpgsqlConnector.RawOpen(SslMode sslMode, NpgsqlTimeout timeout, Boolean async, CancellationToken cancellationToken, Boolean isFirstAttempt)&#xD;
[xUnit.net 00:00:23.16]            at Npgsql.Internal.NpgsqlConnector.&lt;Open&gt;g__OpenCore|213_1(NpgsqlConnector conn, SslMode sslMode, NpgsqlTimeout timeout, Boolean async, CancellationToken cancellationToken, Boolean isFirstAttempt)&#xD;
[xUnit.net 00:00:23.16]            at Npgsql.Internal.NpgsqlConnector.Open(NpgsqlTimeout timeout, Boolean async, CancellationToken cancellationToken)&#xD;
[xUnit.net 00:00:23.16]            at Npgsql.UnpooledDataSource.Get(NpgsqlConnection conn, NpgsqlTimeout timeout, Boolean async, CancellationToken cancellationToken)&#xD;
[xUnit.net 00:00:23.16]            at Npgsql.NpgsqlConnection.&lt;Open&gt;g__OpenAsync|42_0(Boolean async, CancellationToken cancellationToken)&#xD;
[xUnit.net 00:00:23.16]            at Npgsql.NpgsqlConnection.Open()&#xD;
[xUnit.net 00:00:23.16]            at Microsoft.EntityFrameworkCore.Storage.RelationalConnection.OpenDbConnection(Boolean errorsExpected)&#xD;
[xUnit.net 00:00:23.16]            at Microsoft.EntityFrameworkCore.Storage.RelationalConnection.OpenInternal(Boolean errorsExpected)&#xD;
[xUnit.net 00:00:23.16]            at Microsoft.EntityFrameworkCore.Storage.RelationalConnection.Open(Boolean errorsExpected)&#xD;
[xUnit.net 00:00:23.16]            at Npgsql.EntityFrameworkCore.PostgreSQL.Storage.Internal.NpgsqlDatabaseCreator.Exists(Boolean async, CancellationToken cancellationToken)&#xD;
[xUnit.net 00:00:23.16]            at Npgsql.EntityFrameworkCore.PostgreSQL.Storage.Internal.NpgsqlDatabaseCreator.Exists(Boolean async, CancellationToken cancellationToken)&#xD;
[xUnit.net 00:00:23.16]            at Npgsql.EntityFrameworkCore.PostgreSQL.Storage.Internal.NpgsqlDatabaseCreator.Exists()&#xD;
[xUnit.net 00:00:23.16]            at Microsoft.EntityFrameworkCore.Storage.RelationalDatabaseCreator.EnsureCreated()&#xD;
[xUnit.net 00:00:23.16]            at Microsoft.EntityFrameworkCore.Infrastructure.DatabaseFacade.EnsureCreated()&#xD;
[xUnit.net 00:00:23.16]         C:\rec\prg\repo\InventoryCtrl_2\test\Inventory.IntegrationTests\TestBase.cs(121,0): at Inventory.IntegrationTests.IntegrationTestBase..ctor(WebApplicationFactory`1 factory)&#xD;
[xUnit.net 00:00:23.16]         C:\rec\prg\repo\InventoryCtrl_2\test\Inventory.IntegrationTests\Controllers\DashboardControllerIntegrationTests.cs(13,0): at Inventory.IntegrationTests.Controllers.DashboardControllerIntegrationTestsNew..ctor(WebApplicationFactory`1 factory)&#xD;
[xUnit.net 00:00:23.16]            at InvokeStub_DashboardControllerIntegrationTestsNew..ctor(Object, Span`1)&#xD;
[xUnit.net 00:00:23.16]            at System.Reflection.MethodBaseInvoker.InvokeWithOneArg(Object obj, BindingFlags invokeAttr, Binder binder, Object[] parameters, CultureInfo culture)&#xD;
[xUnit.net 00:00:23.16]         ----- Inner Stack Trace -----&#xD;
[xUnit.net 00:00:23.16]            at Npgsql.Internal.NpgsqlConnector.Connect(NpgsqlTimeout timeout)&#xD;
[xUnit.net 00:00:23.16]       Npgsql.NpgsqlException : Failed to connect to 127.0.0.1:5433&#xD;
[xUnit.net 00:00:23.16]       ---- System.Net.Sockets.SocketException : Подключение не установлено, т.к. конечный компьютер отверг запрос на подключение.&#xD;
[xUnit.net 00:00:23.16]       Stack Trace:&#xD;
[xUnit.net 00:00:23.16]            at Npgsql.Internal.NpgsqlConnector.Connect(NpgsqlTimeout timeout)&#xD;
[xUnit.net 00:00:23.16]            at Npgsql.Internal.NpgsqlConnector.RawOpen(SslMode sslMode, NpgsqlTimeout timeout, Boolean async, CancellationToken cancellationToken, Boolean isFirstAttempt)&#xD;
[xUnit.net 00:00:23.16]            at Npgsql.Internal.NpgsqlConnector.&lt;Open&gt;g__OpenCore|213_1(NpgsqlConnector conn, SslMode sslMode, NpgsqlTimeout timeout, Boolean async, CancellationToken cancellationToken, Boolean isFirstAttempt)&#xD;
[xUnit.net 00:00:23.16]            at Npgsql.Internal.NpgsqlConnector.Open(NpgsqlTimeout timeout, Boolean async, CancellationToken cancellationToken)&#xD;
[xUnit.net 00:00:23.16]            at Npgsql.UnpooledDataSource.Get(NpgsqlConnection conn, NpgsqlTimeout timeout, Boolean async, CancellationToken cancellationToken)&#xD;
[xUnit.net 00:00:23.16]            at Npgsql.NpgsqlConnection.&lt;Open&gt;g__OpenAsync|42_0(Boolean async, CancellationToken cancellationToken)&#xD;
[xUnit.net 00:00:23.16]            at Npgsql.NpgsqlConnection.Open()&#xD;
[xUnit.net 00:00:23.16]            at Microsoft.EntityFrameworkCore.Storage.RelationalConnection.OpenDbConnection(Boolean errorsExpected)&#xD;
[xUnit.net 00:00:23.16]            at Microsoft.EntityFrameworkCore.Storage.RelationalConnection.OpenInternal(Boolean errorsExpected)&#xD;
[xUnit.net 00:00:23.16]            at Microsoft.EntityFrameworkCore.Storage.RelationalConnection.Open(Boolean errorsExpected)&#xD;
[xUnit.net 00:00:23.16]            at Npgsql.EntityFrameworkCore.PostgreSQL.Storage.Internal.NpgsqlDatabaseCreator.Exists(Boolean async, CancellationToken cancellationToken)&#xD;
[xUnit.net 00:00:23.16]            at Npgsql.EntityFrameworkCore.PostgreSQL.Storage.Internal.NpgsqlDatabaseCreator.Exists(Boolean async, CancellationToken cancellationToken)&#xD;
[xUnit.net 00:00:23.16]            at Npgsql.EntityFrameworkCore.PostgreSQL.Storage.Internal.NpgsqlDatabaseCreator.Exists()&#xD;
[xUnit.net 00:00:23.16]            at Microsoft.EntityFrameworkCore.Storage.RelationalDatabaseCreator.EnsureCreated()&#xD;
[xUnit.net 00:00:23.16]            at Microsoft.EntityFrameworkCore.Infrastructure.DatabaseFacade.EnsureCreated()&#xD;
[xUnit.net 00:00:23.16]         C:\rec\prg\repo\InventoryCtrl_2\test\Inventory.IntegrationTests\TestBase.cs(121,0): at Inventory.IntegrationTests.IntegrationTestBase..ctor(WebApplicationFactory`1 factory)&#xD;
[xUnit.net 00:00:23.16]         C:\rec\prg\repo\InventoryCtrl_2\test\Inventory.IntegrationTests\Controllers\ManufacturerControllerIntegrationTests.cs(13,0): at Inventory.IntegrationTests.Controllers.ManufacturerControllerIntegrationTests..ctor(WebApplicationFactory`1 factory)&#xD;
[xUnit.net 00:00:23.16]            at InvokeStub_ManufacturerControllerIntegrationTests..ctor(Object, Span`1)&#xD;
[xUnit.net 00:00:23.16]            at System.Reflection.MethodBaseInvoker.InvokeWithOneArg(Object obj, BindingFlags invokeAttr, Binder binder, Object[] parameters, CultureInfo culture)&#xD;
[xUnit.net 00:00:23.16]         ----- Inner Stack Trace -----&#xD;
[xUnit.net 00:00:23.16]            at Npgsql.Internal.NpgsqlConnector.Connect(NpgsqlTimeout timeout)&#xD;
[14:36:37 INF] Program: JWT Configuration - Issuer: InventoryTest, Audience: InventoryTestUsers&#xD;
[14:36:37 INF] Program: JWT Configuration - Issuer: InventoryTest, Audience: InventoryTestUsers&#xD;
[14:36:37 WRN] Microsoft.AspNetCore.StaticFiles.StaticFileMiddleware: The WebRootPath was not found: C:\rec\prg\repo\InventoryCtrl_2\src\Inventory.API\wwwroot. Static files may be unavailable.&#xD;
[14:36:37 WRN] Microsoft.AspNetCore.StaticFiles.StaticFileMiddleware: The WebRootPath was not found: C:\rec\prg\repo\InventoryCtrl_2\src\Inventory.API\wwwroot. Static files may be unavailable.&#xD;
[xUnit.net 00:00:23.20]       Npgsql.NpgsqlException : Failed to connect to 127.0.0.1:5433&#xD;
[xUnit.net 00:00:23.20]       ---- System.Net.Sockets.SocketException : Подключение не установлено, т.к. конечный компьютер отверг запрос на подключение.&#xD;
[xUnit.net 00:00:23.20]       Stack Trace:&#xD;
[xUnit.net 00:00:23.20]            at Npgsql.Internal.NpgsqlConnector.Connect(NpgsqlTimeout timeout)&#xD;
[xUnit.net 00:00:23.20]            at Npgsql.Internal.NpgsqlConnector.RawOpen(SslMode sslMode, NpgsqlTimeout timeout, Boolean async, CancellationToken cancellationToken, Boolean isFirstAttempt)&#xD;
[xUnit.net 00:00:23.20]            at Npgsql.Internal.NpgsqlConnector.&lt;Open&gt;g__OpenCore|213_1(NpgsqlConnector conn, SslMode sslMode, NpgsqlTimeout timeout, Boolean async, CancellationToken cancellationToken, Boolean isFirstAttempt)&#xD;
[xUnit.net 00:00:23.20]            at Npgsql.Internal.NpgsqlConnector.Open(NpgsqlTimeout timeout, Boolean async, CancellationToken cancellationToken)&#xD;
[xUnit.net 00:00:23.20]            at Npgsql.UnpooledDataSource.Get(NpgsqlConnection conn, NpgsqlTimeout timeout, Boolean async, CancellationToken cancellationToken)&#xD;
[xUnit.net 00:00:23.20]            at Npgsql.NpgsqlConnection.&lt;Open&gt;g__OpenAsync|42_0(Boolean async, CancellationToken cancellationToken)&#xD;
[xUnit.net 00:00:23.20]            at Npgsql.NpgsqlConnection.Open()&#xD;
[xUnit.net 00:00:23.20]            at Microsoft.EntityFrameworkCore.Storage.RelationalConnection.OpenDbConnection(Boolean errorsExpected)&#xD;
[xUnit.net 00:00:23.20]            at Microsoft.EntityFrameworkCore.Storage.RelationalConnection.OpenInternal(Boolean errorsExpected)&#xD;
[xUnit.net 00:00:23.20]            at Microsoft.EntityFrameworkCore.Storage.RelationalConnection.Open(Boolean errorsExpected)&#xD;
[xUnit.net 00:00:23.20]            at Npgsql.EntityFrameworkCore.PostgreSQL.Storage.Internal.NpgsqlDatabaseCreator.Exists(Boolean async, CancellationToken cancellationToken)&#xD;
[xUnit.net 00:00:23.20]            at Npgsql.EntityFrameworkCore.PostgreSQL.Storage.Internal.NpgsqlDatabaseCreator.Exists(Boolean async, CancellationToken cancellationToken)&#xD;
[xUnit.net 00:00:23.20]            at Npgsql.EntityFrameworkCore.PostgreSQL.Storage.Internal.NpgsqlDatabaseCreator.Exists()&#xD;
[xUnit.net 00:00:23.20]            at Microsoft.EntityFrameworkCore.Storage.RelationalDatabaseCreator.EnsureCreated()&#xD;
[xUnit.net 00:00:23.20]            at Microsoft.EntityFrameworkCore.Infrastructure.DatabaseFacade.EnsureCreated()&#xD;
[xUnit.net 00:00:23.20]         C:\rec\prg\repo\InventoryCtrl_2\test\Inventory.IntegrationTests\TestBase.cs(121,0): at Inventory.IntegrationTests.IntegrationTestBase..ctor(WebApplicationFactory`1 factory)&#xD;
[xUnit.net 00:00:23.20]         C:\rec\prg\repo\InventoryCtrl_2\test\Inventory.IntegrationTests\Controllers\CategoryControllerIntegrationTests.cs(13,0): at Inventory.IntegrationTests.Controllers.CategoryControllerIntegrationTestsNew..ctor(WebApplicationFactory`1 factory)&#xD;
[xUnit.net 00:00:23.20]            at InvokeStub_CategoryControllerIntegrationTestsNew..ctor(Object, Span`1)&#xD;
[xUnit.net 00:00:23.20]            at System.Reflection.MethodBaseInvoker.InvokeWithOneArg(Object obj, BindingFlags invokeAttr, Binder binder, Object[] parameters, CultureInfo culture)&#xD;
[xUnit.net 00:00:23.20]         ----- Inner Stack Trace -----&#xD;
[xUnit.net 00:00:23.20]            at Npgsql.Internal.NpgsqlConnector.Connect(NpgsqlTimeout timeout)&#xD;
[xUnit.net 00:00:23.20]       Npgsql.NpgsqlException : Failed to connect to 127.0.0.1:5433&#xD;
[xUnit.net 00:00:23.20]       ---- System.Net.Sockets.SocketException : Подключение не установлено, т.к. конечный компьютер отверг запрос на подключение.&#xD;
[xUnit.net 00:00:23.20]       Stack Trace:&#xD;
[xUnit.net 00:00:23.20]            at Npgsql.Internal.NpgsqlConnector.Connect(NpgsqlTimeout timeout)&#xD;
[xUnit.net 00:00:23.20]            at Npgsql.Internal.NpgsqlConnector.RawOpen(SslMode sslMode, NpgsqlTimeout timeout, Boolean async, CancellationToken cancellationToken, Boolean isFirstAttempt)&#xD;
[xUnit.net 00:00:23.20]            at Npgsql.Internal.NpgsqlConnector.&lt;Open&gt;g__OpenCore|213_1(NpgsqlConnector conn, SslMode sslMode, NpgsqlTimeout timeout, Boolean async, CancellationToken cancellationToken, Boolean isFirstAttempt)&#xD;
[xUnit.net 00:00:23.20]            at Npgsql.Internal.NpgsqlConnector.Open(NpgsqlTimeout timeout, Boolean async, CancellationToken cancellationToken)&#xD;
[xUnit.net 00:00:23.20]            at Npgsql.UnpooledDataSource.Get(NpgsqlConnection conn, NpgsqlTimeout timeout, Boolean async, CancellationToken cancellationToken)&#xD;
[xUnit.net 00:00:23.20]            at Npgsql.NpgsqlConnection.&lt;Open&gt;g__OpenAsync|42_0(Boolean async, CancellationToken cancellationToken)&#xD;
[xUnit.net 00:00:23.20]            at Npgsql.NpgsqlConnection.Open()&#xD;
[xUnit.net 00:00:23.20]            at Microsoft.EntityFrameworkCore.Storage.RelationalConnection.OpenDbConnection(Boolean errorsExpected)&#xD;
[xUnit.net 00:00:23.20]            at Microsoft.EntityFrameworkCore.Storage.RelationalConnection.OpenInternal(Boolean errorsExpected)&#xD;
[xUnit.net 00:00:23.20]            at Microsoft.EntityFrameworkCore.Storage.RelationalConnection.Open(Boolean errorsExpected)&#xD;
[xUnit.net 00:00:23.20]            at Npgsql.EntityFrameworkCore.PostgreSQL.Storage.Internal.NpgsqlDatabaseCreator.Exists(Boolean async, CancellationToken cancellationToken)&#xD;
[xUnit.net 00:00:23.20]            at Npgsql.EntityFrameworkCore.PostgreSQL.Storage.Internal.NpgsqlDatabaseCreator.Exists(Boolean async, CancellationToken cancellationToken)&#xD;
[xUnit.net 00:00:23.20]            at Npgsql.EntityFrameworkCore.PostgreSQL.Storage.Internal.NpgsqlDatabaseCreator.Exists()&#xD;
[xUnit.net 00:00:23.20]            at Microsoft.EntityFrameworkCore.Storage.RelationalDatabaseCreator.EnsureCreated()&#xD;
[xUnit.net 00:00:23.20]            at Microsoft.EntityFrameworkCore.Infrastructure.DatabaseFacade.EnsureCreated()&#xD;
[xUnit.net 00:00:23.20]         C:\rec\prg\repo\InventoryCtrl_2\test\Inventory.IntegrationTests\TestBase.cs(121,0): at Inventory.IntegrationTests.IntegrationTestBase..ctor(WebApplicationFactory`1 factory)&#xD;
[xUnit.net 00:00:23.20]         C:\rec\prg\repo\InventoryCtrl_2\test\Inventory.IntegrationTests\Controllers\AuthControllerIntegrationTests.cs(12,0): at Inventory.IntegrationTests.Controllers.AuthControllerIntegrationTestsNew..ctor(WebApplicationFactory`1 factory)&#xD;
[xUnit.net 00:00:23.20]            at InvokeStub_AuthControllerIntegrationTestsNew..ctor(Object, Span`1)&#xD;
[xUnit.net 00:00:23.20]            at System.Reflection.MethodBaseInvoker.InvokeWithOneArg(Object obj, BindingFlags invokeAttr, Binder binder, Object[] parameters, CultureInfo culture)&#xD;
[xUnit.net 00:00:23.20]         ----- Inner Stack Trace -----&#xD;
[xUnit.net 00:00:23.20]            at Npgsql.Internal.NpgsqlConnector.Connect(NpgsqlTimeout timeout)&#xD;
[xUnit.net 00:00:23.20]       Npgsql.NpgsqlException : Failed to connect to 127.0.0.1:5433&#xD;
[xUnit.net 00:00:23.20]       ---- System.Net.Sockets.SocketException : Подключение не установлено, т.к. конечный компьютер отверг запрос на подключение.&#xD;
[xUnit.net 00:00:23.20]       Stack Trace:&#xD;
[xUnit.net 00:00:23.20]            at Npgsql.Internal.NpgsqlConnector.Connect(NpgsqlTimeout timeout)&#xD;
[xUnit.net 00:00:23.20]            at Npgsql.Internal.NpgsqlConnector.RawOpen(SslMode sslMode, NpgsqlTimeout timeout, Boolean async, CancellationToken cancellationToken, Boolean isFirstAttempt)&#xD;
[xUnit.net 00:00:23.20]            at Npgsql.Internal.NpgsqlConnector.&lt;Open&gt;g__OpenCore|213_1(NpgsqlConnector conn, SslMode sslMode, NpgsqlTimeout timeout, Boolean async, CancellationToken cancellationToken, Boolean isFirstAttempt)&#xD;
[xUnit.net 00:00:23.20]            at Npgsql.Internal.NpgsqlConnector.Open(NpgsqlTimeout timeout, Boolean async, CancellationToken cancellationToken)&#xD;
[xUnit.net 00:00:23.20]            at Npgsql.UnpooledDataSource.Get(NpgsqlConnection conn, NpgsqlTimeout timeout, Boolean async, CancellationToken cancellationToken)&#xD;
[xUnit.net 00:00:23.20]            at Npgsql.NpgsqlConnection.&lt;Open&gt;g__OpenAsync|42_0(Boolean async, CancellationToken cancellationToken)&#xD;
[xUnit.net 00:00:23.20]            at Npgsql.NpgsqlConnection.Open()&#xD;
[xUnit.net 00:00:23.20]            at Microsoft.EntityFrameworkCore.Storage.RelationalConnection.OpenDbConnection(Boolean errorsExpected)&#xD;
[xUnit.net 00:00:23.20]            at Microsoft.EntityFrameworkCore.Storage.RelationalConnection.OpenInternal(Boolean errorsExpected)&#xD;
[xUnit.net 00:00:23.20]            at Microsoft.EntityFrameworkCore.Storage.RelationalConnection.Open(Boolean errorsExpected)&#xD;
[xUnit.net 00:00:23.20]            at Npgsql.EntityFrameworkCore.PostgreSQL.Storage.Internal.NpgsqlDatabaseCreator.Exists(Boolean async, CancellationToken cancellationToken)&#xD;
[xUnit.net 00:00:23.20]            at Npgsql.EntityFrameworkCore.PostgreSQL.Storage.Internal.NpgsqlDatabaseCreator.Exists(Boolean async, CancellationToken cancellationToken)&#xD;
[xUnit.net 00:00:23.20]            at Npgsql.EntityFrameworkCore.PostgreSQL.Storage.Internal.NpgsqlDatabaseCreator.Exists()&#xD;
[xUnit.net 00:00:23.20]            at Microsoft.EntityFrameworkCore.Storage.RelationalDatabaseCreator.EnsureCreated()&#xD;
[xUnit.net 00:00:23.20]            at Microsoft.EntityFrameworkCore.Infrastructure.DatabaseFacade.EnsureCreated()&#xD;
[xUnit.net 00:00:23.20]         C:\rec\prg\repo\InventoryCtrl_2\test\Inventory.IntegrationTests\TestBase.cs(121,0): at Inventory.IntegrationTests.IntegrationTestBase..ctor(WebApplicationFactory`1 factory)&#xD;
[xUnit.net 00:00:23.20]         C:\rec\prg\repo\InventoryCtrl_2\test\Inventory.IntegrationTests\Controllers\WarehouseControllerIntegrationTests.cs(14,0): at Inventory.IntegrationTests.Controllers.WarehouseControllerIntegrationTests..ctor(WebApplicationFactory`1 factory)&#xD;
[xUnit.net 00:00:23.20]            at InvokeStub_WarehouseControllerIntegrationTests..ctor(Object, Span`1)&#xD;
[xUnit.net 00:00:23.20]            at System.Reflection.MethodBaseInvoker.InvokeWithOneArg(Object obj, BindingFlags invokeAttr, Binder binder, Object[] parameters, CultureInfo culture)&#xD;
[xUnit.net 00:00:23.20]         ----- Inner Stack Trace -----&#xD;
[xUnit.net 00:00:23.20]            at Npgsql.Internal.NpgsqlConnector.Connect(NpgsqlTimeout timeout)&#xD;
[14:36:37 INF] Program: JWT Configuration - Issuer: InventoryTest, Audience: InventoryTestUsers&#xD;
[14:36:37 INF] Program: JWT Configuration - Issuer: InventoryTest, Audience: InventoryTestUsers&#xD;
[14:36:37 INF] Program: JWT Configuration - Issuer: InventoryTest, Audience: InventoryTestUsers&#xD;
[14:36:38 WRN] Microsoft.AspNetCore.StaticFiles.StaticFileMiddleware: The WebRootPath was not found: C:\rec\prg\repo\InventoryCtrl_2\src\Inventory.API\wwwroot. Static files may be unavailable.&#xD;
[14:36:38 WRN] Microsoft.AspNetCore.StaticFiles.StaticFileMiddleware: The WebRootPath was not found: C:\rec\prg\repo\InventoryCtrl_2\src\Inventory.API\wwwroot. Static files may be unavailable.&#xD;
[14:36:38 WRN] Microsoft.AspNetCore.StaticFiles.StaticFileMiddleware: The WebRootPath was not found: C:\rec\prg\repo\InventoryCtrl_2\src\Inventory.API\wwwroot. Static files may be unavailable.&#xD;
[14:36:38 WRN] Microsoft.AspNetCore.StaticFiles.StaticFileMiddleware: The WebRootPath was not found: C:\rec\prg\repo\InventoryCtrl_2\src\Inventory.API\wwwroot. Static files may be unavailable.&#xD;
[14:36:38 INF] Program: ?? Inventory Control API starting...&#xD;
[14:36:38 INF] Program: ?? API running on configured ports&#xD;
[14:36:38 WRN] Microsoft.AspNetCore.StaticFiles.StaticFileMiddleware: The WebRootPath was not found: C:\rec\prg\repo\InventoryCtrl_2\src\Inventory.API\wwwroot. Static files may be unavailable.&#xD;
[14:36:38 INF] Program: ?? Inventory Control API starting...&#xD;
[14:36:38 INF] Program: ?? API running on configured ports&#xD;
[14:36:38 WRN] Microsoft.AspNetCore.StaticFiles.StaticFileMiddleware: The WebRootPath was not found: C:\rec\prg\repo\InventoryCtrl_2\src\Inventory.API\wwwroot. Static files may be unavailable.&#xD;
[14:36:38 WRN] Microsoft.AspNetCore.StaticFiles.StaticFileMiddleware: The WebRootPath was not found: C:\rec\prg\repo\InventoryCtrl_2\src\Inventory.API\wwwroot. Static files may be unavailable.&#xD;
[14:36:38 WRN] Microsoft.AspNetCore.StaticFiles.StaticFileMiddleware: The WebRootPath was not found: C:\rec\prg\repo\InventoryCtrl_2\src\Inventory.API\wwwroot. Static files may be unavailable.&#xD;
[14:36:38 INF] Program: ?? Inventory Control API starting...&#xD;
[14:36:38 INF] Program: ?? API running on configured ports&#xD;
[14:36:38 WRN] Microsoft.AspNetCore.StaticFiles.StaticFileMiddleware: The WebRootPath was not found: C:\rec\prg\repo\InventoryCtrl_2\src\Inventory.API\wwwroot. Static files may be unavailable.&#xD;
[14:36:38 INF] Program: ?? Inventory Control API starting...&#xD;
[14:36:38 INF] Program: ?? API running on configured ports&#xD;
[14:36:38 WRN] Microsoft.AspNetCore.StaticFiles.StaticFileMiddleware: The WebRootPath was not found: C:\rec\prg\repo\InventoryCtrl_2\src\Inventory.API\wwwroot. Static files may be unavailable.&#xD;
[14:36:38 WRN] Microsoft.AspNetCore.StaticFiles.StaticFileMiddleware: The WebRootPath was not found: C:\rec\prg\repo\InventoryCtrl_2\src\Inventory.API\wwwroot. Static files may be unavailable.&#xD;
[14:36:38 INF] Program: ?? Inventory Control API starting...&#xD;
[14:36:38 INF] Program: ?? API running on configured ports&#xD;
[14:36:38 WRN] Microsoft.AspNetCore.StaticFiles.StaticFileMiddleware: The WebRootPath was not found: C:\rec\prg\repo\InventoryCtrl_2\src\Inventory.API\wwwroot. Static files may be unavailable.&#xD;
[14:36:38 WRN] Microsoft.AspNetCore.StaticFiles.StaticFileMiddleware: The WebRootPath was not found: C:\rec\prg\repo\InventoryCtrl_2\src\Inventory.API\wwwroot. Static files may be unavailable.&#xD;
[xUnit.net 00:00:27.30]       Npgsql.NpgsqlException : Failed to connect to 127.0.0.1:5433&#xD;
[xUnit.net 00:00:27.30]       ---- System.Net.Sockets.SocketException : Подключение не установлено, т.к. конечный компьютер отверг запрос на подключение.&#xD;
[xUnit.net 00:00:27.30]       Stack Trace:&#xD;
[xUnit.net 00:00:27.30]            at Npgsql.Internal.NpgsqlConnector.Connect(NpgsqlTimeout timeout)&#xD;
[xUnit.net 00:00:27.30]            at Npgsql.Internal.NpgsqlConnector.RawOpen(SslMode sslMode, NpgsqlTimeout timeout, Boolean async, CancellationToken cancellationToken, Boolean isFirstAttempt)&#xD;
[xUnit.net 00:00:27.30]            at Npgsql.Internal.NpgsqlConnector.&lt;Open&gt;g__OpenCore|213_1(NpgsqlConnector conn, SslMode sslMode, NpgsqlTimeout timeout, Boolean async, CancellationToken cancellationToken, Boolean isFirstAttempt)&#xD;
[xUnit.net 00:00:27.30]            at Npgsql.Internal.NpgsqlConnector.Open(NpgsqlTimeout timeout, Boolean async, CancellationToken cancellationToken)&#xD;
[xUnit.net 00:00:27.30]            at Npgsql.UnpooledDataSource.Get(NpgsqlConnection conn, NpgsqlTimeout timeout, Boolean async, CancellationToken cancellationToken)&#xD;
[xUnit.net 00:00:27.30]            at Npgsql.NpgsqlConnection.&lt;Open&gt;g__OpenAsync|42_0(Boolean async, CancellationToken cancellationToken)&#xD;
[xUnit.net 00:00:27.30]            at Npgsql.NpgsqlConnection.Open()&#xD;
[xUnit.net 00:00:27.30]            at Microsoft.EntityFrameworkCore.Storage.RelationalConnection.OpenDbConnection(Boolean errorsExpected)&#xD;
[xUnit.net 00:00:27.30]            at Microsoft.EntityFrameworkCore.Storage.RelationalConnection.OpenInternal(Boolean errorsExpected)&#xD;
[xUnit.net 00:00:27.30]            at Microsoft.EntityFrameworkCore.Storage.RelationalConnection.Open(Boolean errorsExpected)&#xD;
[xUnit.net 00:00:27.30]            at Npgsql.EntityFrameworkCore.PostgreSQL.Storage.Internal.NpgsqlDatabaseCreator.Exists(Boolean async, CancellationToken cancellationToken)&#xD;
[xUnit.net 00:00:27.30]            at Npgsql.EntityFrameworkCore.PostgreSQL.Storage.Internal.NpgsqlDatabaseCreator.Exists(Boolean async, CancellationToken cancellationToken)&#xD;
[xUnit.net 00:00:27.30]            at Npgsql.EntityFrameworkCore.PostgreSQL.Storage.Internal.NpgsqlDatabaseCreator.Exists()&#xD;
[xUnit.net 00:00:27.30]            at Microsoft.EntityFrameworkCore.Storage.RelationalDatabaseCreator.EnsureCreated()&#xD;
[xUnit.net 00:00:27.30]            at Microsoft.EntityFrameworkCore.Infrastructure.DatabaseFacade.EnsureCreated()&#xD;
[xUnit.net 00:00:27.30]         C:\rec\prg\repo\InventoryCtrl_2\test\Inventory.IntegrationTests\TestBase.cs(121,0): at Inventory.IntegrationTests.IntegrationTestBase..ctor(WebApplicationFactory`1 factory)&#xD;
[xUnit.net 00:00:27.30]         C:\rec\prg\repo\InventoryCtrl_2\test\Inventory.IntegrationTests\Controllers\ManufacturerControllerIntegrationTests.cs(13,0): at Inventory.IntegrationTests.Controllers.ManufacturerControllerIntegrationTests..ctor(WebApplicationFactory`1 factory)&#xD;
[xUnit.net 00:00:27.30]            at InvokeStub_ManufacturerControllerIntegrationTests..ctor(Object, Span`1)&#xD;
[xUnit.net 00:00:27.30]            at System.Reflection.MethodBaseInvoker.InvokeWithOneArg(Object obj, BindingFlags invokeAttr, Binder binder, Object[] parameters, CultureInfo culture)&#xD;
[xUnit.net 00:00:27.30]         ----- Inner Stack Trace -----&#xD;
[xUnit.net 00:00:27.30]            at Npgsql.Internal.NpgsqlConnector.Connect(NpgsqlTimeout timeout)&#xD;
[xUnit.net 00:00:27.32]       Npgsql.NpgsqlException : Failed to connect to 127.0.0.1:5433&#xD;
[xUnit.net 00:00:27.32]       ---- System.Net.Sockets.SocketException : Подключение не установлено, т.к. конечный компьютер отверг запрос на подключение.&#xD;
[xUnit.net 00:00:27.32]       Stack Trace:&#xD;
[xUnit.net 00:00:27.32]            at Npgsql.Internal.NpgsqlConnector.Connect(NpgsqlTimeout timeout)&#xD;
[xUnit.net 00:00:27.32]            at Npgsql.Internal.NpgsqlConnector.RawOpen(SslMode sslMode, NpgsqlTimeout timeout, Boolean async, CancellationToken cancellationToken, Boolean isFirstAttempt)&#xD;
[xUnit.net 00:00:27.32]            at Npgsql.Internal.NpgsqlConnector.&lt;Open&gt;g__OpenCore|213_1(NpgsqlConnector conn, SslMode sslMode, NpgsqlTimeout timeout, Boolean async, CancellationToken cancellationToken, Boolean isFirstAttempt)&#xD;
[xUnit.net 00:00:27.32]            at Npgsql.Internal.NpgsqlConnector.Open(NpgsqlTimeout timeout, Boolean async, CancellationToken cancellationToken)&#xD;
[xUnit.net 00:00:27.32]            at Npgsql.UnpooledDataSource.Get(NpgsqlConnection conn, NpgsqlTimeout timeout, Boolean async, CancellationToken cancellationToken)&#xD;
[xUnit.net 00:00:27.32]            at Npgsql.NpgsqlConnection.&lt;Open&gt;g__OpenAsync|42_0(Boolean async, CancellationToken cancellationToken)&#xD;
[xUnit.net 00:00:27.32]            at Npgsql.NpgsqlConnection.Open()&#xD;
[xUnit.net 00:00:27.32]            at Microsoft.EntityFrameworkCore.Storage.RelationalConnection.OpenDbConnection(Boolean errorsExpected)&#xD;
[xUnit.net 00:00:27.32]            at Microsoft.EntityFrameworkCore.Storage.RelationalConnection.OpenInternal(Boolean errorsExpected)&#xD;
[xUnit.net 00:00:27.32]            at Microsoft.EntityFrameworkCore.Storage.RelationalConnection.Open(Boolean errorsExpected)&#xD;
[xUnit.net 00:00:27.32]            at Npgsql.EntityFrameworkCore.PostgreSQL.Storage.Internal.NpgsqlDatabaseCreator.Exists(Boolean async, CancellationToken cancellationToken)&#xD;
[xUnit.net 00:00:27.32]            at Npgsql.EntityFrameworkCore.PostgreSQL.Storage.Internal.NpgsqlDatabaseCreator.Exists(Boolean async, CancellationToken cancellationToken)&#xD;
[xUnit.net 00:00:27.32]            at Npgsql.EntityFrameworkCore.PostgreSQL.Storage.Internal.NpgsqlDatabaseCreator.Exists()&#xD;
[xUnit.net 00:00:27.32]            at Microsoft.EntityFrameworkCore.Storage.RelationalDatabaseCreator.EnsureCreated()&#xD;
[xUnit.net 00:00:27.32]            at Microsoft.EntityFrameworkCore.Infrastructure.DatabaseFacade.EnsureCreated()&#xD;
[xUnit.net 00:00:27.32]         C:\rec\prg\repo\InventoryCtrl_2\test\Inventory.IntegrationTests\TestBase.cs(121,0): at Inventory.IntegrationTests.IntegrationTestBase..ctor(WebApplicationFactory`1 factory)&#xD;
[xUnit.net 00:00:27.32]         C:\rec\prg\repo\InventoryCtrl_2\test\Inventory.IntegrationTests\Controllers\AuthControllerIntegrationTests.cs(12,0): at Inventory.IntegrationTests.Controllers.AuthControllerIntegrationTestsNew..ctor(WebApplicationFactory`1 factory)&#xD;
[xUnit.net 00:00:27.32]            at InvokeStub_AuthControllerIntegrationTestsNew..ctor(Object, Span`1)&#xD;
[xUnit.net 00:00:27.32]            at System.Reflection.MethodBaseInvoker.InvokeWithOneArg(Object obj, BindingFlags invokeAttr, Binder binder, Object[] parameters, CultureInfo culture)&#xD;
[xUnit.net 00:00:27.32]         ----- Inner Stack Trace -----&#xD;
[xUnit.net 00:00:27.32]            at Npgsql.Internal.NpgsqlConnector.Connect(NpgsqlTimeout timeout)&#xD;
[14:36:42 INF] Program: JWT Configuration - Issuer: InventoryTest, Audience: InventoryTestUsers&#xD;
[14:36:42 WRN] Microsoft.AspNetCore.StaticFiles.StaticFileMiddleware: The WebRootPath was not found: C:\rec\prg\repo\InventoryCtrl_2\src\Inventory.API\wwwroot. Static files may be unavailable.&#xD;
[xUnit.net 00:00:27.34]       Npgsql.NpgsqlException : Failed to connect to 127.0.0.1:5433&#xD;
[xUnit.net 00:00:27.34]       ---- System.Net.Sockets.SocketException : Подключение не установлено, т.к. конечный компьютер отверг запрос на подключение.&#xD;
[xUnit.net 00:00:27.34]       Stack Trace:&#xD;
[xUnit.net 00:00:27.34]            at Npgsql.Internal.NpgsqlConnector.Connect(NpgsqlTimeout timeout)&#xD;
[xUnit.net 00:00:27.34]            at Npgsql.Internal.NpgsqlConnector.RawOpen(SslMode sslMode, NpgsqlTimeout timeout, Boolean async, CancellationToken cancellationToken, Boolean isFirstAttempt)&#xD;
[xUnit.net 00:00:27.34]            at Npgsql.Internal.NpgsqlConnector.&lt;Open&gt;g__OpenCore|213_1(NpgsqlConnector conn, SslMode sslMode, NpgsqlTimeout timeout, Boolean async, CancellationToken cancellationToken, Boolean isFirstAttempt)&#xD;
[xUnit.net 00:00:27.34]            at Npgsql.Internal.NpgsqlConnector.Open(NpgsqlTimeout timeout, Boolean async, CancellationToken cancellationToken)&#xD;
[xUnit.net 00:00:27.34]            at Npgsql.UnpooledDataSource.Get(NpgsqlConnection conn, NpgsqlTimeout timeout, Boolean async, CancellationToken cancellationToken)&#xD;
[xUnit.net 00:00:27.34]            at Npgsql.NpgsqlConnection.&lt;Open&gt;g__OpenAsync|42_0(Boolean async, CancellationToken cancellationToken)&#xD;
[xUnit.net 00:00:27.34]            at Npgsql.NpgsqlConnection.Open()&#xD;
[xUnit.net 00:00:27.34]            at Microsoft.EntityFrameworkCore.Storage.RelationalConnection.OpenDbConnection(Boolean errorsExpected)&#xD;
[xUnit.net 00:00:27.34]            at Microsoft.EntityFrameworkCore.Storage.RelationalConnection.OpenInternal(Boolean errorsExpected)&#xD;
[xUnit.net 00:00:27.34]            at Microsoft.EntityFrameworkCore.Storage.RelationalConnection.Open(Boolean errorsExpected)&#xD;
[xUnit.net 00:00:27.34]            at Npgsql.EntityFrameworkCore.PostgreSQL.Storage.Internal.NpgsqlDatabaseCreator.Exists(Boolean async, CancellationToken cancellationToken)&#xD;
[xUnit.net 00:00:27.34]            at Npgsql.EntityFrameworkCore.PostgreSQL.Storage.Internal.NpgsqlDatabaseCreator.Exists(Boolean async, CancellationToken cancellationToken)&#xD;
[xUnit.net 00:00:27.34]            at Npgsql.EntityFrameworkCore.PostgreSQL.Storage.Internal.NpgsqlDatabaseCreator.Exists()&#xD;
[xUnit.net 00:00:27.34]            at Microsoft.EntityFrameworkCore.Storage.RelationalDatabaseCreator.EnsureCreated()&#xD;
[xUnit.net 00:00:27.34]            at Microsoft.EntityFrameworkCore.Infrastructure.DatabaseFacade.EnsureCreated()&#xD;
[xUnit.net 00:00:27.34]         C:\rec\prg\repo\InventoryCtrl_2\test\Inventory.IntegrationTests\TestBase.cs(121,0): at Inventory.IntegrationTests.IntegrationTestBase..ctor(WebApplicationFactory`1 factory)&#xD;
[xUnit.net 00:00:27.34]         C:\rec\prg\repo\InventoryCtrl_2\test\Inventory.IntegrationTests\Controllers\DashboardControllerIntegrationTests.cs(13,0): at Inventory.IntegrationTests.Controllers.DashboardControllerIntegrationTestsNew..ctor(WebApplicationFactory`1 factory)&#xD;
[xUnit.net 00:00:27.34]            at InvokeStub_DashboardControllerIntegrationTestsNew..ctor(Object, Span`1)&#xD;
[xUnit.net 00:00:27.34]            at System.Reflection.MethodBaseInvoker.InvokeWithOneArg(Object obj, BindingFlags invokeAttr, Binder binder, Object[] parameters, CultureInfo culture)&#xD;
[xUnit.net 00:00:27.34]         ----- Inner Stack Trace -----&#xD;
[xUnit.net 00:00:27.34]            at Npgsql.Internal.NpgsqlConnector.Connect(NpgsqlTimeout timeout)&#xD;
[14:36:42 INF] Program: ?? Inventory Control API starting...&#xD;
[14:36:42 INF] Program: ?? API running on configured ports&#xD;
[xUnit.net 00:00:27.35]       Npgsql.NpgsqlException : Failed to connect to 127.0.0.1:5433&#xD;
[xUnit.net 00:00:27.35]       ---- System.Net.Sockets.SocketException : Подключение не установлено, т.к. конечный компьютер отверг запрос на подключение.&#xD;
[xUnit.net 00:00:27.35]       Stack Trace:&#xD;
[xUnit.net 00:00:27.35]            at Npgsql.Internal.NpgsqlConnector.Connect(NpgsqlTimeout timeout)&#xD;
[xUnit.net 00:00:27.35]            at Npgsql.Internal.NpgsqlConnector.RawOpen(SslMode sslMode, NpgsqlTimeout timeout, Boolean async, CancellationToken cancellationToken, Boolean isFirstAttempt)&#xD;
[xUnit.net 00:00:27.35]            at Npgsql.Internal.NpgsqlConnector.&lt;Open&gt;g__OpenCore|213_1(NpgsqlConnector conn, SslMode sslMode, NpgsqlTimeout timeout, Boolean async, CancellationToken cancellationToken, Boolean isFirstAttempt)&#xD;
[xUnit.net 00:00:27.35]            at Npgsql.Internal.NpgsqlConnector.Open(NpgsqlTimeout timeout, Boolean async, CancellationToken cancellationToken)&#xD;
[xUnit.net 00:00:27.35]            at Npgsql.UnpooledDataSource.Get(NpgsqlConnection conn, NpgsqlTimeout timeout, Boolean async, CancellationToken cancellationToken)&#xD;
[xUnit.net 00:00:27.35]            at Npgsql.NpgsqlConnection.&lt;Open&gt;g__OpenAsync|42_0(Boolean async, CancellationToken cancellationToken)&#xD;
[xUnit.net 00:00:27.35]            at Npgsql.NpgsqlConnection.Open()&#xD;
[xUnit.net 00:00:27.35]            at Microsoft.EntityFrameworkCore.Storage.RelationalConnection.OpenDbConnection(Boolean errorsExpected)&#xD;
[xUnit.net 00:00:27.35]            at Microsoft.EntityFrameworkCore.Storage.RelationalConnection.OpenInternal(Boolean errorsExpected)&#xD;
[xUnit.net 00:00:27.35]            at Microsoft.EntityFrameworkCore.Storage.RelationalConnection.Open(Boolean errorsExpected)&#xD;
[xUnit.net 00:00:27.35]            at Npgsql.EntityFrameworkCore.PostgreSQL.Storage.Internal.NpgsqlDatabaseCreator.Exists(Boolean async, CancellationToken cancellationToken)&#xD;
[xUnit.net 00:00:27.35]            at Npgsql.EntityFrameworkCore.PostgreSQL.Storage.Internal.NpgsqlDatabaseCreator.Exists(Boolean async, CancellationToken cancellationToken)&#xD;
[xUnit.net 00:00:27.35]            at Npgsql.EntityFrameworkCore.PostgreSQL.Storage.Internal.NpgsqlDatabaseCreator.Exists()&#xD;
[xUnit.net 00:00:27.35]            at Microsoft.EntityFrameworkCore.Storage.RelationalDatabaseCreator.EnsureCreated()&#xD;
[xUnit.net 00:00:27.35]            at Microsoft.EntityFrameworkCore.Infrastructure.DatabaseFacade.EnsureCreated()&#xD;
[xUnit.net 00:00:27.35]         C:\rec\prg\repo\InventoryCtrl_2\test\Inventory.IntegrationTests\TestBase.cs(121,0): at Inventory.IntegrationTests.IntegrationTestBase..ctor(WebApplicationFactory`1 factory)&#xD;
[xUnit.net 00:00:27.35]         C:\rec\prg\repo\InventoryCtrl_2\test\Inventory.IntegrationTests\Controllers\CategoryControllerIntegrationTests.cs(13,0): at Inventory.IntegrationTests.Controllers.CategoryControllerIntegrationTestsNew..ctor(WebApplicationFactory`1 factory)&#xD;
[xUnit.net 00:00:27.35]            at InvokeStub_CategoryControllerIntegrationTestsNew..ctor(Object, Span`1)&#xD;
[xUnit.net 00:00:27.35]            at System.Reflection.MethodBaseInvoker.InvokeWithOneArg(Object obj, BindingFlags invokeAttr, Binder binder, Object[] parameters, CultureInfo culture)&#xD;
[xUnit.net 00:00:27.35]         ----- Inner Stack Trace -----&#xD;
[xUnit.net 00:00:27.35]            at Npgsql.Internal.NpgsqlConnector.Connect(NpgsqlTimeout timeout)&#xD;
[xUnit.net 00:00:27.35]       Npgsql.NpgsqlException : Failed to connect to 127.0.0.1:5433&#xD;
[xUnit.net 00:00:27.35]       ---- System.Net.Sockets.SocketException : Подключение не установлено, т.к. конечный компьютер отверг запрос на подключение.&#xD;
[xUnit.net 00:00:27.35]       Stack Trace:&#xD;
[xUnit.net 00:00:27.35]            at Npgsql.Internal.NpgsqlConnector.Connect(NpgsqlTimeout timeout)&#xD;
[xUnit.net 00:00:27.35]            at Npgsql.Internal.NpgsqlConnector.RawOpen(SslMode sslMode, NpgsqlTimeout timeout, Boolean async, CancellationToken cancellationToken, Boolean isFirstAttempt)&#xD;
[xUnit.net 00:00:27.35]            at Npgsql.Internal.NpgsqlConnector.&lt;Open&gt;g__OpenCore|213_1(NpgsqlConnector conn, SslMode sslMode, NpgsqlTimeout timeout, Boolean async, CancellationToken cancellationToken, Boolean isFirstAttempt)&#xD;
[xUnit.net 00:00:27.35]            at Npgsql.Internal.NpgsqlConnector.Open(NpgsqlTimeout timeout, Boolean async, CancellationToken cancellationToken)&#xD;
[xUnit.net 00:00:27.35]            at Npgsql.UnpooledDataSource.Get(NpgsqlConnection conn, NpgsqlTimeout timeout, Boolean async, CancellationToken cancellationToken)&#xD;
[xUnit.net 00:00:27.35]            at Npgsql.NpgsqlConnection.&lt;Open&gt;g__OpenAsync|42_0(Boolean async, CancellationToken cancellationToken)&#xD;
[xUnit.net 00:00:27.35]            at Npgsql.NpgsqlConnection.Open()&#xD;
[xUnit.net 00:00:27.35]            at Microsoft.EntityFrameworkCore.Storage.RelationalConnection.OpenDbConnection(Boolean errorsExpected)&#xD;
[xUnit.net 00:00:27.35]            at Microsoft.EntityFrameworkCore.Storage.RelationalConnection.OpenInternal(Boolean errorsExpected)&#xD;
[xUnit.net 00:00:27.35]            at Microsoft.EntityFrameworkCore.Storage.RelationalConnection.Open(Boolean errorsExpected)&#xD;
[xUnit.net 00:00:27.35]            at Npgsql.EntityFrameworkCore.PostgreSQL.Storage.Internal.NpgsqlDatabaseCreator.Exists(Boolean async, CancellationToken cancellationToken)&#xD;
[xUnit.net 00:00:27.36]            at Npgsql.EntityFrameworkCore.PostgreSQL.Storage.Internal.NpgsqlDatabaseCreator.Exists(Boolean async, CancellationToken cancellationToken)&#xD;
[xUnit.net 00:00:27.36]            at Npgsql.EntityFrameworkCore.PostgreSQL.Storage.Internal.NpgsqlDatabaseCreator.Exists()&#xD;
[xUnit.net 00:00:27.36]            at Microsoft.EntityFrameworkCore.Storage.RelationalDatabaseCreator.EnsureCreated()&#xD;
[xUnit.net 00:00:27.36]            at Microsoft.EntityFrameworkCore.Infrastructure.DatabaseFacade.EnsureCreated()&#xD;
[xUnit.net 00:00:27.36]         C:\rec\prg\repo\InventoryCtrl_2\test\Inventory.IntegrationTests\TestBase.cs(121,0): at Inventory.IntegrationTests.IntegrationTestBase..ctor(WebApplicationFactory`1 factory)&#xD;
[xUnit.net 00:00:27.36]         C:\rec\prg\repo\InventoryCtrl_2\test\Inventory.IntegrationTests\Controllers\WarehouseControllerIntegrationTests.cs(14,0): at Inventory.IntegrationTests.Controllers.WarehouseControllerIntegrationTests..ctor(WebApplicationFactory`1 factory)&#xD;
[xUnit.net 00:00:27.36]            at InvokeStub_WarehouseControllerIntegrationTests..ctor(Object, Span`1)&#xD;
[xUnit.net 00:00:27.36]            at System.Reflection.MethodBaseInvoker.InvokeWithOneArg(Object obj, BindingFlags invokeAttr, Binder binder, Object[] parameters, CultureInfo culture)&#xD;
[xUnit.net 00:00:27.36]         ----- Inner Stack Trace -----&#xD;
[xUnit.net 00:00:27.36]            at Npgsql.Internal.NpgsqlConnector.Connect(NpgsqlTimeout timeout)&#xD;
[14:36:42 INF] Program: JWT Configuration - Issuer: InventoryTest, Audience: InventoryTestUsers&#xD;
[14:36:42 INF] Program: JWT Configuration - Issuer: InventoryTest, Audience: InventoryTestUsers&#xD;
[14:36:42 WRN] Microsoft.AspNetCore.StaticFiles.StaticFileMiddleware: The WebRootPath was not found: C:\rec\prg\repo\InventoryCtrl_2\src\Inventory.API\wwwroot. Static files may be unavailable.&#xD;
[14:36:42 WRN] Microsoft.AspNetCore.StaticFiles.StaticFileMiddleware: The WebRootPath was not found: C:\rec\prg\repo\InventoryCtrl_2\src\Inventory.API\wwwroot. Static files may be unavailable.&#xD;
[14:36:42 WRN] Microsoft.AspNetCore.StaticFiles.StaticFileMiddleware: The WebRootPath was not found: C:\rec\prg\repo\InventoryCtrl_2\src\Inventory.API\wwwroot. Static files may be unavailable.&#xD;
[14:36:42 WRN] Microsoft.AspNetCore.StaticFiles.StaticFileMiddleware: The WebRootPath was not found: C:\rec\prg\repo\InventoryCtrl_2\src\Inventory.API\wwwroot. Static files may be unavailable.&#xD;
[14:36:42 INF] Program: ?? Inventory Control API starting...&#xD;
[14:36:42 INF] Program: ?? Inventory Control API starting...&#xD;
[14:36:42 INF] Program: ?? API running on configured ports&#xD;
[14:36:42 INF] Program: ?? API running on configured ports&#xD;
[14:36:42 WRN] Microsoft.AspNetCore.StaticFiles.StaticFileMiddleware: The WebRootPath was not found: C:\rec\prg\repo\InventoryCtrl_2\src\Inventory.API\wwwroot. Static files may be unavailable.&#xD;
[14:36:42 WRN] Microsoft.AspNetCore.StaticFiles.StaticFileMiddleware: The WebRootPath was not found: C:\rec\prg\repo\InventoryCtrl_2\src\Inventory.API\wwwroot. Static files may be unavailable.&#xD;
[xUnit.net 00:00:31.39]       Npgsql.NpgsqlException : Failed to connect to 127.0.0.1:5433&#xD;
[xUnit.net 00:00:31.39]       ---- System.Net.Sockets.SocketException : Подключение не установлено, т.к. конечный компьютер отверг запрос на подключение.&#xD;
[xUnit.net 00:00:31.39]       Stack Trace:&#xD;
[xUnit.net 00:00:31.39]            at Npgsql.Internal.NpgsqlConnector.Connect(NpgsqlTimeout timeout)&#xD;
[xUnit.net 00:00:31.39]            at Npgsql.Internal.NpgsqlConnector.RawOpen(SslMode sslMode, NpgsqlTimeout timeout, Boolean async, CancellationToken cancellationToken, Boolean isFirstAttempt)&#xD;
[xUnit.net 00:00:31.39]            at Npgsql.Internal.NpgsqlConnector.&lt;Open&gt;g__OpenCore|213_1(NpgsqlConnector conn, SslMode sslMode, NpgsqlTimeout timeout, Boolean async, CancellationToken cancellationToken, Boolean isFirstAttempt)&#xD;
[xUnit.net 00:00:31.39]            at Npgsql.Internal.NpgsqlConnector.Open(NpgsqlTimeout timeout, Boolean async, CancellationToken cancellationToken)&#xD;
[xUnit.net 00:00:31.39]            at Npgsql.UnpooledDataSource.Get(NpgsqlConnection conn, NpgsqlTimeout timeout, Boolean async, CancellationToken cancellationToken)&#xD;
[xUnit.net 00:00:31.39]            at Npgsql.NpgsqlConnection.&lt;Open&gt;g__OpenAsync|42_0(Boolean async, CancellationToken cancellationToken)&#xD;
[xUnit.net 00:00:31.39]            at Npgsql.NpgsqlConnection.Open()&#xD;
[xUnit.net 00:00:31.39]            at Microsoft.EntityFrameworkCore.Storage.RelationalConnection.OpenDbConnection(Boolean errorsExpected)&#xD;
[xUnit.net 00:00:31.39]            at Microsoft.EntityFrameworkCore.Storage.RelationalConnection.OpenInternal(Boolean errorsExpected)&#xD;
[xUnit.net 00:00:31.39]            at Microsoft.EntityFrameworkCore.Storage.RelationalConnection.Open(Boolean errorsExpected)&#xD;
[xUnit.net 00:00:31.39]            at Npgsql.EntityFrameworkCore.PostgreSQL.Storage.Internal.NpgsqlDatabaseCreator.Exists(Boolean async, CancellationToken cancellationToken)&#xD;
[xUnit.net 00:00:31.39]            at Npgsql.EntityFrameworkCore.PostgreSQL.Storage.Internal.NpgsqlDatabaseCreator.Exists(Boolean async, CancellationToken cancellationToken)&#xD;
[xUnit.net 00:00:31.39]            at Npgsql.EntityFrameworkCore.PostgreSQL.Storage.Internal.NpgsqlDatabaseCreator.Exists()&#xD;
[xUnit.net 00:00:31.39]            at Microsoft.EntityFrameworkCore.Storage.RelationalDatabaseCreator.EnsureCreated()&#xD;
[xUnit.net 00:00:31.39]            at Microsoft.EntityFrameworkCore.Infrastructure.DatabaseFacade.EnsureCreated()&#xD;
[xUnit.net 00:00:31.39]         C:\rec\prg\repo\InventoryCtrl_2\test\Inventory.IntegrationTests\TestBase.cs(121,0): at Inventory.IntegrationTests.IntegrationTestBase..ctor(WebApplicationFactory`1 factory)&#xD;
[xUnit.net 00:00:31.39]         C:\rec\prg\repo\InventoryCtrl_2\test\Inventory.IntegrationTests\Controllers\ManufacturerControllerIntegrationTests.cs(13,0): at Inventory.IntegrationTests.Controllers.ManufacturerControllerIntegrationTests..ctor(WebApplicationFactory`1 factory)&#xD;
[xUnit.net 00:00:31.39]            at InvokeStub_ManufacturerControllerIntegrationTests..ctor(Object, Span`1)&#xD;
[xUnit.net 00:00:31.39]            at System.Reflection.MethodBaseInvoker.InvokeWithOneArg(Object obj, BindingFlags invokeAttr, Binder binder, Object[] parameters, CultureInfo culture)&#xD;
[xUnit.net 00:00:31.39]         ----- Inner Stack Trace -----&#xD;
[xUnit.net 00:00:31.39]            at Npgsql.Internal.NpgsqlConnector.Connect(NpgsqlTimeout timeout)&#xD;
[14:36:46 INF] Program: JWT Configuration - Issuer: InventoryTest, Audience: InventoryTestUsers&#xD;
[14:36:46 WRN] Microsoft.AspNetCore.StaticFiles.StaticFileMiddleware: The WebRootPath was not found: C:\rec\prg\repo\InventoryCtrl_2\src\Inventory.API\wwwroot. Static files may be unavailable.&#xD;
[14:36:46 WRN] Microsoft.AspNetCore.StaticFiles.StaticFileMiddleware: The WebRootPath was not found: C:\rec\prg\repo\InventoryCtrl_2\src\Inventory.API\wwwroot. Static files may be unavailable.&#xD;
[14:36:46 INF] Program: ?? Inventory Control API starting...&#xD;
[14:36:46 INF] Program: ?? API running on configured ports&#xD;
[14:36:46 WRN] Microsoft.AspNetCore.StaticFiles.StaticFileMiddleware: The WebRootPath was not found: C:\rec\prg\repo\InventoryCtrl_2\src\Inventory.API\wwwroot. Static files may be unavailable.&#xD;
[xUnit.net 00:00:31.45]       Npgsql.NpgsqlException : Failed to connect to 127.0.0.1:5433&#xD;
[xUnit.net 00:00:31.45]       ---- System.Net.Sockets.SocketException : Подключение не установлено, т.к. конечный компьютер отверг запрос на подключение.&#xD;
[xUnit.net 00:00:31.45]       Stack Trace:&#xD;
[xUnit.net 00:00:31.45]            at Npgsql.Internal.NpgsqlConnector.Connect(NpgsqlTimeout timeout)&#xD;
[xUnit.net 00:00:31.45]            at Npgsql.Internal.NpgsqlConnector.RawOpen(SslMode sslMode, NpgsqlTimeout timeout, Boolean async, CancellationToken cancellationToken, Boolean isFirstAttempt)&#xD;
[xUnit.net 00:00:31.45]            at Npgsql.Internal.NpgsqlConnector.&lt;Open&gt;g__OpenCore|213_1(NpgsqlConnector conn, SslMode sslMode, NpgsqlTimeout timeout, Boolean async, CancellationToken cancellationToken, Boolean isFirstAttempt)&#xD;
[xUnit.net 00:00:31.45]            at Npgsql.Internal.NpgsqlConnector.Open(NpgsqlTimeout timeout, Boolean async, CancellationToken cancellationToken)&#xD;
[xUnit.net 00:00:31.45]            at Npgsql.UnpooledDataSource.Get(NpgsqlConnection conn, NpgsqlTimeout timeout, Boolean async, CancellationToken cancellationToken)&#xD;
[xUnit.net 00:00:31.45]            at Npgsql.NpgsqlConnection.&lt;Open&gt;g__OpenAsync|42_0(Boolean async, CancellationToken cancellationToken)&#xD;
[xUnit.net 00:00:31.45]            at Npgsql.NpgsqlConnection.Open()&#xD;
[xUnit.net 00:00:31.45]            at Microsoft.EntityFrameworkCore.Storage.RelationalConnection.OpenDbConnection(Boolean errorsExpected)&#xD;
[xUnit.net 00:00:31.45]            at Microsoft.EntityFrameworkCore.Storage.RelationalConnection.OpenInternal(Boolean errorsExpected)&#xD;
[xUnit.net 00:00:31.45]            at Microsoft.EntityFrameworkCore.Storage.RelationalConnection.Open(Boolean errorsExpected)&#xD;
[xUnit.net 00:00:31.45]            at Npgsql.EntityFrameworkCore.PostgreSQL.Storage.Internal.NpgsqlDatabaseCreator.Exists(Boolean async, CancellationToken cancellationToken)&#xD;
[xUnit.net 00:00:31.45]            at Npgsql.EntityFrameworkCore.PostgreSQL.Storage.Internal.NpgsqlDatabaseCreator.Exists(Boolean async, CancellationToken cancellationToken)&#xD;
[xUnit.net 00:00:31.45]            at Npgsql.EntityFrameworkCore.PostgreSQL.Storage.Internal.NpgsqlDatabaseCreator.Exists()&#xD;
[xUnit.net 00:00:31.45]            at Microsoft.EntityFrameworkCore.Storage.RelationalDatabaseCreator.EnsureCreated()&#xD;
[xUnit.net 00:00:31.45]            at Microsoft.EntityFrameworkCore.Infrastructure.DatabaseFacade.EnsureCreated()&#xD;
[xUnit.net 00:00:31.45]         C:\rec\prg\repo\InventoryCtrl_2\test\Inventory.IntegrationTests\TestBase.cs(121,0): at Inventory.IntegrationTests.IntegrationTestBase..ctor(WebApplicationFactory`1 factory)&#xD;
[xUnit.net 00:00:31.45]         C:\rec\prg\repo\InventoryCtrl_2\test\Inventory.IntegrationTests\Controllers\WarehouseControllerIntegrationTests.cs(14,0): at Inventory.IntegrationTests.Controllers.WarehouseControllerIntegrationTests..ctor(WebApplicationFactory`1 factory)&#xD;
[xUnit.net 00:00:31.45]            at InvokeStub_WarehouseControllerIntegrationTests..ctor(Object, Span`1)&#xD;
[xUnit.net 00:00:31.45]            at System.Reflection.MethodBaseInvoker.InvokeWithOneArg(Object obj, BindingFlags invokeAttr, Binder binder, Object[] parameters, CultureInfo culture)&#xD;
[xUnit.net 00:00:31.45]         ----- Inner Stack Trace -----&#xD;
[xUnit.net 00:00:31.45]            at Npgsql.Internal.NpgsqlConnector.Connect(NpgsqlTimeout timeout)&#xD;
[xUnit.net 00:00:31.45]       Npgsql.NpgsqlException : Failed to connect to 127.0.0.1:5433&#xD;
[xUnit.net 00:00:31.45]       ---- System.Net.Sockets.SocketException : Подключение не установлено, т.к. конечный компьютер отверг запрос на подключение.&#xD;
[xUnit.net 00:00:31.45]       Stack Trace:&#xD;
[xUnit.net 00:00:31.45]            at Npgsql.Internal.NpgsqlConnector.Connect(NpgsqlTimeout timeout)&#xD;
[xUnit.net 00:00:31.45]            at Npgsql.Internal.NpgsqlConnector.RawOpen(SslMode sslMode, NpgsqlTimeout timeout, Boolean async, CancellationToken cancellationToken, Boolean isFirstAttempt)&#xD;
[xUnit.net 00:00:31.45]            at Npgsql.Internal.NpgsqlConnector.&lt;Open&gt;g__OpenCore|213_1(NpgsqlConnector conn, SslMode sslMode, NpgsqlTimeout timeout, Boolean async, CancellationToken cancellationToken, Boolean isFirstAttempt)&#xD;
[xUnit.net 00:00:31.45]            at Npgsql.Internal.NpgsqlConnector.Open(NpgsqlTimeout timeout, Boolean async, CancellationToken cancellationToken)&#xD;
[xUnit.net 00:00:31.45]            at Npgsql.UnpooledDataSource.Get(NpgsqlConnection conn, NpgsqlTimeout timeout, Boolean async, CancellationToken cancellationToken)&#xD;
[xUnit.net 00:00:31.45]            at Npgsql.NpgsqlConnection.&lt;Open&gt;g__OpenAsync|42_0(Boolean async, CancellationToken cancellationToken)&#xD;
[xUnit.net 00:00:31.45]            at Npgsql.NpgsqlConnection.Open()&#xD;
[xUnit.net 00:00:31.45]            at Microsoft.EntityFrameworkCore.Storage.RelationalConnection.OpenDbConnection(Boolean errorsExpected)&#xD;
[xUnit.net 00:00:31.45]            at Microsoft.EntityFrameworkCore.Storage.RelationalConnection.OpenInternal(Boolean errorsExpected)&#xD;
[xUnit.net 00:00:31.45]            at Microsoft.EntityFrameworkCore.Storage.RelationalConnection.Open(Boolean errorsExpected)&#xD;
[xUnit.net 00:00:31.45]            at Npgsql.EntityFrameworkCore.PostgreSQL.Storage.Internal.NpgsqlDatabaseCreator.Exists(Boolean async, CancellationToken cancellationToken)&#xD;
[xUnit.net 00:00:31.45]            at Npgsql.EntityFrameworkCore.PostgreSQL.Storage.Internal.NpgsqlDatabaseCreator.Exists(Boolean async, CancellationToken cancellationToken)&#xD;
[xUnit.net 00:00:31.45]            at Npgsql.EntityFrameworkCore.PostgreSQL.Storage.Internal.NpgsqlDatabaseCreator.Exists()&#xD;
[xUnit.net 00:00:31.45]            at Microsoft.EntityFrameworkCore.Storage.RelationalDatabaseCreator.EnsureCreated()&#xD;
[xUnit.net 00:00:31.45]            at Microsoft.EntityFrameworkCore.Infrastructure.DatabaseFacade.EnsureCreated()&#xD;
[xUnit.net 00:00:31.45]         C:\rec\prg\repo\InventoryCtrl_2\test\Inventory.IntegrationTests\TestBase.cs(121,0): at Inventory.IntegrationTests.IntegrationTestBase..ctor(WebApplicationFactory`1 factory)&#xD;
[xUnit.net 00:00:31.45]         C:\rec\prg\repo\InventoryCtrl_2\test\Inventory.IntegrationTests\Controllers\CategoryControllerIntegrationTests.cs(13,0): at Inventory.IntegrationTests.Controllers.CategoryControllerIntegrationTestsNew..ctor(WebApplicationFactory`1 factory)&#xD;
[xUnit.net 00:00:31.45]            at InvokeStub_CategoryControllerIntegrationTestsNew..ctor(Object, Span`1)&#xD;
[xUnit.net 00:00:31.45]            at System.Reflection.MethodBaseInvoker.InvokeWithOneArg(Object obj, BindingFlags invokeAttr, Binder binder, Object[] parameters, CultureInfo culture)&#xD;
[xUnit.net 00:00:31.45]         ----- Inner Stack Trace -----&#xD;
[xUnit.net 00:00:31.45]            at Npgsql.Internal.NpgsqlConnector.Connect(NpgsqlTimeout timeout)&#xD;
[14:36:46 INF] Program: JWT Configuration - Issuer: InventoryTest, Audience: InventoryTestUsers&#xD;
[14:36:46 INF] Program: JWT Configuration - Issuer: InventoryTest, Audience: InventoryTestUsers&#xD;
[14:36:46 WRN] Microsoft.AspNetCore.StaticFiles.StaticFileMiddleware: The WebRootPath was not found: C:\rec\prg\repo\InventoryCtrl_2\src\Inventory.API\wwwroot. Static files may be unavailable.&#xD;
[14:36:46 WRN] Microsoft.AspNetCore.StaticFiles.StaticFileMiddleware: The WebRootPath was not found: C:\rec\prg\repo\InventoryCtrl_2\src\Inventory.API\wwwroot. Static files may be unavailable.&#xD;
[14:36:46 WRN] Microsoft.AspNetCore.StaticFiles.StaticFileMiddleware: The WebRootPath was not found: C:\rec\prg\repo\InventoryCtrl_2\src\Inventory.API\wwwroot. Static files may be unavailable.&#xD;
[14:36:46 INF] Program: ?? Inventory Control API starting...&#xD;
[14:36:46 INF] Program: ?? API running on configured ports&#xD;
[14:36:46 WRN] Microsoft.AspNetCore.StaticFiles.StaticFileMiddleware: The WebRootPath was not found: C:\rec\prg\repo\InventoryCtrl_2\src\Inventory.API\wwwroot. Static files may be unavailable.&#xD;
[14:36:46 INF] Program: ?? Inventory Control API starting...&#xD;
[14:36:46 INF] Program: ?? API running on configured ports&#xD;
[14:36:46 WRN] Microsoft.AspNetCore.StaticFiles.StaticFileMiddleware: The WebRootPath was not found: C:\rec\prg\repo\InventoryCtrl_2\src\Inventory.API\wwwroot. Static files may be unavailable.&#xD;
[14:36:46 WRN] Microsoft.AspNetCore.StaticFiles.StaticFileMiddleware: The WebRootPath was not found: C:\rec\prg\repo\InventoryCtrl_2\src\Inventory.API\wwwroot. Static files may be unavailable.&#xD;
[xUnit.net 00:00:35.49]       Npgsql.NpgsqlException : Failed to connect to 127.0.0.1:5433&#xD;
[xUnit.net 00:00:35.49]       ---- System.Net.Sockets.SocketException : Подключение не установлено, т.к. конечный компьютер отверг запрос на подключение.&#xD;
[xUnit.net 00:00:35.49]       Stack Trace:&#xD;
[xUnit.net 00:00:35.49]            at Npgsql.Internal.NpgsqlConnector.Connect(NpgsqlTimeout timeout)&#xD;
[xUnit.net 00:00:35.49]            at Npgsql.Internal.NpgsqlConnector.RawOpen(SslMode sslMode, NpgsqlTimeout timeout, Boolean async, CancellationToken cancellationToken, Boolean isFirstAttempt)&#xD;
[xUnit.net 00:00:35.49]            at Npgsql.Internal.NpgsqlConnector.&lt;Open&gt;g__OpenCore|213_1(NpgsqlConnector conn, SslMode sslMode, NpgsqlTimeout timeout, Boolean async, CancellationToken cancellationToken, Boolean isFirstAttempt)&#xD;
[xUnit.net 00:00:35.49]            at Npgsql.Internal.NpgsqlConnector.Open(NpgsqlTimeout timeout, Boolean async, CancellationToken cancellationToken)&#xD;
[xUnit.net 00:00:35.49]            at Npgsql.UnpooledDataSource.Get(NpgsqlConnection conn, NpgsqlTimeout timeout, Boolean async, CancellationToken cancellationToken)&#xD;
[xUnit.net 00:00:35.49]            at Npgsql.NpgsqlConnection.&lt;Open&gt;g__OpenAsync|42_0(Boolean async, CancellationToken cancellationToken)&#xD;
[xUnit.net 00:00:35.49]            at Npgsql.NpgsqlConnection.Open()&#xD;
[xUnit.net 00:00:35.49]            at Microsoft.EntityFrameworkCore.Storage.RelationalConnection.OpenDbConnection(Boolean errorsExpected)&#xD;
[xUnit.net 00:00:35.49]            at Microsoft.EntityFrameworkCore.Storage.RelationalConnection.OpenInternal(Boolean errorsExpected)&#xD;
[xUnit.net 00:00:35.49]            at Microsoft.EntityFrameworkCore.Storage.RelationalConnection.Open(Boolean errorsExpected)&#xD;
[xUnit.net 00:00:35.49]            at Npgsql.EntityFrameworkCore.PostgreSQL.Storage.Internal.NpgsqlDatabaseCreator.Exists(Boolean async, CancellationToken cancellationToken)&#xD;
[xUnit.net 00:00:35.49]            at Npgsql.EntityFrameworkCore.PostgreSQL.Storage.Internal.NpgsqlDatabaseCreator.Exists(Boolean async, CancellationToken cancellationToken)&#xD;
[xUnit.net 00:00:35.49]            at Npgsql.EntityFrameworkCore.PostgreSQL.Storage.Internal.NpgsqlDatabaseCreator.Exists()&#xD;
[xUnit.net 00:00:35.49]            at Microsoft.EntityFrameworkCore.Storage.RelationalDatabaseCreator.EnsureCreated()&#xD;
[xUnit.net 00:00:35.49]            at Microsoft.EntityFrameworkCore.Infrastructure.DatabaseFacade.EnsureCreated()&#xD;
[xUnit.net 00:00:35.49]         C:\rec\prg\repo\InventoryCtrl_2\test\Inventory.IntegrationTests\TestBase.cs(121,0): at Inventory.IntegrationTests.IntegrationTestBase..ctor(WebApplicationFactory`1 factory)&#xD;
[xUnit.net 00:00:35.49]         C:\rec\prg\repo\InventoryCtrl_2\test\Inventory.IntegrationTests\Controllers\ManufacturerControllerIntegrationTests.cs(13,0): at Inventory.IntegrationTests.Controllers.ManufacturerControllerIntegrationTests..ctor(WebApplicationFactory`1 factory)&#xD;
[xUnit.net 00:00:35.49]            at InvokeStub_ManufacturerControllerIntegrationTests..ctor(Object, Span`1)&#xD;
[xUnit.net 00:00:35.49]            at System.Reflection.MethodBaseInvoker.InvokeWithOneArg(Object obj, BindingFlags invokeAttr, Binder binder, Object[] parameters, CultureInfo culture)&#xD;
[xUnit.net 00:00:35.49]         ----- Inner Stack Trace -----&#xD;
[xUnit.net 00:00:35.49]            at Npgsql.Internal.NpgsqlConnector.Connect(NpgsqlTimeout timeout)&#xD;
[14:36:50 INF] Program: JWT Configuration - Issuer: InventoryTest, Audience: InventoryTestUsers&#xD;
[14:36:50 WRN] Microsoft.AspNetCore.StaticFiles.StaticFileMiddleware: The WebRootPath was not found: C:\rec\prg\repo\InventoryCtrl_2\src\Inventory.API\wwwroot. Static files may be unavailable.&#xD;
[14:36:50 WRN] Microsoft.AspNetCore.StaticFiles.StaticFileMiddleware: The WebRootPath was not found: C:\rec\prg\repo\InventoryCtrl_2\src\Inventory.API\wwwroot. Static files may be unavailable.&#xD;
[14:36:50 INF] Program: ?? Inventory Control API starting...&#xD;
[14:36:50 INF] Program: ?? API running on configured ports&#xD;
[14:36:50 WRN] Microsoft.AspNetCore.StaticFiles.StaticFileMiddleware: The WebRootPath was not found: C:\rec\prg\repo\InventoryCtrl_2\src\Inventory.API\wwwroot. Static files may be unavailable.&#xD;
[xUnit.net 00:00:35.54]       Npgsql.NpgsqlException : Failed to connect to 127.0.0.1:5433&#xD;
[xUnit.net 00:00:35.54]       ---- System.Net.Sockets.SocketException : Подключение не установлено, т.к. конечный компьютер отверг запрос на подключение.&#xD;
[xUnit.net 00:00:35.54]       Stack Trace:&#xD;
[xUnit.net 00:00:35.54]            at Npgsql.Internal.NpgsqlConnector.Connect(NpgsqlTimeout timeout)&#xD;
[xUnit.net 00:00:35.54]            at Npgsql.Internal.NpgsqlConnector.RawOpen(SslMode sslMode, NpgsqlTimeout timeout, Boolean async, CancellationToken cancellationToken, Boolean isFirstAttempt)&#xD;
[xUnit.net 00:00:35.54]            at Npgsql.Internal.NpgsqlConnector.&lt;Open&gt;g__OpenCore|213_1(NpgsqlConnector conn, SslMode sslMode, NpgsqlTimeout timeout, Boolean async, CancellationToken cancellationToken, Boolean isFirstAttempt)&#xD;
[xUnit.net 00:00:35.54]            at Npgsql.Internal.NpgsqlConnector.Open(NpgsqlTimeout timeout, Boolean async, CancellationToken cancellationToken)&#xD;
[xUnit.net 00:00:35.54]            at Npgsql.UnpooledDataSource.Get(NpgsqlConnection conn, NpgsqlTimeout timeout, Boolean async, CancellationToken cancellationToken)&#xD;
[xUnit.net 00:00:35.54]            at Npgsql.NpgsqlConnection.&lt;Open&gt;g__OpenAsync|42_0(Boolean async, CancellationToken cancellationToken)&#xD;
[xUnit.net 00:00:35.54]            at Npgsql.NpgsqlConnection.Open()&#xD;
[xUnit.net 00:00:35.54]            at Microsoft.EntityFrameworkCore.Storage.RelationalConnection.OpenDbConnection(Boolean errorsExpected)&#xD;
[xUnit.net 00:00:35.54]            at Microsoft.EntityFrameworkCore.Storage.RelationalConnection.OpenInternal(Boolean errorsExpected)&#xD;
[xUnit.net 00:00:35.54]            at Microsoft.EntityFrameworkCore.Storage.RelationalConnection.Open(Boolean errorsExpected)&#xD;
[xUnit.net 00:00:35.54]            at Npgsql.EntityFrameworkCore.PostgreSQL.Storage.Internal.NpgsqlDatabaseCreator.Exists(Boolean async, CancellationToken cancellationToken)&#xD;
[xUnit.net 00:00:35.54]            at Npgsql.EntityFrameworkCore.PostgreSQL.Storage.Internal.NpgsqlDatabaseCreator.Exists(Boolean async, CancellationToken cancellationToken)&#xD;
[xUnit.net 00:00:35.54]            at Npgsql.EntityFrameworkCore.PostgreSQL.Storage.Internal.NpgsqlDatabaseCreator.Exists()&#xD;
[xUnit.net 00:00:35.54]            at Microsoft.EntityFrameworkCore.Storage.RelationalDatabaseCreator.EnsureCreated()&#xD;
[xUnit.net 00:00:35.54]            at Microsoft.EntityFrameworkCore.Infrastructure.DatabaseFacade.EnsureCreated()&#xD;
[xUnit.net 00:00:35.54]         C:\rec\prg\repo\InventoryCtrl_2\test\Inventory.IntegrationTests\TestBase.cs(121,0): at Inventory.IntegrationTests.IntegrationTestBase..ctor(WebApplicationFactory`1 factory)&#xD;
[xUnit.net 00:00:35.54]         C:\rec\prg\repo\InventoryCtrl_2\test\Inventory.IntegrationTests\Controllers\WarehouseControllerIntegrationTests.cs(14,0): at Inventory.IntegrationTests.Controllers.WarehouseControllerIntegrationTests..ctor(WebApplicationFactory`1 factory)&#xD;
[xUnit.net 00:00:35.54]            at InvokeStub_WarehouseControllerIntegrationTests..ctor(Object, Span`1)&#xD;
[xUnit.net 00:00:35.54]            at System.Reflection.MethodBaseInvoker.InvokeWithOneArg(Object obj, BindingFlags invokeAttr, Binder binder, Object[] parameters, CultureInfo culture)&#xD;
[xUnit.net 00:00:35.54]         ----- Inner Stack Trace -----&#xD;
[xUnit.net 00:00:35.54]            at Npgsql.Internal.NpgsqlConnector.Connect(NpgsqlTimeout timeout)&#xD;
[xUnit.net 00:00:35.54]       Npgsql.NpgsqlException : Failed to connect to 127.0.0.1:5433&#xD;
[xUnit.net 00:00:35.54]       ---- System.Net.Sockets.SocketException : Подключение не установлено, т.к. конечный компьютер отверг запрос на подключение.&#xD;
[xUnit.net 00:00:35.54]       Stack Trace:&#xD;
[xUnit.net 00:00:35.54]            at Npgsql.Internal.NpgsqlConnector.Connect(NpgsqlTimeout timeout)&#xD;
[xUnit.net 00:00:35.54]            at Npgsql.Internal.NpgsqlConnector.RawOpen(SslMode sslMode, NpgsqlTimeout timeout, Boolean async, CancellationToken cancellationToken, Boolean isFirstAttempt)&#xD;
[xUnit.net 00:00:35.54]            at Npgsql.Internal.NpgsqlConnector.&lt;Open&gt;g__OpenCore|213_1(NpgsqlConnector conn, SslMode sslMode, NpgsqlTimeout timeout, Boolean async, CancellationToken cancellationToken, Boolean isFirstAttempt)&#xD;
[xUnit.net 00:00:35.54]            at Npgsql.Internal.NpgsqlConnector.Open(NpgsqlTimeout timeout, Boolean async, CancellationToken cancellationToken)&#xD;
[xUnit.net 00:00:35.54]            at Npgsql.UnpooledDataSource.Get(NpgsqlConnection conn, NpgsqlTimeout timeout, Boolean async, CancellationToken cancellationToken)&#xD;
[xUnit.net 00:00:35.54]            at Npgsql.NpgsqlConnection.&lt;Open&gt;g__OpenAsync|42_0(Boolean async, CancellationToken cancellationToken)&#xD;
[xUnit.net 00:00:35.54]            at Npgsql.NpgsqlConnection.Open()&#xD;
[xUnit.net 00:00:35.54]            at Microsoft.EntityFrameworkCore.Storage.RelationalConnection.OpenDbConnection(Boolean errorsExpected)&#xD;
[xUnit.net 00:00:35.54]            at Microsoft.EntityFrameworkCore.Storage.RelationalConnection.OpenInternal(Boolean errorsExpected)&#xD;
[xUnit.net 00:00:35.54]            at Microsoft.EntityFrameworkCore.Storage.RelationalConnection.Open(Boolean errorsExpected)&#xD;
[xUnit.net 00:00:35.54]            at Npgsql.EntityFrameworkCore.PostgreSQL.Storage.Internal.NpgsqlDatabaseCreator.Exists(Boolean async, CancellationToken cancellationToken)&#xD;
[xUnit.net 00:00:35.54]            at Npgsql.EntityFrameworkCore.PostgreSQL.Storage.Internal.NpgsqlDatabaseCreator.Exists(Boolean async, CancellationToken cancellationToken)&#xD;
[xUnit.net 00:00:35.54]            at Npgsql.EntityFrameworkCore.PostgreSQL.Storage.Internal.NpgsqlDatabaseCreator.Exists()&#xD;
[xUnit.net 00:00:35.54]            at Microsoft.EntityFrameworkCore.Storage.RelationalDatabaseCreator.EnsureCreated()&#xD;
[xUnit.net 00:00:35.54]            at Microsoft.EntityFrameworkCore.Infrastructure.DatabaseFacade.EnsureCreated()&#xD;
[xUnit.net 00:00:35.54]         C:\rec\prg\repo\InventoryCtrl_2\test\Inventory.IntegrationTests\TestBase.cs(121,0): at Inventory.IntegrationTests.IntegrationTestBase..ctor(WebApplicationFactory`1 factory)&#xD;
[xUnit.net 00:00:35.54]         C:\rec\prg\repo\InventoryCtrl_2\test\Inventory.IntegrationTests\Controllers\CategoryControllerIntegrationTests.cs(13,0): at Inventory.IntegrationTests.Controllers.CategoryControllerIntegrationTestsNew..ctor(WebApplicationFactory`1 factory)&#xD;
[xUnit.net 00:00:35.54]            at InvokeStub_CategoryControllerIntegrationTestsNew..ctor(Object, Span`1)&#xD;
[xUnit.net 00:00:35.54]            at System.Reflection.MethodBaseInvoker.InvokeWithOneArg(Object obj, BindingFlags invokeAttr, Binder binder, Object[] parameters, CultureInfo culture)&#xD;
[xUnit.net 00:00:35.54]         ----- Inner Stack Trace -----&#xD;
[xUnit.net 00:00:35.54]            at Npgsql.Internal.NpgsqlConnector.Connect(NpgsqlTimeout timeout)&#xD;
[14:36:50 INF] Program: JWT Configuration - Issuer: InventoryTest, Audience: InventoryTestUsers&#xD;
[14:36:50 INF] Program: JWT Configuration - Issuer: InventoryTest, Audience: InventoryTestUsers&#xD;
[14:36:50 WRN] Microsoft.AspNetCore.StaticFiles.StaticFileMiddleware: The WebRootPath was not found: C:\rec\prg\repo\InventoryCtrl_2\src\Inventory.API\wwwroot. Static files may be unavailable.&#xD;
[14:36:50 WRN] Microsoft.AspNetCore.StaticFiles.StaticFileMiddleware: The WebRootPath was not found: C:\rec\prg\repo\InventoryCtrl_2\src\Inventory.API\wwwroot. Static files may be unavailable.&#xD;
[14:36:50 WRN] Microsoft.AspNetCore.StaticFiles.StaticFileMiddleware: The WebRootPath was not found: C:\rec\prg\repo\InventoryCtrl_2\src\Inventory.API\wwwroot. Static files may be unavailable.&#xD;
[14:36:50 WRN] Microsoft.AspNetCore.StaticFiles.StaticFileMiddleware: The WebRootPath was not found: C:\rec\prg\repo\InventoryCtrl_2\src\Inventory.API\wwwroot. Static files may be unavailable.&#xD;
[14:36:50 INF] Program: ?? Inventory Control API starting...&#xD;
[14:36:50 INF] Program: ?? Inventory Control API starting...&#xD;
[14:36:50 INF] Program: ?? API running on configured ports&#xD;
[14:36:50 INF] Program: ?? API running on configured ports&#xD;
[14:36:50 WRN] Microsoft.AspNetCore.StaticFiles.StaticFileMiddleware: The WebRootPath was not found: C:\rec\prg\repo\InventoryCtrl_2\src\Inventory.API\wwwroot. Static files may be unavailable.&#xD;
[14:36:50 WRN] Microsoft.AspNetCore.StaticFiles.StaticFileMiddleware: The WebRootPath was not found: C:\rec\prg\repo\InventoryCtrl_2\src\Inventory.API\wwwroot. Static files may be unavailable.&#xD;
[xUnit.net 00:00:39.59]       Npgsql.NpgsqlException : Failed to connect to 127.0.0.1:5433&#xD;
[xUnit.net 00:00:39.59]       ---- System.Net.Sockets.SocketException : Подключение не установлено, т.к. конечный компьютер отверг запрос на подключение.&#xD;
[xUnit.net 00:00:39.59]       Stack Trace:&#xD;
[xUnit.net 00:00:39.59]            at Npgsql.Internal.NpgsqlConnector.Connect(NpgsqlTimeout timeout)&#xD;
[xUnit.net 00:00:39.59]            at Npgsql.Internal.NpgsqlConnector.RawOpen(SslMode sslMode, NpgsqlTimeout timeout, Boolean async, CancellationToken cancellationToken, Boolean isFirstAttempt)&#xD;
[xUnit.net 00:00:39.59]            at Npgsql.Internal.NpgsqlConnector.&lt;Open&gt;g__OpenCore|213_1(NpgsqlConnector conn, SslMode sslMode, NpgsqlTimeout timeout, Boolean async, CancellationToken cancellationToken, Boolean isFirstAttempt)&#xD;
[xUnit.net 00:00:39.59]            at Npgsql.Internal.NpgsqlConnector.Open(NpgsqlTimeout timeout, Boolean async, CancellationToken cancellationToken)&#xD;
[xUnit.net 00:00:39.59]            at Npgsql.UnpooledDataSource.Get(NpgsqlConnection conn, NpgsqlTimeout timeout, Boolean async, CancellationToken cancellationToken)&#xD;
[xUnit.net 00:00:39.59]            at Npgsql.NpgsqlConnection.&lt;Open&gt;g__OpenAsync|42_0(Boolean async, CancellationToken cancellationToken)&#xD;
[xUnit.net 00:00:39.59]            at Npgsql.NpgsqlConnection.Open()&#xD;
[xUnit.net 00:00:39.59]            at Microsoft.EntityFrameworkCore.Storage.RelationalConnection.OpenDbConnection(Boolean errorsExpected)&#xD;
[xUnit.net 00:00:39.59]            at Microsoft.EntityFrameworkCore.Storage.RelationalConnection.OpenInternal(Boolean errorsExpected)&#xD;
[xUnit.net 00:00:39.59]            at Microsoft.EntityFrameworkCore.Storage.RelationalConnection.Open(Boolean errorsExpected)&#xD;
[xUnit.net 00:00:39.59]            at Npgsql.EntityFrameworkCore.PostgreSQL.Storage.Internal.NpgsqlDatabaseCreator.Exists(Boolean async, CancellationToken cancellationToken)&#xD;
[xUnit.net 00:00:39.59]            at Npgsql.EntityFrameworkCore.PostgreSQL.Storage.Internal.NpgsqlDatabaseCreator.Exists(Boolean async, CancellationToken cancellationToken)&#xD;
[xUnit.net 00:00:39.59]            at Npgsql.EntityFrameworkCore.PostgreSQL.Storage.Internal.NpgsqlDatabaseCreator.Exists()&#xD;
[xUnit.net 00:00:39.59]            at Microsoft.EntityFrameworkCore.Storage.RelationalDatabaseCreator.EnsureCreated()&#xD;
[xUnit.net 00:00:39.59]            at Microsoft.EntityFrameworkCore.Infrastructure.DatabaseFacade.EnsureCreated()&#xD;
[xUnit.net 00:00:39.59]         C:\rec\prg\repo\InventoryCtrl_2\test\Inventory.IntegrationTests\TestBase.cs(121,0): at Inventory.IntegrationTests.IntegrationTestBase..ctor(WebApplicationFactory`1 factory)&#xD;
[xUnit.net 00:00:39.59]         C:\rec\prg\repo\InventoryCtrl_2\test\Inventory.IntegrationTests\Controllers\ManufacturerControllerIntegrationTests.cs(13,0): at Inventory.IntegrationTests.Controllers.ManufacturerControllerIntegrationTests..ctor(WebApplicationFactory`1 factory)&#xD;
[xUnit.net 00:00:39.59]            at InvokeStub_ManufacturerControllerIntegrationTests..ctor(Object, Span`1)&#xD;
[xUnit.net 00:00:39.59]            at System.Reflection.MethodBaseInvoker.InvokeWithOneArg(Object obj, BindingFlags invokeAttr, Binder binder, Object[] parameters, CultureInfo culture)&#xD;
[xUnit.net 00:00:39.59]         ----- Inner Stack Trace -----&#xD;
[xUnit.net 00:00:39.59]            at Npgsql.Internal.NpgsqlConnector.Connect(NpgsqlTimeout timeout)&#xD;
[14:36:54 INF] Program: JWT Configuration - Issuer: InventoryTest, Audience: InventoryTestUsers&#xD;
[14:36:54 WRN] Microsoft.AspNetCore.StaticFiles.StaticFileMiddleware: The WebRootPath was not found: C:\rec\prg\repo\InventoryCtrl_2\src\Inventory.API\wwwroot. Static files may be unavailable.&#xD;
[14:36:54 WRN] Microsoft.AspNetCore.StaticFiles.StaticFileMiddleware: The WebRootPath was not found: C:\rec\prg\repo\InventoryCtrl_2\src\Inventory.API\wwwroot. Static files may be unavailable.&#xD;
[14:36:54 INF] Program: ?? Inventory Control API starting...&#xD;
[14:36:54 INF] Program: ?? API running on configured ports&#xD;
[14:36:54 WRN] Microsoft.AspNetCore.StaticFiles.StaticFileMiddleware: The WebRootPath was not found: C:\rec\prg\repo\InventoryCtrl_2\src\Inventory.API\wwwroot. Static files may be unavailable.&#xD;
[xUnit.net 00:00:39.65]       Npgsql.NpgsqlException : Failed to connect to 127.0.0.1:5433&#xD;
[xUnit.net 00:00:39.65]       ---- System.Net.Sockets.SocketException : Подключение не установлено, т.к. конечный компьютер отверг запрос на подключение.&#xD;
[xUnit.net 00:00:39.65]       Stack Trace:&#xD;
[xUnit.net 00:00:39.65]            at Npgsql.Internal.NpgsqlConnector.Connect(NpgsqlTimeout timeout)&#xD;
[xUnit.net 00:00:39.65]            at Npgsql.Internal.NpgsqlConnector.RawOpen(SslMode sslMode, NpgsqlTimeout timeout, Boolean async, CancellationToken cancellationToken, Boolean isFirstAttempt)&#xD;
[xUnit.net 00:00:39.65]            at Npgsql.Internal.NpgsqlConnector.&lt;Open&gt;g__OpenCore|213_1(NpgsqlConnector conn, SslMode sslMode, NpgsqlTimeout timeout, Boolean async, CancellationToken cancellationToken, Boolean isFirstAttempt)&#xD;
[xUnit.net 00:00:39.65]            at Npgsql.Internal.NpgsqlConnector.Open(NpgsqlTimeout timeout, Boolean async, CancellationToken cancellationToken)&#xD;
[xUnit.net 00:00:39.65]            at Npgsql.UnpooledDataSource.Get(NpgsqlConnection conn, NpgsqlTimeout timeout, Boolean async, CancellationToken cancellationToken)&#xD;
[xUnit.net 00:00:39.65]            at Npgsql.NpgsqlConnection.&lt;Open&gt;g__OpenAsync|42_0(Boolean async, CancellationToken cancellationToken)&#xD;
[xUnit.net 00:00:39.65]            at Npgsql.NpgsqlConnection.Open()&#xD;
[xUnit.net 00:00:39.65]            at Microsoft.EntityFrameworkCore.Storage.RelationalConnection.OpenDbConnection(Boolean errorsExpected)&#xD;
[xUnit.net 00:00:39.65]            at Microsoft.EntityFrameworkCore.Storage.RelationalConnection.OpenInternal(Boolean errorsExpected)&#xD;
[xUnit.net 00:00:39.65]            at Microsoft.EntityFrameworkCore.Storage.RelationalConnection.Open(Boolean errorsExpected)&#xD;
[xUnit.net 00:00:39.65]            at Npgsql.EntityFrameworkCore.PostgreSQL.Storage.Internal.NpgsqlDatabaseCreator.Exists(Boolean async, CancellationToken cancellationToken)&#xD;
[xUnit.net 00:00:39.65]            at Npgsql.EntityFrameworkCore.PostgreSQL.Storage.Internal.NpgsqlDatabaseCreator.Exists(Boolean async, CancellationToken cancellationToken)&#xD;
[xUnit.net 00:00:39.65]            at Npgsql.EntityFrameworkCore.PostgreSQL.Storage.Internal.NpgsqlDatabaseCreator.Exists()&#xD;
[xUnit.net 00:00:39.65]            at Microsoft.EntityFrameworkCore.Storage.RelationalDatabaseCreator.EnsureCreated()&#xD;
[xUnit.net 00:00:39.65]            at Microsoft.EntityFrameworkCore.Infrastructure.DatabaseFacade.EnsureCreated()&#xD;
[xUnit.net 00:00:39.65]         C:\rec\prg\repo\InventoryCtrl_2\test\Inventory.IntegrationTests\TestBase.cs(121,0): at Inventory.IntegrationTests.IntegrationTestBase..ctor(WebApplicationFactory`1 factory)&#xD;
[xUnit.net 00:00:39.65]         C:\rec\prg\repo\InventoryCtrl_2\test\Inventory.IntegrationTests\Controllers\WarehouseControllerIntegrationTests.cs(14,0): at Inventory.IntegrationTests.Controllers.WarehouseControllerIntegrationTests..ctor(WebApplicationFactory`1 factory)&#xD;
[xUnit.net 00:00:39.65]            at InvokeStub_WarehouseControllerIntegrationTests..ctor(Object, Span`1)&#xD;
[xUnit.net 00:00:39.65]            at System.Reflection.MethodBaseInvoker.InvokeWithOneArg(Object obj, BindingFlags invokeAttr, Binder binder, Object[] parameters, CultureInfo culture)&#xD;
[xUnit.net 00:00:39.65]         ----- Inner Stack Trace -----&#xD;
[xUnit.net 00:00:39.65]            at Npgsql.Internal.NpgsqlConnector.Connect(NpgsqlTimeout timeout)&#xD;
[14:36:54 INF] Program: JWT Configuration - Issuer: InventoryTest, Audience: InventoryTestUsers&#xD;
[14:36:54 WRN] Microsoft.AspNetCore.StaticFiles.StaticFileMiddleware: The WebRootPath was not found: C:\rec\prg\repo\InventoryCtrl_2\src\Inventory.API\wwwroot. Static files may be unavailable.&#xD;
[xUnit.net 00:00:39.66]       Npgsql.NpgsqlException : Failed to connect to 127.0.0.1:5433&#xD;
[xUnit.net 00:00:39.66]       ---- System.Net.Sockets.SocketException : Подключение не установлено, т.к. конечный компьютер отверг запрос на подключение.&#xD;
[xUnit.net 00:00:39.66]       Stack Trace:&#xD;
[xUnit.net 00:00:39.66]            at Npgsql.Internal.NpgsqlConnector.Connect(NpgsqlTimeout timeout)&#xD;
[xUnit.net 00:00:39.66]            at Npgsql.Internal.NpgsqlConnector.RawOpen(SslMode sslMode, NpgsqlTimeout timeout, Boolean async, CancellationToken cancellationToken, Boolean isFirstAttempt)&#xD;
[xUnit.net 00:00:39.66]            at Npgsql.Internal.NpgsqlConnector.&lt;Open&gt;g__OpenCore|213_1(NpgsqlConnector conn, SslMode sslMode, NpgsqlTimeout timeout, Boolean async, CancellationToken cancellationToken, Boolean isFirstAttempt)&#xD;
[xUnit.net 00:00:39.66]            at Npgsql.Internal.NpgsqlConnector.Open(NpgsqlTimeout timeout, Boolean async, CancellationToken cancellationToken)&#xD;
[xUnit.net 00:00:39.66]            at Npgsql.UnpooledDataSource.Get(NpgsqlConnection conn, NpgsqlTimeout timeout, Boolean async, CancellationToken cancellationToken)&#xD;
[xUnit.net 00:00:39.66]            at Npgsql.NpgsqlConnection.&lt;Open&gt;g__OpenAsync|42_0(Boolean async, CancellationToken cancellationToken)&#xD;
[xUnit.net 00:00:39.66]            at Npgsql.NpgsqlConnection.Open()&#xD;
[xUnit.net 00:00:39.66]            at Microsoft.EntityFrameworkCore.Storage.RelationalConnection.OpenDbConnection(Boolean errorsExpected)&#xD;
[xUnit.net 00:00:39.66]            at Microsoft.EntityFrameworkCore.Storage.RelationalConnection.OpenInternal(Boolean errorsExpected)&#xD;
[xUnit.net 00:00:39.66]            at Microsoft.EntityFrameworkCore.Storage.RelationalConnection.Open(Boolean errorsExpected)&#xD;
[xUnit.net 00:00:39.66]            at Npgsql.EntityFrameworkCore.PostgreSQL.Storage.Internal.NpgsqlDatabaseCreator.Exists(Boolean async, CancellationToken cancellationToken)&#xD;
[xUnit.net 00:00:39.66]            at Npgsql.EntityFrameworkCore.PostgreSQL.Storage.Internal.NpgsqlDatabaseCreator.Exists(Boolean async, CancellationToken cancellationToken)&#xD;
[xUnit.net 00:00:39.66]            at Npgsql.EntityFrameworkCore.PostgreSQL.Storage.Internal.NpgsqlDatabaseCreator.Exists()&#xD;
[xUnit.net 00:00:39.66]            at Microsoft.EntityFrameworkCore.Storage.RelationalDatabaseCreator.EnsureCreated()&#xD;
[xUnit.net 00:00:39.66]            at Microsoft.EntityFrameworkCore.Infrastructure.DatabaseFacade.EnsureCreated()&#xD;
[xUnit.net 00:00:39.66]         C:\rec\prg\repo\InventoryCtrl_2\test\Inventory.IntegrationTests\TestBase.cs(121,0): at Inventory.IntegrationTests.IntegrationTestBase..ctor(WebApplicationFactory`1 factory)&#xD;
[xUnit.net 00:00:39.66]         C:\rec\prg\repo\InventoryCtrl_2\test\Inventory.IntegrationTests\Controllers\CategoryControllerIntegrationTests.cs(13,0): at Inventory.IntegrationTests.Controllers.CategoryControllerIntegrationTestsNew..ctor(WebApplicationFactory`1 factory)&#xD;
[xUnit.net 00:00:39.66]            at InvokeStub_CategoryControllerIntegrationTestsNew..ctor(Object, Span`1)&#xD;
[xUnit.net 00:00:39.66]            at System.Reflection.MethodBaseInvoker.InvokeWithOneArg(Object obj, BindingFlags invokeAttr, Binder binder, Object[] parameters, CultureInfo culture)&#xD;
[xUnit.net 00:00:39.66]         ----- Inner Stack Trace -----&#xD;
[xUnit.net 00:00:39.66]            at Npgsql.Internal.NpgsqlConnector.Connect(NpgsqlTimeout timeout)&#xD;
[14:36:54 INF] Program: JWT Configuration - Issuer: InventoryTest, Audience: InventoryTestUsers&#xD;
[14:36:54 WRN] Microsoft.AspNetCore.StaticFiles.StaticFileMiddleware: The WebRootPath was not found: C:\rec\prg\repo\InventoryCtrl_2\src\Inventory.API\wwwroot. Static files may be unavailable.&#xD;
[14:36:54 INF] Program: ?? Inventory Control API starting...&#xD;
[14:36:54 INF] Program: ?? API running on configured ports&#xD;
[14:36:54 WRN] Microsoft.AspNetCore.StaticFiles.StaticFileMiddleware: The WebRootPath was not found: C:\rec\prg\repo\InventoryCtrl_2\src\Inventory.API\wwwroot. Static files may be unavailable.&#xD;
[14:36:54 WRN] Microsoft.AspNetCore.StaticFiles.StaticFileMiddleware: The WebRootPath was not found: C:\rec\prg\repo\InventoryCtrl_2\src\Inventory.API\wwwroot. Static files may be unavailable.&#xD;
[14:36:54 WRN] Microsoft.AspNetCore.StaticFiles.StaticFileMiddleware: The WebRootPath was not found: C:\rec\prg\repo\InventoryCtrl_2\src\Inventory.API\wwwroot. Static files may be unavailable.&#xD;
[14:36:54 INF] Program: ?? Inventory Control API starting...&#xD;
[14:36:54 INF] Program: ?? API running on configured ports&#xD;
[14:36:54 WRN] Microsoft.AspNetCore.StaticFiles.StaticFileMiddleware: The WebRootPath was not found: C:\rec\prg\repo\InventoryCtrl_2\src\Inventory.API\wwwroot. Static files may be unavailable.&#xD;
[xUnit.net 00:00:43.65]       Npgsql.NpgsqlException : Failed to connect to 127.0.0.1:5433&#xD;
[xUnit.net 00:00:43.65]       ---- System.Net.Sockets.SocketException : Подключение не установлено, т.к. конечный компьютер отверг запрос на подключение.&#xD;
[xUnit.net 00:00:43.65]       Stack Trace:&#xD;
[xUnit.net 00:00:43.65]            at Npgsql.Internal.NpgsqlConnector.Connect(NpgsqlTimeout timeout)&#xD;
[xUnit.net 00:00:43.65]            at Npgsql.Internal.NpgsqlConnector.RawOpen(SslMode sslMode, NpgsqlTimeout timeout, Boolean async, CancellationToken cancellationToken, Boolean isFirstAttempt)&#xD;
[xUnit.net 00:00:43.65]            at Npgsql.Internal.NpgsqlConnector.&lt;Open&gt;g__OpenCore|213_1(NpgsqlConnector conn, SslMode sslMode, NpgsqlTimeout timeout, Boolean async, CancellationToken cancellationToken, Boolean isFirstAttempt)&#xD;
[xUnit.net 00:00:43.65]            at Npgsql.Internal.NpgsqlConnector.Open(NpgsqlTimeout timeout, Boolean async, CancellationToken cancellationToken)&#xD;
[xUnit.net 00:00:43.65]            at Npgsql.UnpooledDataSource.Get(NpgsqlConnection conn, NpgsqlTimeout timeout, Boolean async, CancellationToken cancellationToken)&#xD;
[xUnit.net 00:00:43.65]            at Npgsql.NpgsqlConnection.&lt;Open&gt;g__OpenAsync|42_0(Boolean async, CancellationToken cancellationToken)&#xD;
[xUnit.net 00:00:43.65]            at Npgsql.NpgsqlConnection.Open()&#xD;
[xUnit.net 00:00:43.65]            at Microsoft.EntityFrameworkCore.Storage.RelationalConnection.OpenDbConnection(Boolean errorsExpected)&#xD;
[xUnit.net 00:00:43.65]            at Microsoft.EntityFrameworkCore.Storage.RelationalConnection.OpenInternal(Boolean errorsExpected)&#xD;
[xUnit.net 00:00:43.65]            at Microsoft.EntityFrameworkCore.Storage.RelationalConnection.Open(Boolean errorsExpected)&#xD;
[xUnit.net 00:00:43.65]            at Npgsql.EntityFrameworkCore.PostgreSQL.Storage.Internal.NpgsqlDatabaseCreator.Exists(Boolean async, CancellationToken cancellationToken)&#xD;
[xUnit.net 00:00:43.65]            at Npgsql.EntityFrameworkCore.PostgreSQL.Storage.Internal.NpgsqlDatabaseCreator.Exists(Boolean async, CancellationToken cancellationToken)&#xD;
[xUnit.net 00:00:43.65]            at Npgsql.EntityFrameworkCore.PostgreSQL.Storage.Internal.NpgsqlDatabaseCreator.Exists()&#xD;
[xUnit.net 00:00:43.65]            at Microsoft.EntityFrameworkCore.Storage.RelationalDatabaseCreator.EnsureCreated()&#xD;
[xUnit.net 00:00:43.65]            at Microsoft.EntityFrameworkCore.Infrastructure.DatabaseFacade.EnsureCreated()&#xD;
[xUnit.net 00:00:43.65]         C:\rec\prg\repo\InventoryCtrl_2\test\Inventory.IntegrationTests\TestBase.cs(121,0): at Inventory.IntegrationTests.IntegrationTestBase..ctor(WebApplicationFactory`1 factory)&#xD;
[xUnit.net 00:00:43.65]         C:\rec\prg\repo\InventoryCtrl_2\test\Inventory.IntegrationTests\Controllers\ManufacturerControllerIntegrationTests.cs(13,0): at Inventory.IntegrationTests.Controllers.ManufacturerControllerIntegrationTests..ctor(WebApplicationFactory`1 factory)&#xD;
[xUnit.net 00:00:43.65]            at InvokeStub_ManufacturerControllerIntegrationTests..ctor(Object, Span`1)&#xD;
[xUnit.net 00:00:43.65]            at System.Reflection.MethodBaseInvoker.InvokeWithOneArg(Object obj, BindingFlags invokeAttr, Binder binder, Object[] parameters, CultureInfo culture)&#xD;
[xUnit.net 00:00:43.65]         ----- Inner Stack Trace -----&#xD;
[xUnit.net 00:00:43.65]            at Npgsql.Internal.NpgsqlConnector.Connect(NpgsqlTimeout timeout)&#xD;
[14:36:58 INF] Program: JWT Configuration - Issuer: InventoryTest, Audience: InventoryTestUsers&#xD;
[14:36:58 WRN] Microsoft.AspNetCore.StaticFiles.StaticFileMiddleware: The WebRootPath was not found: C:\rec\prg\repo\InventoryCtrl_2\src\Inventory.API\wwwroot. Static files may be unavailable.&#xD;
[14:36:58 WRN] Microsoft.AspNetCore.StaticFiles.StaticFileMiddleware: The WebRootPath was not found: C:\rec\prg\repo\InventoryCtrl_2\src\Inventory.API\wwwroot. Static files may be unavailable.&#xD;
[14:36:58 INF] Program: ?? Inventory Control API starting...&#xD;
[14:36:58 INF] Program: ?? API running on configured ports&#xD;
[14:36:58 WRN] Microsoft.AspNetCore.StaticFiles.StaticFileMiddleware: The WebRootPath was not found: C:\rec\prg\repo\InventoryCtrl_2\src\Inventory.API\wwwroot. Static files may be unavailable.&#xD;
[xUnit.net 00:00:43.71]       Npgsql.NpgsqlException : Failed to connect to 127.0.0.1:5433&#xD;
[xUnit.net 00:00:43.71]       ---- System.Net.Sockets.SocketException : Подключение не установлено, т.к. конечный компьютер отверг запрос на подключение.&#xD;
[xUnit.net 00:00:43.71]       Stack Trace:&#xD;
[xUnit.net 00:00:43.71]            at Npgsql.Internal.NpgsqlConnector.Connect(NpgsqlTimeout timeout)&#xD;
[xUnit.net 00:00:43.71]            at Npgsql.Internal.NpgsqlConnector.RawOpen(SslMode sslMode, NpgsqlTimeout timeout, Boolean async, CancellationToken cancellationToken, Boolean isFirstAttempt)&#xD;
[xUnit.net 00:00:43.71]            at Npgsql.Internal.NpgsqlConnector.&lt;Open&gt;g__OpenCore|213_1(NpgsqlConnector conn, SslMode sslMode, NpgsqlTimeout timeout, Boolean async, CancellationToken cancellationToken, Boolean isFirstAttempt)&#xD;
[xUnit.net 00:00:43.71]            at Npgsql.Internal.NpgsqlConnector.Open(NpgsqlTimeout timeout, Boolean async, CancellationToken cancellationToken)&#xD;
[xUnit.net 00:00:43.71]            at Npgsql.UnpooledDataSource.Get(NpgsqlConnection conn, NpgsqlTimeout timeout, Boolean async, CancellationToken cancellationToken)&#xD;
[xUnit.net 00:00:43.71]            at Npgsql.NpgsqlConnection.&lt;Open&gt;g__OpenAsync|42_0(Boolean async, CancellationToken cancellationToken)&#xD;
[xUnit.net 00:00:43.71]            at Npgsql.NpgsqlConnection.Open()&#xD;
[xUnit.net 00:00:43.71]            at Microsoft.EntityFrameworkCore.Storage.RelationalConnection.OpenDbConnection(Boolean errorsExpected)&#xD;
[xUnit.net 00:00:43.71]            at Microsoft.EntityFrameworkCore.Storage.RelationalConnection.OpenInternal(Boolean errorsExpected)&#xD;
[xUnit.net 00:00:43.71]            at Microsoft.EntityFrameworkCore.Storage.RelationalConnection.Open(Boolean errorsExpected)&#xD;
[xUnit.net 00:00:43.71]            at Npgsql.EntityFrameworkCore.PostgreSQL.Storage.Internal.NpgsqlDatabaseCreator.Exists(Boolean async, CancellationToken cancellationToken)&#xD;
[xUnit.net 00:00:43.71]            at Npgsql.EntityFrameworkCore.PostgreSQL.Storage.Internal.NpgsqlDatabaseCreator.Exists(Boolean async, CancellationToken cancellationToken)&#xD;
[xUnit.net 00:00:43.71]            at Npgsql.EntityFrameworkCore.PostgreSQL.Storage.Internal.NpgsqlDatabaseCreator.Exists()&#xD;
[xUnit.net 00:00:43.71]            at Microsoft.EntityFrameworkCore.Storage.RelationalDatabaseCreator.EnsureCreated()&#xD;
[xUnit.net 00:00:43.71]            at Microsoft.EntityFrameworkCore.Infrastructure.DatabaseFacade.EnsureCreated()&#xD;
[xUnit.net 00:00:43.71]         C:\rec\prg\repo\InventoryCtrl_2\test\Inventory.IntegrationTests\TestBase.cs(121,0): at Inventory.IntegrationTests.IntegrationTestBase..ctor(WebApplicationFactory`1 factory)&#xD;
[xUnit.net 00:00:43.71]         C:\rec\prg\repo\InventoryCtrl_2\test\Inventory.IntegrationTests\Controllers\WarehouseControllerIntegrationTests.cs(14,0): at Inventory.IntegrationTests.Controllers.WarehouseControllerIntegrationTests..ctor(WebApplicationFactory`1 factory)&#xD;
[xUnit.net 00:00:43.71]            at InvokeStub_WarehouseControllerIntegrationTests..ctor(Object, Span`1)&#xD;
[xUnit.net 00:00:43.71]            at System.Reflection.MethodBaseInvoker.InvokeWithOneArg(Object obj, BindingFlags invokeAttr, Binder binder, Object[] parameters, CultureInfo culture)&#xD;
[xUnit.net 00:00:43.71]         ----- Inner Stack Trace -----&#xD;
[xUnit.net 00:00:43.71]            at Npgsql.Internal.NpgsqlConnector.Connect(NpgsqlTimeout timeout)&#xD;
[14:36:58 INF] Program: JWT Configuration - Issuer: InventoryTest, Audience: InventoryTestUsers&#xD;
[14:36:58 WRN] Microsoft.AspNetCore.StaticFiles.StaticFileMiddleware: The WebRootPath was not found: C:\rec\prg\repo\InventoryCtrl_2\src\Inventory.API\wwwroot. Static files may be unavailable.&#xD;
[xUnit.net 00:00:43.75]       Npgsql.NpgsqlException : Failed to connect to 127.0.0.1:5433&#xD;
[xUnit.net 00:00:43.75]       ---- System.Net.Sockets.SocketException : Подключение не установлено, т.к. конечный компьютер отверг запрос на подключение.&#xD;
[xUnit.net 00:00:43.75]       Stack Trace:&#xD;
[xUnit.net 00:00:43.75]            at Npgsql.Internal.NpgsqlConnector.Connect(NpgsqlTimeout timeout)&#xD;
[xUnit.net 00:00:43.75]            at Npgsql.Internal.NpgsqlConnector.RawOpen(SslMode sslMode, NpgsqlTimeout timeout, Boolean async, CancellationToken cancellationToken, Boolean isFirstAttempt)&#xD;
[xUnit.net 00:00:43.75]            at Npgsql.Internal.NpgsqlConnector.&lt;Open&gt;g__OpenCore|213_1(NpgsqlConnector conn, SslMode sslMode, NpgsqlTimeout timeout, Boolean async, CancellationToken cancellationToken, Boolean isFirstAttempt)&#xD;
[xUnit.net 00:00:43.75]            at Npgsql.Internal.NpgsqlConnector.Open(NpgsqlTimeout timeout, Boolean async, CancellationToken cancellationToken)&#xD;
[xUnit.net 00:00:43.75]            at Npgsql.UnpooledDataSource.Get(NpgsqlConnection conn, NpgsqlTimeout timeout, Boolean async, CancellationToken cancellationToken)&#xD;
[xUnit.net 00:00:43.75]            at Npgsql.NpgsqlConnection.&lt;Open&gt;g__OpenAsync|42_0(Boolean async, CancellationToken cancellationToken)&#xD;
[xUnit.net 00:00:43.75]            at Npgsql.NpgsqlConnection.Open()&#xD;
[xUnit.net 00:00:43.75]            at Microsoft.EntityFrameworkCore.Storage.RelationalConnection.OpenDbConnection(Boolean errorsExpected)&#xD;
[xUnit.net 00:00:43.75]            at Microsoft.EntityFrameworkCore.Storage.RelationalConnection.OpenInternal(Boolean errorsExpected)&#xD;
[xUnit.net 00:00:43.75]            at Microsoft.EntityFrameworkCore.Storage.RelationalConnection.Open(Boolean errorsExpected)&#xD;
[xUnit.net 00:00:43.75]            at Npgsql.EntityFrameworkCore.PostgreSQL.Storage.Internal.NpgsqlDatabaseCreator.Exists(Boolean async, CancellationToken cancellationToken)&#xD;
[xUnit.net 00:00:43.75]            at Npgsql.EntityFrameworkCore.PostgreSQL.Storage.Internal.NpgsqlDatabaseCreator.Exists(Boolean async, CancellationToken cancellationToken)&#xD;
[xUnit.net 00:00:43.75]            at Npgsql.EntityFrameworkCore.PostgreSQL.Storage.Internal.NpgsqlDatabaseCreator.Exists()&#xD;
[xUnit.net 00:00:43.75]            at Microsoft.EntityFrameworkCore.Storage.RelationalDatabaseCreator.EnsureCreated()&#xD;
[xUnit.net 00:00:43.75]            at Microsoft.EntityFrameworkCore.Infrastructure.DatabaseFacade.EnsureCreated()&#xD;
[xUnit.net 00:00:43.75]         C:\rec\prg\repo\InventoryCtrl_2\test\Inventory.IntegrationTests\TestBase.cs(121,0): at Inventory.IntegrationTests.IntegrationTestBase..ctor(WebApplicationFactory`1 factory)&#xD;
[xUnit.net 00:00:43.75]         C:\rec\prg\repo\InventoryCtrl_2\test\Inventory.IntegrationTests\Controllers\CategoryControllerIntegrationTests.cs(13,0): at Inventory.IntegrationTests.Controllers.CategoryControllerIntegrationTestsNew..ctor(WebApplicationFactory`1 factory)&#xD;
[xUnit.net 00:00:43.75]            at InvokeStub_CategoryControllerIntegrationTestsNew..ctor(Object, Span`1)&#xD;
[xUnit.net 00:00:43.75]            at System.Reflection.MethodBaseInvoker.InvokeWithOneArg(Object obj, BindingFlags invokeAttr, Binder binder, Object[] parameters, CultureInfo culture)&#xD;
[xUnit.net 00:00:43.75]         ----- Inner Stack Trace -----&#xD;
[xUnit.net 00:00:43.75]            at Npgsql.Internal.NpgsqlConnector.Connect(NpgsqlTimeout timeout)&#xD;
[14:36:58 INF] Program: JWT Configuration - Issuer: InventoryTest, Audience: InventoryTestUsers&#xD;
[14:36:58 WRN] Microsoft.AspNetCore.StaticFiles.StaticFileMiddleware: The WebRootPath was not found: C:\rec\prg\repo\InventoryCtrl_2\src\Inventory.API\wwwroot. Static files may be unavailable.&#xD;
[14:36:58 WRN] Microsoft.AspNetCore.StaticFiles.StaticFileMiddleware: The WebRootPath was not found: C:\rec\prg\repo\InventoryCtrl_2\src\Inventory.API\wwwroot. Static files may be unavailable.&#xD;
[14:36:58 INF] Program: ?? Inventory Control API starting...&#xD;
[14:36:58 INF] Program: ?? API running on configured ports&#xD;
[14:36:58 WRN] Microsoft.AspNetCore.StaticFiles.StaticFileMiddleware: The WebRootPath was not found: C:\rec\prg\repo\InventoryCtrl_2\src\Inventory.API\wwwroot. Static files may be unavailable.&#xD;
[14:36:58 WRN] Microsoft.AspNetCore.StaticFiles.StaticFileMiddleware: The WebRootPath was not found: C:\rec\prg\repo\InventoryCtrl_2\src\Inventory.API\wwwroot. Static files may be unavailable.&#xD;
[14:36:58 INF] Program: ?? Inventory Control API starting...&#xD;
[14:36:58 INF] Program: ?? API running on configured ports&#xD;
[14:36:58 WRN] Microsoft.AspNetCore.StaticFiles.StaticFileMiddleware: The WebRootPath was not found: C:\rec\prg\repo\InventoryCtrl_2\src\Inventory.API\wwwroot. Static files may be unavailable.&#xD;
[xUnit.net 00:00:47.75]       Npgsql.NpgsqlException : Failed to connect to 127.0.0.1:5433&#xD;
[xUnit.net 00:00:47.75]       ---- System.Net.Sockets.SocketException : Подключение не установлено, т.к. конечный компьютер отверг запрос на подключение.&#xD;
[xUnit.net 00:00:47.75]       Stack Trace:&#xD;
[xUnit.net 00:00:47.75]            at Npgsql.Internal.NpgsqlConnector.Connect(NpgsqlTimeout timeout)&#xD;
[xUnit.net 00:00:47.75]            at Npgsql.Internal.NpgsqlConnector.RawOpen(SslMode sslMode, NpgsqlTimeout timeout, Boolean async, CancellationToken cancellationToken, Boolean isFirstAttempt)&#xD;
[xUnit.net 00:00:47.75]            at Npgsql.Internal.NpgsqlConnector.&lt;Open&gt;g__OpenCore|213_1(NpgsqlConnector conn, SslMode sslMode, NpgsqlTimeout timeout, Boolean async, CancellationToken cancellationToken, Boolean isFirstAttempt)&#xD;
[xUnit.net 00:00:47.75]            at Npgsql.Internal.NpgsqlConnector.Open(NpgsqlTimeout timeout, Boolean async, CancellationToken cancellationToken)&#xD;
[xUnit.net 00:00:47.75]            at Npgsql.UnpooledDataSource.Get(NpgsqlConnection conn, NpgsqlTimeout timeout, Boolean async, CancellationToken cancellationToken)&#xD;
[xUnit.net 00:00:47.75]            at Npgsql.NpgsqlConnection.&lt;Open&gt;g__OpenAsync|42_0(Boolean async, CancellationToken cancellationToken)&#xD;
[xUnit.net 00:00:47.75]            at Npgsql.NpgsqlConnection.Open()&#xD;
[xUnit.net 00:00:47.75]            at Microsoft.EntityFrameworkCore.Storage.RelationalConnection.OpenDbConnection(Boolean errorsExpected)&#xD;
[xUnit.net 00:00:47.75]            at Microsoft.EntityFrameworkCore.Storage.RelationalConnection.OpenInternal(Boolean errorsExpected)&#xD;
[xUnit.net 00:00:47.75]            at Microsoft.EntityFrameworkCore.Storage.RelationalConnection.Open(Boolean errorsExpected)&#xD;
[xUnit.net 00:00:47.75]            at Npgsql.EntityFrameworkCore.PostgreSQL.Storage.Internal.NpgsqlDatabaseCreator.Exists(Boolean async, CancellationToken cancellationToken)&#xD;
[xUnit.net 00:00:47.75]            at Npgsql.EntityFrameworkCore.PostgreSQL.Storage.Internal.NpgsqlDatabaseCreator.Exists(Boolean async, CancellationToken cancellationToken)&#xD;
[xUnit.net 00:00:47.75]            at Npgsql.EntityFrameworkCore.PostgreSQL.Storage.Internal.NpgsqlDatabaseCreator.Exists()&#xD;
[xUnit.net 00:00:47.75]            at Microsoft.EntityFrameworkCore.Storage.RelationalDatabaseCreator.EnsureCreated()&#xD;
[xUnit.net 00:00:47.75]            at Microsoft.EntityFrameworkCore.Infrastructure.DatabaseFacade.EnsureCreated()&#xD;
[xUnit.net 00:00:47.75]         C:\rec\prg\repo\InventoryCtrl_2\test\Inventory.IntegrationTests\TestBase.cs(121,0): at Inventory.IntegrationTests.IntegrationTestBase..ctor(WebApplicationFactory`1 factory)&#xD;
[xUnit.net 00:00:47.75]         C:\rec\prg\repo\InventoryCtrl_2\test\Inventory.IntegrationTests\Controllers\ManufacturerControllerIntegrationTests.cs(13,0): at Inventory.IntegrationTests.Controllers.ManufacturerControllerIntegrationTests..ctor(WebApplicationFactory`1 factory)&#xD;
[xUnit.net 00:00:47.75]            at InvokeStub_ManufacturerControllerIntegrationTests..ctor(Object, Span`1)&#xD;
[xUnit.net 00:00:47.75]            at System.Reflection.MethodBaseInvoker.InvokeWithOneArg(Object obj, BindingFlags invokeAttr, Binder binder, Object[] parameters, CultureInfo culture)&#xD;
[xUnit.net 00:00:47.75]         ----- Inner Stack Trace -----&#xD;
[xUnit.net 00:00:47.75]            at Npgsql.Internal.NpgsqlConnector.Connect(NpgsqlTimeout timeout)&#xD;
[xUnit.net 00:00:47.82]       Npgsql.NpgsqlException : Failed to connect to 127.0.0.1:5433&#xD;
[xUnit.net 00:00:47.82]       ---- System.Net.Sockets.SocketException : Подключение не установлено, т.к. конечный компьютер отверг запрос на подключение.&#xD;
[xUnit.net 00:00:47.82]       Stack Trace:&#xD;
[xUnit.net 00:00:47.82]            at Npgsql.Internal.NpgsqlConnector.Connect(NpgsqlTimeout timeout)&#xD;
[xUnit.net 00:00:47.82]            at Npgsql.Internal.NpgsqlConnector.RawOpen(SslMode sslMode, NpgsqlTimeout timeout, Boolean async, CancellationToken cancellationToken, Boolean isFirstAttempt)&#xD;
[xUnit.net 00:00:47.82]            at Npgsql.Internal.NpgsqlConnector.&lt;Open&gt;g__OpenCore|213_1(NpgsqlConnector conn, SslMode sslMode, NpgsqlTimeout timeout, Boolean async, CancellationToken cancellationToken, Boolean isFirstAttempt)&#xD;
[xUnit.net 00:00:47.82]            at Npgsql.Internal.NpgsqlConnector.Open(NpgsqlTimeout timeout, Boolean async, CancellationToken cancellationToken)&#xD;
[xUnit.net 00:00:47.82]            at Npgsql.UnpooledDataSource.Get(NpgsqlConnection conn, NpgsqlTimeout timeout, Boolean async, CancellationToken cancellationToken)&#xD;
[xUnit.net 00:00:47.82]            at Npgsql.NpgsqlConnection.&lt;Open&gt;g__OpenAsync|42_0(Boolean async, CancellationToken cancellationToken)&#xD;
[xUnit.net 00:00:47.82]            at Npgsql.NpgsqlConnection.Open()&#xD;
[xUnit.net 00:00:47.82]            at Microsoft.EntityFrameworkCore.Storage.RelationalConnection.OpenDbConnection(Boolean errorsExpected)&#xD;
[xUnit.net 00:00:47.82]            at Microsoft.EntityFrameworkCore.Storage.RelationalConnection.OpenInternal(Boolean errorsExpected)&#xD;
[xUnit.net 00:00:47.82]            at Microsoft.EntityFrameworkCore.Storage.RelationalConnection.Open(Boolean errorsExpected)&#xD;
[xUnit.net 00:00:47.82]            at Npgsql.EntityFrameworkCore.PostgreSQL.Storage.Internal.NpgsqlDatabaseCreator.Exists(Boolean async, CancellationToken cancellationToken)&#xD;
[xUnit.net 00:00:47.82]            at Npgsql.EntityFrameworkCore.PostgreSQL.Storage.Internal.NpgsqlDatabaseCreator.Exists(Boolean async, CancellationToken cancellationToken)&#xD;
[xUnit.net 00:00:47.82]            at Npgsql.EntityFrameworkCore.PostgreSQL.Storage.Internal.NpgsqlDatabaseCreator.Exists()&#xD;
[xUnit.net 00:00:47.82]            at Microsoft.EntityFrameworkCore.Storage.RelationalDatabaseCreator.EnsureCreated()&#xD;
[xUnit.net 00:00:47.82]            at Microsoft.EntityFrameworkCore.Infrastructure.DatabaseFacade.EnsureCreated()&#xD;
[xUnit.net 00:00:47.82]         C:\rec\prg\repo\InventoryCtrl_2\test\Inventory.IntegrationTests\TestBase.cs(121,0): at Inventory.IntegrationTests.IntegrationTestBase..ctor(WebApplicationFactory`1 factory)&#xD;
[xUnit.net 00:00:47.82]         C:\rec\prg\repo\InventoryCtrl_2\test\Inventory.IntegrationTests\Controllers\CategoryControllerIntegrationTests.cs(13,0): at Inventory.IntegrationTests.Controllers.CategoryControllerIntegrationTestsNew..ctor(WebApplicationFactory`1 factory)&#xD;
[xUnit.net 00:00:47.82]            at InvokeStub_CategoryControllerIntegrationTestsNew..ctor(Object, Span`1)&#xD;
[xUnit.net 00:00:47.82]            at System.Reflection.MethodBaseInvoker.InvokeWithOneArg(Object obj, BindingFlags invokeAttr, Binder binder, Object[] parameters, CultureInfo culture)&#xD;
[xUnit.net 00:00:47.82]         ----- Inner Stack Trace -----&#xD;
[xUnit.net 00:00:47.82]            at Npgsql.Internal.NpgsqlConnector.Connect(NpgsqlTimeout timeout)&#xD;
[xUnit.net 00:00:47.82]       Npgsql.NpgsqlException : Failed to connect to 127.0.0.1:5433&#xD;
[xUnit.net 00:00:47.82]       ---- System.Net.Sockets.SocketException : Подключение не установлено, т.к. конечный компьютер отверг запрос на подключение.&#xD;
[xUnit.net 00:00:47.82]       Stack Trace:&#xD;
[xUnit.net 00:00:47.82]            at Npgsql.Internal.NpgsqlConnector.Connect(NpgsqlTimeout timeout)&#xD;
[xUnit.net 00:00:47.82]            at Npgsql.Internal.NpgsqlConnector.RawOpen(SslMode sslMode, NpgsqlTimeout timeout, Boolean async, CancellationToken cancellationToken, Boolean isFirstAttempt)&#xD;
[xUnit.net 00:00:47.82]            at Npgsql.Internal.NpgsqlConnector.&lt;Open&gt;g__OpenCore|213_1(NpgsqlConnector conn, SslMode sslMode, NpgsqlTimeout timeout, Boolean async, CancellationToken cancellationToken, Boolean isFirstAttempt)&#xD;
[xUnit.net 00:00:47.82]            at Npgsql.Internal.NpgsqlConnector.Open(NpgsqlTimeout timeout, Boolean async, CancellationToken cancellationToken)&#xD;
[xUnit.net 00:00:47.82]            at Npgsql.UnpooledDataSource.Get(NpgsqlConnection conn, NpgsqlTimeout timeout, Boolean async, CancellationToken cancellationToken)&#xD;
[xUnit.net 00:00:47.82]            at Npgsql.NpgsqlConnection.&lt;Open&gt;g__OpenAsync|42_0(Boolean async, CancellationToken cancellationToken)&#xD;
[xUnit.net 00:00:47.82]            at Npgsql.NpgsqlConnection.Open()&#xD;
[xUnit.net 00:00:47.82]            at Microsoft.EntityFrameworkCore.Storage.RelationalConnection.OpenDbConnection(Boolean errorsExpected)&#xD;
[xUnit.net 00:00:47.82]            at Microsoft.EntityFrameworkCore.Storage.RelationalConnection.OpenInternal(Boolean errorsExpected)&#xD;
[xUnit.net 00:00:47.82]            at Microsoft.EntityFrameworkCore.Storage.RelationalConnection.Open(Boolean errorsExpected)&#xD;
[xUnit.net 00:00:47.82]            at Npgsql.EntityFrameworkCore.PostgreSQL.Storage.Internal.NpgsqlDatabaseCreator.Exists(Boolean async, CancellationToken cancellationToken)&#xD;
[xUnit.net 00:00:47.82]            at Npgsql.EntityFrameworkCore.PostgreSQL.Storage.Internal.NpgsqlDatabaseCreator.Exists(Boolean async, CancellationToken cancellationToken)&#xD;
[xUnit.net 00:00:47.82]            at Npgsql.EntityFrameworkCore.PostgreSQL.Storage.Internal.NpgsqlDatabaseCreator.Exists()&#xD;
[xUnit.net 00:00:47.82]            at Microsoft.EntityFrameworkCore.Storage.RelationalDatabaseCreator.EnsureCreated()&#xD;
[xUnit.net 00:00:47.82]            at Microsoft.EntityFrameworkCore.Infrastructure.DatabaseFacade.EnsureCreated()&#xD;
[xUnit.net 00:00:47.82]         C:\rec\prg\repo\InventoryCtrl_2\test\Inventory.IntegrationTests\TestBase.cs(121,0): at Inventory.IntegrationTests.IntegrationTestBase..ctor(WebApplicationFactory`1 factory)&#xD;
[xUnit.net 00:00:47.82]         C:\rec\prg\repo\InventoryCtrl_2\test\Inventory.IntegrationTests\Controllers\WarehouseControllerIntegrationTests.cs(14,0): at Inventory.IntegrationTests.Controllers.WarehouseControllerIntegrationTests..ctor(WebApplicationFactory`1 factory)&#xD;
[xUnit.net 00:00:47.82]            at InvokeStub_WarehouseControllerIntegrationTests..ctor(Object, Span`1)&#xD;
[xUnit.net 00:00:47.82]            at System.Reflection.MethodBaseInvoker.InvokeWithOneArg(Object obj, BindingFlags invokeAttr, Binder binder, Object[] parameters, CultureInfo culture)&#xD;
[xUnit.net 00:00:47.82]         ----- Inner Stack Trace -----&#xD;
[xUnit.net 00:00:47.82]            at Npgsql.Internal.NpgsqlConnector.Connect(NpgsqlTimeout timeout)&#xD;
[14:37:02 INF] Program: JWT Configuration - Issuer: InventoryTest, Audience: InventoryTestUsers&#xD;
[14:37:02 INF] Program: JWT Configuration - Issuer: InventoryTest, Audience: InventoryTestUsers&#xD;
[14:37:02 WRN] Microsoft.AspNetCore.StaticFiles.StaticFileMiddleware: The WebRootPath was not found: C:\rec\prg\repo\InventoryCtrl_2\src\Inventory.API\wwwroot. Static files may be unavailable.&#xD;
[14:37:02 WRN] Microsoft.AspNetCore.StaticFiles.StaticFileMiddleware: The WebRootPath was not found: C:\rec\prg\repo\InventoryCtrl_2\src\Inventory.API\wwwroot. Static files may be unavailable.&#xD;
[14:37:02 WRN] Microsoft.AspNetCore.StaticFiles.StaticFileMiddleware: The WebRootPath was not found: C:\rec\prg\repo\InventoryCtrl_2\src\Inventory.API\wwwroot. Static files may be unavailable.&#xD;
[14:37:02 INF] Program: ?? Inventory Control API starting...&#xD;
[14:37:02 INF] Program: ?? API running on configured ports&#xD;
[14:37:02 WRN] Microsoft.AspNetCore.StaticFiles.StaticFileMiddleware: The WebRootPath was not found: C:\rec\prg\repo\InventoryCtrl_2\src\Inventory.API\wwwroot. Static files may be unavailable.&#xD;
[14:37:02 INF] Program: ?? Inventory Control API starting...&#xD;
[14:37:02 INF] Program: ?? API running on configured ports&#xD;
[14:37:02 WRN] Microsoft.AspNetCore.StaticFiles.StaticFileMiddleware: The WebRootPath was not found: C:\rec\prg\repo\InventoryCtrl_2\src\Inventory.API\wwwroot. Static files may be unavailable.&#xD;
[14:37:02 WRN] Microsoft.AspNetCore.StaticFiles.StaticFileMiddleware: The WebRootPath was not found: C:\rec\prg\repo\InventoryCtrl_2\src\Inventory.API\wwwroot. Static files may be unavailable.&#xD;
[xUnit.net 00:00:51.91]       Npgsql.NpgsqlException : Failed to connect to 127.0.0.1:5433&#xD;
[xUnit.net 00:00:51.91]       ---- System.Net.Sockets.SocketException : Подключение не установлено, т.к. конечный компьютер отверг запрос на подключение.&#xD;
[xUnit.net 00:00:51.91]       Stack Trace:&#xD;
[xUnit.net 00:00:51.91]            at Npgsql.Internal.NpgsqlConnector.Connect(NpgsqlTimeout timeout)&#xD;
[xUnit.net 00:00:51.91]            at Npgsql.Internal.NpgsqlConnector.RawOpen(SslMode sslMode, NpgsqlTimeout timeout, Boolean async, CancellationToken cancellationToken, Boolean isFirstAttempt)&#xD;
[xUnit.net 00:00:51.91]            at Npgsql.Internal.NpgsqlConnector.&lt;Open&gt;g__OpenCore|213_1(NpgsqlConnector conn, SslMode sslMode, NpgsqlTimeout timeout, Boolean async, CancellationToken cancellationToken, Boolean isFirstAttempt)&#xD;
[xUnit.net 00:00:51.91]            at Npgsql.Internal.NpgsqlConnector.Open(NpgsqlTimeout timeout, Boolean async, CancellationToken cancellationToken)&#xD;
[xUnit.net 00:00:51.91]            at Npgsql.UnpooledDataSource.Get(NpgsqlConnection conn, NpgsqlTimeout timeout, Boolean async, CancellationToken cancellationToken)&#xD;
[xUnit.net 00:00:51.91]            at Npgsql.NpgsqlConnection.&lt;Open&gt;g__OpenAsync|42_0(Boolean async, CancellationToken cancellationToken)&#xD;
[xUnit.net 00:00:51.91]            at Npgsql.NpgsqlConnection.Open()&#xD;
[xUnit.net 00:00:51.91]            at Microsoft.EntityFrameworkCore.Storage.RelationalConnection.OpenDbConnection(Boolean errorsExpected)&#xD;
[xUnit.net 00:00:51.91]            at Microsoft.EntityFrameworkCore.Storage.RelationalConnection.OpenInternal(Boolean errorsExpected)&#xD;
[xUnit.net 00:00:51.91]            at Microsoft.EntityFrameworkCore.Storage.RelationalConnection.Open(Boolean errorsExpected)&#xD;
[xUnit.net 00:00:51.91]            at Npgsql.EntityFrameworkCore.PostgreSQL.Storage.Internal.NpgsqlDatabaseCreator.Exists(Boolean async, CancellationToken cancellationToken)&#xD;
[xUnit.net 00:00:51.91]            at Npgsql.EntityFrameworkCore.PostgreSQL.Storage.Internal.NpgsqlDatabaseCreator.Exists(Boolean async, CancellationToken cancellationToken)&#xD;
[xUnit.net 00:00:51.91]            at Npgsql.EntityFrameworkCore.PostgreSQL.Storage.Internal.NpgsqlDatabaseCreator.Exists()&#xD;
[xUnit.net 00:00:51.91]            at Microsoft.EntityFrameworkCore.Storage.RelationalDatabaseCreator.EnsureCreated()&#xD;
[xUnit.net 00:00:51.91]            at Microsoft.EntityFrameworkCore.Infrastructure.DatabaseFacade.EnsureCreated()&#xD;
[xUnit.net 00:00:51.91]         C:\rec\prg\repo\InventoryCtrl_2\test\Inventory.IntegrationTests\TestBase.cs(121,0): at Inventory.IntegrationTests.IntegrationTestBase..ctor(WebApplicationFactory`1 factory)&#xD;
[xUnit.net 00:00:51.91]         C:\rec\prg\repo\InventoryCtrl_2\test\Inventory.IntegrationTests\Controllers\WarehouseControllerIntegrationTests.cs(14,0): at Inventory.IntegrationTests.Controllers.WarehouseControllerIntegrationTests..ctor(WebApplicationFactory`1 factory)&#xD;
[xUnit.net 00:00:51.91]            at InvokeStub_WarehouseControllerIntegrationTests..ctor(Object, Span`1)&#xD;
[xUnit.net 00:00:51.91]            at System.Reflection.MethodBaseInvoker.InvokeWithOneArg(Object obj, BindingFlags invokeAttr, Binder binder, Object[] parameters, CultureInfo culture)&#xD;
[xUnit.net 00:00:51.91]         ----- Inner Stack Trace -----&#xD;
[xUnit.net 00:00:51.91]            at Npgsql.Internal.NpgsqlConnector.Connect(NpgsqlTimeout timeout)&#xD;
[14:37:06 INF] Program: JWT Configuration - Issuer: InventoryTest, Audience: InventoryTestUsers&#xD;
[14:37:06 WRN] Microsoft.AspNetCore.StaticFiles.StaticFileMiddleware: The WebRootPath was not found: C:\rec\prg\repo\InventoryCtrl_2\src\Inventory.API\wwwroot. Static files may be unavailable.&#xD;
[xUnit.net 00:00:51.94]       Npgsql.NpgsqlException : Failed to connect to 127.0.0.1:5433&#xD;
[xUnit.net 00:00:51.94]       ---- System.Net.Sockets.SocketException : Подключение не установлено, т.к. конечный компьютер отверг запрос на подключение.&#xD;
[xUnit.net 00:00:51.94]       Stack Trace:&#xD;
[xUnit.net 00:00:51.94]            at Npgsql.Internal.NpgsqlConnector.Connect(NpgsqlTimeout timeout)&#xD;
[xUnit.net 00:00:51.94]            at Npgsql.Internal.NpgsqlConnector.RawOpen(SslMode sslMode, NpgsqlTimeout timeout, Boolean async, CancellationToken cancellationToken, Boolean isFirstAttempt)&#xD;
[xUnit.net 00:00:51.94]            at Npgsql.Internal.NpgsqlConnector.&lt;Open&gt;g__OpenCore|213_1(NpgsqlConnector conn, SslMode sslMode, NpgsqlTimeout timeout, Boolean async, CancellationToken cancellationToken, Boolean isFirstAttempt)&#xD;
[xUnit.net 00:00:51.94]            at Npgsql.Internal.NpgsqlConnector.Open(NpgsqlTimeout timeout, Boolean async, CancellationToken cancellationToken)&#xD;
[xUnit.net 00:00:51.94]            at Npgsql.UnpooledDataSource.Get(NpgsqlConnection conn, NpgsqlTimeout timeout, Boolean async, CancellationToken cancellationToken)&#xD;
[xUnit.net 00:00:51.94]            at Npgsql.NpgsqlConnection.&lt;Open&gt;g__OpenAsync|42_0(Boolean async, CancellationToken cancellationToken)&#xD;
[xUnit.net 00:00:51.94]            at Npgsql.NpgsqlConnection.Open()&#xD;
[xUnit.net 00:00:51.94]            at Microsoft.EntityFrameworkCore.Storage.RelationalConnection.OpenDbConnection(Boolean errorsExpected)&#xD;
[xUnit.net 00:00:51.94]            at Microsoft.EntityFrameworkCore.Storage.RelationalConnection.OpenInternal(Boolean errorsExpected)&#xD;
[xUnit.net 00:00:51.94]            at Microsoft.EntityFrameworkCore.Storage.RelationalConnection.Open(Boolean errorsExpected)&#xD;
[xUnit.net 00:00:51.94]            at Npgsql.EntityFrameworkCore.PostgreSQL.Storage.Internal.NpgsqlDatabaseCreator.Exists(Boolean async, CancellationToken cancellationToken)&#xD;
[xUnit.net 00:00:51.94]            at Npgsql.EntityFrameworkCore.PostgreSQL.Storage.Internal.NpgsqlDatabaseCreator.Exists(Boolean async, CancellationToken cancellationToken)&#xD;
[xUnit.net 00:00:51.94]            at Npgsql.EntityFrameworkCore.PostgreSQL.Storage.Internal.NpgsqlDatabaseCreator.Exists()&#xD;
[xUnit.net 00:00:51.94]            at Microsoft.EntityFrameworkCore.Storage.RelationalDatabaseCreator.EnsureCreated()&#xD;
[xUnit.net 00:00:51.94]            at Microsoft.EntityFrameworkCore.Infrastructure.DatabaseFacade.EnsureCreated()&#xD;
[xUnit.net 00:00:51.94]         C:\rec\prg\repo\InventoryCtrl_2\test\Inventory.IntegrationTests\TestBase.cs(121,0): at Inventory.IntegrationTests.IntegrationTestBase..ctor(WebApplicationFactory`1 factory)&#xD;
[xUnit.net 00:00:51.94]         C:\rec\prg\repo\InventoryCtrl_2\test\Inventory.IntegrationTests\Controllers\CategoryControllerIntegrationTests.cs(13,0): at Inventory.IntegrationTests.Controllers.CategoryControllerIntegrationTestsNew..ctor(WebApplicationFactory`1 factory)&#xD;
[xUnit.net 00:00:51.94]            at InvokeStub_CategoryControllerIntegrationTestsNew..ctor(Object, Span`1)&#xD;
[xUnit.net 00:00:51.94]            at System.Reflection.MethodBaseInvoker.InvokeWithOneArg(Object obj, BindingFlags invokeAttr, Binder binder, Object[] parameters, CultureInfo culture)&#xD;
[xUnit.net 00:00:51.94]         ----- Inner Stack Trace -----&#xD;
[xUnit.net 00:00:51.94]            at Npgsql.Internal.NpgsqlConnector.Connect(NpgsqlTimeout timeout)&#xD;
[14:37:06 INF] Program: JWT Configuration - Issuer: InventoryTest, Audience: InventoryTestUsers&#xD;
[14:37:06 WRN] Microsoft.AspNetCore.StaticFiles.StaticFileMiddleware: The WebRootPath was not found: C:\rec\prg\repo\InventoryCtrl_2\src\Inventory.API\wwwroot. Static files may be unavailable.&#xD;
[14:37:06 INF] Program: ?? Inventory Control API starting...&#xD;
[14:37:06 INF] Program: ?? API running on configured ports&#xD;
[14:37:06 WRN] Microsoft.AspNetCore.StaticFiles.StaticFileMiddleware: The WebRootPath was not found: C:\rec\prg\repo\InventoryCtrl_2\src\Inventory.API\wwwroot. Static files may be unavailable.&#xD;
[14:37:06 WRN] Microsoft.AspNetCore.StaticFiles.StaticFileMiddleware: The WebRootPath was not found: C:\rec\prg\repo\InventoryCtrl_2\src\Inventory.API\wwwroot. Static files may be unavailable.&#xD;
[14:37:06 WRN] Microsoft.AspNetCore.StaticFiles.StaticFileMiddleware: The WebRootPath was not found: C:\rec\prg\repo\InventoryCtrl_2\src\Inventory.API\wwwroot. Static files may be unavailable.&#xD;
[14:37:06 INF] Program: ?? Inventory Control API starting...&#xD;
[14:37:06 INF] Program: ?? API running on configured ports&#xD;
[14:37:06 WRN] Microsoft.AspNetCore.StaticFiles.StaticFileMiddleware: The WebRootPath was not found: C:\rec\prg\repo\InventoryCtrl_2\src\Inventory.API\wwwroot. Static files may be unavailable.&#xD;
[xUnit.net 00:00:55.99]       Npgsql.NpgsqlException : Failed to connect to 127.0.0.1:5433&#xD;
[xUnit.net 00:00:55.99]       ---- System.Net.Sockets.SocketException : Подключение не установлено, т.к. конечный компьютер отверг запрос на подключение.&#xD;
[xUnit.net 00:00:55.99]       Stack Trace:&#xD;
[xUnit.net 00:00:55.99]            at Npgsql.Internal.NpgsqlConnector.Connect(NpgsqlTimeout timeout)&#xD;
[xUnit.net 00:00:55.99]            at Npgsql.Internal.NpgsqlConnector.RawOpen(SslMode sslMode, NpgsqlTimeout timeout, Boolean async, CancellationToken cancellationToken, Boolean isFirstAttempt)&#xD;
[xUnit.net 00:00:55.99]            at Npgsql.Internal.NpgsqlConnector.&lt;Open&gt;g__OpenCore|213_1(NpgsqlConnector conn, SslMode sslMode, NpgsqlTimeout timeout, Boolean async, CancellationToken cancellationToken, Boolean isFirstAttempt)&#xD;
[xUnit.net 00:00:55.99]            at Npgsql.Internal.NpgsqlConnector.Open(NpgsqlTimeout timeout, Boolean async, CancellationToken cancellationToken)&#xD;
[xUnit.net 00:00:55.99]            at Npgsql.UnpooledDataSource.Get(NpgsqlConnection conn, NpgsqlTimeout timeout, Boolean async, CancellationToken cancellationToken)&#xD;
[xUnit.net 00:00:55.99]            at Npgsql.NpgsqlConnection.&lt;Open&gt;g__OpenAsync|42_0(Boolean async, CancellationToken cancellationToken)&#xD;
[xUnit.net 00:00:55.99]            at Npgsql.NpgsqlConnection.Open()&#xD;
[xUnit.net 00:00:55.99]            at Microsoft.EntityFrameworkCore.Storage.RelationalConnection.OpenDbConnection(Boolean errorsExpected)&#xD;
[xUnit.net 00:00:55.99]            at Microsoft.EntityFrameworkCore.Storage.RelationalConnection.OpenInternal(Boolean errorsExpected)&#xD;
[xUnit.net 00:00:55.99]            at Microsoft.EntityFrameworkCore.Storage.RelationalConnection.Open(Boolean errorsExpected)&#xD;
[xUnit.net 00:00:55.99]            at Npgsql.EntityFrameworkCore.PostgreSQL.Storage.Internal.NpgsqlDatabaseCreator.Exists(Boolean async, CancellationToken cancellationToken)&#xD;
[xUnit.net 00:00:55.99]            at Npgsql.EntityFrameworkCore.PostgreSQL.Storage.Internal.NpgsqlDatabaseCreator.Exists(Boolean async, CancellationToken cancellationToken)&#xD;
[xUnit.net 00:00:55.99]            at Npgsql.EntityFrameworkCore.PostgreSQL.Storage.Internal.NpgsqlDatabaseCreator.Exists()&#xD;
[xUnit.net 00:00:55.99]            at Microsoft.EntityFrameworkCore.Storage.RelationalDatabaseCreator.EnsureCreated()&#xD;
[xUnit.net 00:00:55.99]            at Microsoft.EntityFrameworkCore.Infrastructure.DatabaseFacade.EnsureCreated()&#xD;
[xUnit.net 00:00:55.99]         C:\rec\prg\repo\InventoryCtrl_2\test\Inventory.IntegrationTests\TestBase.cs(121,0): at Inventory.IntegrationTests.IntegrationTestBase..ctor(WebApplicationFactory`1 factory)&#xD;
[xUnit.net 00:00:55.99]         C:\rec\prg\repo\InventoryCtrl_2\test\Inventory.IntegrationTests\Controllers\WarehouseControllerIntegrationTests.cs(14,0): at Inventory.IntegrationTests.Controllers.WarehouseControllerIntegrationTests..ctor(WebApplicationFactory`1 factory)&#xD;
[xUnit.net 00:00:55.99]            at InvokeStub_WarehouseControllerIntegrationTests..ctor(Object, Span`1)&#xD;
[xUnit.net 00:00:55.99]            at System.Reflection.MethodBaseInvoker.InvokeWithOneArg(Object obj, BindingFlags invokeAttr, Binder binder, Object[] parameters, CultureInfo culture)&#xD;
[xUnit.net 00:00:55.99]         ----- Inner Stack Trace -----&#xD;
[xUnit.net 00:00:55.99]            at Npgsql.Internal.NpgsqlConnector.Connect(NpgsqlTimeout timeout)&#xD;
[14:37:10 INF] Program: JWT Configuration - Issuer: InventoryTest, Audience: InventoryTestUsers&#xD;
[14:37:10 WRN] Microsoft.AspNetCore.StaticFiles.StaticFileMiddleware: The WebRootPath was not found: C:\rec\prg\repo\InventoryCtrl_2\src\Inventory.API\wwwroot. Static files may be unavailable.&#xD;
[14:37:10 WRN] Microsoft.AspNetCore.StaticFiles.StaticFileMiddleware: The WebRootPath was not found: C:\rec\prg\repo\InventoryCtrl_2\src\Inventory.API\wwwroot. Static files may be unavailable.&#xD;
[14:37:10 INF] Program: ?? Inventory Control API starting...&#xD;
[14:37:10 INF] Program: ?? API running on configured ports&#xD;
[xUnit.net 00:00:56.03]       Npgsql.NpgsqlException : Failed to connect to 127.0.0.1:5433&#xD;
[xUnit.net 00:00:56.03]       ---- System.Net.Sockets.SocketException : Подключение не установлено, т.к. конечный компьютер отверг запрос на подключение.&#xD;
[xUnit.net 00:00:56.03]       Stack Trace:&#xD;
[xUnit.net 00:00:56.03]            at Npgsql.Internal.NpgsqlConnector.Connect(NpgsqlTimeout timeout)&#xD;
[xUnit.net 00:00:56.03]            at Npgsql.Internal.NpgsqlConnector.RawOpen(SslMode sslMode, NpgsqlTimeout timeout, Boolean async, CancellationToken cancellationToken, Boolean isFirstAttempt)&#xD;
[xUnit.net 00:00:56.03]            at Npgsql.Internal.NpgsqlConnector.&lt;Open&gt;g__OpenCore|213_1(NpgsqlConnector conn, SslMode sslMode, NpgsqlTimeout timeout, Boolean async, CancellationToken cancellationToken, Boolean isFirstAttempt)&#xD;
[xUnit.net 00:00:56.03]            at Npgsql.Internal.NpgsqlConnector.Open(NpgsqlTimeout timeout, Boolean async, CancellationToken cancellationToken)&#xD;
[xUnit.net 00:00:56.03]            at Npgsql.UnpooledDataSource.Get(NpgsqlConnection conn, NpgsqlTimeout timeout, Boolean async, CancellationToken cancellationToken)&#xD;
[xUnit.net 00:00:56.03]            at Npgsql.NpgsqlConnection.&lt;Open&gt;g__OpenAsync|42_0(Boolean async, CancellationToken cancellationToken)&#xD;
[xUnit.net 00:00:56.03]            at Npgsql.NpgsqlConnection.Open()&#xD;
[xUnit.net 00:00:56.03]            at Microsoft.EntityFrameworkCore.Storage.RelationalConnection.OpenDbConnection(Boolean errorsExpected)&#xD;
[xUnit.net 00:00:56.03]            at Microsoft.EntityFrameworkCore.Storage.RelationalConnection.OpenInternal(Boolean errorsExpected)&#xD;
[xUnit.net 00:00:56.03]            at Microsoft.EntityFrameworkCore.Storage.RelationalConnection.Open(Boolean errorsExpected)&#xD;
[xUnit.net 00:00:56.03]            at Npgsql.EntityFrameworkCore.PostgreSQL.Storage.Internal.NpgsqlDatabaseCreator.Exists(Boolean async, CancellationToken cancellationToken)&#xD;
[xUnit.net 00:00:56.03]            at Npgsql.EntityFrameworkCore.PostgreSQL.Storage.Internal.NpgsqlDatabaseCreator.Exists(Boolean async, CancellationToken cancellationToken)&#xD;
[xUnit.net 00:00:56.03]            at Npgsql.EntityFrameworkCore.PostgreSQL.Storage.Internal.NpgsqlDatabaseCreator.Exists()&#xD;
[xUnit.net 00:00:56.03]            at Microsoft.EntityFrameworkCore.Storage.RelationalDatabaseCreator.EnsureCreated()&#xD;
[xUnit.net 00:00:56.03]            at Microsoft.EntityFrameworkCore.Infrastructure.DatabaseFacade.EnsureCreated()&#xD;
[xUnit.net 00:00:56.03]         C:\rec\prg\repo\InventoryCtrl_2\test\Inventory.IntegrationTests\TestBase.cs(121,0): at Inventory.IntegrationTests.IntegrationTestBase..ctor(WebApplicationFactory`1 factory)&#xD;
[xUnit.net 00:00:56.03]         C:\rec\prg\repo\InventoryCtrl_2\test\Inventory.IntegrationTests\Controllers\CategoryControllerIntegrationTests.cs(13,0): at Inventory.IntegrationTests.Controllers.CategoryControllerIntegrationTestsNew..ctor(WebApplicationFactory`1 factory)&#xD;
[xUnit.net 00:00:56.03]            at InvokeStub_CategoryControllerIntegrationTestsNew..ctor(Object, Span`1)&#xD;
[xUnit.net 00:00:56.03]            at System.Reflection.MethodBaseInvoker.InvokeWithOneArg(Object obj, BindingFlags invokeAttr, Binder binder, Object[] parameters, CultureInfo culture)&#xD;
[xUnit.net 00:00:56.03]         ----- Inner Stack Trace -----&#xD;
[xUnit.net 00:00:56.03]            at Npgsql.Internal.NpgsqlConnector.Connect(NpgsqlTimeout timeout)&#xD;
[14:37:10 WRN] Microsoft.AspNetCore.StaticFiles.StaticFileMiddleware: The WebRootPath was not found: C:\rec\prg\repo\InventoryCtrl_2\src\Inventory.API\wwwroot. Static files may be unavailable.&#xD;
[14:37:10 INF] Program: JWT Configuration - Issuer: InventoryTest, Audience: InventoryTestUsers&#xD;
[14:37:10 WRN] Microsoft.AspNetCore.StaticFiles.StaticFileMiddleware: The WebRootPath was not found: C:\rec\prg\repo\InventoryCtrl_2\src\Inventory.API\wwwroot. Static files may be unavailable.&#xD;
[14:37:10 WRN] Microsoft.AspNetCore.StaticFiles.StaticFileMiddleware: The WebRootPath was not found: C:\rec\prg\repo\InventoryCtrl_2\src\Inventory.API\wwwroot. Static files may be unavailable.&#xD;
[14:37:10 INF] Program: ?? Inventory Control API starting...&#xD;
[14:37:10 INF] Program: ?? API running on configured ports&#xD;
[14:37:10 WRN] Microsoft.AspNetCore.StaticFiles.StaticFileMiddleware: The WebRootPath was not found: C:\rec\prg\repo\InventoryCtrl_2\src\Inventory.API\wwwroot. Static files may be unavailable.&#xD;
[xUnit.net 00:01:00.09]       Npgsql.NpgsqlException : Failed to connect to 127.0.0.1:5433&#xD;
[xUnit.net 00:01:00.09]       ---- System.Net.Sockets.SocketException : Подключение не установлено, т.к. конечный компьютер отверг запрос на подключение.&#xD;
[xUnit.net 00:01:00.09]       Stack Trace:&#xD;
[xUnit.net 00:01:00.09]            at Npgsql.Internal.NpgsqlConnector.Connect(NpgsqlTimeout timeout)&#xD;
[xUnit.net 00:01:00.09]            at Npgsql.Internal.NpgsqlConnector.RawOpen(SslMode sslMode, NpgsqlTimeout timeout, Boolean async, CancellationToken cancellationToken, Boolean isFirstAttempt)&#xD;
[xUnit.net 00:01:00.09]            at Npgsql.Internal.NpgsqlConnector.&lt;Open&gt;g__OpenCore|213_1(NpgsqlConnector conn, SslMode sslMode, NpgsqlTimeout timeout, Boolean async, CancellationToken cancellationToken, Boolean isFirstAttempt)&#xD;
[xUnit.net 00:01:00.09]            at Npgsql.Internal.NpgsqlConnector.Open(NpgsqlTimeout timeout, Boolean async, CancellationToken cancellationToken)&#xD;
[xUnit.net 00:01:00.09]            at Npgsql.UnpooledDataSource.Get(NpgsqlConnection conn, NpgsqlTimeout timeout, Boolean async, CancellationToken cancellationToken)&#xD;
[xUnit.net 00:01:00.09]            at Npgsql.NpgsqlConnection.&lt;Open&gt;g__OpenAsync|42_0(Boolean async, CancellationToken cancellationToken)&#xD;
[xUnit.net 00:01:00.09]            at Npgsql.NpgsqlConnection.Open()&#xD;
[xUnit.net 00:01:00.09]            at Microsoft.EntityFrameworkCore.Storage.RelationalConnection.OpenDbConnection(Boolean errorsExpected)&#xD;
[xUnit.net 00:01:00.09]            at Microsoft.EntityFrameworkCore.Storage.RelationalConnection.OpenInternal(Boolean errorsExpected)&#xD;
[xUnit.net 00:01:00.09]            at Microsoft.EntityFrameworkCore.Storage.RelationalConnection.Open(Boolean errorsExpected)&#xD;
[xUnit.net 00:01:00.09]            at Npgsql.EntityFrameworkCore.PostgreSQL.Storage.Internal.NpgsqlDatabaseCreator.Exists(Boolean async, CancellationToken cancellationToken)&#xD;
[xUnit.net 00:01:00.09]            at Npgsql.EntityFrameworkCore.PostgreSQL.Storage.Internal.NpgsqlDatabaseCreator.Exists(Boolean async, CancellationToken cancellationToken)&#xD;
[xUnit.net 00:01:00.09]            at Npgsql.EntityFrameworkCore.PostgreSQL.Storage.Internal.NpgsqlDatabaseCreator.Exists()&#xD;
[xUnit.net 00:01:00.09]            at Microsoft.EntityFrameworkCore.Storage.RelationalDatabaseCreator.EnsureCreated()&#xD;
[xUnit.net 00:01:00.09]            at Microsoft.EntityFrameworkCore.Infrastructure.DatabaseFacade.EnsureCreated()&#xD;
[xUnit.net 00:01:00.09]         C:\rec\prg\repo\InventoryCtrl_2\test\Inventory.IntegrationTests\TestBase.cs(121,0): at Inventory.IntegrationTests.IntegrationTestBase..ctor(WebApplicationFactory`1 factory)&#xD;
[xUnit.net 00:01:00.09]         C:\rec\prg\repo\InventoryCtrl_2\test\Inventory.IntegrationTests\Controllers\WarehouseControllerIntegrationTests.cs(14,0): at Inventory.IntegrationTests.Controllers.WarehouseControllerIntegrationTests..ctor(WebApplicationFactory`1 factory)&#xD;
[xUnit.net 00:01:00.09]            at InvokeStub_WarehouseControllerIntegrationTests..ctor(Object, Span`1)&#xD;
[xUnit.net 00:01:00.09]            at System.Reflection.MethodBaseInvoker.InvokeWithOneArg(Object obj, BindingFlags invokeAttr, Binder binder, Object[] parameters, CultureInfo culture)&#xD;
[xUnit.net 00:01:00.09]         ----- Inner Stack Trace -----&#xD;
[xUnit.net 00:01:00.09]            at Npgsql.Internal.NpgsqlConnector.Connect(NpgsqlTimeout timeout)&#xD;
[xUnit.net 00:01:00.11]       Npgsql.NpgsqlException : Failed to connect to 127.0.0.1:5433&#xD;
[xUnit.net 00:01:00.11]       ---- System.Net.Sockets.SocketException : Подключение не установлено, т.к. конечный компьютер отверг запрос на подключение.&#xD;
[xUnit.net 00:01:00.11]       Stack Trace:&#xD;
[xUnit.net 00:01:00.11]            at Npgsql.Internal.NpgsqlConnector.Connect(NpgsqlTimeout timeout)&#xD;
[xUnit.net 00:01:00.11]            at Npgsql.Internal.NpgsqlConnector.RawOpen(SslMode sslMode, NpgsqlTimeout timeout, Boolean async, CancellationToken cancellationToken, Boolean isFirstAttempt)&#xD;
[xUnit.net 00:01:00.11]            at Npgsql.Internal.NpgsqlConnector.&lt;Open&gt;g__OpenCore|213_1(NpgsqlConnector conn, SslMode sslMode, NpgsqlTimeout timeout, Boolean async, CancellationToken cancellationToken, Boolean isFirstAttempt)&#xD;
[xUnit.net 00:01:00.11]            at Npgsql.Internal.NpgsqlConnector.Open(NpgsqlTimeout timeout, Boolean async, CancellationToken cancellationToken)&#xD;
[xUnit.net 00:01:00.11]            at Npgsql.UnpooledDataSource.Get(NpgsqlConnection conn, NpgsqlTimeout timeout, Boolean async, CancellationToken cancellationToken)&#xD;
[xUnit.net 00:01:00.11]            at Npgsql.NpgsqlConnection.&lt;Open&gt;g__OpenAsync|42_0(Boolean async, CancellationToken cancellationToken)&#xD;
[xUnit.net 00:01:00.11]            at Npgsql.NpgsqlConnection.Open()&#xD;
[xUnit.net 00:01:00.11]            at Microsoft.EntityFrameworkCore.Storage.RelationalConnection.OpenDbConnection(Boolean errorsExpected)&#xD;
[xUnit.net 00:01:00.11]            at Microsoft.EntityFrameworkCore.Storage.RelationalConnection.OpenInternal(Boolean errorsExpected)&#xD;
[xUnit.net 00:01:00.11]            at Microsoft.EntityFrameworkCore.Storage.RelationalConnection.Open(Boolean errorsExpected)&#xD;
[xUnit.net 00:01:00.11]            at Npgsql.EntityFrameworkCore.PostgreSQL.Storage.Internal.NpgsqlDatabaseCreator.Exists(Boolean async, CancellationToken cancellationToken)&#xD;
[xUnit.net 00:01:00.11]            at Npgsql.EntityFrameworkCore.PostgreSQL.Storage.Internal.NpgsqlDatabaseCreator.Exists(Boolean async, CancellationToken cancellationToken)&#xD;
[xUnit.net 00:01:00.11]            at Npgsql.EntityFrameworkCore.PostgreSQL.Storage.Internal.NpgsqlDatabaseCreator.Exists()&#xD;
[xUnit.net 00:01:00.11]            at Microsoft.EntityFrameworkCore.Storage.RelationalDatabaseCreator.EnsureCreated()&#xD;
[xUnit.net 00:01:00.11]            at Microsoft.EntityFrameworkCore.Infrastructure.DatabaseFacade.EnsureCreated()&#xD;
[xUnit.net 00:01:00.11]         C:\rec\prg\repo\InventoryCtrl_2\test\Inventory.IntegrationTests\TestBase.cs(121,0): at Inventory.IntegrationTests.IntegrationTestBase..ctor(WebApplicationFactory`1 factory)&#xD;
[xUnit.net 00:01:00.11]         C:\rec\prg\repo\InventoryCtrl_2\test\Inventory.IntegrationTests\Controllers\CategoryControllerIntegrationTests.cs(13,0): at Inventory.IntegrationTests.Controllers.CategoryControllerIntegrationTestsNew..ctor(WebApplicationFactory`1 factory)&#xD;
[xUnit.net 00:01:00.11]            at InvokeStub_CategoryControllerIntegrationTestsNew..ctor(Object, Span`1)&#xD;
[xUnit.net 00:01:00.11]            at System.Reflection.MethodBaseInvoker.InvokeWithOneArg(Object obj, BindingFlags invokeAttr, Binder binder, Object[] parameters, CultureInfo culture)&#xD;
[xUnit.net 00:01:00.11]         ----- Inner Stack Trace -----&#xD;
[xUnit.net 00:01:00.11]            at Npgsql.Internal.NpgsqlConnector.Connect(NpgsqlTimeout timeout)&#xD;
[xUnit.net 00:01:00.11]   Finished:    Inventory.IntegrationTests&#xD;
</StdOut>
    </Output>
    <RunInfos>
      <RunInfo computerName="DESKTOP-N3ISHK5" outcome="Error" timestamp="2025-10-07T14:36:15.9262986+03:00">
        <Text>[xUnit.net 00:00:01.14]     Inventory.IntegrationTests.Controllers.SSLCertificateControllerTests.DeleteCertificate_ShouldReturnNoContent_WhenCertificateExists [FAIL]</Text>
      </RunInfo>
      <RunInfo computerName="DESKTOP-N3ISHK5" outcome="Error" timestamp="2025-10-07T14:36:16.0737993+03:00">
        <Text>[xUnit.net 00:00:01.29]     Inventory.IntegrationTests.Controllers.SSLCertificateControllerTests.GetCertificate_ShouldReturnNotFound_WhenCertificateDoesNotExist [FAIL]</Text>
      </RunInfo>
      <RunInfo computerName="DESKTOP-N3ISHK5" outcome="Error" timestamp="2025-10-07T14:36:16.2273077+03:00">
        <Text>[xUnit.net 00:00:01.44]     Inventory.IntegrationTests.Controllers.SSLCertificateControllerTests.DeleteCertificate_ShouldReturnNotFound_WhenCertificateDoesNotExist [FAIL]</Text>
      </RunInfo>
      <RunInfo computerName="DESKTOP-N3ISHK5" outcome="Error" timestamp="2025-10-07T14:36:16.3945118+03:00">
        <Text>[xUnit.net 00:00:01.61]     Inventory.IntegrationTests.Controllers.SSLCertificateControllerTests.GenerateCertificate_ShouldReturnBadRequest_WhenRequestIsInvalid [FAIL]</Text>
      </RunInfo>
      <RunInfo computerName="DESKTOP-N3ISHK5" outcome="Error" timestamp="2025-10-07T14:36:16.5036060+03:00">
        <Text>[xUnit.net 00:00:01.72]     Inventory.IntegrationTests.Controllers.SSLCertificateControllerTests.GetCertificates_ShouldReturnOk_WhenCertificatesExist [FAIL]</Text>
      </RunInfo>
      <RunInfo computerName="DESKTOP-N3ISHK5" outcome="Error" timestamp="2025-10-07T14:36:16.6153295+03:00">
        <Text>[xUnit.net 00:00:01.83]     Inventory.IntegrationTests.Controllers.SSLCertificateControllerTests.RenewCertificate_ShouldReturnNotFound_WhenCertificateDoesNotExist [FAIL]</Text>
      </RunInfo>
      <RunInfo computerName="DESKTOP-N3ISHK5" outcome="Error" timestamp="2025-10-07T14:36:16.7268421+03:00">
        <Text>[xUnit.net 00:00:01.94]     Inventory.IntegrationTests.Controllers.SSLCertificateControllerTests.ValidateCertificate_ShouldReturnOk_WhenCertificateExists [FAIL]</Text>
      </RunInfo>
      <RunInfo computerName="DESKTOP-N3ISHK5" outcome="Error" timestamp="2025-10-07T14:36:16.8334792+03:00">
        <Text>[xUnit.net 00:00:02.05]     Inventory.IntegrationTests.Controllers.SSLCertificateControllerTests.RenewCertificate_ShouldReturnOk_WhenCertificateExists [FAIL]</Text>
      </RunInfo>
      <RunInfo computerName="DESKTOP-N3ISHK5" outcome="Error" timestamp="2025-10-07T14:36:16.9509766+03:00">
        <Text>[xUnit.net 00:00:02.17]     Inventory.IntegrationTests.Controllers.SSLCertificateControllerTests.GetCertificate_ShouldReturnOk_WhenCertificateExists [FAIL]</Text>
      </RunInfo>
      <RunInfo computerName="DESKTOP-N3ISHK5" outcome="Error" timestamp="2025-10-07T14:36:17.0858710+03:00">
        <Text>[xUnit.net 00:00:02.30]     Inventory.IntegrationTests.Controllers.SSLCertificateControllerTests.ValidateCertificate_ShouldReturnNotFound_WhenCertificateDoesNotExist [FAIL]</Text>
      </RunInfo>
      <RunInfo computerName="DESKTOP-N3ISHK5" outcome="Error" timestamp="2025-10-07T14:36:17.2350515+03:00">
        <Text>[xUnit.net 00:00:02.45]     Inventory.IntegrationTests.Controllers.SSLCertificateControllerTests.GetCertificateHealth_ShouldReturnOk [FAIL]</Text>
      </RunInfo>
      <RunInfo computerName="DESKTOP-N3ISHK5" outcome="Error" timestamp="2025-10-07T14:36:17.3258998+03:00">
        <Text>[xUnit.net 00:00:02.54]     Inventory.IntegrationTests.Controllers.AuditControllerTests.GetAuditLogs_WithAuthentication_ShouldReturnAuditLogs [FAIL]</Text>
      </RunInfo>
      <RunInfo computerName="DESKTOP-N3ISHK5" outcome="Error" timestamp="2025-10-07T14:36:17.3512236+03:00">
        <Text>[xUnit.net 00:00:02.57]     Inventory.IntegrationTests.Controllers.SSLCertificateControllerTests.GenerateCertificate_ShouldReturnOk_WhenRequestIsValid [FAIL]</Text>
      </RunInfo>
      <RunInfo computerName="DESKTOP-N3ISHK5" outcome="Error" timestamp="2025-10-07T14:36:17.4611433+03:00">
        <Text>[xUnit.net 00:00:02.68]     Inventory.IntegrationTests.Controllers.AuditControllerTests.GetUserAuditLogs_ShouldReturnUserLogs [FAIL]</Text>
      </RunInfo>
      <RunInfo computerName="DESKTOP-N3ISHK5" outcome="Error" timestamp="2025-10-07T14:36:17.7675583+03:00">
        <Text>[xUnit.net 00:00:02.98]     Inventory.IntegrationTests.Controllers.AuditControllerTests.GetAuditStatistics_ShouldReturnStatistics [FAIL]</Text>
      </RunInfo>
      <RunInfo computerName="DESKTOP-N3ISHK5" outcome="Error" timestamp="2025-10-07T14:36:17.8837064+03:00">
        <Text>[xUnit.net 00:00:03.10]     Inventory.IntegrationTests.Controllers.AuditControllerTests.GetEntityAuditLogs_ShouldReturnEntityLogs [FAIL]</Text>
      </RunInfo>
      <RunInfo computerName="DESKTOP-N3ISHK5" outcome="Error" timestamp="2025-10-07T14:36:17.9958804+03:00">
        <Text>[xUnit.net 00:00:03.21]     Inventory.IntegrationTests.Controllers.AuditControllerTests.GetAuditLogs_WithFilters_ShouldReturnFilteredLogs [FAIL]</Text>
      </RunInfo>
      <RunInfo computerName="DESKTOP-N3ISHK5" outcome="Error" timestamp="2025-10-07T14:36:18.0988071+03:00">
        <Text>[xUnit.net 00:00:03.31]     Inventory.IntegrationTests.Controllers.AuditControllerTests.CleanupOldLogs_AsAdmin_ShouldReturnCleanupResult [FAIL]</Text>
      </RunInfo>
      <RunInfo computerName="DESKTOP-N3ISHK5" outcome="Error" timestamp="2025-10-07T14:36:21.2104191+03:00">
        <Text>[xUnit.net 00:00:06.43]     Inventory.IntegrationTests.Controllers.WarehouseControllerIntegrationTests.GetWarehouses_WithIsActiveFilter_ShouldReturnFilteredResults [FAIL]</Text>
      </RunInfo>
      <RunInfo computerName="DESKTOP-N3ISHK5" outcome="Error" timestamp="2025-10-07T14:36:21.2129970+03:00">
        <Text>[xUnit.net 00:00:06.43]     Inventory.IntegrationTests.Controllers.AuthControllerIntegrationTestsNew.Login_WithInvalidCredentials_ShouldReturnUnauthorized [FAIL]</Text>
      </RunInfo>
      <RunInfo computerName="DESKTOP-N3ISHK5" outcome="Error" timestamp="2025-10-07T14:36:21.2148720+03:00">
        <Text>[xUnit.net 00:00:06.43]     Inventory.IntegrationTests.Controllers.ManufacturerControllerIntegrationTests.CreateManufacturer_WithDuplicateName_ShouldReturnBadRequest [FAIL]</Text>
      </RunInfo>
      <RunInfo computerName="DESKTOP-N3ISHK5" outcome="Error" timestamp="2025-10-07T14:36:21.2165627+03:00">
        <Text>[xUnit.net 00:00:06.43]     Inventory.IntegrationTests.Controllers.CategoryControllerIntegrationTestsNew.UpdateCategory_WithInvalidId_ShouldReturnNotFound [FAIL]</Text>
      </RunInfo>
      <RunInfo computerName="DESKTOP-N3ISHK5" outcome="Error" timestamp="2025-10-07T14:36:21.2180346+03:00">
        <Text>[xUnit.net 00:00:06.43]     Inventory.IntegrationTests.Controllers.DashboardControllerIntegrationTestsNew.GetLowStockProducts_WithNoLowStockProducts_ShouldReturnEmptyList [FAIL]</Text>
      </RunInfo>
      <RunInfo computerName="DESKTOP-N3ISHK5" outcome="Error" timestamp="2025-10-07T14:36:21.2287710+03:00">
        <Text>[xUnit.net 00:00:06.44]     Inventory.IntegrationTests.RequestCreation.RequestCreationFlowTests.CreateRequest_WithValidData_ShouldSucceedWithoutCircularReferenceError [FAIL]</Text>
      </RunInfo>
      <RunInfo computerName="DESKTOP-N3ISHK5" outcome="Error" timestamp="2025-10-07T14:36:25.3738138+03:00">
        <Text>[xUnit.net 00:00:10.59]     Inventory.IntegrationTests.RequestCreation.RequestCreationFlowTests.CreateRequestAndAddItems_ShouldHandleComplexObjectGraphs [FAIL]</Text>
      </RunInfo>
      <RunInfo computerName="DESKTOP-N3ISHK5" outcome="Error" timestamp="2025-10-07T14:36:25.4266573+03:00">
        <Text>[xUnit.net 00:00:10.64]     Inventory.IntegrationTests.Controllers.ManufacturerControllerIntegrationTests.DeleteManufacturer_WithProducts_ShouldReturnBadRequest [FAIL]</Text>
      </RunInfo>
      <RunInfo computerName="DESKTOP-N3ISHK5" outcome="Error" timestamp="2025-10-07T14:36:25.4281122+03:00">
        <Text>[xUnit.net 00:00:10.64]     Inventory.IntegrationTests.Controllers.DashboardControllerIntegrationTestsNew.GetLowStockProducts_WithValidData_ShouldReturnLowStockProducts [FAIL]</Text>
      </RunInfo>
      <RunInfo computerName="DESKTOP-N3ISHK5" outcome="Error" timestamp="2025-10-07T14:36:25.4400201+03:00">
        <Text>[xUnit.net 00:00:10.65]     Inventory.IntegrationTests.Controllers.WarehouseControllerIntegrationTests.GetWarehouse_WithInvalidId_ShouldReturnNotFound [FAIL]</Text>
      </RunInfo>
      <RunInfo computerName="DESKTOP-N3ISHK5" outcome="Error" timestamp="2025-10-07T14:36:25.4415572+03:00">
        <Text>[xUnit.net 00:00:10.66]     Inventory.IntegrationTests.Controllers.AuthControllerIntegrationTestsNew.Register_WithValidData_ShouldCreateUser [FAIL]</Text>
      </RunInfo>
      <RunInfo computerName="DESKTOP-N3ISHK5" outcome="Error" timestamp="2025-10-07T14:36:25.4478864+03:00">
        <Text>[xUnit.net 00:00:10.66]     Inventory.IntegrationTests.Controllers.CategoryControllerIntegrationTestsNew.CreateCategory_WithInvalidParentId_ShouldReturnBadRequest [FAIL]</Text>
      </RunInfo>
      <RunInfo computerName="DESKTOP-N3ISHK5" outcome="Error" timestamp="2025-10-07T14:36:29.4329144+03:00">
        <Text>[xUnit.net 00:00:14.65]     Inventory.IntegrationTests.RequestCreation.RequestCreationFlowTests.CreateRequest_ShouldNotCauseAuditSerializationErrors [FAIL]</Text>
      </RunInfo>
      <RunInfo computerName="DESKTOP-N3ISHK5" outcome="Error" timestamp="2025-10-07T14:36:29.6124212+03:00">
        <Text>[xUnit.net 00:00:14.83]     Inventory.IntegrationTests.Controllers.ManufacturerControllerIntegrationTests.DeleteManufacturer_WithValidId_ShouldDeleteManufacturer [FAIL]</Text>
      </RunInfo>
      <RunInfo computerName="DESKTOP-N3ISHK5" outcome="Error" timestamp="2025-10-07T14:36:29.6162006+03:00">
        <Text>[xUnit.net 00:00:14.83]     Inventory.IntegrationTests.Controllers.WarehouseControllerIntegrationTests.CreateWarehouse_WithValidData_ShouldCreateWarehouse [FAIL]</Text>
      </RunInfo>
      <RunInfo computerName="DESKTOP-N3ISHK5" outcome="Error" timestamp="2025-10-07T14:36:29.6349852+03:00">
        <Text>[xUnit.net 00:00:14.85]     Inventory.IntegrationTests.Controllers.DashboardControllerIntegrationTestsNew.GetDashboardStats_WithoutAuthentication_ShouldReturnUnauthorized [FAIL]</Text>
      </RunInfo>
      <RunInfo computerName="DESKTOP-N3ISHK5" outcome="Error" timestamp="2025-10-07T14:36:29.6654920+03:00">
        <Text>[xUnit.net 00:00:14.88]     Inventory.IntegrationTests.Controllers.CategoryControllerIntegrationTestsNew.GetCategories_WithoutAuthentication_ShouldReturnUnauthorized [FAIL]</Text>
      </RunInfo>
      <RunInfo computerName="DESKTOP-N3ISHK5" outcome="Error" timestamp="2025-10-07T14:36:29.6665538+03:00">
        <Text>[xUnit.net 00:00:14.88]     Inventory.IntegrationTests.Controllers.AuthControllerIntegrationTestsNew.Login_WithEmptyCredentials_ShouldReturnBadRequest [FAIL]</Text>
      </RunInfo>
      <RunInfo computerName="DESKTOP-N3ISHK5" outcome="Error" timestamp="2025-10-07T14:36:33.8064047+03:00">
        <Text>[xUnit.net 00:00:19.02]     Inventory.IntegrationTests.Controllers.ManufacturerControllerIntegrationTests.GetManufacturers_WithValidData_ShouldReturnManufacturers [FAIL]</Text>
      </RunInfo>
      <RunInfo computerName="DESKTOP-N3ISHK5" outcome="Error" timestamp="2025-10-07T14:36:33.8079830+03:00">
        <Text>[xUnit.net 00:00:19.02]     Inventory.IntegrationTests.Controllers.WarehouseControllerIntegrationTests.GetWarehouse_WithValidId_ShouldReturnWarehouse [FAIL]</Text>
      </RunInfo>
      <RunInfo computerName="DESKTOP-N3ISHK5" outcome="Error" timestamp="2025-10-07T14:36:33.8088387+03:00">
        <Text>[xUnit.net 00:00:19.02]     Inventory.IntegrationTests.Controllers.DashboardControllerIntegrationTestsNew.GetDashboardStats_WithEmptyDatabase_ShouldReturnZeroStats [FAIL]</Text>
      </RunInfo>
      <RunInfo computerName="DESKTOP-N3ISHK5" outcome="Error" timestamp="2025-10-07T14:36:33.8112579+03:00">
        <Text>[xUnit.net 00:00:19.03]     Inventory.IntegrationTests.Controllers.AuthControllerIntegrationTestsNew.Login_WithValidCredentials_ShouldReturnToken [FAIL]</Text>
      </RunInfo>
      <RunInfo computerName="DESKTOP-N3ISHK5" outcome="Error" timestamp="2025-10-07T14:36:33.8113246+03:00">
        <Text>[xUnit.net 00:00:19.03]     Inventory.IntegrationTests.Controllers.CategoryControllerIntegrationTestsNew.DeleteCategory_WithValidId_ShouldDeleteCategory [FAIL]</Text>
      </RunInfo>
      <RunInfo computerName="DESKTOP-N3ISHK5" outcome="Error" timestamp="2025-10-07T14:36:37.9472298+03:00">
        <Text>[xUnit.net 00:00:23.16]     Inventory.IntegrationTests.Controllers.DashboardControllerIntegrationTestsNew.GetRecentActivity_WithValidData_ShouldReturnActivity [FAIL]</Text>
      </RunInfo>
      <RunInfo computerName="DESKTOP-N3ISHK5" outcome="Error" timestamp="2025-10-07T14:36:37.9481667+03:00">
        <Text>[xUnit.net 00:00:23.16]     Inventory.IntegrationTests.Controllers.ManufacturerControllerIntegrationTests.UpdateManufacturer_WithInvalidId_ShouldReturnNotFound [FAIL]</Text>
      </RunInfo>
      <RunInfo computerName="DESKTOP-N3ISHK5" outcome="Error" timestamp="2025-10-07T14:36:37.9819270+03:00">
        <Text>[xUnit.net 00:00:23.20]     Inventory.IntegrationTests.Controllers.CategoryControllerIntegrationTestsNew.GetCategory_WithInvalidId_ShouldReturnNotFound [FAIL]</Text>
      </RunInfo>
      <RunInfo computerName="DESKTOP-N3ISHK5" outcome="Error" timestamp="2025-10-07T14:36:37.9831764+03:00">
        <Text>[xUnit.net 00:00:23.20]     Inventory.IntegrationTests.Controllers.AuthControllerIntegrationTestsNew.Register_WithInvalidData_ShouldReturnBadRequest [FAIL]</Text>
      </RunInfo>
      <RunInfo computerName="DESKTOP-N3ISHK5" outcome="Error" timestamp="2025-10-07T14:36:37.9838515+03:00">
        <Text>[xUnit.net 00:00:23.20]     Inventory.IntegrationTests.Controllers.WarehouseControllerIntegrationTests.GetWarehouses_WithSearchFilter_ShouldReturnFilteredResults [FAIL]</Text>
      </RunInfo>
      <RunInfo computerName="DESKTOP-N3ISHK5" outcome="Error" timestamp="2025-10-07T14:36:42.0804090+03:00">
        <Text>[xUnit.net 00:00:27.30]     Inventory.IntegrationTests.Controllers.ManufacturerControllerIntegrationTests.UpdateManufacturer_WithValidData_ShouldUpdateManufacturer [FAIL]</Text>
      </RunInfo>
      <RunInfo computerName="DESKTOP-N3ISHK5" outcome="Error" timestamp="2025-10-07T14:36:42.1021382+03:00">
        <Text>[xUnit.net 00:00:27.32]     Inventory.IntegrationTests.Controllers.AuthControllerIntegrationTestsNew.Register_WithExistingUsername_ShouldReturnBadRequest [FAIL]</Text>
      </RunInfo>
      <RunInfo computerName="DESKTOP-N3ISHK5" outcome="Error" timestamp="2025-10-07T14:36:42.1224080+03:00">
        <Text>[xUnit.net 00:00:27.34]     Inventory.IntegrationTests.Controllers.DashboardControllerIntegrationTestsNew.GetDashboardStats_WithValidData_ShouldReturnStats [FAIL]</Text>
      </RunInfo>
      <RunInfo computerName="DESKTOP-N3ISHK5" outcome="Error" timestamp="2025-10-07T14:36:42.1386339+03:00">
        <Text>[xUnit.net 00:00:27.35]     Inventory.IntegrationTests.Controllers.CategoryControllerIntegrationTestsNew.GetCategory_WithValidId_ShouldReturnCategory [FAIL]</Text>
      </RunInfo>
      <RunInfo computerName="DESKTOP-N3ISHK5" outcome="Error" timestamp="2025-10-07T14:36:42.1393231+03:00">
        <Text>[xUnit.net 00:00:27.35]     Inventory.IntegrationTests.Controllers.WarehouseControllerIntegrationTests.DeleteWarehouse_WithTransactions_ShouldReturnBadRequest [FAIL]</Text>
      </RunInfo>
      <RunInfo computerName="DESKTOP-N3ISHK5" outcome="Error" timestamp="2025-10-07T14:36:46.1787592+03:00">
        <Text>[xUnit.net 00:00:31.39]     Inventory.IntegrationTests.Controllers.ManufacturerControllerIntegrationTests.GetManufacturer_WithInvalidId_ShouldReturnNotFound [FAIL]</Text>
      </RunInfo>
      <RunInfo computerName="DESKTOP-N3ISHK5" outcome="Error" timestamp="2025-10-07T14:36:46.2300905+03:00">
        <Text>[xUnit.net 00:00:31.45]     Inventory.IntegrationTests.Controllers.WarehouseControllerIntegrationTests.CreateWarehouse_WithDuplicateName_ShouldReturnBadRequest [FAIL]</Text>
      </RunInfo>
      <RunInfo computerName="DESKTOP-N3ISHK5" outcome="Error" timestamp="2025-10-07T14:36:46.2312480+03:00">
        <Text>[xUnit.net 00:00:31.45]     Inventory.IntegrationTests.Controllers.CategoryControllerIntegrationTestsNew.GetSubCategories_WithValidParentId_ShouldReturnSubcategories [FAIL]</Text>
      </RunInfo>
      <RunInfo computerName="DESKTOP-N3ISHK5" outcome="Error" timestamp="2025-10-07T14:36:50.2720725+03:00">
        <Text>[xUnit.net 00:00:35.49]     Inventory.IntegrationTests.Controllers.ManufacturerControllerIntegrationTests.GetManufacturer_WithValidId_ShouldReturnManufacturer [FAIL]</Text>
      </RunInfo>
      <RunInfo computerName="DESKTOP-N3ISHK5" outcome="Error" timestamp="2025-10-07T14:36:50.3218079+03:00">
        <Text>[xUnit.net 00:00:35.54]     Inventory.IntegrationTests.Controllers.WarehouseControllerIntegrationTests.GetWarehouses_WithPagination_ShouldReturnPagedResults [FAIL]</Text>
      </RunInfo>
      <RunInfo computerName="DESKTOP-N3ISHK5" outcome="Error" timestamp="2025-10-07T14:36:50.3224614+03:00">
        <Text>[xUnit.net 00:00:35.54]     Inventory.IntegrationTests.Controllers.CategoryControllerIntegrationTestsNew.GetRootCategories_WithValidData_ShouldReturnRootCategories [FAIL]</Text>
      </RunInfo>
      <RunInfo computerName="DESKTOP-N3ISHK5" outcome="Error" timestamp="2025-10-07T14:36:54.3721002+03:00">
        <Text>[xUnit.net 00:00:39.59]     Inventory.IntegrationTests.Controllers.ManufacturerControllerIntegrationTests.DeleteManufacturer_WithInvalidId_ShouldReturnNotFound [FAIL]</Text>
      </RunInfo>
      <RunInfo computerName="DESKTOP-N3ISHK5" outcome="Error" timestamp="2025-10-07T14:36:54.4299341+03:00">
        <Text>[xUnit.net 00:00:39.64]     Inventory.IntegrationTests.Controllers.WarehouseControllerIntegrationTests.DeleteWarehouse_WithInvalidId_ShouldReturnNotFound [FAIL]</Text>
      </RunInfo>
      <RunInfo computerName="DESKTOP-N3ISHK5" outcome="Error" timestamp="2025-10-07T14:36:54.4468065+03:00">
        <Text>[xUnit.net 00:00:39.66]     Inventory.IntegrationTests.Controllers.CategoryControllerIntegrationTestsNew.GetCategories_WithEmptyDatabase_ShouldReturnEmptyList [FAIL]</Text>
      </RunInfo>
      <RunInfo computerName="DESKTOP-N3ISHK5" outcome="Error" timestamp="2025-10-07T14:36:58.4385556+03:00">
        <Text>[xUnit.net 00:00:43.65]     Inventory.IntegrationTests.Controllers.ManufacturerControllerIntegrationTests.GetManufacturers_WithEmptyDatabase_ShouldReturnEmptyList [FAIL]</Text>
      </RunInfo>
      <RunInfo computerName="DESKTOP-N3ISHK5" outcome="Error" timestamp="2025-10-07T14:36:58.4920930+03:00">
        <Text>[xUnit.net 00:00:43.71]     Inventory.IntegrationTests.Controllers.WarehouseControllerIntegrationTests.DeleteWarehouse_WithValidId_ShouldSoftDeleteWarehouse [FAIL]</Text>
      </RunInfo>
      <RunInfo computerName="DESKTOP-N3ISHK5" outcome="Error" timestamp="2025-10-07T14:36:58.5348343+03:00">
        <Text>[xUnit.net 00:00:43.75]     Inventory.IntegrationTests.Controllers.CategoryControllerIntegrationTestsNew.GetCategories_WithValidData_ShouldReturnCategories [FAIL]</Text>
      </RunInfo>
      <RunInfo computerName="DESKTOP-N3ISHK5" outcome="Error" timestamp="2025-10-07T14:37:02.5339811+03:00">
        <Text>[xUnit.net 00:00:47.75]     Inventory.IntegrationTests.Controllers.ManufacturerControllerIntegrationTests.CreateManufacturer_WithValidData_ShouldCreateManufacturer [FAIL]</Text>
      </RunInfo>
      <RunInfo computerName="DESKTOP-N3ISHK5" outcome="Error" timestamp="2025-10-07T14:37:02.6031624+03:00">
        <Text>[xUnit.net 00:00:47.82]     Inventory.IntegrationTests.Controllers.CategoryControllerIntegrationTestsNew.UpdateCategory_WithValidData_ShouldUpdateCategory [FAIL]</Text>
      </RunInfo>
      <RunInfo computerName="DESKTOP-N3ISHK5" outcome="Error" timestamp="2025-10-07T14:37:02.6039238+03:00">
        <Text>[xUnit.net 00:00:47.82]     Inventory.IntegrationTests.Controllers.WarehouseControllerIntegrationTests.GetWarehouses_WithEmptyDatabase_ShouldReturnEmptyList [FAIL]</Text>
      </RunInfo>
      <RunInfo computerName="DESKTOP-N3ISHK5" outcome="Error" timestamp="2025-10-07T14:37:06.6969174+03:00">
        <Text>[xUnit.net 00:00:51.91]     Inventory.IntegrationTests.Controllers.WarehouseControllerIntegrationTests.GetWarehouses_WithValidData_ShouldReturnWarehouses [FAIL]</Text>
      </RunInfo>
      <RunInfo computerName="DESKTOP-N3ISHK5" outcome="Error" timestamp="2025-10-07T14:37:06.7244707+03:00">
        <Text>[xUnit.net 00:00:51.94]     Inventory.IntegrationTests.Controllers.CategoryControllerIntegrationTestsNew.GetSubCategories_WithInvalidParentId_ShouldReturnEmptyList [FAIL]</Text>
      </RunInfo>
      <RunInfo computerName="DESKTOP-N3ISHK5" outcome="Error" timestamp="2025-10-07T14:37:10.7734288+03:00">
        <Text>[xUnit.net 00:00:55.99]     Inventory.IntegrationTests.Controllers.WarehouseControllerIntegrationTests.UpdateWarehouse_WithInvalidId_ShouldReturnNotFound [FAIL]</Text>
      </RunInfo>
      <RunInfo computerName="DESKTOP-N3ISHK5" outcome="Error" timestamp="2025-10-07T14:37:10.8103913+03:00">
        <Text>[xUnit.net 00:00:56.03]     Inventory.IntegrationTests.Controllers.CategoryControllerIntegrationTestsNew.DeleteCategory_WithInvalidId_ShouldReturnNotFound [FAIL]</Text>
      </RunInfo>
      <RunInfo computerName="DESKTOP-N3ISHK5" outcome="Error" timestamp="2025-10-07T14:37:14.8712527+03:00">
        <Text>[xUnit.net 00:01:00.09]     Inventory.IntegrationTests.Controllers.WarehouseControllerIntegrationTests.UpdateWarehouse_WithValidData_ShouldUpdateWarehouse [FAIL]</Text>
      </RunInfo>
      <RunInfo computerName="DESKTOP-N3ISHK5" outcome="Error" timestamp="2025-10-07T14:37:14.8928272+03:00">
        <Text>[xUnit.net 00:01:00.11]     Inventory.IntegrationTests.Controllers.CategoryControllerIntegrationTestsNew.CreateCategory_WithValidData_ShouldCreateCategory [FAIL]</Text>
      </RunInfo>
    </RunInfos>
    <CollectorDataEntries>
      <Collector agentName="DESKTOP-N3ISHK5" uri="datacollector://microsoft/CoverletCodeCoverage/1.0" collectorDisplayName="XPlat code coverage">
        <UriAttachments>
          <UriAttachment>
            <A href="DESKTOP-N3ISHK5\coverage.cobertura.xml"></A>
          </UriAttachment>
        </UriAttachments>
      </Collector>
    </CollectorDataEntries>
  </ResultSummary>
</TestRun>